184 41 
148 24 
173 27 
167 33 
199 27 
181 30 
208 44 
208 38 
208 24 
199 182 
173 24 
208 24 
178 199 
24 181 
24 179 
214 24 
173 38 
193 65 
187 24 
181 35 
202 187 
211 24 
184 35 
173 24 
161 35 
164 208 
24 178 
24 167 
32 178 
24 211 
35 288 
205 24 
594 24 
208 24 
273 24 
181 196 
24 193 
378 184 
27 179 
21 173 
193 208 
181 27 
173 24 
229 38 
309 235 
24 226 
27 220 
35 229 
35 273 
21 226 
27 243 
27 211 
21 187 
38 184 
35 202 
38 181 
30 184 
27 199 
30 1168 
24 208 
41 214 
21 184 
30 231 
24 187 
315 184 
217 181 
24 553 
35 187 
47 178 
24 223 
21 187 
24 184 
24 176 
24 190 
35 184 
21 208 
21 181 
187 187 
181 178 
193 181 
190 176 
170 24 
184 190 
24 178 
187 265 
24 764 
35 193 
41 190 
33 187 
33 217 
21 873 
27 202 
30 190 
41 232 
366 32 
167 24 
199 234 
27 225 
30 176 
41 190 
24 176 
24 193 
24 273 
211 184 
21 178 
196 27 
184 38 
377 21 
173 24 
190 27 
187 217 
27 238 
211 217 
187 184 
35 273 
27 211 
30 553 
24 217 
24 176 
35 889 
35 184 
27 182 
24 184 
27 365 
193 35 
178 178 
24 273 
173 24 
173 27 
170 21 
178 21 
187 32 
208 35 
234 24 
190 24 
220 24 
184 21 
214 38 
217 27 
282 38 
211 21 
175 24 
184 27 
187 24 
199 35 
211 24 
436 250 
24 181 
24 481 
24 181 
27 499 
27 176 
32 178 
24 178 
24 187 
27 243 
24 338 
21 202 
32 184 
38 190 
24 309 
30 181 
27 196 
41 190 
35 181 
27 262 
30 231 
24 217 
24 680 
30 214 
35 380 
38 226 
32 288 
24 193 
24 312 
30 193 
24 182 
35 297 
30 276 
24 208 
30 249 
24 535 
27 152 
30 265 
35 193 
41 241 
30 196 
30 274 
44 357 
41 202 
38 226 
41 496 
24 187 
30 208 
27 226 
33 217 
567 27 
188 30 
205 24 
1272 802 
193 30 
190 27 
184 27 
211 24 
181 24 
740 35 
1340 30 
285 41 
288 33 
229 30 
181 24 
211 24 
246 24 
170 21 
196 205 
24 345 
285 235 
32 235 
21 1079 
21 362 
21 469 
27 577 
24 687 
24 802 
30 909 
30 234 
0 0 
0 0 
208 24 
226 24 
193 35 
170 24 
220 30 
187 21 
214 38 
217 24 
193 32 
181 44 
187 24 
265 24 
232 27 
187 24 
229 27 
223 36 
259 36 
196 30 
238 27 
178 261 
27 208 
190 24 
170 24 
187 27 
214 36 
190 38 
202 27 
181 24 
211 24 
193 24 
199 33 
309 24 
184 24 
211 33 
178 243 
24 250 
24 190 
30 214 
27 184 
27 178 
30 657 
39 252 
176 24 
184 24 
173 24 
196 229 
38 199 
35 184 
35 178 
24 176 
24 187 
38 214 
1052 565 
27 173 
32 241 
176 21 
181 193 
24 208 
24 434 
32 202 
35 799 
24 217 
30 178 
24 279 
535 21 
776 21 
859 24 
214 27 
170 21 
208 21 
205 24 
208 38 
181 196 
41 184 
32 796 
30 181 
30 184 
27 176 
24 184 
24 232 
35 184 
38 196 
30 170 
21 184 
24 179 
181 35 
184 306 
214 21 
208 181 
205 38 
190 35 
196 38 
205 178 
235 24 
208 27 
170 24 
184 24 
223 24 
276 38 
170 24 
597 65 
211 27 
214 24 
193 559 
211 35 
178 24 
173 24 
170 21 
184 24 
291 258 
178 24 
184 30 
627 24 
181 35 
190 21 
336 327 
184 187 
35 187 
185 24 
184 24 
176 30 
173 21 
184 35 
181 27 
181 92 
190 185 
24 217 
30 217 
232 30 
178 30 
675 24 
175 27 
229 27 
205 24 
214 21 
190 24 
214 32 
597 35 
214 30 
190 30 
181 24 
235 32 
184 30 
181 27 
175 24 
176 24 
211 24 
220 30 
182 24 
256 24 
211 21 
184 35 
217 21 
761 30 
167 27 
181 27 
187 27 
220 30 
187 35 
211 30 
187 187 
27 50 
202 24 
270 27 
793 38 
505 936 
27 190 
24 184 
24 214 
38 701 
24 196 
35 208 
21 178 
211 181 
24 208 
21 184 
35 178 
35 184 
24 181 
24 279 
27 778 
74 247 
214 24 
175 190 
35 220 
24 208 
38 184 
44 190 
30 684 
35 196 
21 182 
208 24 
208 38 
170 24 
178 24 
184 41 
187 35 
173 24 
167 24 
300 24 
187 181 
24 173 
35 187 
38 205 
21 190 
24 190 
208 24 
1284 24 
187 41 
630 179 
35 71 
246 24 
184 167 
48 247 
202 38 
196 24 
211 24 
167 187 
27 178 
24 173 
68 217 
208 32 
208 30 
214 27 
214 27 
184 27 
170 24 
338 27 
170 32 
178 35 
167 21 
202 30 
208 27 
217 35 
217 24 
181 24 
220 24 
190 190 
24 190 
24 208 
27 324 
41 208 
35 187 
176 30 
211 27 
176 24 
193 181 
21 178 
24 187 
214 211 
24 342 
30 176 
27 214 
21 184 
38 223 
35 214 
38 184 
27 214 
24 190 
184 24 
181 21 
211 24 
178 32 
167 21 
164 24 
190 36 
193 30 
187 24 
181 24 
190 27 
170 24 
238 35 
181 21 
190 21 
205 32 
772 187 
30 190 
62 267 
30 196 
175 35 
184 27 
187 24 
568 27 
181 24 
181 27 
214 24 
187 30 
193 181 
181 38 
173 27 
170 24 
208 24 
963 1322 
208 24 
181 41 
267 184 
30 647 
21 214 
24 190 
134 217 
181 35 
167 35 
170 24 
181 173 
380 104 
231 235 
487 35 
205 21 
184 35 
208 24 
176 21 
208 35 
862 24 
199 24 
181 45 
167 24 
217 27 
309 21 
184 24 
217 225 
27 606 
30 184 
170 30 
223 35 
190 21 
211 24 
181 24 
173 24 
170 24 
181 24 
282 24 
187 35 
178 45 
176 24 
170 24 
196 196 
24 170 
35 181 
35 181 
35 300 
35 181 
27 179 
24 719 
27 208 
27 214 
41 181 
35 187 
24 184 
24 211 
27 511 
27 716 
27 173 
41 211 
41 229 
30 1069 
24 517 
39 173 
27 758 
24 211 
27 211 
24 181 
211 27 
719 490 
217 24 
211 27 
208 30 
211 181 
27 211 
24 202 
27 184 
30 187 
41 202 
32 214 
27 208 
35 211 
24 196 
30 194 
24 228 
38 208 
35 187 
27 184 
30 176 
30 208 
24 211 
27 208 
38 199 
27 220 
27 208 
24 178 
24 211 
30 173 
24 208 
35 514 
30 627 
27 193 
27 187 
24 297 
181 181 
24 226 
173 24 
170 24 
217 35 
190 214 
27 181 
24 395 
38 300 
27 190 
24 624 
24 173 
27 223 
190 21 
398 27 
208 24 
217 24 
187 24 
214 27 
208 21 
187 38 
871 41 
291 27 
624 24 
211 35 
252 184 
21 173 
35 187 
30 184 
33 318 
21 208 
21 181 
181 24 
214 35 
223 184 
21 196 
184 181 
24 225 
27 214 
27 190 
35 214 
38 196 
30 199 
187 184 
205 170 
30 196 
30 184 
30 217 
24 184 
27 211 
21 208 
24 211 
24 170 
187 32 
211 24 
211 30 
829 811 
208 35 
419 35 
683 21 
175 32 
211 27 
181 24 
208 35 
205 24 
205 181 
208 24 
211 35 
190 27 
214 27 
452 345 
211 27 
178 35 
205 24 
220 27 
184 184 
27 211 
24 173 
38 211 
38 193 
33 214 
24 176 
24 259 
21 170 
208 35 
205 27 
179 173 
24 211 
30 208 
30 205 
35 226 
30 258 
30 187 
30 208 
30 231 
24 184 
24 211 
24 315 
27 181 
30 505 
24 297 
24 178 
48 217 
686 24 
820 38 
228 30 
225 24 
205 35 
214 32 
303 523 
214 36 
214 30 
176 173 
30 211 
24 211 
38 181 
30 214 
24 173 
35 167 
27 176 
30 214 
30 208 
38 205 
30 208 
35 184 
30 208 
27 214 
27 211 
24 211 
38 205 
68 187 
176 187 
214 24 
196 27 
184 30 
175 30 
208 32 
285 276 
30 178 
24 181 
27 208 
24 211 
24 446 
38 214 
211 24 
176 27 
184 27 
176 30 
208 41 
217 24 
208 24 
205 24 
170 27 
187 30 
211 30 
208 24 
211 27 
222 27 
208 30 
170 27 
205 27 
449 89 
211 24 
190 184 
41 208 
89 335 
208 41 
211 24 
350 187 
27 208 
24 187 
35 1147 
184 184 
27 208 
27 208 
35 211 
30 193 
270 38 
208 30 
214 27 
214 39 
184 190 
30 211 
187 35 
170 24 
205 30 
190 187 
187 184 
24 173 
24 214 
24 205 
211 24 
184 24 
173 27 
181 27 
190 27 
282 41 
176 27 
190 27 
208 24 
193 24 
184 35 
181 44 
167 21 
217 98 
217 38 
229 38 
205 181 
24 271 
35 205 
30 187 
35 211 
30 211 
30 222 
30 205 
38 208 
38 202 
27 211 
21 181 
27 217 
24 184 
35 211 
24 205 
38 211 
24 226 
208 35 
725 490 
178 38 
205 38 
211 30 
170 24 
187 27 
202 27 
202 38 
181 41 
202 30 
220 27 
190 27 
300 27 
181 27 
205 35 
184 35 
217 30 
413 30 
321 41 
184 33 
187 41 
181 24 
181 38 
208 27 
208 30 
181 24 
184 30 
181 41 
208 30 
214 30 
211 27 
208 27 
395 588 
178 32 
208 223 
38 282 
27 205 
27 211 
24 167 
38 217 
175 21 
214 21 
413 764 
27 240 
24 214 
27 443 
27 202 
27 190 
38 259 
24 220 
30 208 
24 211 
24 214 
27 184 
32 226 
38 184 
27 228 
27 220 
27 790 
33 214 
30 211 
38 214 
21 196 
24 208 
196 27 
235 24 
190 202 
41 187 
24 214 
24 190 
27 184 
24 259 
27 761 
35 478 
24 181 
24 187 
27 312 
30 228 
24 178 
24 470 
181 30 
217 24 
583 817 
184 24 
190 187 
184 38 
193 24 
553 232 
35 250 
27 802 
33 173 
21 208 
36 184 
44 339 
35 559 
21 167 
24 176 
21 211 
27 294 
35 267 
38 244 
30 285 
164 38 
170 24 
187 35 
220 193 
35 202 
38 196 
21 187 
24 184 
35 184 
41 217 
41 398 
38 193 
27 315 
27 187 
27 211 
24 176 
24 211 
27 184 
35 187 
24 208 
27 187 
30 214 
27 208 
27 173 
27 214 
24 211 
27 184 
24 179 
27 479 
44 211 
41 190 
38 547 
30 181 
27 184 
24 181 
33 220 
21 176 
41 208 
30 187 
27 211 
41 170 
27 173 
24 167 
21 223 
38 250 
27 211 
27 184 
27 211 
30 187 
30 173 
41 187 
32 217 
27 217 
27 179 
27 259 
27 170 
38 184 
38 187 
27 806 
398 50 
193 27 
181 27 
419 27 
167 27 
654 35 
737 24 
190 24 
214 35 
187 35 
235 38 
181 27 
211 27 
187 27 
467 529 
35 193 
24 208 
24 217 
24 184 
27 176 
24 173 
38 190 
24 980 
35 190 
188 21 
235 24 
229 27 
193 33 
220 27 
187 24 
202 190 
27 187 
24 214 
24 173 
24 1070 
193 27 
179 27 
244 226 
62 184 
178 187 
27 196 
38 270 
38 220 
38 187 
33 182 
33 214 
24 178 
211 181 
24 550 
35 496 
38 190 
24 668 
27 208 
36 282 
187 24 
205 24 
226 21 
184 24 
176 27 
232 35 
199 193 
181 32 
214 24 
184 30 
238 21 
321 27 
187 30 
181 30 
214 27 
220 30 
208 30 
273 24 
998 27 
181 45 
196 38 
187 38 
167 30 
422 27 
0 0 
0 0 
0 0 
0 0 
0 0 
0 0 
0 0 
0 0 
0 0 
0 0 
0 0 
0 0 
0 0 
0 0 
0 0 
0 0 
0 0 
0 0 
0 0 
0 0 
0 0 
0 0 
0 0 
0 0 
0 0 
0 0 
0 0 
0 0 
0 0 
0 0 
0 0 
0 0 
0 0 
0 0 
0 0 
0 0 
0 0 
0 0 
0 0 
0 0 
0 0 
0 0 
0 0 
0 0 
0 0 
0 0 
0 0 
0 0 
0 0 
0 0 
0 0 
0 0 
0 0 
0 0 
0 0 
0 0 
0 0 
0 0 
0 0 
0 0 
0 0 
0 0 
0 0 
0 0 
0 0 
0 0 
0 0 
0 0 
0 0 
0 0 
0 0 
0 0 
0 0 
0 0 
0 0 
0 0 
0 0 
0 0 
0 0 
0 0 
0 0 
0 0 
0 0 
0 0 
0 0 
0 0 
0 0 
0 0 
0 0 
0 0 
0 0 
0 0 
0 0 
0 0 
0 0 
181 35 
185 24 
229 41 
214 38 
740 41 
187 30 
193 30 
190 27 
223 27 
187 30 
184 27 
190 27 
187 41 
187 47 
173 21 
199 178 
211 38 
181 30 
178 21 
187 41 
173 30 
571 27 
193 27 
184 27 
193 41 
220 24 
214 30 
184 38 
473 24 
339 38 
199 41 
199 47 
291 38 
181 38 
181 24 
187 21 
1037 24 
184 30 
184 35 
297 27 
232 24 
184 30 
208 30 
190 27 
217 27 
267 190 
282 21 
196 223 
80 428 
544 47 
722 38 
211 24 
187 27 
208 27 
529 27 
190 30 
199 47 
249 181 
38 190 
24 246 
24 185 
181 220 
30 190 
35 193 
196 32 
173 21 
170 27 
190 24 
181 27 
217 223 
38 184 
35 229 
190 27 
1295 636 
24 202 
39 199 
21 324 
62 190 
594 38 
170 24 
333 38 
214 24 
184 27 
181 27 
184 44 
173 24 
170 30 
476 24 
181 27 
259 27 
214 30 
196 35 
190 27 
173 30 
176 24 
208 38 
187 27 
184 38 
181 38 
348 41 
333 157 
184 24 
184 27 
217 24 
187 27 
205 24 
208 24 
386 24 
211 24 
208 41 
579 27 
187 41 
214 27 
1943 36 
211 24 
178 27 
181 27 
601 27 
170 27 
170 24 
672 107 
612 38 
184 27 
214 24 
196 27 
211 24 
211 35 
187 30 
181 27 
184 27 
184 35 
208 27 
170 33 
187 30 
181 27 
214 41 
208 27 
184 24 
181 24 
214 38 
220 35 
211 38 
190 173 
223 24 
187 24 
193 255 
27 163 
431 24 
181 27 
184 24 
291 24 
336 24 
176 27 
413 229 
241 27 
187 27 
674 27 
211 24 
208 41 
173 27 
850 381 
21 184 
35 202 
35 184 
178 41 
170 24 
211 41 
178 24 
662 24 
1132 35 
240 24 
190 187 
24 179 
24 185 
24 182 
24 243 
243 27 
179 196 
253 33 
256 27 
490 532 
190 35 
179 24 
624 24 
182 33 
176 24 
208 27 
392 38 
178 24 
173 181 
24 184 
27 194 
30 173 
24 1091 
35 211 
41 844 
27 683 
27 817 
30 211 
27 217 
38 220 
21 612 
35 208 
27 214 
27 173 
27 184 
30 220 
38 214 
30 184 
30 193 
33 262 
30 193 
21 214 
41 217 
24 211 
38 184 
30 341 
24 184 
24 173 
27 173 
24 603 
38 181 
21 181 
30 222 
30 280 
33 211 
27 211 
41 261 
33 214 
27 187 
30 205 
30 205 
24 173 
27 173 
38 217 
30 445 
24 889 
24 181 
44 193 
24 211 
38 193 
27 208 
27 190 
27 190 
30 205 
27 214 
38 187 
27 187 
30 312 
30 356 
24 223 
24 184 
38 184 
38 184 
27 261 
30 719 
30 170 
27 214 
30 214 
38 208 
41 918 
38 654 
30 211 
27 214 
30 176 
38 187 
27 758 
30 437 
27 190 
24 220 
24 217 
27 211 
33 173 
27 208 
30 184 
33 176 
27 234 
30 208 
44 187 
38 211 
35 297 
27 222 
27 214 
27 217 
33 176 
35 208 
38 193 
27 318 
27 211 
24 208 
30 208 
27 173 
38 208 
30 220 
41 211 
27 196 
27 176 
44 214 
41 208 
38 211 
27 573 
24 211 
27 173 
30 214 
38 211 
41 211 
27 181 
36 719 
30 214 
27 208 
33 208 
41 208 
44 184 
24 205 
27 173 
27 208 
24 173 
38 208 
35 184 
41 208 
27 306 
27 173 
27 211 
27 214 
27 211 
38 181 
35 273 
24 187 
27 185 
24 211 
27 208 
35 211 
30 181 
30 294 
30 787 
27 208 
30 404 
41 187 
41 288 
27 788 
27 222 
24 716 
27 835 
30 193 
44 184 
44 187 
33 1159 
30 173 
30 211 
27 220 
38 259 
35 181 
38 205 
36 993 
27 214 
38 208 
30 179 
41 238 
21 184 
27 225 
24 178 
30 211 
27 187 
35 181 
38 214 
38 208 
27 350 
27 211 
33 265 
27 211 
27 187 
24 181 
27 184 
27 181 
30 234 
24 173 
38 211 
41 184 
24 187 
24 484 
27 184 
30 211 
24 214 
38 208 
41 208 
30 211 
27 185 
27 211 
21 184 
38 220 
27 208 
30 211 
27 184 
30 300 
24 184 
27 184 
30 211 
38 217 
30 196 
30 261 
33 211 
44 383 
38 211 
27 187 
41 223 
30 398 
27 751 
30 443 
24 211 
35 190 
27 303 
30 481 
30 1272 
36 214 
24 184 
38 187 
38 214 
30 264 
27 176 
24 184 
27 211 
24 173 
44 211 
38 187 
27 170 
27 443 
30 208 
27 208 
38 187 
38 211 
30 193 
27 211 
27 211 
33 27 
214 27 
208 30 
225 30 
211 30 
208 24 
170 27 
297 44 
187 35 
208 27 
173 30 
232 38 
232 27 
178 24 
214 27 
214 30 
211 27 
211 41 
196 27 
208 44 
205 41 
217 30 
208 24 
190 24 
226 41 
1132 24 
211 38 
202 27 
205 30 
184 35 
372 24 
208 38 
173 24 
205 38 
190 27 
211 27 
179 27 
315 27 
256 21 
190 24 
737 38 
217 27 
187 27 
247 27 
309 262 
211 35 
252 27 
475 24 
220 27 
321 33 
464 27 
327 24 
184 38 
178 41 
208 38 
208 36 
170 27 
181 27 
217 27 
220 27 
181 41 
211 24 
205 30 
193 24 
377 27 
205 41 
208 27 
181 41 
208 27 
211 24 
208 27 
205 30 
208 38 
208 30 
187 38 
208 30 
181 27 
211 38 
663 27 
190 27 
255 30 
214 27 
222 30 
817 30 
214 41 
211 30 
205 41 
184 41 
202 30 
208 41 
262 24 
223 41 
226 27 
217 30 
234 27 
217 24 
556 30 
208 41 
261 27 
208 30 
208 27 
217 30 
205 30 
205 41 
184 33 
205 30 
181 41 
222 27 
208 33 
520 110 
208 41 
184 30 
214 30 
909 35 
208 30 
214 38 
187 30 
211 44 
214 30 
223 30 
179 24 
170 33 
360 27 
184 27 
223 30 
374 27 
193 27 
190 35 
1352 767 
217 27 
190 30 
181 27 
211 27 
214 24 
208 27 
211 30 
211 44 
208 27 
214 30 
184 35 
225 24 
208 35 
173 30 
217 41 
217 38 
231 30 
170 24 
211 33 
211 38 
202 27 
211 27 
220 27 
214 27 
208 24 
244 30 
490 33 
187 44 
208 35 
220 33 
179 30 
214 41 
184 24 
571 36 
211 44 
217 30 
214 27 
193 36 
196 27 
663 30 
193 35 
211 27 
220 21 
877 30 
185 24 
927 38 
576 27 
211 41 
496 41 
214 27 
214 30 
187 24 
740 36 
440 30 
184 30 
184 24 
211 36 
294 27 
208 27 
190 38 
576 30 
285 30 
220 27 
173 27 
229 44 
181 30 
1441 30 
184 41 
784 30 
226 27 
211 33 
208 250 
21 184 
21 338 
24 193 
211 181 
30 214 
27 214 
27 202 
695 764 
181 30 
205 24 
199 954 
21 651 
24 205 
27 208 
30 592 
32 181 
24 173 
211 21 
170 27 
184 27 
178 27 
184 27 
190 24 
178 24 
208 27 
205 41 
205 38 
609 1162 
214 27 
196 30 
193 27 
170 30 
167 24 
235 24 
523 612 
309 24 
211 170 
24 179 
24 799 
205 30 
431 27 
728 24 
190 24 
173 27 
758 30 
184 24 
184 30 
315 267 
184 24 
211 24 
345 38 
241 38 
211 187 
27 181 
220 24 
279 35 
205 24 
184 24 
205 24 
383 24 
1070 1364 
639 24 
175 24 
173 24 
184 27 
167 205 
24 187 
395 196 
21 170 
21 288 
21 282 
21 202 
21 214 
24 187 
24 645 
32 217 
24 181 
24 178 
24 214 
24 173 
41 202 
24 173 
38 220 
30 193 
30 173 
24 211 
30 173 
21 550 
35 184 
24 300 
24 576 
176 21 
184 21 
481 32 
416 44 
167 24 
179 24 
176 24 
214 24 
184 24 
181 21 
211 24 
170 30 
838 21 
220 41 
178 24 
193 38 
255 597 
193 38 
193 268 
345 30 
181 27 
193 220 
41 217 
24 214 
24 829 
24 965 
30 167 
24 170 
41 276 
24 211 
30 193 
27 208 
21 173 
208 24 
190 27 
187 24 
297 179 
27 336 
24 187 
36 544 
240 190 
190 211 
38 205 
2092 33 
199 190 
0 0 
0 0 
181 202 
181 41 
647 27 
779 41 
229 24 
565 35 
193 41 
255 24 
178 214 
173 27 
464 262 
262 297 
190 24 
187 44 
181 32 
532 24 
1703 2644 
185 21 
820 27 
187 24 
178 27 
193 35 
182 24 
375 211 
184 30 
184 24 
181 41 
181 35 
184 190 
179 176 
24 651 
24 211 
196 24 
187 27 
918 35 
184 21 
208 24 
1964 27 
181 24 
737 41 
190 21 
214 24 
184 24 
190 24 
193 24 
181 24 
184 27 
187 38 
196 30 
173 27 
190 27 
181 30 
179 21 
193 38 
179 24 
235 38 
187 35 
776 297 
24 170 
24 199 
24 196 
38 202 
27 217 
30 187 
24 181 
27 173 
41 229 
41 184 
27 184 
226 41 
312 41 
238 217 
38 190 
24 190 
27 422 
27 671 
27 693 
27 1170 
27 188 
38 196 
35 202 
24 184 
211 44 
190 27 
648 27 
181 41 
187 38 
428 24 
190 33 
190 24 
202 27 
303 375 
187 27 
184 38 
188 30 
184 24 
187 24 
190 41 
279 30 
214 30 
951 374 
205 24 
407 27 
190 33 
211 365 
425 30 
818 27 
217 30 
262 27 
181 36 
184 30 
196 35 
226 30 
306 202 
196 184 
173 21 
187 184 
288 193 
24 300 
214 187 
27 258 
30 217 
21 282 
33 315 
21 241 
32 187 
24 508 
27 199 
30 182 
27 190 
21 291 
24 387 
38 187 
24 187 
24 187 
27 193 
30 229 
41 190 
35 1655 
184 184 
21 238 
282 30 
199 258 
24 220 
35 303 
24 576 
27 496 
30 329 
24 725 
27 895 
24 309 
291 1423 
2615 24 
217 27 
217 27 
211 27 
261 27 
196 24 
763 202 
265 27 
253 24 
184 202 
24 184 
184 41 
167 271 
32 645 
190 35 
193 27 
187 38 
196 24 
633 27 
178 35 
214 30 
170 24 
184 24 
223 35 
193 24 
199 24 
689 398 
208 24 
181 24 
285 30 
178 38 
181 30 
205 24 
170 21 
214 41 
190 38 
190 38 
187 38 
211 27 
315 83 
889 33 
223 27 
220 41 
184 32 
193 38 
181 38 
1195 30 
187 27 
223 27 
184 41 
624 41 
193 47 
208 24 
918 152 
190 21 
181 27 
184 24 
695 24 
214 24 
229 41 
193 24 
633 27 
217 38 
196 41 
460 33 
1263 603 
173 39 
746 38 
211 35 
214 315 
38 844 
38 190 
24 190 
24 226 
21 214 
38 214 
35 187 
27 220 
33 208 
24 315 
24 672 
184 30 
178 24 
208 30 
170 30 
205 30 
354 35 
731 220 
30 176 
38 282 
27 190 
24 217 
24 817 
24 196 
30 853 
41 190 
38 229 
41 220 
35 187 
244 356 
208 27 
193 30 
178 35 
178 35 
184 24 
173 21 
300 193 
41 193 
24 205 
35 214 
27 211 
33 179 
24 214 
30 187 
30 214 
38 250 
35 184 
237 24 
173 21 
615 24 
196 21 
196 240 
38 181 
30 181 
27 208 
24 184 
27 205 
27 173 
24 167 
24 178 
35 473 
30 178 
30 289 
27 401 
35 211 
24 184 
35 630 
27 211 
24 336 
24 181 
30 517 
27 752 
38 187 
33 891 
27 285 
0 0 
24 208 
24 208 
27 208 
38 214 
24 184 
33 173 
21 1554 
24 211 
27 208 
35 211 
24 214 
21 178 
24 574 
24 179 
181 24 
181 38 
208 27 
176 24 
181 24 
865 53 
187 181 
38 187 
38 181 
35 196 
170 27 
226 179 
30 238 
211 24 
211 173 
35 214 
30 173 
30 214 
30 208 
27 179 
24 196 
178 187 
27 571 
24 208 
184 24 
859 797 
184 41 
178 27 
184 35 
178 35 
211 27 
193 30 
184 27 
217 217 
35 187 
38 217 
27 187 
24 178 
957 119 
258 24 
199 35 
803 24 
725 24 
211 24 
205 27 
499 24 
181 41 
208 24 
309 41 
196 27 
360 35 
193 41 
297 21 
778 24 
181 223 
214 170 
184 33 
190 35 
211 35 
208 35 
202 35 
187 24 
208 27 
205 24 
208 27 
306 21 
181 24 
184 41 
214 24 
208 24 
238 38 
208 35 
208 24 
208 24 
208 27 
214 24 
208 24 
196 24 
606 27 
573 125 
173 30 
214 24 
211 24 
208 24 
205 32 
404 32 
214 21 
167 27 
211 27 
208 27 
217 21 
193 38 
624 38 
381 621 
187 24 
214 199 
24 179 
187 21 
3108 573 
35 170 
38 181 
179 27 
184 24 
428 35 
184 35 
187 181 
558 21 
184 32 
193 24 
208 21 
184 30 
187 190 
264 184 
223 181 
24 190 
21 187 
24 187 
351 176 
140 654 
989 232 
181 24 
214 32 
407 24 
410 35 
205 38 
725 972 
30 190 
27 211 
184 24 
181 54 
208 35 
181 21 
1147 416 
205 21 
178 27 
190 44 
220 173 
21 205 
805 32 
214 193 
27 199 
27 181 
30 743 
184 190 
187 32 
696 716 
211 21 
190 27 
167 27 
187 24 
190 41 
181 30 
170 35 
179 196 
21 184 
24 291 
205 179 
27 844 
35 808 
30 211 
27 211 
24 208 
178 27 
167 24 
181 38 
202 32 
184 24 
184 24 
181 24 
208 27 
211 27 
277 476 
170 27 
184 24 
217 41 
1753 1652 
178 27 
181 35 
348 62 
467 27 
173 27 
208 21 
208 27 
187 35 
184 27 
196 30 
190 27 
208 24 
856 30 
181 27 
288 30 
211 27 
164 181 
205 27 
868 21 
178 193 
35 181 
38 250 
286 21 
294 24 
199 187 
24 187 
62 452 
35 184 
30 202 
24 196 
184 178 
24 211 
32 187 
35 226 
294 365 
280 696 
187 190 
24 208 
205 24 
187 30 
184 38 
208 27 
648 324 
24 211 
24 208 
24 184 
187 181 
41 208 
21 217 
1376 226 
196 300 
24 241 
276 30 
208 21 
208 27 
208 30 
167 21 
184 187 
175 24 
178 190 
208 24 
178 35 
722 740 
24 234 
205 24 
181 220 
333 21 
231 35 
167 32 
173 214 
184 181 
41 208 
41 208 
21 184 
24 249 
945 544 
184 27 
175 24 
178 24 
187 971 
229 196 
208 21 
170 24 
758 27 
205 24 
170 24 
217 217 
217 38 
425 264 
21 181 
35 223 
44 187 
184 32 
173 21 
187 187 
24 1958 
27 817 
27 214 
21 193 
24 181 
196 392 
208 27 
300 253 
184 24 
184 41 
208 24 
170 33 
211 30 
170 24 
235 35 
184 35 
176 24 
220 30 
208 30 
250 35 
1370 517 
181 190 
41 217 
30 184 
24 184 
41 184 
24 178 
1352 30 
181 24 
175 261 
187 30 
214 27 
187 21 
181 187 
21 499 
208 291 
21 173 
35 184 
24 181 
24 419 
24 211 
21 225 
24 372 
35 164 
24 208 
27 190 
27 181 
24 199 
21 173 
38 199 
178 38 
182 196 
289 220 
178 24 
1747 957 
181 21 
184 21 
187 190 
687 35 
164 21 
654 368 
21 170 
21 178 
214 176 
170 24 
479 24 
924 27 
440 179 
175 24 
258 205 
35 184 
217 181 
190 190 
24 1195 
208 35 
178 178 
32 184 
24 190 
27 232 
223 35 
502 737 
178 178 
35 285 
24 211 
24 368 
21 178 
187 24 
835 32 
211 176 
38 208 
229 21 
708 176 
24 178 
24 567 
315 133 
184 21 
176 24 
214 21 
211 27 
214 27 
193 249 
178 32 
205 184 
24 190 
21 179 
190 181 
205 32 
1795 259 
32 190 
202 187 
24 217 
24 270 
235 231 
428 799 
181 240 
35 167 
30 220 
24 309 
30 176 
184 24 
365 1551 
205 27 
208 24 
372 181 
24 196 
24 184 
184 184 
35 181 
35 282 
24 211 
24 181 
24 178 
21 196 
24 170 
184 35 
176 167 
24 184 
250 35 
187 24 
181 24 
835 196 
237 211 
211 21 
176 24 
208 21 
211 35 
175 178 
32 196 
240 21 
220 256 
21 214 
181 24 
178 21 
348 170 
24 288 
173 170 
27 178 
21 220 
178 27 
205 187 
181 32 
184 32 
285 24 
883 38 
217 38 
208 21 
229 220 
187 35 
253 38 
199 181 
184 199 
24 292 
184 24 
3399 35 
178 32 
205 211 
21 181 
21 188 
178 259 
211 24 
196 181 
21 276 
24 178 
24 178 
24 181 
184 24 
225 357 
170 205 
21 279 
21 217 
184 250 
181 21 
208 220 
270 211 
170 21 
170 21 
178 27 
211 193 
223 24 
170 181 
32 802 
176 21 
232 35 
193 24 
205 35 
217 21 
591 21 
318 229 
24 487 
788 27 
190 187 
24 179 
208 24 
208 24 
173 24 
606 24 
181 291 
184 21 
181 686 
199 21 
1037 24 
669 555 
187 217 
24 170 
181 184 
35 164 
24 181 
24 972 
24 211 
27 176 
24 179 
246 176 
35 184 
21 223 
24 220 
24 184 
27 185 
24 199 
181 32 
226 27 
428 21 
184 24 
181 24 
184 30 
173 21 
173 24 
247 38 
167 803 
38 303 
21 184 
35 184 
38 208 
35 190 
86 181 
196 21 
214 181 
24 187 
184 21 
446 38 
187 187 
214 966 
181 24 
214 182 
21 176 
27 196 
27 217 
77 241 
324 27 
184 21 
217 24 
196 21 
208 27 
167 24 
181 24 
181 193 
178 21 
181 24 
190 190 
173 24 
190 30 
0 0 
0 0 
0 0 
0 0 
0 0 
419 190 
24 1162 
502 24 
680 24 
178 38 
178 38 
211 21 
184 21 
190 181 
181 178 
21 226 
41 184 
35 187 
24 1316 
27 208 
21 211 
41 211 
35 247 
24 187 
24 184 
24 228 
247 35 
235 24 
184 32 
208 27 
193 27 
232 187 
27 211 
33 179 
27 184 
44 65535 
0 0 
0 0 
0 0 
0 0 
0 0 
0 0 
0 0 
0 0 
0 0 
0 0 
0 0 
0 0 
0 0 
0 0 
0 0 
0 0 
0 0 
0 0 
0 0 
0 0 
0 0 
0 0 
0 0 
0 0 
0 0 
0 0 
0 0 
0 0 
0 0 
0 0 
0 0 
0 0 
0 0 
0 0 
0 0 
0 0 
0 0 
0 0 
0 0 
0 0 
0 0 
0 0 
0 0 
0 0 
0 0 
0 0 
0 0 
0 0 
0 0 
0 0 
0 0 
0 0 
0 0 
0 0 
0 0 
0 0 
0 0 
0 0 
48 66 
223 196 
24 220 
24 202 
27 211 
30 253 
24 187 
30 184 
33 220 
27 176 
30 181 
33 294 
38 270 
35 217 
170 27 
167 30 
458 41 
775 24 
1117 217 
208 27 
184 35 
170 27 
167 27 
202 24 
478 152 
208 24 
268 30 
181 24 
211 24 
178 27 
205 35 
208 24 
184 35 
214 30 
214 24 
279 35 
208 35 
181 27 
187 27 
485 176 
0 0 
0 0 
0 0 
0 0 
0 0 
0 0 
0 0 
0 0 
0 0 
0 0 
0 0 
24 173 
35 196 
21 181 
42 44 
0 0 
0 0 
0 0 
505 309 
21 187 
21 178 
24 975 
184 30 
0 0 
0 0 
0 0 
184 24 
181 21 
229 220 
38 190 
0 0 
0 0 
0 0 
178 38 
247 38 
208 35 
181 24 
187 190 
0 0 
0 0 
0 0 
21 223 
27 208 
24 228 
38 33372 
0 0 
0 0 
0 0 
27 170 
24 185 
184 38 
607 27 
184 24 
176 24 
196 208 
0 0 
0 0 
0 0 
35 1420 
24 184 
24 178 
24 20241 
0 0 
0 0 
35 190 
32 208 
21 220 
27 187 
184 24 
184 24 
190 41 
603 21 
173 21 
170 27 
351 181 
24 173 
187 223 
27 176 
38 187 
173 199 
27 220 
27 176 
24 179 
32 170 
32 220 
24 184 
24 190 
24 226 
27 196 
27 187 
38 208 
21 300 
182 24 
181 21 
199 21 
282 27 
288 27 
228 30 
208 30 
538 38 
184 38 
184 41 
178 38 
202 35 
276 38 
167 35 
176 30 
205 21 
1218 24 
181 24 
184 35 
238 41 
190 184 
30 520 
35 190 
205 38 
249 27 
214 187 
21 178 
24 249 
21 674 
318 217 
205 33 
178 47 
211 27 
184 33 
208 47 
217 214 
181 68 
178 32 
170 181 
24 181 
21 187 
24 362 
205 44 
294 32 
187 35 
170 27 
181 24 
829 24 
184 181 
35 675 
35 187 
24 184 
24 184 
1192 27 
211 27 
178 27 
205 51 
196 184 
214 220 
451 324 
21 173 
24 170 
38 244 
38 187 
24 196 
24 205 
214 27 
170 30 
184 24 
187 38 
202 27 
193 30 
802 24 
178 256 
32 770 
164 27 
232 214 
24 181 
24 193 
24 205 
220 184 
33 217 
35 303 
247 208 
30 214 
24 211 
24 315 
35 181 
21 170 
38 181 
21 208 
24 187 
24 184 
27 184 
27 211 
35 294 
228 184 
178 35 
220 21 
181 24 
220 27 
178 24 
178 41 
297 300 
21 324 
184 27 
184 38 
181 24 
214 35 
176 27 
898 24 
170 24 
217 27 
184 27 
187 38 
178 24 
170 24 
167 21 
877 190 
21 176 
217 24 
208 41 
170 27 
214 27 
181 24 
880 27 
175 35 
211 35 
181 30 
904 30 
170 32 
208 30 
184 24 
211 27 
205 35 
223 199 
24 740 
217 24 
184 27 
190 226 
27 217 
35 449 
24 170 
38 220 
27 184 
30 217 
86 282 
202 176 
35 190 
24 208 
173 30 
181 30 
217 27 
193 38 
184 38 
184 35 
184 214 
220 24 
193 173 
24 208 
27 190 
50 273 
179 24 
184 24 
199 184 
24 190 
21 182 
24 176 
187 190 
24 184 
27 211 
196 184 
208 35 
175 24 
181 35 
663 38 
176 21 
187 21 
175 24 
190 21 
217 21 
184 21 
173 21 
184 24 
184 184 
217 291 
178 235 
196 193 
27 829 
24 190 
681 24 
235 24 
1732 238 
35 250 
185 21 
173 173 
24 267 
24 184 
104 211 
24 205 
38 487 
24 181 
24 184 
24 181 
24 262 
27 190 
175 24 
187 27 
205 21 
190 24 
568 173 
35 214 
24 170 
279 184 
173 24 
170 21 
181 196 
181 21 
654 176 
32 187 
190 35 
223 294 
27 229 
21 734 
229 38 
722 176 
32 167 
211 27 
179 24 
321 282 
21 291 
175 24 
187 24 
208 24 
173 226 
21 190 
190 187 
24 191 
32 187 
211 294 
30 279 
211 27 
785 568 
24 170 
24 170 
211 24 
181 38 
208 24 
217 24 
238 27 
181 21 
181 24 
178 24 
933 21 
779 253 
184 202 
21 181 
24 214 
35 193 
32 205 
182 21 
202 24 
196 181 
24 187 
217 24 
178 35 
181 35 
220 30 
208 184 
21 181 
24 205 
21 247 
167 35 
190 21 
173 24 
167 256 
24 208 
21 205 
35 181 
24 199 
167 35 
170 30 
181 21 
229 24 
261 294 
21 178 
238 38 
666 190 
615 214 
24 582 
30 645 
886 32 
752 1141 
193 847 
24 190 
184 24 
181 24 
187 214 
196 190 
24 184 
21 276 
21 187 
24 184 
38 187 
32 583 
24 181 
199 217 
217 24 
214 196 
24 330 
178 170 
35 190 
176 24 
187 24 
193 193 
223 187 
321 24 
178 35 
231 238 
24 243 
318 229 
184 279 
21 211 
178 21 
173 24 
176 173 
24 181 
21 181 
27 181 
21 351 
35 196 
167 176 
208 27 
205 21 
193 27 
181 181 
24 244 
191 324 
27 187 
196 27 
181 24 
244 36 
181 27 
211 178 
21 184 
30 362 
30 211 
27 214 
35 181 
38 181 
24 170 
27 211 
24 190 
30 173 
27 176 
24 205 
173 24 
211 33 
184 30 
211 21 
184 24 
187 21 
185 190 
915 32 
1002 27 
214 24 
214 35 
933 24 
175 24 
226 21 
184 24 
187 190 
24 187 
27 222 
187 44 
410 33 
422 404 
167 27 
178 30 
211 24 
208 27 
176 27 
289 21 
170 24 
187 27 
173 202 
24 170 
51 255 
194 27 
181 24 
170 30 
184 30 
181 27 
181 21 
571 360 
35 187 
24 214 
24 178 
181 24 
184 184 
35 181 
30 184 
24 181 
24 841 
24 261 
24 178 
38 184 
35 181 
24 187 
24 226 
24 193 
38 187 
41 184 
21 205 
32 196 
35 190 
176 24 
235 41 
214 27 
1682 27 
181 41 
182 24 
883 32 
184 21 
220 35 
193 38 
265 303 
30 184 
33 368 
199 30 
181 27 
196 24 
178 21 
258 282 
170 27 
217 35 
193 27 
173 24 
181 21 
294 35 
228 24 
208 27 
184 21 
312 71 
481 122 
217 24 
193 35 
181 38 
173 30 
184 181 
27 181 
24 170 
24 208 
27 208 
30 285 
30 208 
27 176 
33 274 
24 214 
184 193 
173 24 
184 24 
936 32 
205 35 
184 24 
205 24 
208 27 
170 24 
187 71 
217 27 
196 181 
35 196 
347 24 
170 32 
173 27 
285 184 
241 24 
220 38 
217 24 
187 38 
921 24 
226 38 
274 1287 
184 24 
258 24 
173 27 
553 32 
176 24 
211 27 
181 24 
208 44 
187 35 
187 38 
190 24 
366 27 
196 27 
208 38 
196 196 
41 205 
41 184 
35 184 
30 202 
24 187 
30 927 
41 211 
27 258 
24 368 
24 573 
21 184 
24 2169 
27 184 
41 181 
35 193 
30 208 
24 211 
30 211 
30 220 
33 214 
35 187 
30 181 
27 255 
33 253 
30 228 
27 214 
30 214 
41 211 
24 184 
196 68 
217 38 
187 27 
208 24 
279 229 
181 27 
259 24 
211 27 
277 286 
21 179 
24 244 
214 184 
27 294 
170 27 
211 24 
184 27 
208 21 
184 24 
196 187 
56 351 
181 30 
202 38 
193 223 
187 24 
196 193 
33 208 
27 437 
532 211 
184 24 
184 35 
205 176 
24 217 
51 273 
226 27 
217 32 
184 30 
187 38 
187 30 
309 220 
30 603 
30 259 
30 176 
24 179 
41 214 
30 190 
30 648 
24 193 
30 473 
24 220 
30 214 
41 184 
30 184 
30 187 
27 181 
27 211 
44 223 
41 214 
41 214 
30 208 
27 217 
27 279 
21 187 
38 184 
44 184 
38 211 
35 273 
217 202 
41 187 
27 315 
35 184 
30 208 
30 202 
30 181 
27 214 
44 217 
27 214 
30 196 
27 229 
30 214 
27 228 
30 217 
41 187 
44 214 
30 683 
27 217 
30 193 
30 179 
38 187 
38 217 
41 220 
38 190 
30 193 
27 231 
27 182 
41 184 
44 217 
41 903 
27 380 
214 38 
214 44 
607 24 
187 35 
193 30 
179 24 
639 38 
181 27 
675 24 
211 35 
814 47 
324 336 
56 193 
0 0 
0 0 
0 0 
0 0 
0 0 
0 0 
0 0 
0 0 
0 0 
0 0 
0 0 
0 0 
0 0 
0 0 
30 211 
33 176 
41 184 
190 41 
413 30 
193 33 
211 38 
190 24 
220 30 
225 24 
214 30 
190 24 
190 30 
250 24 
184 35 
187 27 
214 24 
173 27 
184 38 
187 27 
178 24 
178 41 
205 24 
460 24 
190 187 
30 181 
178 184 
21 228 
35 211 
24 291 
24 181 
24 178 
24 187 
24 182 
38 181 
904 21 
748 54 
173 24 
170 24 
211 181 
21 182 
24 167 
196 27 
179 27 
196 181 
24 190 
184 21 
178 21 
178 35 
693 24 
217 38 
241 27 
164 24 
550 24 
255 187 
35 178 
27 478 
24 241 
24 208 
27 211 
24 182 
35 187 
35 181 
27 181 
24 211 
27 173 
21 170 
24 208 
27 208 
24 184 
27 580 
24 404 
27 555 
181 41 
228 24 
208 24 
208 24 
205 21 
181 24 
214 250 
205 33 
202 27 
205 77 
175 184 
27 211 
30 208 
41 211 
32 458 
33 214 
27 173 
21 185 
24 208 
24 223 
35 208 
27 211 
21 184 
65 315 
208 24 
235 27 
731 556 
208 35 
208 24 
208 35 
208 24 
178 211 
214 184 
48 220 
167 27 
170 27 
181 182 
303 68 
208 32 
187 27 
208 21 
193 167 
21 339 
167 27 
526 190 
27 170 
35 193 
32 241 
24 187 
24 193 
27 208 
27 205 
214 24 
184 41 
185 184 
184 184 
21 208 
208 35 
178 86 
211 30 
240 318 
214 33 
264 24 
178 24 
184 27 
627 21 
368 27 
205 27 
794 27 
208 27 
220 187 
663 187 
53 193 
41 187 
33 154 
30 208 
30 223 
24 475 
38 214 
92 205 
167 32 
214 35 
202 226 
24 214 
27 214 
24 214 
21 255 
24 178 
27 208 
678 24 
606 38 
214 24 
193 228 
27 228 
24 279 
24 178 
24 187 
27 208 
41 184 
35 208 
30 208 
30 211 
30 208 
30 237 
27 184 
35 205 
27 208 
27 211 
27 211 
30 214 
24 211 
24 211 
27 211 
35 211 
24 460 
27 225 
35 211 
41 211 
38 208 
30 214 
24 211 
24 286 
24 220 
30 202 
35 208 
38 211 
38 571 
24 208 
27 217 
38 208 
35 214 
38 217 
27 181 
24 184 
30 442 
24 205 
27 208 
30 315 
38 187 
35 431 
27 211 
24 211 
24 276 
24 167 
38 205 
35 692 
30 211 
27 208 
27 208 
21 208 
44 223 
44 205 
27 176 
27 173 
27 231 
27 173 
24 190 
38 211 
27 178 
208 24 
217 35 
223 223 
202 41 
211 24 
454 27 
176 176 
27 208 
211 38 
211 24 
205 30 
181 24 
164 21 
229 35 
178 30 
181 21 
1212 948 
404 21 
205 24 
205 21 
184 184 
211 196 
211 38 
187 24 
205 21 
190 24 
173 309 
33 187 
27 222 
226 199 
38 187 
69 342 
27 187 
30 211 
24 208 
24 214 
56 193 
21 208 
24 184 
27 297 
24 217 
24 208 
35 214 
35 1203 
30 178 
27 173 
24 214 
205 24 
208 160 
217 27 
253 178 
35 909 
33 208 
27 621 
56 211 
211 184 
722 41 
170 30 
782 41 
211 24 
205 30 
211 41 
249 24 
208 27 
214 38 
211 208 
184 27 
205 35 
208 30 
184 27 
211 30 
208 27 
211 35 
205 24 
205 27 
181 41 
208 27 
217 21 
185 24 
214 21 
208 27 
202 35 
199 190 
179 21 
184 21 
193 35 
211 24 
217 184 
173 24 
205 21 
208 21 
167 35 
208 24 
208 38 
333 327 
187 27 
184 35 
208 27 
208 24 
208 38 
208 35 
193 41 
211 27 
472 41 
208 38 
208 35 
181 44 
413 110 
222 24 
205 33 
220 199 
27 217 
27 190 
56 208 
211 27 
211 24 
208 170 
27 208 
38 190 
606 113 
208 38 
205 38 
508 27 
208 24 
173 27 
654 38 
184 24 
211 30 
451 24 
568 41 
731 30 
184 27 
217 47 
208 35 
202 35 
205 24 
211 27 
214 27 
217 30 
214 30 
205 41 
170 36 
179 24 
211 33 
184 30 
223 38 
211 30 
205 41 
211 27 
190 33 
193 30 
208 41 
214 38 
211 27 
217 33 
208 27 
211 41 
380 30 
214 27 
211 35 
214 30 
214 27 
176 33 
176 27 
190 30 
247 27 
193 44 
205 27 
208 30 
2749 145 
811 24 
184 44 
181 184 
24 226 
30 255 
167 27 
220 27 
184 184 
24 238 
27 229 
38 187 
41 214 
27 181 
24 199 
27 220 
24 170 
30 208 
35 187 
36 246 
24 181 
27 803 
24 205 
24 351 
38 211 
38 906 
27 190 
33 187 
30 202 
181 24 
181 184 
187 27 
187 27 
176 33 
184 24 
214 27 
217 24 
184 27 
205 35 
217 24 
181 27 
193 27 
190 35 
181 24 
193 27 
214 24 
184 27 
214 262 
30 170 
41 217 
41 199 
256 226 
184 24 
190 30 
211 27 
205 184 
35 187 
24 481 
33 208 
27 223 
24 211 
639 48 
0 0 
0 0 
0 0 
0 0 
0 0 
0 0 
0 0 
0 0 
0 0 
0 0 
0 0 
0 0 
0 0 
0 0 
0 0 
0 0 
0 0 
0 0 
0 0 
0 0 
0 0 
252 27 
179 24 
196 24 
187 24 
220 279 
44 256 
232 24 
404 30 
220 24 
175 30 
193 35 
758 173 
21 226 
30 232 
235 41 
202 35 
184 181 
48 50 
0 0 
0 0 
0 0 
446 184 
24 558 
27 255 
38 184 
38 184 
41 184 
27 184 
208 306 
24 178 
184 35 
247 173 
38 214 
41 838 
24 202 
27 214 
30 208 
30 176 
38 187 
41 214 
27 190 
27 211 
27 205 
24 231 
27 208 
35 452 
30 217 
27 431 
24 190 
30 179 
24 211 
24 173 
27 211 
30 214 
24 211 
27 211 
33 211 
27 214 
38 217 
38 187 
27 211 
30 211 
30 428 
24 208 
38 217 
38 339 
27 211 
30 184 
27 173 
27 211 
41 238 
27 211 
27 184 
30 184 
27 199 
24 211 
27 217 
41 190 
41 220 
27 211 
27 222 
27 208 
33 205 
27 202 
41 208 
30 211 
30 217 
24 211 
27 184 
24 247 
27 612 
44 205 
27 187 
27 214 
27 366 
21 636 
30 187 
35 808 
44 208 
24 187 
27 184 
36 170 
30 211 
38 208 
38 187 
27 184 
24 225 
33 241 
24 184 
38 217 
38 208 
41 208 
30 211 
27 217 
27 173 
38 208 
38 187 
38 211 
24 211 
33 365 
30 214 
27 205 
27 181 
38 178 
24 211 
27 193 
30 217 
33 211 
35 211 
41 202 
41 184 
24 689 
27 211 
24 173 
24 271 
30 633 
38 211 
41 181 
27 211 
27 222 
27 214 
27 199 
38 208 
38 187 
27 407 
27 190 
27 249 
27 170 
30 184 
35 303 
30 208 
24 903 
27 178 
27 179 
24 217 
24 211 
44 217 
27 184 
30 173 
27 223 
30 173 
24 187 
38 211 
27 383 
27 220 
30 211 
24 571 
38 440 
38 190 
30 184 
30 398 
27 220 
27 190 
33 211 
30 184 
24 184 
30 190 
27 184 
27 173 
27 187 
27 184 
41 211 
24 184 
30 208 
33 214 
24 173 
27 176 
41 208 
38 211 
38 208 
27 211 
27 193 
30 173 
38 208 
30 173 
27 211 
30 187 
27 181 
30 184 
27 187 
24 187 
178 30 
173 30 
280 30 
208 24 
184 30 
199 35 
181 38 
523 30 
170 27 
184 30 
297 27 
181 35 
214 27 
211 27 
214 24 
208 24 
211 27 
184 27 
187 41 
178 38 
184 27 
193 30 
193 33 
181 27 
202 35 
181 38 
395 24 
173 33 
214 30 
199 30 
211 41 
202 217 
41 208 
38 181 
27 184 
30 181 
30 208 
24 699 
41 856 
35 529 
33 665 
30 214 
27 184 
27 181 
24 211 
38 208 
30 217 
30 190 
27 187 
30 173 
30 173 
35 208 
30 211 
27 208 
30 173 
27 601 
24 179 
24 211 
24 208 
33 217 
24 181 
27 208 
27 208 
27 211 
41 211 
41 184 
27 214 
30 365 
33 211 
27 211 
44 214 
41 217 
33 211 
24 222 
27 208 
24 205 
27 182 
38 187 
38 184 
24 214 
24 211 
33 208 
33 173 
38 211 
35 226 
30 214 
27 176 
27 176 
27 173 
33 211 
30 211 
27 217 
27 187 
27 754 
27 187 
27 176 
27 187 
41 253 
27 181 
27 208 
27 288 
33 173 
33 199 
38 184 
38 211 
38 190 
30 187 
33 208 
24 202 
38 187 
30 342 
27 419 
782 27 
211 27 
214 38 
303 41 
297 27 
211 24 
170 27 
211 24 
205 27 
205 27 
208 27 
190 38 
211 27 
208 27 
208 38 
187 27 
437 104 
208 24 
190 27 
214 27 
205 27 
710 784 
187 24 
217 24 
205 38 
211 30 
170 24 
208 38 
205 41 
232 36 
184 38 
419 27 
208 27 
184 30 
214 27 
208 38 
214 27 
211 27 
170 27 
208 24 
208 27 
187 24 
208 35 
211 30 
208 27 
211 30 
214 30 
211 27 
184 30 
208 33 
184 38 
214 27 
179 30 
190 41 
0 0 
0 0 
0 0 
0 0 
0 0 
0 0 
0 0 
0 0 
0 0 
0 0 
903 27 
214 30 
205 30 
743 30 
603 24 
187 47 
208 30 
592 27 
277 27 
190 30 
211 38 
214 30 
199 30 
173 27 
178 176 
24 187 
27 267 
27 704 
27 214 
35 196 
38 404 
24 187 
24 208 
33 187 
27 208 
35 208 
27 193 
30 184 
30 173 
30 191 
27 170 
30 179 
35 345 
24 187 
27 228 
30 196 
24 179 
38 193 
41 187 
41 190 
27 184 
30 574 
24 173 
30 170 
24 173 
41 728 
36 187 
208 35 
208 193 
660 27 
193 38 
187 41 
205 27 
208 30 
173 30 
214 41 
196 30 
193 30 
214 24 
190 27 
193 27 
173 27 
184 27 
208 38 
208 30 
208 30 
173 24 
1162 41 
184 27 
214 41 
252 30 
240 27 
167 33 
193 30 
223 27 
187 30 
279 33 
196 30 
190 38 
907 752 
657 38 
808 27 
226 27 
214 33 
185 33 
187 30 
214 41 
184 30 
181 30 
190 30 
208 39 
178 41 
211 30 
208 30 
211 30 
190 30 
181 30 
273 41 
451 27 
190 27 
187 27 
190 30 
211 30 
193 27 
214 27 
170 24 
184 30 
199 27 
184 41 
193 27 
181 41 
211 27 
167 33 
214 30 
223 30 
190 41 
170 24 
309 746 
211 30 
208 35 
187 27 
205 30 
220 30 
292 27 
173 27 
211 41 
184 30 
178 27 
187 38 
246 113 
173 36 
205 41 
190 30 
202 30 
716 38 
306 27 
208 30 
214 30 
211 38 
193 27 
199 38 
181 35 
491 30 
223 41 
190 30 
886 27 
208 53 
196 47 
199 27 
190 30 
571 30 
740 41 
594 30 
187 30 
184 47 
226 27 
211 27 
170 33 
181 24 
181 30 
190 27 
211 44 
176 24 
170 33 
173 33 
259 24 
285 27 
356 30 
208 30 
214 30 
208 24 
208 193 
187 27 
184 181 
35 238 
35 276 
30 279 
687 395 
38 187 
24 178 
27 541 
24 167 
38 187 
24 187 
24 190 
181 24 
178 24 
318 24 
903 44 
208 214 
30 294 
21 211 
21 184 
21 211 
38 184 
38 187 
30 187 
167 30 
184 30 
425 27 
205 27 
243 30 
214 24 
208 38 
208 24 
903 479 
184 181 
38 205 
24 190 
35 184 
21 208 
30 211 
27 179 
41 187 
41 211 
27 196 
375 30 
716 395 
520 30 
181 24 
208 30 
220 170 
27 237 
45 223 
24 181 
27 511 
30 173 
35 187 
24 196 
223 21 
303 303 
24 181 
21 173 
211 32 
173 21 
178 237 
21 178 
24 353 
27 208 
21 173 
41 205 
21 214 
187 24 
184 181 
24 179 
214 27 
181 24 
170 21 
211 24 
176 24 
208 24 
167 21 
570 24 
190 35 
220 24 
1245 24 
214 300 
21 190 
24 178 
24 191 
35 181 
24 178 
21 211 
27 181 
21 208 
24 167 
27 211 
24 270 
30 267 
30 222 
24 170 
30 214 
38 199 
30 243 
173 27 
167 24 
187 27 
202 35 
199 32 
199 35 
383 356 
235 32 
217 21 
199 27 
178 24 
181 27 
214 27 
176 27 
173 24 
217 27 
181 27 
205 36 
178 41 
173 27 
167 176 
193 187 
24 220 
597 24 
763 21 
214 21 
190 24 
333 24 
657 35 
223 38 
205 41 
178 35 
176 24 
173 21 
202 24 
184 30 
190 24 
217 324 
205 214 
167 303 
179 27 
208 184 
187 24 
175 21 
1399 27 
184 24 
214 27 
220 41 
205 30 
187 33 
259 211 
475 38 
167 35 
211 24 
196 24 
184 24 
175 24 
211 21 
190 32 
274 27 
232 41 
223 38 
181 24 
187 41 
249 24 
226 24 
190 27 
214 24 
181 27 
205 35 
220 24 
259 35 
176 24 
170 35 
184 184 
30 182 
35 880 
24 181 
33 187 
27 285 
30 173 
306 27 
190 38 
190 24 
178 32 
211 24 
190 24 
208 35 
178 24 
190 35 
193 24 
196 24 
173 27 
309 30 
559 21 
178 21 
175 24 
740 33 
0 0 
0 0 
0 0 
0 0 
0 0 
0 0 
0 0 
0 0 
0 0 
0 0 
0 0 
0 0 
0 0 
0 0 
0 0 
0 0 
0 0 
0 0 
0 0 
0 0 
0 0 
0 0 
0 0 
0 0 
0 0 
0 0 
0 0 
0 0 
0 0 
0 0 
0 0 
0 0 
0 0 
0 0 
0 0 
0 0 
0 0 
0 0 
0 0 
0 0 
0 0 
0 0 
0 0 
0 0 
0 0 
0 0 
0 0 
0 0 
0 0 
0 0 
0 0 
0 0 
0 0 
0 0 
0 0 
0 0 
0 0 
0 0 
0 0 
0 0 
0 0 
0 0 
0 0 
0 0 
0 0 
0 0 
0 0 
0 0 
0 0 
0 0 
0 0 
0 0 
0 0 
0 0 
0 0 
0 0 
0 0 
0 0 
0 0 
0 0 
0 0 
0 0 
0 0 
0 0 
0 0 
0 0 
0 0 
0 0 
0 0 
0 0 
0 0 
0 0 
0 0 
0 0 
0 0 
0 0 
0 0 
0 0 
0 0 
0 0 
0 0 
0 0 
0 0 
0 0 
0 0 
184 24 
193 24 
309 35 
936 247 
27 276 
24 318 
30 289 
74 229 
211 24 
202 38 
202 179 
27 205 
193 24 
196 21 
193 24 
178 24 
380 24 
217 21 
173 271 
27 217 
30 217 
24 217 
24 196 
41 181 
35 535 
27 193 
24 769 
38 235 
24 176 
24 238 
21 178 
21 238 
179 27 
187 199 
35 146 
196 208 
24 330 
32 244 
21 205 
30 716 
235 208 
258 27 
202 1031 
184 184 
30 181 
178 27 
217 24 
208 35 
187 35 
199 342 
24 790 
27 701 
24 187 
27 188 
27 167 
208 38 
170 30 
208 27 
178 24 
181 21 
208 35 
175 27 
208 38 
190 35 
704 232 
27 170 
27 176 
208 27 
205 24 
184 30 
912 24 
214 24 
170 24 
264 208 
199 35 
187 35 
170 33 
167 24 
606 327 
24 208 
24 256 
181 38 
211 21 
170 24 
791 30 
170 21 
181 47 
184 24 
173 24 
178 184 
814 401 
217 24 
181 21 
193 35 
178 190 
41 217 
24 211 
35 217 
24 410 
208 41 
223 24 
181 32 
167 182 
24 577 
24 208 
24 228 
38 247 
35 193 
27 181 
27 181 
27 208 
27 208 
21 246 
24 170 
35 199 
24 217 
24 181 
24 303 
21 181 
24 226 
24 170 
35 184 
45 359 
214 273 
24 181 
27 181 
24 517 
35 202 
24 303 
170 24 
306 24 
208 21 
808 24 
181 24 
175 178 
27 178 
21 181 
24 199 
21 191 
21 170 
21 265 
35 181 
24 181 
24 187 
170 21 
178 24 
181 35 
178 24 
259 190 
24 184 
21 178 
205 21 
208 38 
184 32 
187 181 
178 38 
170 27 
184 24 
300 211 
35 170 
21 173 
24 208 
24 181 
21 178 
24 279 
24 167 
32 181 
27 178 
35 214 
21 184 
21 178 
24 208 
24 173 
422 35 
561 21 
220 24 
173 24 
187 27 
181 24 
178 21 
211 24 
167 41 
181 24 
181 24 
181 41 
306 190 
35 193 
21 178 
21 196 
21 181 
21 389 
24 286 
27 184 
24 181 
21 294 
24 181 
21 698 
24 173 
24 170 
35 205 
21 181 
24 196 
27 249 
167 30 
208 35 
181 35 
170 24 
170 24 
173 39 
187 21 
214 35 
178 27 
211 21 
184 24 
214 44 
178 24 
208 35 
178 24 
514 243 
222 24 
170 21 
217 24 
202 38 
235 184 
38 184 
24 238 
211 41 
187 36 
181 30 
190 30 
315 35 
208 27 
178 38 
167 35 
253 24 
211 273 
184 27 
217 190 
21 211 
30 184 
24 178 
27 184 
27 176 
38 826 
35 205 
38 805 
21 220 
167 24 
294 35 
190 27 
211 170 
21 211 
21 181 
27 220 
21 395 
27 211 
24 167 
30 208 
41 276 
24 181 
27 237 
190 199 
21 176 
32 211 
32 211 
167 21 
220 35 
167 24 
181 35 
211 27 
300 32 
184 30 
181 24 
167 27 
187 27 
184 181 
98 199 
181 35 
202 21 
253 30 
588 24 
181 30 
190 21 
469 21 
167 24 
205 21 
214 39 
181 27 
208 35 
211 24 
208 21 
208 21 
211 38 
175 24 
193 187 
229 214 
24 208 
24 214 
196 41 
205 24 
208 35 
184 24 
208 38 
190 27 
211 24 
181 24 
205 21 
184 27 
796 41 
181 38 
211 27 
283 250 
208 38 
178 181 
24 173 
38 294 
65 246 
176 24 
547 21 
184 21 
187 21 
190 27 
178 178 
38 205 
384 27 
179 27 
184 21 
181 27 
181 38 
282 38 
182 173 
21 205 
80 223 
202 44 
208 24 
193 24 
220 187 
21 184 
27 211 
27 176 
24 205 
208 27 
170 24 
178 30 
178 35 
205 178 
24 214 
21 419 
38 190 
27 190 
27 184 
24 184 
205 35 
175 181 
41 193 
38 181 
24 178 
27 178 
27 173 
27 182 
27 205 
35 181 
24 187 
779 32 
184 30 
199 32 
178 21 
175 27 
181 32 
187 181 
24 184 
21 799 
181 41 
211 30 
181 38 
205 30 
208 261 
24 190 
0 0 
24 170 
38 193 
38 187 
24 217 
220 27 
170 21 
187 196 
24 170 
35 181 
35 187 
24 184 
24 181 
303 223 
35 261 
32 181 
33 214 
30 264 
24 767 
327 27 
208 32 
228 27 
178 32 
176 173 
24 187 
27 196 
24 188 
21 217 
38 217 
24 256 
24 222 
24 490 
24 193 
24 173 
27 208 
32 223 
170 21 
170 167 
21 217 
24 199 
309 38 
178 59 
252 24 
187 30 
178 21 
211 220 
24 170 
24 167 
35 229 
27 181 
173 190 
193 24 
175 24 
217 220 
24 170 
35 184 
30 223 
164 181 
21 187 
208 21 
181 217 
35 190 
181 35 
226 187 
24 208 
27 181 
27 173 
24 170 
21 199 
21 205 
657 1242 
181 24 
288 190 
181 181 
21 190 
164 35 
259 333 
24 220 
187 24 
187 181 
35 187 
38 199 
164 35 
250 27 
193 27 
434 38 
205 164 
35 205 
32 175 
24 181 
208 175 
187 24 
190 196 
30 179 
35 562 
205 208 
990 24 
178 755 
21 205 
27 167 
35 253 
32 184 
208 193 
173 182 
184 187 
24 246 
193 205 
35 229 
35 247 
21 217 
173 24 
175 199 
217 35 
181 184 
35 190 
182 24 
214 24 
205 27 
291 214 
21 193 
35 167 
21 1643 
24 214 
33 181 
24 217 
223 35 
261 24 
184 240 
24 235 
21 208 
181 199 
205 21 
199 32 
217 176 
35 181 
211 181 
199 211 
181 24 
184 181 
35 205 
35 190 
178 35 
173 21 
178 220 
21 600 
294 24 
217 21 
286 179 
21 178 
24 187 
21 184 
184 27 
288 21 
164 292 
24 187 
24 181 
235 35 
223 264 
190 217 
24 167 
21 306 
217 24 
170 21 
178 178 
401 178 
181 229 
35 464 
740 223 
24 749 
202 784 
241 797 
24 182 
35 217 
315 21 
173 24 
223 187 
24 258 
309 178 
24 176 
35 303 
27 244 
21 181 
24 265 
24 600 
24 173 
32 202 
32 187 
841 238 
211 27 
190 24 
217 196 
21 167 
184 35 
187 32 
173 173 
30 190 
184 199 
178 181 
38 214 
35 1147 
232 21 
202 21 
178 21 
178 178 
187 35 
445 24 
170 173 
27 176 
21 211 
223 181 
175 21 
402 577 
35 181 
184 21 
1233 21 
187 184 
178 24 
196 35 
202 35 
419 24 
167 176 
24 179 
24 182 
24 164 
35 184 
21 187 
21 178 
363 24 
181 318 
175 24 
205 214 
32 190 
217 184 
624 339 
21 184 
190 21 
208 35 
187 38 
576 27 
699 21 
826 24 
981 247 
24 179 
21 193 
35 205 
184 24 
378 24 
217 220 
178 181 
178 21 
190 35 
211 202 
30 188 
24 1869 
190 24 
181 21 
181 38 
181 35 
184 33 
232 187 
164 24 
181 181 
35 211 
38 202 
24 181 
30 256 
21 1403 
279 24 
243 30 
211 24 
178 30 
184 27 
167 24 
514 1004 
178 21 
223 21 
238 38 
182 190 
181 27 
2956 850 
21 433 
27 176 
24 190 
24 279 
21 217 
21 181 
24 1209 
288 24 
270 27 
178 35 
274 24 
232 214 
1183 255 
24 502 
21 208 
24 179 
35 214 
21 181 
24 517 
24 184 
24 178 
178 24 
243 24 
921 87 
170 21 
223 21 
1144 32 
211 181 
264 27 
380 30 
543 241 
24 487 
24 668 
24 930 
24 868 
21 173 
35 211 
223 184 
21 205 
187 24 
205 35 
187 32 
285 211 
176 193 
24 196 
178 21 
217 386 
24 173 
35 184 
24 249 
24 178 
21 231 
181 21 
184 24 
252 211 
35 226 
27 181 
24 318 
24 202 
21 380 
24 228 
38 208 
176 24 
871 38 
164 190 
208 21 
844 1174 
220 21 
178 190 
21 211 
24 225 
214 38 
208 35 
178 30 
205 24 
208 24 
214 21 
193 27 
574 173 
181 24 
187 35 
728 181 
30 211 
27 182 
27 173 
35 208 
41 199 
24 196 
27 202 
196 27 
259 35 
458 21 
178 24 
173 24 
190 35 
342 30 
193 24 
178 33 
184 24 
178 21 
187 35 
214 24 
217 32 
170 35 
1301 1884 
850 255 
21 999 
246 27 
262 891 
27 193 
24 184 
24 179 
21 214 
21 187 
38 184 
187 30 
202 217 
184 24 
1405 24 
190 35 
170 24 
173 170 
24 205 
24 187 
24 205 
704 544 
187 21 
265 27 
187 24 
196 21 
193 279 
190 24 
306 401 
383 253 
259 24 
532 35 
282 181 
27 176 
27 271 
38 211 
21 178 
24 178 
24 208 
24 532 
21 182 
21 651 
35 205 
24 345 
24 184 
27 228 
41 246 
226 27 
167 27 
217 39 
167 202 
24 202 
56 1284 
398 27 
662 30 
190 30 
187 24 
220 21 
184 24 
181 27 
190 38 
184 35 
184 41 
214 30 
184 27 
223 24 
187 38 
725 119 
787 41 
205 27 
217 38 
187 36 
187 41 
867 27 
915 258 
205 24 
306 24 
294 24 
193 27 
246 30 
630 271 
173 27 
181 24 
190 30 
184 33 
178 35 
199 27 
187 27 
217 27 
214 30 
220 38 
223 41 
228 30 
196 321 
182 27 
190 27 
211 38 
187 30 
184 24 
184 35 
719 179 
27 187 
27 214 
27 184 
24 179 
38 190 
21 710 
38 226 
27 193 
33 228 
24 173 
178 24 
184 35 
778 21 
883 41 
309 30 
217 41 
190 33 
190 35 
374 1197 
187 27 
190 30 
214 41 
220 27 
238 173 
41 211 
30 864 
30 217 
27 187 
27 238 
21 262 
30 170 
27 193 
24 190 
30 187 
30 187 
27 249 
184 44 
211 24 
170 30 
185 184 
24 208 
285 21 
428 35 
1396 1792 
701 30 
270 285 
24 196 
33 181 
27 187 
21 913 
41 190 
35 178 
27 208 
24 294 
24 187 
235 35 
176 24 
184 24 
184 35 
187 24 
208 62 
190 24 
178 30 
211 211 
208 30 
229 27 
184 27 
208 27 
187 38 
211 38 
178 27 
170 30 
184 181 
27 211 
27 225 
32 193 
178 24 
249 814 
205 30 
173 24 
211 21 
178 190 
27 173 
41 178 
225 306 
33 187 
27 181 
24 258 
193 32 
918 35 
1515 21 
208 24 
167 33 
187 205 
208 21 
181 35 
173 24 
187 33 
190 220 
184 24 
202 38 
187 24 
190 27 
339 716 
27 208 
27 173 
27 208 
27 214 
72 785 
41 187 
24 277 
27 187 
30 208 
38 205 
35 470 
21 182 
241 330 
173 24 
175 24 
205 27 
193 24 
205 27 
228 24 
205 30 
175 38 
208 27 
214 35 
211 27 
184 35 
258 321 
184 27 
214 38 
208 35 
181 181 
35 211 
38 208 
24 211 
27 184 
24 211 
38 199 
32 211 
35 208 
35 654 
24 181 
27 214 
24 214 
24 211 
35 181 
35 181 
27 178 
30 187 
27 211 
24 217 
80 270 
190 27 
184 35 
208 38 
170 190 
21 184 
24 170 
24 173 
30 523 
27 205 
24 173 
27 190 
24 220 
41 187 
24 211 
27 187 
30 193 
35 202 
41 196 
33 214 
71 258 
276 38 
167 27 
214 24 
449 731 
196 176 
50 36 
196 38 
666 375 
743 27 
223 232 
27 214 
134 220 
196 24 
187 27 
372 21 
196 24 
211 35 
205 24 
205 38 
178 24 
187 24 
235 211 
30 208 
24 211 
35 208 
24 428 
187 24 
294 24 
211 24 
214 27 
178 24 
184 38 
270 57 
222 27 
205 30 
211 24 
217 30 
184 24 
612 38 
173 24 
181 41 
170 24 
190 24 
240 173 
35 184 
35 190 
41 187 
32 499 
27 211 
30 176 
27 173 
35 190 
38 354 
173 30 
731 496 
184 187 
24 181 
30 173 
32 205 
24 176 
27 228 
24 784 
30 173 
24 217 
30 187 
41 511 
41 264 
27 968 
27 217 
27 434 
30 360 
41 214 
24 208 
24 181 
585 214 
21 199 
30 211 
24 217 
35 583 
41 193 
27 1034 
21 217 
184 27 
181 41 
187 184 
41 181 
27 181 
35 187 
30 187 
181 41 
208 24 
708 30 
208 24 
184 30 
190 217 
77 223 
205 24 
208 24 
300 181 
27 181 
21 184 
181 30 
205 24 
220 190 
30 214 
35 181 
27 211 
24 475 
27 220 
30 214 
24 214 
44 211 
27 211 
24 214 
24 178 
184 30 
208 30 
208 30 
481 44 
214 24 
214 41 
205 27 
282 30 
222 27 
211 27 
211 41 
211 21 
205 24 
208 27 
208 30 
167 35 
187 41 
184 35 
205 181 
24 188 
202 35 
181 38 
170 27 
184 24 
181 27 
375 773 
181 27 
181 38 
176 24 
170 35 
181 30 
184 30 
2451 1881 
184 27 
181 41 
232 30 
419 33 
187 24 
181 27 
805 234 
184 27 
182 27 
184 30 
181 24 
184 27 
330 38 
630 33 
184 38 
181 35 
226 24 
526 35 
214 44 
909 122 
211 24 
220 27 
1646 146 
167 21 
202 44 
431 27 
446 35 
220 47 
283 24 
170 27 
184 24 
178 24 
217 21 
190 21 
181 187 
32 678 
167 27 
176 21 
178 24 
211 21 
342 24 
190 208 
24 184 
24 193 
199 24 
178 24 
202 181 
24 205 
181 701 
164 35 
167 32 
208 21 
178 24 
832 35 
187 187 
234 181 
190 1007 
0 0 
0 0 
178 24 
237 223 
32 193 
170 21 
268 957 
21 223 
24 214 
24 241 
32 303 
35 187 
217 24 
238 21 
205 24 
241 27 
261 24 
306 232 
211 21 
2366 24 
184 21 
181 24 
243 244 
178 24 
330 21 
446 368 
615 226 
823 24 
1055 274 
460 2353 
211 853 
211 24 
1376 35 
181 24 
178 205 
35 170 
32 883 
208 202 
176 24 
309 24 
633 24 
258 262 
234 190 
270 223 
21 223 
24 199 
24 170 
27 187 
193 184 
181 35 
378 24 
199 24 
241 35 
208 190 
654 194 
38 452 
32 178 
24 422 
24 291 
692 1150 
181 21 
178 21 
178 24 
1337 434 
167 170 
27 184 
24 181 
24 173 
184 24 
184 196 
24 202 
27 181 
404 918 
178 24 
303 41 
190 181 
21 422 
27 190 
167 170 
21 190 
24 170 
190 32 
178 35 
1156 285 
182 173 
21 181 
24 208 
21 229 
178 35 
184 24 
734 1307 
24 196 
178 24 
241 170 
24 211 
32 184 
21 241 
327 24 
526 217 
30 231 
21 609 
35 823 
35 984 
27 187 
170 21 
181 196 
229 214 
32 223 
187 24 
167 32 
238 737 
24 181 
247 35 
187 288 
214 208 
181 35 
187 24 
170 24 
199 24 
208 21 
187 252 
35 211 
21 181 
24 969 
235 220 
187 21 
199 178 
32 565 
24 187 
280 27 
1293 787 
202 21 
196 190 
38 214 
190 181 
170 173 
164 178 
21 178 
24 185 
196 178 
288 35 
173 21 
190 21 
193 24 
223 217 
21 309 
199 205 
35 181 
24 184 
167 24 
363 24 
181 21 
196 35 
300 32 
208 24 
277 24 
167 24 
265 24 
178 184 
21 193 
190 194 
24 214 
21 199 
24 630 
181 24 
202 178 
21 615 
286 214 
24 243 
21 187 
21 2582 
21 574 
32 583 
909 35 
229 21 
211 24 
173 199 
21 173 
187 190 
3001 21 
182 170 
176 176 
217 24 
196 24 
214 184 
35 170 
297 217 
21 226 
170 24 
223 35 
181 244 
181 193 
217 21 
187 24 
193 202 
167 170 
24 193 
1887 580 
202 181 
32 184 
889 32 
265 35 
211 21 
199 24 
199 32 
205 38 
175 21 
187 24 
199 181 
202 178 
193 178 
244 223 
35 181 
38 187 
185 24 
187 24 
181 24 
582 291 
211 27 
181 187 
24 220 
265 24 
389 24 
178 21 
654 208 
220 30 
176 21 
173 190 
24 514 
24 181 
24 318 
21 458 
309 24 
167 24 
205 27 
199 187 
35 205 
24 220 
32 214 
21 288 
185 21 
306 21 
425 32 
651 256 
35 342 
21 178 
21 805 
220 24 
181 24 
184 24 
187 187 
35 1744 
21 187 
193 181 
24 187 
24 185 
217 35 
193 35 
274 220 
24 541 
321 291 
193 24 
223 231 
264 24 
430 235 
32 196 
21 214 
24 633 
27 181 
35 196 
279 35 
472 181 
289 30 
170 24 
196 24 
764 309 
38 178 
181 21 
164 184 
164 21 
184 21 
178 190 
181 184 
21 196 
24 582 
167 24 
369 336 
178 24 
205 24 
193 32 
181 178 
199 660 
167 27 
505 24 
181 181 
24 178 
35 226 
205 181 
187 24 
190 21 
190 27 
184 24 
187 38 
318 24 
910 27 
660 38 
193 24 
229 24 
193 21 
170 21 
167 24 
178 24 
178 27 
330 21 
264 196 
573 27 
173 30 
211 32 
190 297 
27 936 
24 179 
187 21 
262 184 
164 24 
238 226 
306 250 
202 184 
41 187 
27 217 
24 303 
21 309 
782 24 
187 21 
178 24 
178 24 
167 184 
238 190 
24 214 
336 246 
217 27 
193 35 
173 24 
279 32 
214 30 
241 32 
217 27 
229 193 
178 24 
181 38 
253 35 
187 181 
517 936 
24 167 
24 176 
41 187 
35 321 
24 196 
21 211 
24 184 
24 341 
24 187 
24 184 
24 208 
802 24 
921 38 
496 21 
187 231 
205 24 
231 24 
184 223 
24 193 
508 303 
24 182 
24 214 
184 38 
286 24 
235 282 
21 279 
24 410 
175 196 
35 193 
27 193 
21 196 
24 214 
24 184 
21 246 
282 24 
431 21 
583 250 
24 202 
27 184 
21 1218 
24 1040 
24 217 
38 270 
223 184 
24 826 
223 38 
187 235 
47 205 
27 193 
205 21 
187 27 
223 35 
1233 1982 
181 187 
24 176 
24 226 
24 181 
27 190 
178 24 
181 193 
214 35 
217 167 
21 187 
24 187 
24 205 
487 425 
178 21 
181 178 
187 35 
202 24 
205 24 
181 21 
336 184 
21 205 
181 184 
170 24 
167 30 
184 21 
645 327 
229 21 
187 21 
214 21 
214 24 
187 24 
184 21 
701 21 
178 297 
178 24 
185 176 
176 24 
167 27 
261 27 
811 184 
184 21 
184 32 
167 176 
21 190 
21 208 
24 176 
309 95 
202 24 
285 32 
205 21 
173 173 
24 184 
261 862 
21 348 
21 256 
24 190 
21 526 
21 196 
915 220 
24 1370 
41 386 
35 354 
21 184 
27 187 
211 190 
1376 1013 
32 223 
35 187 
24 386 
170 27 
173 315 
187 244 
21 895 
202 280 
223 178 
24 211 
178 30 
181 24 
1673 35 
270 24 
181 35 
318 279 
170 24 
184 187 
24 173 
32 202 
205 21 
228 21 
211 184 
24 579 
300 178 
27 217 
386 398 
32 196 
179 24 
211 21 
184 24 
930 184 
214 225 
175 202 
173 205 
235 35 
179 173 
24 297 
181 21 
1881 657 
190 223 
30 181 
24 199 
196 21 
181 24 
184 35 
208 24 
184 32 
187 24 
184 24 
181 184 
24 208 
35 1278 
32 297 
170 24 
167 30 
678 173 
24 181 
264 184 
231 21 
303 27 
170 24 
184 24 
181 24 
208 41 
381 24 
228 21 
208 27 
184 30 
181 30 
208 21 
205 196 
211 30 
176 27 
232 35 
173 27 
205 187 
21 208 
173 24 
199 35 
214 24 
187 24 
202 33 
184 190 
181 41 
175 21 
208 24 
330 187 
184 27 
262 41 
237 285 
190 27 
173 24 
196 24 
214 237 
223 41 
199 184 
21 176 
187 35 
481 261 
167 199 
24 223 
30 176 
38 217 
38 2888 
167 202 
21 211 
30 208 
21 178 
27 173 
35 211 
41 220 
30 529 
27 190 
21 208 
27 544 
27 633 
35 229 
38 187 
32 520 
24 208 
24 202 
30 176 
35 187 
32 214 
35 193 
164 24 
181 24 
178 27 
184 178 
44 211 
35 220 
24 392 
211 35 
187 27 
175 38 
178 24 
888 21 
232 187 
30 208 
24 205 
21 208 
208 32 
181 41 
826 21 
196 170 
24 208 
27 184 
27 214 
24 190 
199 24 
181 24 
1046 713 
184 220 
27 208 
24 217 
187 44 
167 33 
303 30 
565 176 
30 268 
27 693 
24 217 
35 181 
21 178 
32 1373 
21 246 
27 205 
24 208 
21 734 
24 208 
27 184 
24 954 
24 211 
24 247 
24 244 
187 190 
181 30 
184 21 
208 21 
184 24 
321 259 
41 187 
27 217 
24 365 
24 205 
21 170 
21 176 
35 190 
27 223 
35 250 
33 190 
30 244 
27 229 
44 202 
38 208 
27 327 
24 237 
33 559 
24 211 
44 232 
35 211 
24 208 
27 211 
30 184 
30 211 
24 170 
38 395 
27 558 
27 808 
30 285 
33 214 
27 214 
24 214 
38 214 
27 190 
21 187 
208 38 
235 285 
30 211 
21 173 
21 173 
30 217 
27 511 
27 241 
27 220 
24 173 
38 297 
38 184 
41 300 
27 255 
33 413 
27 190 
41 184 
56 336 
30 184 
30 187 
24 190 
672 517 
24 211 
228 24 
184 38 
202 44 
957 1515 
24 181 
24 262 
21 196 
41 208 
41 184 
164 38 
508 24 
232 21 
704 33 
211 30 
170 170 
672 35 
190 24 
814 187 
35 443 
181 24 
297 21 
178 38 
535 35 
443 24 
184 181 
21 1192 
32 202 
35 193 
35 232 
21 178 
24 208 
41 190 
27 173 
38 437 
27 208 
57 187 
27 184 
24 181 
60 919 
187 30 
173 27 
173 24 
199 27 
208 24 
181 21 
181 38 
196 24 
179 24 
176 27 
205 24 
184 30 
615 38 
181 41 
977 86 
179 27 
202 38 
321 38 
241 27 
190 35 
173 27 
205 27 
217 27 
173 27 
211 1165 
264 21 
559 273 
35 241 
24 181 
27 211 
24 223 
27 173 
35 285 
38 199 
27 511 
33 338 
21 187 
21 184 
963 624 
184 21 
181 214 
32 229 
24 297 
24 775 
24 187 
24 199 
24 419 
175 35 
211 24 
167 21 
205 35 
273 449 
921 38 
178 35 
167 27 
243 220 
214 181 
187 181 
24 856 
41 265 
24 276 
24 309 
716 24 
264 137 
205 35 
184 35 
214 27 
737 21 
725 35 
880 41 
220 24 
184 27 
205 21 
220 24 
262 208 
187 24 
232 35 
214 32 
202 32 
178 32 
737 21 
190 27 
196 21 
208 24 
205 21 
178 24 
208 27 
181 27 
170 27 
193 27 
178 24 
222 27 
190 35 
199 30 
267 27 
181 226 
202 38 
208 24 
181 38 
185 27 
306 21 
190 24 
187 30 
588 24 
187 38 
457 24 
259 38 
173 27 
259 35 
196 27 
208 35 
190 21 
184 24 
265 38 
188 27 
0 0 
0 0 
0 0 
0 0 
0 0 
0 0 
0 0 
0 0 
191 24 
182 24 
181 35 
755 24 
170 24 
175 21 
270 134 
214 27 
211 27 
208 179 
24 234 
24 181 
27 214 
24 223 
35 181 
30 187 
62 279 
208 44 
226 820 
211 38 
850 21 
176 27 
167 35 
630 38 
208 44 
202 27 
208 38 
208 24 
170 24 
173 27 
1545 24 
832 44 
184 30 
202 33 
167 30 
170 30 
226 41 
167 24 
208 35 
190 44 
214 27 
181 35 
167 24 
455 35 
220 38 
184 24 
232 214 
35 220 
30 214 
30 187 
30 217 
24 220 
35 193 
38 223 
33 190 
21 449 
27 193 
27 220 
184 21 
196 38 
184 24 
176 202 
173 24 
184 190 
856 24 
190 30 
193 38 
211 27 
193 27 
173 24 
184 47 
187 38 
187 44 
208 24 
179 27 
217 27 
208 27 
187 38 
175 24 
167 27 
181 38 
874 2148 
318 44 
208 190 
187 41 
182 202 
27 226 
24 178 
24 193 
21 187 
24 182 
38 184 
21 176 
30 844 
211 21 
170 24 
279 24 
202 21 
238 21 
184 35 
170 27 
181 24 
187 21 
181 30 
232 33 
196 184 
205 294 
35 256 
27 196 
24 217 
30 226 
38 193 
24 205 
27 235 
173 24 
229 27 
1090 618 
181 35 
184 184 
27 234 
21 232 
24 208 
184 30 
229 24 
285 223 
214 24 
223 32 
202 184 
214 24 
184 181 
24 173 
35 220 
35 184 
178 27 
176 24 
190 27 
184 181 
24 199 
24 784 
193 27 
190 181 
190 24 
226 24 
184 41 
270 21 
187 41 
167 24 
173 24 
903 24 
173 24 
184 21 
891 41 
176 27 
184 27 
181 24 
178 27 
1239 35 
170 27 
217 30 
208 21 
220 24 
196 38 
223 24 
193 41 
176 24 
372 30 
196 30 
170 30 
796 27 
211 27 
505 35 
184 35 
187 30 
190 27 
657 27 
181 24 
205 24 
332 27 
214 33 
184 38 
238 38 
181 44 
220 30 
190 41 
211 24 
173 27 
800 30 
223 35 
208 41 
187 38 
167 27 
193 27 
214 38 
184 30 
190 38 
458 24 
208 24 
253 24 
170 27 
202 27 
205 27 
184 35 
181 38 
234 24 
416 27 
187 36 
173 30 
1851 27 
184 35 
181 32 
208 27 
214 30 
193 27 
181 30 
606 38 
229 184 
38 187 
27 223 
24 187 
27 188 
30 179 
24 187 
24 173 
27 181 
30 237 
190 30 
553 24 
214 35 
184 41 
181 30 
184 27 
208 38 
211 38 
294 24 
624 27 
282 30 
231 24 
173 30 
205 41 
184 27 
181 38 
217 27 
181 41 
577 27 
330 30 
223 44 
208 38 
208 38 
184 38 
176 27 
265 27 
205 24 
214 27 
202 30 
217 24 
220 30 
208 27 
214 38 
707 27 
190 27 
199 24 
190 30 
270 38 
259 24 
193 27 
235 35 
190 35 
196 41 
179 30 
193 30 
184 30 
214 35 
217 35 
187 41 
193 27 
217 24 
170 24 
223 38 
187 24 
187 38 
181 41 
176 27 
193 30 
217 24 
223 30 
190 41 
223 27 
228 24 
214 27 
193 24 
283 30 
181 24 
460 107 
217 30 
170 24 
214 27 
190 27 
238 27 
211 38 
214 24 
315 24 
190 24 
217 41 
229 38 
214 35 
181 38 
205 21 
214 27 
193 24 
1067 41 
190 27 
205 38 
193 35 
191 24 
190 24 
220 38 
190 30 
167 24 
205 38 
225 27 
217 30 
1504 1168 
235 38 
190 24 
202 27 
199 27 
179 30 
187 30 
187 27 
238 38 
181 35 
193 35 
199 24 
176 30 
229 24 
187 24 
187 38 
184 35 
205 27 
187 27 
176 27 
214 35 
232 41 
190 41 
255 27 
182 27 
205 24 
286 30 
167 24 
190 30 
217 35 
217 27 
193 35 
577 24 
256 24 
321 38 
214 41 
217 27 
190 38 
247 24 
211 38 
384 27 
187 27 
193 35 
181 35 
181 38 
713 30 
214 24 
193 27 
214 41 
211 27 
451 30 
173 27 
883 24 
214 30 
208 27 
193 27 
347 30 
416 27 
214 47 
241 27 
187 27 
853 27 
817 38 
493 56 
636 30 
770 38 
187 24 
214 41 
211 33 
214 27 
306 27 
176 33 
184 27 
226 24 
315 41 
184 38 
249 27 
187 24 
217 27 
220 38 
217 35 
187 38 
184 38 
187 30 
220 24 
211 27 
184 30 
196 24 
211 274 
199 244 
179 27 
214 38 
187 27 
214 41 
217 41 
217 33 
217 24 
217 24 
184 24 
199 27 
1049 660 
184 27 
214 30 
182 27 
190 24 
220 41 
407 24 
211 38 
190 35 
214 27 
241 30 
217 35 
211 27 
398 27 
187 41 
190 33 
345 27 
187 27 
205 33 
170 24 
220 30 
211 41 
190 30 
223 33 
208 24 
193 33 
258 27 
187 44 
187 35 
179 27 
318 30 
187 30 
229 24 
190 38 
190 30 
725 30 
228 33 
199 27 
395 27 
181 41 
211 27 
240 30 
211 33 
199 38 
176 27 
184 41 
205 41 
190 30 
223 27 
190 30 
211 41 
339 280 
187 30 
208 33 
220 30 
193 44 
217 30 
190 44 
190 30 
315 44 
211 27 
187 41 
235 27 
579 30 
190 27 
187 27 
217 24 
214 36 
214 24 
223 27 
199 38 
187 27 
202 38 
223 24 
196 27 
235 30 
609 30 
211 27 
217 33 
187 38 
220 24 
181 38 
217 38 
187 30 
214 38 
529 41 
214 24 
193 27 
181 30 
173 33 
205 41 
853 27 
217 27 
585 27 
184 30 
214 30 
214 41 
211 41 
205 24 
196 30 
241 44 
372 30 
184 27 
193 27 
181 27 
214 27 
725 27 
351 33 
532 27 
202 30 
182 24 
208 27 
205 24 
561 354 
181 24 
220 33 
217 38 
211 38 
178 30 
187 33 
208 24 
211 30 
208 30 
208 38 
184 30 
220 33 
184 35 
225 27 
208 38 
187 27 
288 38 
187 24 
182 24 
173 24 
170 24 
217 41 
208 44 
211 30 
211 41 
173 30 
205 30 
223 41 
208 33 
184 41 
217 41 
211 30 
184 41 
208 47 
184 30 
205 38 
208 41 
532 30 
211 30 
193 27 
202 41 
181 24 
208 33 
208 30 
208 35 
208 30 
208 27 
205 27 
208 38 
208 38 
214 27 
181 35 
173 33 
211 30 
211 38 
184 27 
276 27 
181 44 
193 24 
714 27 
205 30 
214 38 
214 36 
606 38 
211 30 
294 30 
580 27 
600 33 
713 41 
208 41 
211 27 
208 27 
190 27 
208 38 
220 27 
648 41 
178 36 
208 30 
208 36 
184 33 
214 39 
211 30 
181 44 
220 27 
229 30 
202 30 
208 27 
695 110 
208 27 
211 33 
211 30 
217 30 
211 41 
205 41 
214 30 
214 30 
214 33 
232 35 
297 27 
184 30 
184 30 
184 35 
226 33 
190 27 
485 30 
170 24 
184 30 
181 30 
1084 30 
178 30 
181 33 
621 30 
184 27 
170 30 
208 41 
214 38 
208 30 
268 30 
187 33 
208 27 
208 38 
205 38 
178 32 
170 21 
188 24 
190 48 
193 42 
205 173 
33 181 
193 181 
173 170 
27 181 
21 199 
181 21 
202 50 
175 24 
179 283 
116 609 
24 193 
24 184 
27 562 
27 743 
24 187 
35 181 
27 187 
176 24 
181 24 
217 24 
181 41 
1218 389 
413 24 
173 30 
181 24 
217 38 
184 27 
184 38 
170 27 
173 24 
202 24 
211 24 
202 32 
178 184 
38 211 
24 184 
21 181 
214 211 
184 190 
208 24 
184 38 
208 27 
202 24 
199 30 
184 184 
178 33 
208 27 
184 27 
167 27 
170 30 
208 21 
208 38 
187 32 
208 24 
179 27 
193 21 
173 173 
24 181 
24 184 
21 514 
35 184 
24 336 
21 178 
823 217 
0 0 
0 0 
0 0 
0 0 
0 0 
0 0 
0 0 
0 0 
0 0 
0 0 
0 0 
0 0 
0 0 
0 0 
0 0 
0 0 
0 0 
0 0 
0 0 
0 0 
0 0 
0 0 
0 0 
0 0 
0 0 
0 0 
0 0 
0 0 
0 0 
0 0 
0 0 
0 0 
0 0 
0 0 
0 0 
0 0 
0 0 
0 0 
0 0 
0 0 
0 0 
0 0 
0 0 
0 0 
0 0 
0 0 
0 0 
0 0 
0 0 
0 0 
0 0 
0 0 
0 0 
0 0 
0 0 
0 0 
0 0 
0 0 
0 0 
0 0 
255 184 
173 24 
211 21 
193 24 
205 214 
21 187 
38 220 
170 24 
170 21 
190 24 
363 217 
716 27 
211 27 
181 41 
184 27 
523 27 
238 297 
21 190 
35 184 
41 217 
38 238 
743 50 
0 0 
0 0 
0 0 
0 0 
0 0 
0 0 
0 0 
0 0 
0 0 
0 0 
0 0 
0 0 
0 0 
0 0 
0 0 
0 0 
0 0 
0 0 
0 0 
0 0 
0 0 
0 0 
0 0 
0 0 
0 0 
0 0 
0 0 
0 0 
0 0 
0 0 
0 0 
0 0 
0 0 
0 0 
0 0 
0 0 
0 0 
0 0 
0 0 
0 0 
0 0 
0 0 
0 0 
0 0 
0 0 
0 0 
0 0 
0 0 
0 0 
0 0 
0 0 
0 0 
0 0 
0 0 
0 0 
0 0 
0 0 
0 0 
0 0 
0 0 
0 0 
0 0 
0 0 
0 0 
0 0 
0 0 
0 0 
0 0 
0 0 
0 0 
0 0 
0 0 
0 0 
0 0 
0 0 
0 0 
0 0 
0 0 
0 0 
0 0 
0 0 
0 0 
0 0 
0 0 
0 0 
0 0 
0 0 
0 0 
0 0 
0 0 
0 0 
0 0 
0 0 
0 0 
0 0 
0 0 
0 0 
0 0 
0 0 
0 0 
0 0 
0 0 
0 0 
0 0 
0 0 
0 0 
0 0 
0 0 
0 0 
0 0 
0 0 
0 0 
0 0 
0 0 
0 0 
0 0 
0 0 
0 0 
0 0 
0 0 
0 0 
0 0 
0 0 
0 0 
0 0 
0 0 
0 0 
0 0 
0 0 
0 0 
0 0 
0 0 
0 0 
0 0 
0 0 
0 0 
0 0 
0 0 
0 0 
0 0 
0 0 
0 0 
0 0 
0 0 
0 0 
0 0 
0 0 
0 0 
0 0 
0 0 
0 0 
0 0 
0 0 
0 0 
0 0 
0 0 
0 0 
0 0 
0 0 
0 0 
0 0 
0 0 
0 0 
0 0 
0 0 
0 0 
0 0 
0 0 
0 0 
0 0 
0 0 
0 0 
0 0 
0 0 
0 0 
0 0 
0 0 
0 0 
0 0 
0 0 
0 0 
0 0 
0 0 
0 0 
0 0 
0 0 
0 0 
0 0 
0 0 
0 0 
0 0 
0 0 
0 0 
0 0 
0 0 
0 0 
0 0 
0 0 
0 0 
0 0 
0 0 
0 0 
0 0 
0 0 
0 0 
0 0 
0 0 
0 0 
0 0 
0 0 
0 0 
0 0 
0 0 
0 0 
0 0 
0 0 
0 0 
0 0 
0 0 
0 0 
0 0 
0 0 
0 0 
0 0 
0 0 
0 0 
0 0 
0 0 
0 0 
0 0 
0 0 
0 0 
0 0 
0 0 
0 0 
0 0 
0 0 
0 0 
0 0 
0 0 
0 0 
0 0 
0 0 
0 0 
0 0 
0 0 
0 0 
0 0 
0 0 
0 0 
0 0 
0 0 
0 0 
0 0 
0 0 
0 0 
0 0 
0 0 
0 0 
0 0 
0 0 
0 0 
0 0 
0 0 
0 0 
0 0 
0 0 
0 0 
0 0 
0 0 
0 0 
0 0 
0 0 
0 0 
0 0 
0 0 
0 0 
0 0 
0 0 
0 0 
0 0 
0 0 
0 0 
0 0 
0 0 
0 0 
0 0 
0 0 
0 0 
0 0 
0 0 
0 0 
0 0 
0 0 
0 0 
0 0 
0 0 
0 0 
0 0 
0 0 
0 0 
0 0 
0 0 
0 0 
0 0 
0 0 
0 0 
0 0 
0 0 
0 0 
0 0 
0 0 
0 0 
0 0 
0 0 
0 0 
0 0 
0 0 
0 0 
0 0 
0 0 
0 0 
0 0 
0 0 
0 0 
0 0 
0 0 
0 0 
0 0 
0 0 
0 0 
0 0 
0 0 
0 0 
0 0 
0 0 
0 0 
0 0 
0 0 
0 0 
0 0 
0 0 
0 0 
0 0 
0 0 
0 0 
0 0 
0 0 
0 0 
0 0 
0 0 
0 0 
0 0 
0 0 
0 0 
0 0 
0 0 
0 0 
0 0 
0 0 
0 0 
0 0 
0 0 
0 0 
0 0 
0 0 
0 0 
0 0 
0 0 
0 0 
0 0 
0 0 
0 0 
0 0 
0 0 
0 0 
0 0 
0 0 
0 0 
0 0 
0 0 
0 0 
0 0 
0 0 
0 0 
0 0 
0 0 
0 0 
0 0 
0 0 
0 0 
0 0 
0 0 
0 0 
0 0 
0 0 
0 0 
0 0 
0 0 
0 0 
0 0 
0 0 
0 0 
0 0 
0 0 
0 0 
0 0 
0 0 
0 0 
0 0 
0 0 
0 0 
0 0 
0 0 
0 0 
0 0 
0 0 
0 0 
0 0 
0 0 
0 0 
0 0 
0 0 
0 0 
0 0 
0 0 
0 0 
0 0 
0 0 
0 0 
0 0 
0 0 
0 0 
0 0 
0 0 
0 0 
0 0 
0 0 
0 0 
0 0 
0 0 
0 0 
0 0 
0 0 
0 0 
0 0 
0 0 
0 0 
0 0 
0 0 
0 0 
0 0 
0 0 
0 0 
0 0 
0 0 
0 0 
0 0 
0 0 
0 0 
0 0 
0 0 
0 0 
0 0 
0 0 
0 0 
0 0 
0 0 
0 0 
0 0 
0 0 
0 0 
0 0 
0 0 
0 0 
0 0 
0 0 
0 0 
0 0 
0 0 
0 0 
0 0 
0 0 
0 0 
0 0 
0 0 
0 0 
0 0 
0 0 
0 0 
0 0 
0 0 
0 0 
0 0 
0 0 
0 0 
0 0 
0 0 
0 0 
0 0 
