# ./FR-trace starting at Fri Nov  2 19:05:41 2018
################# CONFIG #################
# slot=4700
# samples=10000
# threshold=100
# idle=500
# pdathreads=0
# nmonitored=2
#   monitor0=./num ybn_mul 0x22ea
#   monitor1=./num ybn_sqr 0x2b7d
# nevicted=0
# npdatargets=0
############## SYSTEM INFO ###############
# mastik_version=0.02
# sysname=Linux
# nodename=ArchLinux
# release=4.18.16-arch1-1-ARCH
# version=#1 SMP PREEMPT Sat Oct 20 22:06:45 UTC 2018
# machine=x86_64
################## DATA ##################
211 45 
190 205 
1397 568 
190 214 
214 202 
267 235 
211 214 
803 232 
205 199 
205 199 
205 199 
294 199 
208 199 
253 199 
217 199 
214 205 
211 208 
226 208 
211 211 
214 205 
505 208 
214 208 
179 214 
214 202 
214 202 
211 208 
193 202 
211 208 
214 202 
217 609 
823 205 
365 205 
211 202 
217 214 
211 205 
900 205 
214 191 
211 205 
211 205 
211 208 
214 202 
211 202 
211 205 
211 205 
214 205 
211 202 
214 205 
208 205 
734 208 
208 208 
211 202 
211 214 
225 202 
211 205 
214 205 
205 196 
202 199 
701 630 
517 196 
208 199 
208 205 
440 211 
211 208 
226 208 
225 208 
217 202 
211 205 
211 208 
211 205 
217 205 
187 208 
211 208 
211 205 
225 205 
214 205 
211 205 
211 205 
211 202 
603 243 
211 205 
211 208 
211 205 
211 205 
211 205 
211 202 
217 199 
220 202 
734 413 
211 205 
683 199 
205 202 
208 199 
535 247 
208 202 
205 202 
211 208 
208 194 
214 208 
211 205 
211 208 
211 211 
211 208 
398 205 
211 205 
217 205 
208 202 
223 205 
211 202 
211 205 
214 202 
211 205 
211 202 
211 205 
211 208 
814 383 
211 205 
211 208 
889 202 
217 191 
208 205 
208 205 
211 205 
205 199 
202 199 
205 199 
205 199 
208 208 
217 202 
181 208 
208 211 
559 202 
199 205 
211 205 
217 306 
214 205 
228 205 
220 202 
208 202 
211 205 
211 205 
211 205 
211 678 
877 194 
360 205 
211 205 
211 208 
214 205 
208 205 
211 205 
211 202 
205 205 
211 205 
208 202 
211 208 
208 211 
461 223 
208 199 
214 208 
862 199 
205 199 
205 199 
208 199 
208 202 
214 199 
208 205 
235 211 
371 785 
193 208 
208 208 
384 395 
214 205 
594 205 
208 205 
211 208 
214 202 
211 202 
214 205 
208 205 
211 205 
208 208 
211 202 
208 205 
211 205 
211 205 
336 205 
211 202 
211 202 
208 205 
214 199 
211 208 
220 211 
205 199 
208 202 
205 188 
208 191 
606 520 
386 223 
288 826 
270 208 
211 205 
234 205 
211 205 
214 205 
214 208 
208 205 
217 205 
208 205 
217 205 
217 205 
208 208 
514 208 
220 205 
544 208 
220 235 
75 229 
211 178 
86 229 
95 243 
220 202 
211 205 
211 199 
211 202 
208 205 
974 918 
208 205 
286 205 
211 205 
83 232 
211 208 
208 205 
208 205 
86 229 
83 92 
214 202 
208 211 
211 214 
211 208 
205 452 
205 199 
205 196 
790 199 
208 196 
205 202 
211 205 
211 208 
208 211 
217 205 
217 205 
217 194 
862 416 
208 205 
211 199 
184 202 
799 205 
211 194 
184 249 
181 202 
184 202 
199 202 
217 205 
187 237 
228 205 
291 268 
211 285 
190 205 
184 202 
276 231 
853 202 
181 199 
187 211 
184 205 
170 214 
238 306 
211 303 
181 208 
963 788 
190 202 
179 211 
167 211 
202 202 
205 232 
208 244 
181 205 
199 199 
187 199 
181 238 
273 232 
179 202 
184 235 
205 202 
214 188 
214 202 
292 595 
170 205 
187 205 
184 211 
176 211 
214 205 
211 211 
211 208 
211 205 
392 199 
222 211 
303 924 
217 208 
214 202 
190 202 
214 205 
211 202 
211 211 
211 199 
208 208 
228 202 
208 202 
211 211 
211 202 
208 208 
211 191 
173 202 
270 238 
217 211 
211 202 
692 202 
208 205 
211 208 
211 205 
211 205 
214 202 
214 205 
199 880 
211 202 
211 202 
208 202 
211 205 
211 208 
434 205 
208 205 
211 185 
208 199 
205 202 
167 188 
205 199 
83 232 
208 199 
208 196 
78 232 
89 226 
83 92 
211 208 
214 202 
892 205 
211 205 
208 205 
211 191 
211 205 
594 363 
211 205 
184 202 
214 208 
208 202 
208 205 
208 208 
211 205 
648 202 
211 202 
222 205 
211 205 
211 202 
211 205 
214 205 
211 205 
211 211 
208 202 
211 205 
217 214 
211 202 
381 191 
205 199 
205 199 
205 199 
208 211 
662 853 
208 199 
211 199 
211 205 
208 211 
238 182 
211 199 
217 208 
208 202 
211 208 
2062 1195 
482 773 
208 208 
214 202 
208 202 
211 205 
211 202 
208 205 
217 205 
208 205 
214 205 
211 205 
211 205 
624 208 
208 191 
211 208 
211 199 
214 208 
211 208 
214 191 
1158 226 
309 205 
205 199 
208 199 
205 199 
208 199 
362 208 
214 205 
214 205 
211 202 
211 202 
217 199 
214 202 
217 205 
211 208 
217 205 
208 211 
217 205 
211 202 
214 205 
214 205 
832 205 
214 205 
211 202 
211 202 
211 191 
809 363 
199 205 
211 202 
211 205 
214 202 
214 202 
220 205 
211 217 
214 208 
217 211 
89 240 
211 214 
461 226 
69 226 
83 80 
80 223 
205 188 
208 208 
211 202 
217 202 
211 205 
238 205 
211 208 
211 205 
214 211 
211 208 
805 300 
208 202 
84 226 
217 211 
92 202 
89 72 
208 214 
217 214 
211 202 
211 205 
781 208 
214 205 
214 208 
211 202 
214 211 
211 208 
211 202 
957 1195 
217 205 
214 191 
211 202 
211 205 
211 202 
511 205 
211 205 
211 208 
211 211 
211 208 
211 205 
621 202 
208 199 
211 211 
173 211 
217 205 
214 214 
208 205 
606 222 
211 208 
205 199 
205 199 
205 199 
202 199 
205 199 
211 199 
208 205 
211 205 
211 205 
217 205 
211 208 
211 205 
214 194 
743 205 
214 202 
208 205 
217 202 
285 380 
214 205 
225 205 
211 202 
217 208 
208 205 
211 202 
214 211 
211 202 
470 205 
217 208 
214 205 
187 205 
211 205 
214 202 
211 202 
211 214 
228 202 
211 205 
220 205 
211 211 
187 211 
238 202 
208 214 
211 205 
214 205 
1753 410 
208 205 
211 205 
214 205 
211 202 
211 205 
208 199 
211 202 
222 205 
214 208 
211 205 
731 211 
217 205 
211 214 
208 205 
205 199 
205 199 
202 199 
205 196 
205 202 
75 226 
208 205 
92 237 
83 229 
83 86 
211 205 
211 422 
211 191 
208 205 
214 199 
214 205 
211 211 
211 205 
214 205 
211 205 
921 583 
217 205 
196 208 
211 208 
910 205 
211 208 
211 205 
211 205 
211 205 
208 205 
208 202 
211 208 
214 202 
211 202 
208 205 
214 202 
182 633 
660 205 
214 191 
214 205 
544 624 
214 214 
0 0 
0 0 
0 0 
0 0 
0 0 
181 205 
205 202 
205 199 
222 208 
184 205 
205 199 
208 202 
291 205 
196 205 
214 256 
205 220 
184 214 
190 217 
211 205 
544 208 
208 202 
211 205 
211 223 
853 199 
229 457 
211 208 
211 205 
211 202 
208 199 
208 205 
211 211 
211 208 
211 205 
763 458 
208 205 
208 205 
173 211 
211 202 
208 202 
211 205 
211 205 
211 208 
220 205 
211 205 
211 205 
214 205 
211 205 
214 205 
211 208 
377 202 
217 205 
211 202 
265 294 
211 199 
211 202 
211 202 
223 199 
211 211 
187 205 
217 202 
214 202 
208 199 
220 196 
1554 1465 
181 199 
205 199 
211 205 
214 208 
214 199 
214 208 
330 407 
228 202 
217 208 
211 202 
211 205 
187 205 
211 205 
541 193 
214 214 
208 205 
208 188 
86 232 
217 202 
214 211 
508 362 
184 205 
225 208 
211 191 
211 202 
211 205 
321 205 
217 208 
208 208 
217 205 
217 205 
211 211 
220 208 
205 188 
205 199 
205 196 
205 199 
208 199 
205 191 
205 199 
342 199 
817 202 
226 202 
211 211 
208 205 
214 202 
208 208 
211 562 
502 208 
211 205 
211 208 
214 202 
211 194 
217 205 
529 205 
208 202 
217 205 
211 202 
222 205 
211 205 
211 208 
211 205 
211 202 
86 75 
208 211 
211 205 
214 211 
288 202 
208 211 
78 95 
205 199 
205 199 
205 199 
202 342 
380 199 
211 199 
205 205 
211 205 
228 199 
217 255 
214 208 
1495 262 
770 208 
217 208 
214 202 
220 208 
208 205 
214 205 
211 205 
211 205 
211 196 
788 562 
217 202 
208 205 
211 208 
508 205 
211 208 
214 205 
211 208 
211 211 
208 211 
208 202 
211 205 
208 208 
291 208 
211 205 
211 205 
211 205 
253 205 
211 205 
222 202 
211 205 
211 205 
214 211 
208 194 
214 211 
173 208 
205 202 
208 199 
205 199 
205 199 
208 188 
211 208 
449 867 
214 202 
214 208 
184 205 
214 202 
211 211 
214 202 
211 205 
244 297 
214 211 
211 208 
211 202 
211 205 
481 202 
208 202 
208 205 
211 205 
208 205 
211 205 
211 205 
211 202 
211 202 
211 208 
211 199 
211 205 
214 205 
214 202 
220 199 
214 208 
205 202 
208 191 
205 199 
208 205 
211 191 
356 597 
243 208 
214 199 
918 832 
187 208 
208 205 
211 205 
666 202 
211 205 
211 205 
86 229 
211 205 
75 232 
211 202 
211 205 
208 202 
211 205 
211 205 
211 208 
211 205 
434 205 
214 205 
211 211 
229 205 
211 208 
327 437 
228 205 
208 199 
205 199 
223 199 
205 199 
205 205 
211 202 
202 199 
208 199 
850 211 
217 211 
211 205 
211 208 
211 199 
240 208 
211 205 
653 455 
211 202 
211 202 
214 202 
211 205 
208 205 
630 208 
208 205 
211 205 
211 205 
208 205 
211 202 
211 205 
211 205 
211 202 
205 208 
181 211 
350 755 
205 199 
416 199 
178 199 
178 199 
208 199 
205 196 
205 205 
205 202 
211 202 
211 208 
211 199 
217 222 
211 208 
208 205 
208 205 
214 202 
847 208 
211 199 
211 205 
211 606 
318 208 
208 202 
220 202 
211 202 
211 205 
211 205 
413 645 
449 205 
214 205 
621 205 
208 208 
214 199 
211 211 
211 205 
193 208 
205 199 
205 196 
205 199 
208 199 
211 205 
211 205 
214 208 
268 199 
214 211 
217 214 
211 208 
217 208 
220 205 
208 205 
220 208 
208 208 
211 205 
250 345 
184 205 
211 205 
208 205 
208 202 
1165 389 
1260 303 
609 202 
211 202 
211 202 
220 205 
208 205 
223 202 
205 202 
208 205 
220 205 
205 199 
178 199 
579 199 
211 191 
208 208 
208 211 
208 202 
214 205 
247 223 
211 205 
211 205 
229 342 
214 205 
214 208 
211 205 
297 208 
211 199 
225 211 
214 205 
208 202 
211 211 
184 202 
214 205 
211 208 
214 199 
214 202 
211 205 
217 211 
214 205 
214 205 
398 262 
300 235 
211 202 
208 202 
208 202 
211 202 
211 205 
211 208 
294 668 
229 214 
211 202 
214 214 
211 208 
532 188 
208 191 
208 196 
194 196 
205 199 
211 205 
214 205 
217 205 
214 202 
208 202 
211 205 
211 202 
208 202 
262 202 
217 205 
217 211 
214 205 
187 234 
214 202 
214 205 
211 211 
1188 383 
214 211 
208 205 
211 205 
208 191 
1141 458 
217 205 
728 208 
208 238 
211 205 
217 205 
173 238 
211 208 
211 205 
211 202 
208 194 
211 202 
211 205 
211 205 
505 633 
86 259 
211 205 
211 202 
211 202 
211 211 
214 202 
211 202 
214 211 
205 199 
1002 354 
205 199 
208 196 
205 202 
208 208 
208 211 
211 208 
214 208 
234 217 
211 202 
211 202 
214 205 
211 222 
214 211 
208 202 
342 261 
214 202 
829 1114 
181 238 
205 214 
211 205 
196 211 
232 202 
208 202 
211 211 
214 223 
181 205 
413 606 
199 202 
205 199 
170 199 
211 199 
173 199 
211 279 
178 205 
205 202 
170 194 
173 199 
205 199 
208 188 
208 191 
205 196 
170 199 
178 202 
205 199 
205 191 
170 315 
167 199 
208 199 
205 199 
181 202 
208 202 
190 199 
1025 431 
187 1774 
187 199 
217 220 
244 252 
199 205 
187 202 
240 208 
208 208 
223 211 
211 211 
270 279 
211 208 
193 241 
268 199 
187 199 
196 199 
270 294 
446 345 
170 285 
262 464 
520 1462 
282 550 
1052 638 
719 707 
832 654 
226 327 
223 232 
4929 428 
0 0 
428 338 
482 764 
517 285 
249 211 
971 549 
1070 425 
241 211 
264 327 
633 689 
0 0 
300 297 
265 585 
217 262 
312 276 
550 413 
182 354 
461 259 
241 354 
651 220 
217 220 
532 270 
101 312 
104 113 
273 211 
217 306 
312 339 
3551 722 
683 324 
199 312 
176 217 
283 368 
342 208 
223 511 
217 303 
86 89 
202 205 
170 205 
184 217 
214 208 
621 202 
265 211 
211 217 
205 188 
208 466 
371 199 
205 188 
876 199 
205 461 
170 333 
205 199 
190 196 
170 196 
208 196 
624 392 
205 199 
205 199 
208 199 
194 196 
205 199 
618 199 
196 199 
208 196 
205 202 
205 199 
205 199 
208 196 
205 196 
170 202 
170 191 
205 202 
208 202 
202 199 
170 191 
205 199 
205 208 
181 211 
181 288 
188 342 
758 202 
336 261 
178 199 
211 225 
217 235 
170 196 
184 199 
211 315 
8174 226 
0 0 
244 268 
179 199 
190 199 
178 202 
246 270 
208 205 
182 199 
202 327 
178 244 
181 202 
214 208 
247 240 
208 270 
181 220 
187 202 
208 196 
205 202 
205 199 
205 199 
208 196 
205 202 
348 576 
205 199 
208 199 
205 199 
306 191 
208 199 
205 196 
80 232 
205 199 
208 199 
194 196 
205 199 
205 199 
205 199 
728 696 
211 196 
205 199 
205 199 
208 196 
790 199 
194 196 
205 202 
205 199 
205 199 
208 196 
205 202 
208 199 
205 199 
205 199 
371 386 
205 188 
208 199 
532 199 
205 199 
205 199 
208 188 
205 199 
205 199 
205 199 
205 199 
208 188 
205 199 
205 199 
205 199 
205 199 
258 199 
205 191 
205 196 
205 199 
208 199 
205 191 
208 188 
178 475 
205 199 
208 199 
205 199 
817 392 
170 191 
205 196 
205 199 
734 191 
194 199 
208 196 
205 199 
205 199 
208 196 
535 348 
208 196 
205 199 
205 199 
208 196 
205 196 
208 196 
482 191 
208 199 
205 199 
208 199 
208 196 
205 202 
205 199 
205 199 
208 196 
205 202 
208 199 
630 556 
205 199 
229 191 
208 188 
205 199 
205 199 
205 199 
205 199 
208 188 
178 600 
205 199 
205 199 
208 199 
205 191 
208 188 
205 199 
205 199 
707 199 
205 196 
208 196 
205 199 
205 199 
205 199 
208 196 
205 199 
208 199 
205 199 
348 247 
205 199 
208 188 
460 199 
205 196 
205 199 
205 199 
208 196 
205 202 
208 199 
205 199 
208 196 
205 196 
208 196 
205 199 
205 199 
196 199 
205 202 
1144 3697 
0 0 
205 196 
205 199 
205 196 
205 202 
208 199 
205 199 
205 199 
615 627 
205 188 
208 199 
205 196 
657 191 
208 199 
205 191 
205 199 
205 199 
205 199 
208 199 
208 191 
208 199 
194 196 
205 199 
205 199 
205 199 
181 431 
208 199 
205 196 
205 199 
208 199 
205 188 
208 199 
205 196 
205 199 
208 199 
214 556 
568 199 
208 199 
205 199 
1934 199 
888 199 
205 202 
205 202 
205 199 
205 199 
208 196 
205 202 
208 199 
205 199 
205 199 
208 196 
208 196 
205 199 
639 199 
205 199 
205 199 
208 188 
205 199 
205 199 
208 199 
205 199 
208 188 
205 199 
357 520 
208 199 
205 199 
362 199 
205 199 
205 199 
205 199 
205 199 
208 199 
208 199 
205 199 
205 199 
431 303 
205 188 
208 191 
205 196 
205 199 
208 199 
853 191 
208 196 
205 202 
205 199 
205 199 
208 196 
205 196 
208 196 
205 199 
205 199 
208 630 
799 199 
208 199 
580 191 
205 199 
205 199 
208 188 
205 199 
194 196 
205 199 
205 199 
205 199 
208 199 
194 196 
205 199 
205 199 
330 191 
208 191 
205 196 
205 199 
285 336 
205 199 
208 191 
205 196 
205 199 
208 199 
205 199 
208 188 
350 303 
538 199 
205 199 
817 199 
205 214 
194 199 
208 196 
205 199 
205 199 
208 196 
208 196 
205 199 
205 199 
205 199 
208 196 
205 199 
541 199 
208 199 
205 199 
205 199 
208 202 
208 199 
205 199 
205 199 
208 196 
205 199 
532 591 
205 413 
205 199 
297 199 
208 196 
208 188 
208 196 
205 199 
205 199 
208 199 
208 196 
205 202 
205 199 
205 199 
208 188 
208 196 
205 202 
205 199 
767 191 
208 196 
205 199 
208 199 
205 199 
205 199 
208 196 
205 199 
208 199 
657 633 
205 199 
205 199 
208 188 
508 191 
208 196 
205 199 
205 199 
208 196 
208 196 
205 199 
69 223 
80 83 
205 196 
205 202 
208 199 
205 199 
244 191 
205 199 
208 199 
194 196 
205 199 
205 199 
205 199 
261 282 
205 188 
205 199 
205 199 
208 199 
356 211 
205 191 
205 196 
737 199 
205 199 
208 188 
208 191 
205 196 
205 199 
208 199 
205 199 
208 188 
205 199 
205 199 
208 199 
205 199 
466 199 
205 196 
205 199 
205 199 
612 264 
205 188 
208 199 
205 196 
205 199 
208 199 
205 191 
398 588 
208 196 
202 199 
205 199 
208 196 
205 202 
208 199 
205 199 
205 199 
208 196 
205 199 
208 199 
205 199 
205 199 
208 196 
205 199 
208 199 
687 191 
208 199 
205 199 
208 188 
205 199 
205 199 
205 199 
205 199 
208 188 
306 425 
208 196 
205 199 
205 199 
425 191 
208 199 
550 588 
205 199 
205 199 
205 199 
208 199 
194 196 
205 199 
205 199 
80 223 
208 196 
205 202 
173 191 
83 226 
912 199 
205 202 
205 202 
208 199 
205 199 
205 199 
205 199 
208 199 
832 597 
170 461 
300 199 
205 188 
208 191 
636 199 
205 199 
205 199 
205 199 
208 199 
194 196 
205 199 
205 199 
496 526 
309 188 
205 196 
205 199 
208 199 
389 199 
205 191 
205 199 
205 199 
205 199 
208 199 
208 191 
208 199 
194 196 
205 199 
205 199 
564 378 
208 196 
205 202 
205 199 
871 191 
208 196 
205 202 
208 199 
205 199 
205 199 
208 196 
205 199 
208 199 
205 199 
205 199 
208 196 
205 199 
589 191 
205 202 
205 199 
208 199 
918 927 
170 202 
208 199 
205 199 
205 199 
208 196 
208 196 
1305 297 
205 199 
348 191 
205 199 
208 188 
205 199 
205 199 
208 199 
205 199 
208 188 
205 199 
205 199 
205 199 
205 199 
208 188 
205 199 
205 199 
835 199 
205 199 
208 199 
208 199 
205 199 
205 199 
205 199 
208 199 
208 199 
592 636 
205 199 
208 199 
205 199 
570 199 
268 707 
303 199 
178 199 
205 196 
205 196 
208 196 
205 199 
205 199 
208 196 
205 196 
208 196 
205 199 
303 199 
205 199 
208 199 
208 196 
205 202 
205 199 
205 199 
208 196 
205 202 
208 199 
470 196 
205 199 
208 199 
205 188 
208 199 
788 191 
205 199 
208 199 
205 188 
208 199 
205 196 
205 199 
208 199 
205 191 
205 199 
651 564 
541 199 
208 199 
517 191 
208 196 
205 199 
205 199 
205 199 
208 196 
208 196 
205 199 
205 199 
241 907 
205 188 
208 191 
205 196 
265 191 
205 199 
205 199 
208 196 
205 202 
208 199 
205 199 
208 196 
205 196 
208 196 
205 199 
205 199 
208 196 
205 196 
208 196 
746 199 
205 199 
208 199 
208 191 
208 199 
194 196 
205 547 
205 199 
677 223 
205 199 
208 199 
205 199 
205 199 
481 199 
205 188 
208 199 
205 196 
205 695 
419 202 
208 188 
205 199 
205 199 
205 199 
205 199 
208 188 
205 199 
238 199 
205 199 
205 199 
208 196 
208 196 
205 199 
205 199 
205 199 
208 196 
205 199 
309 196 
205 199 
205 199 
205 199 
208 196 
699 191 
205 199 
205 199 
205 199 
208 199 
532 285 
205 199 
205 199 
208 196 
205 196 
208 196 
205 199 
205 199 
452 191 
205 188 
208 191 
205 196 
205 199 
208 199 
205 199 
208 188 
205 199 
244 725 
205 199 
205 202 
208 196 
179 191 
205 199 
877 196 
205 199 
208 191 
208 199 
205 199 
205 199 
205 199 
208 188 
205 199 
194 196 
205 199 
205 199 
205 199 
671 199 
696 235 
205 199 
205 199 
208 196 
205 202 
208 199 
205 199 
348 589 
208 199 
208 191 
205 196 
205 199 
398 199 
205 199 
208 188 
205 199 
205 199 
205 199 
205 199 
208 188 
205 199 
185 262 
208 199 
205 199 
208 199 
208 196 
205 202 
877 191 
205 199 
208 196 
205 199 
208 199 
205 199 
205 199 
992 401 
208 199 
194 196 
205 199 
205 199 
205 199 
615 191 
235 294 
205 199 
205 199 
208 199 
208 191 
208 199 
194 196 
205 199 
205 199 
205 199 
208 199 
194 196 
363 191 
80 223 
80 921 
205 202 
208 199 
205 199 
205 199 
208 196 
205 199 
318 232 
208 199 
80 223 
205 199 
208 196 
205 202 
853 199 
205 199 
208 199 
205 191 
208 188 
205 199 
205 199 
208 199 
208 191 
374 651 
205 202 
205 199 
205 199 
588 199 
205 199 
69 226 
83 83 
205 199 
208 199 
205 188 
208 199 
413 205 
205 199 
208 196 
205 199 
208 199 
327 199 
205 199 
205 199 
208 196 
205 202 
208 199 
205 199 
205 199 
208 196 
208 196 
205 199 
205 199 
190 279 
205 188 
208 191 
788 191 
205 199 
208 199 
205 199 
208 188 
205 199 
205 199 
187 1272 
178 199 
208 196 
205 202 
208 199 
205 199 
532 191 
208 188 
208 199 
205 196 
205 199 
208 199 
205 191 
208 188 
205 199 
205 199 
208 199 
205 199 
208 188 
300 191 
208 199 
205 199 
208 196 
205 199 
208 199 
205 199 
205 217 
229 188 
205 199 
194 196 
205 202 
205 199 
205 202 
208 196 
755 199 
194 196 
205 199 
339 265 
205 188 
208 191 
205 196 
205 199 
208 199 
205 199 
208 188 
205 199 
205 199 
499 199 
205 199 
208 191 
205 196 
205 199 
83 226 
208 199 
282 291 
72 223 
205 199 
205 199 
208 196 
205 196 
232 199 
205 199 
205 199 
205 199 
208 199 
208 199 
205 199 
205 196 
205 199 
208 199 
472 294 
671 199 
208 199 
205 199 
428 396 
702 191 
194 199 
208 199 
205 199 
205 199 
208 196 
205 202 
208 199 
205 199 
454 202 
208 199 
208 199 
205 199 
452 191 
205 199 
208 191 
208 199 
194 196 
205 199 
205 199 
205 196 
205 202 
208 199 
205 199 
205 199 
208 196 
211 191 
205 199 
205 199 
208 199 
205 199 
208 188 
205 199 
205 199 
205 199 
728 202 
190 434 
208 199 
205 196 
205 199 
208 199 
677 199 
205 202 
208 199 
205 199 
205 199 
208 196 
205 199 
208 199 
205 199 
205 199 
208 196 
205 199 
208 199 
431 199 
205 199 
205 199 
208 199 
194 196 
205 202 
205 199 
205 202 
208 196 
205 202 
208 199 
205 199 
205 199 
208 196 
208 196 
1186 312 
431 481 
205 199 
208 199 
205 188 
208 199 
205 196 
205 199 
208 897 
356 196 
205 196 
205 199 
208 199 
645 191 
208 199 
208 199 
205 199 
205 199 
205 199 
208 199 
208 199 
205 199 
205 199 
205 199 
208 199 
208 199 
375 191 
205 199 
205 199 
217 399 
407 410 
208 196 
205 199 
205 199 
205 199 
208 199 
194 196 
205 199 
205 199 
205 199 
208 199 
1070 1973 
244 199 
205 199 
205 202 
208 196 
205 202 
208 199 
205 199 
208 199 
205 191 
208 188 
205 199 
205 199 
603 199 
205 199 
205 188 
208 199 
205 196 
205 199 
208 199 
205 188 
208 199 
205 196 
205 199 
208 199 
205 191 
327 199 
208 199 
205 199 
205 199 
208 199 
208 199 
205 199 
205 199 
205 199 
882 306 
208 196 
205 199 
205 199 
205 199 
208 196 
835 191 
208 196 
205 199 
205 199 
205 199 
208 199 
194 196 
205 199 
205 199 
205 199 
208 199 
194 196 
205 202 
565 191 
579 342 
181 199 
208 199 
194 196 
205 199 
205 199 
205 199 
208 199 
194 196 
205 199 
205 199 
205 199 
303 191 
208 199 
205 196 
205 202 
205 199 
208 188 
205 199 
205 199 
1147 199 
205 199 
208 199 
194 196 
205 202 
205 199 
205 202 
796 199 
194 196 
205 202 
205 199 
205 199 
208 196 
205 202 
208 199 
205 199 
205 199 
208 196 
205 199 
208 199 
535 199 
205 199 
205 199 
208 188 
205 199 
205 199 
205 199 
205 199 
208 188 
205 199 
205 199 
205 199 
205 199 
258 199 
279 199 
208 199 
205 199 
205 199 
208 196 
208 196 
205 199 
205 199 
205 199 
208 196 
205 199 
208 199 
205 199 
205 199 
737 191 
194 199 
208 196 
205 199 
205 199 
208 196 
205 196 
208 196 
205 199 
205 199 
208 196 
205 196 
208 196 
482 191 
208 199 
208 252 
205 199 
208 199 
194 196 
205 199 
205 199 
205 199 
573 238 
208 199 
208 199 
205 199 
220 191 
208 188 
205 199 
205 199 
205 199 
205 199 
208 188 
205 199 
205 199 
205 199 
205 199 
208 188 
205 199 
194 196 
205 199 
701 199 
205 196 
208 196 
205 199 
205 199 
205 199 
208 196 
205 199 
208 199 
69 223 
80 226 
205 199 
208 191 
428 199 
205 196 
205 199 
205 199 
371 330 
194 199 
69 226 
205 199 
205 199 
208 199 
208 199 
205 199 
205 199 
193 199 
205 202 
888 199 
208 196 
205 199 
205 199 
208 196 
205 199 
208 199 
205 199 
205 199 
208 196 
80 237 
80 83 
205 199 
654 191 
205 199 
205 191 
205 199 
205 199 
205 199 
208 199 
208 191 
208 199 
194 196 
496 443 
205 199 
208 191 
407 191 
208 199 
205 199 
205 199 
208 196 
205 199 
208 199 
205 199 
205 199 
615 291 
208 188 
205 199 
205 199 
205 199 
205 199 
882 199 
205 202 
205 202 
205 199 
205 202 
208 196 
205 202 
208 199 
205 199 
205 199 
208 196 
208 196 
205 199 
639 199 
205 199 
205 199 
208 188 
205 199 
250 457 
276 202 
205 199 
190 333 
0 0 
0 0 
0 0 
324 268 
876 205 
0 0 
0 0 
0 0 
205 199 
603 425 
170 199 
208 199 
205 199 
205 199 
208 196 
208 196 
208 199 
205 196 
205 199 
838 191 
194 196 
205 202 
205 199 
205 199 
208 196 
208 199 
208 199 
205 199 
205 199 
208 196 
208 188 
208 199 
580 191 
553 876 
205 199 
208 188 
205 517 
199 199 
83 226 
205 199 
208 199 
208 196 
205 202 
205 199 
205 199 
321 191 
205 191 
205 196 
205 199 
208 199 
205 199 
208 188 
205 199 
205 199 
205 199 
205 199 
208 188 
205 199 
205 199 
205 199 
1144 389 
217 381 
205 196 
205 199 
1397 1061 
422 196 
205 199 
194 196 
205 202 
205 199 
205 199 
633 659 
217 336 
538 199 
208 199 
205 199 
205 199 
208 196 
205 202 
205 199 
205 199 
208 196 
205 196 
208 196 
208 199 
205 199 
297 199 
205 191 
208 199 
194 199 
208 199 
205 199 
208 199 
208 196 
205 199 
167 850 
205 199 
208 196 
208 191 
208 196 
205 199 
770 191 
208 196 
208 188 
208 199 
205 196 
208 199 
205 199 
306 225 
205 199 
205 199 
208 199 
205 199 
205 199 
508 191 
208 196 
205 199 
205 199 
208 196 
208 196 
205 199 
205 199 
906 348 
211 196 
205 202 
208 199 
205 199 
244 191 
205 199 
205 199 
194 196 
205 199 
205 199 
205 199 
205 199 
194 196 
205 202 
205 199 
205 202 
205 196 
205 202 
208 199 
719 199 
208 199 
855 205 
208 196 
205 202 
205 199 
205 199 
208 196 
607 440 
205 199 
205 199 
208 199 
205 199 
561 600 
205 196 
205 199 
208 199 
205 199 
208 188 
205 199 
205 199 
205 199 
205 199 
208 188 
205 199 
194 196 
211 199 
205 199 
208 196 
205 202 
208 199 
205 199 
205 199 
208 196 
205 199 
1736 289 
208 199 
205 199 
208 196 
205 199 
208 199 
687 283 
609 333 
208 196 
205 199 
208 199 
205 199 
205 199 
205 199 
205 191 
208 188 
205 199 
205 199 
205 199 
413 191 
208 199 
205 199 
205 199 
208 199 
205 199 
208 188 
208 196 
205 199 
205 199 
624 276 
208 188 
208 199 
208 199 
208 199 
909 199 
205 202 
205 202 
205 199 
205 199 
208 196 
205 196 
208 196 
208 199 
205 199 
633 490 
205 199 
208 196 
651 199 
205 199 
205 199 
205 202 
208 196 
205 202 
205 199 
205 199 
208 196 
309 234 
208 196 
205 199 
205 199 
380 199 
205 191 
205 199 
205 199 
205 199 
205 199 
205 188 
205 199 
247 199 
205 199 
208 199 
208 191 
208 199 
194 196 
205 199 
853 191 
205 196 
205 202 
205 199 
205 199 
205 199 
273 704 
573 199 
194 196 
315 223 
205 199 
205 199 
208 199 
598 191 
205 202 
205 199 
205 199 
208 196 
205 202 
208 199 
205 199 
205 199 
208 196 
208 196 
205 199 
205 199 
333 191 
205 199 
208 188 
205 199 
205 199 
208 199 
205 199 
208 188 
205 199 
205 199 
461 225 
205 199 
194 196 
205 202 
208 199 
823 199 
205 199 
208 199 
208 199 
205 199 
1406 589 
205 199 
208 199 
208 199 
205 199 
205 196 
205 199 
208 199 
576 199 
208 196 
205 199 
205 199 
208 196 
208 199 
208 199 
205 199 
205 199 
273 612 
205 196 
208 196 
205 199 
303 199 
205 199 
208 199 
208 196 
205 202 
205 199 
205 199 
208 196 
205 202 
208 199 
205 199 
205 199 
208 196 
380 526 
194 199 
776 191 
205 199 
431 910 
208 191 
205 196 
205 199 
208 199 
205 199 
208 188 
205 199 
80 83 
434 538 
205 199 
517 191 
208 196 
205 199 
205 199 
205 199 
208 199 
208 199 
205 199 
205 196 
205 199 
208 199 
205 191 
205 199 
265 191 
205 199 
208 196 
205 196 
208 196 
205 199 
205 199 
208 196 
208 199 
208 199 
205 199 
1088 372 
205 199 
208 199 
693 345 
205 196 
205 199 
208 199 
205 191 
208 188 
205 199 
205 199 
208 199 
205 199 
208 188 
205 199 
205 199 
208 199 
490 199 
205 188 
208 199 
205 196 
205 199 
208 199 
208 191 
208 199 
205 199 
205 199 
205 199 
561 496 
306 188 
220 199 
205 199 
205 199 
208 196 
208 196 
208 199 
205 196 
205 199 
208 199 
202 436 
167 199 
205 199 
208 199 
205 199 
208 188 
716 191 
205 199 
208 199 
205 199 
208 199 
194 196 
205 202 
205 199 
205 199 
232 217 
194 196 
205 202 
600 336 
178 199 
205 196 
205 202 
205 199 
205 199 
205 199 
208 196 
205 199 
208 199 
205 199 
205 199 
208 196 
205 199 
173 191 
205 199 
877 196 
205 199 
205 191 
208 199 
357 641 
208 199 
205 199 
208 199 
208 196 
205 202 
205 199 
205 199 
440 211 
205 191 
205 199 
205 199 
208 199 
205 199 
208 188 
205 199 
205 199 
208 199 
205 199 
208 199 
194 196 
205 199 
413 199 
205 199 
208 188 
205 199 
205 199 
205 199 
205 199 
208 188 
205 199 
194 199 
208 199 
178 181 
1174 407 
202 226 
208 199 
181 250 
181 205 
208 199 
170 211 
190 235 
467 1186 
214 202 
214 202 
194 196 
205 202 
205 199 
205 199 
205 199 
621 191 
205 196 
205 199 
205 199 
208 199 
205 199 
194 199 
205 196 
205 199 
205 199 
205 188 
312 568 
170 196 
360 191 
205 202 
208 196 
205 188 
205 196 
205 199 
205 199 
208 199 
205 199 
205 196 
205 199 
681 345 
214 199 
194 196 
208 196 
847 199 
285 348 
208 199 
208 188 
194 196 
208 196 
205 199 
205 199 
205 188 
208 188 
194 196 
208 199 
223 2763 
327 785 
208 196 
205 199 
205 199 
205 199 
205 199 
194 196 
208 196 
205 199 
205 199 
208 199 
205 188 
194 196 
336 199 
205 199 
205 196 
205 188 
205 196 
205 199 
208 199 
208 199 
208 196 
208 199 
205 196 
205 199 
205 199 
674 199 
208 196 
791 191 
205 199 
205 199 
208 196 
490 502 
205 199 
205 196 
208 199 
205 199 
194 196 
208 196 
205 199 
205 199 
547 191 
205 188 
205 196 
205 199 
208 199 
208 199 
208 196 
208 199 
205 196 
205 199 
205 199 
208 199 
1849 1343 
268 191 
205 199 
205 199 
205 188 
208 188 
194 196 
208 199 
205 199 
205 196 
205 188 
205 196 
205 199 
208 199 
639 535 
181 199 
752 199 
205 202 
205 199 
205 199 
205 188 
208 188 
194 196 
208 199 
205 199 
205 196 
205 188 
205 196 
413 392 
496 199 
205 199 
205 199 
205 202 
208 199 
205 285 
205 199 
205 199 
205 202 
208 199 
205 202 
205 199 
208 196 
232 199 
205 196 
205 199 
205 199 
208 199 
205 202 
208 199 
205 199 
205 199 
205 199 
461 582 
208 196 
205 199 
205 199 
205 188 
306 1774 
838 196 
205 199 
205 199 
208 196 
205 188 
205 196 
205 199 
208 199 
208 199 
208 196 
208 199 
205 196 
470 191 
205 199 
208 196 
208 196 
205 199 
205 199 
205 199 
205 199 
194 196 
208 196 
205 199 
205 199 
205 188 
936 773 
826 199 
205 199 
205 199 
208 196 
205 188 
205 196 
470 330 
205 199 
208 196 
205 199 
205 199 
205 199 
205 199 
205 199 
692 199 
208 196 
205 199 
205 199 
205 199 
205 199 
194 196 
208 196 
205 199 
205 199 
205 188 
208 188 
194 345 
684 188 
205 199 
208 196 
205 199 
205 199 
205 199 
205 199 
205 199 
208 196 
208 1058 
205 196 
205 199 
205 199 
211 196 
208 196 
895 191 
205 199 
740 573 
484 199 
208 196 
205 199 
205 199 
205 199 
205 199 
194 196 
208 196 
205 199 
205 199 
651 191 
276 434 
194 199 
205 196 
205 199 
80 226 
80 83 
194 196 
208 196 
205 199 
205 199 
205 188 
208 188 
390 191 
205 199 
205 199 
205 188 
208 188 
194 196 
208 199 
205 199 
205 196 
205 188 
205 196 
205 199 
208 767 
330 199 
194 196 
856 211 
357 270 
205 199 
208 196 
205 188 
205 196 
205 199 
80 83 
205 199 
208 196 
208 196 
205 199 
205 199 
600 199 
208 191 
208 199 
205 202 
205 199 
205 199 
205 188 
208 188 
194 196 
208 199 
205 199 
205 196 
205 188 
324 199 
407 764 
205 199 
205 196 
205 188 
205 196 
205 202 
205 199 
208 199 
205 188 
194 592 
205 529 
205 199 
205 199 
208 196 
800 191 
205 202 
205 199 
205 199 
205 188 
208 188 
194 196 
208 199 
205 199 
1218 808 
208 199 
205 202 
208 199 
553 191 
205 199 
205 199 
205 202 
529 666 
205 199 
205 199 
205 188 
208 188 
194 196 
208 199 
205 199 
205 196 
312 191 
205 196 
205 199 
205 199 
208 199 
205 202 
208 199 
205 199 
205 199 
178 232 
208 199 
205 199 
205 199 
205 202 
208 196 
784 199 
205 202 
208 199 
383 401 
205 199 
205 188 
194 196 
208 196 
205 199 
83 226 
205 199 
194 196 
208 196 
535 199 
205 199 
208 196 
205 188 
205 196 
205 199 
208 199 
208 199 
205 202 
208 199 
205 199 
205 199 
205 199 
276 199 
208 199 
205 202 
279 291 
181 847 
211 199 
205 196 
205 199 
205 199 
205 199 
205 199 
194 196 
208 196 
205 199 
205 199 
728 191 
208 196 
205 199 
205 199 
205 199 
205 199 
194 196 
208 196 
205 199 
205 199 
208 199 
205 188 
194 196 
835 526 
208 199 
208 199 
208 196 
185 303 
208 196 
205 199 
205 199 
205 188 
208 188 
194 196 
208 199 
205 199 
214 191 
208 199 
205 202 
208 199 
205 199 
303 199 
205 199 
205 199 
205 199 
205 199 
205 199 
208 196 
208 196 
205 199 
205 199 
707 199 
208 188 
208 188 
482 208 
205 199 
205 199 
205 196 
205 188 
205 196 
205 199 
205 199 
208 199 
205 202 
434 199 
208 199 
205 199 
208 199 
205 188 
194 196 
208 196 
205 199 
205 196 
205 188 
205 196 
205 199 
208 199 
211 196 
371 306 
208 188 
194 196 
921 1272 
226 188 
205 202 
205 202 
208 199 
205 199 
205 199 
205 199 
194 196 
208 196 
205 199 
657 191 
205 199 
205 188 
194 196 
208 196 
205 199 
205 196 
205 188 
205 196 
205 199 
208 199 
208 199 
208 196 
381 191 
205 199 
669 1254 
187 199 
208 199 
205 202 
208 199 
205 199 
184 199 
208 196 
205 199 
205 199 
205 199 
205 645 
330 188 
187 202 
205 202 
208 199 
205 199 
208 199 
205 188 
194 196 
208 196 
205 199 
205 199 
205 188 
208 188 
194 196 
624 199 
205 199 
205 199 
194 196 
208 196 
205 199 
205 199 
205 188 
208 188 
194 196 
208 199 
425 199 
205 199 
359 199 
205 199 
205 199 
208 199 
208 199 
208 196 
208 199 
205 196 
205 199 
205 199 
261 265 
208 188 
194 196 
208 199 
205 199 
832 191 
205 202 
208 199 
205 199 
205 199 
205 199 
194 196 
208 196 
205 199 
205 199 
398 585 
208 196 
208 196 
583 191 
205 199 
208 199 
208 196 
208 199 
205 196 
205 199 
205 199 
208 199 
205 202 
208 199 
205 199 
205 199 
330 191 
208 188 
194 196 
208 199 
205 199 
205 196 
374 229 
194 199 
205 199 
205 199 
205 199 
790 226 
208 196 
205 199 
208 199 
799 199 
208 199 
205 199 
235 526 
205 199 
208 199 
208 188 
194 196 
208 196 
205 199 
205 199 
205 188 
208 188 
550 199 
205 199 
205 199 
205 196 
205 188 
205 196 
205 199 
208 199 
208 306 
194 199 
437 226 
205 199 
205 199 
291 199 
208 199 
205 202 
208 199 
205 199 
544 256 
205 188 
194 196 
208 196 
205 199 
205 199 
205 188 
208 188 
194 196 
208 199 
767 191 
208 199 
208 191 
205 196 
205 199 
205 199 
205 199 
205 188 
205 202 
205 199 
205 199 
190 431 
205 191 
508 191 
205 199 
205 199 
205 199 
208 188 
208 188 
194 196 
208 199 
205 199 
205 196 
205 188 
205 196 
205 199 
190 481 
205 199 
194 196 
208 196 
205 199 
205 199 
208 199 
205 188 
194 196 
208 196 
205 199 
205 196 
576 288 
205 199 
205 196 
734 199 
83 226 
83 83 
205 202 
208 199 
205 199 
205 199 
205 199 
194 196 
208 196 
306 404 
205 199 
205 199 
446 199 
208 199 
205 199 
205 199 
205 199 
194 196 
208 196 
205 199 
205 199 
208 199 
570 689 
205 199 
205 199 
324 288 
205 199 
208 199 
205 202 
208 199 
69 72 
205 199 
205 191 
208 199 
205 202 
205 199 
205 199 
205 188 
208 188 
194 196 
672 191 
205 199 
205 199 
194 196 
208 196 
205 199 
205 199 
208 199 
205 188 
194 196 
208 196 
416 582 
208 199 
410 191 
205 199 
205 199 
205 199 
205 199 
208 196 
208 196 
205 199 
205 199 
226 332 
208 188 
208 188 
194 196 
208 199 
205 199 
894 199 
194 199 
205 196 
205 199 
205 199 
208 199 
205 188 
194 196 
208 196 
205 199 
374 407 
205 199 
205 199 
633 199 
208 199 
205 199 
205 196 
205 188 
205 196 
205 199 
205 199 
208 199 
205 202 
208 199 
205 199 
205 199 
383 199 
208 188 
194 196 
232 526 
541 442 
208 199 
208 196 
208 199 
205 196 
205 199 
205 199 
208 199 
205 202 
300 208 
345 199 
853 191 
208 196 
205 188 
205 196 
205 199 
80 223 
205 196 
205 188 
205 196 
205 199 
208 199 
208 199 
205 202 
586 191 
205 196 
205 199 
205 196 
205 188 
205 196 
205 199 
208 199 
208 199 
208 196 
208 199 
710 443 
256 199 
330 191 
205 202 
497 654 
488 196 
205 199 
205 199 
205 199 
194 196 
208 196 
205 199 
205 199 
208 196 
205 188 
205 196 
205 199 
832 199 
208 199 
208 188 
194 196 
208 196 
205 199 
205 199 
205 188 
208 188 
194 196 
208 199 
205 199 
205 199 
683 229 
205 196 
205 199 
205 199 
208 199 
205 202 
208 199 
205 199 
205 199 
205 199 
357 630 
211 199 
205 199 
315 199 
208 199 
208 196 
208 199 
205 196 
205 199 
205 199 
208 199 
205 202 
208 199 
205 199 
205 199 
205 199 
687 451 
202 199 
449 630 
181 196 
208 199 
208 208 
205 199 
205 199 
205 199 
205 199 
194 196 
208 196 
205 199 
205 199 
208 199 
511 191 
205 199 
205 196 
205 199 
205 199 
208 199 
205 202 
208 199 
360 395 
181 199 
208 199 
205 202 
208 199 
265 191 
205 199 
653 202 
194 199 
205 196 
205 199 
205 199 
208 199 
205 188 
194 309 
205 199 
205 199 
208 199 
205 188 
194 196 
752 199 
205 199 
205 199 
208 196 
208 196 
205 199 
205 199 
205 199 
205 199 
194 196 
208 196 
205 199 
205 199 
353 395 
208 188 
205 196 
205 199 
208 199 
208 199 
205 202 
208 199 
268 960 
208 199 
208 199 
208 196 
208 199 
220 199 
205 199 
208 199 
208 188 
194 196 
208 196 
205 199 
205 199 
205 188 
208 188 
194 196 
208 199 
205 199 
205 196 
754 728 
687 191 
208 199 
205 199 
205 196 
205 188 
205 196 
205 199 
208 199 
368 285 
205 196 
208 199 
205 196 
205 199 
437 191 
208 191 
208 196 
208 196 
205 199 
205 199 
1022 199 
205 196 
205 199 
205 199 
205 199 
205 199 
194 196 
176 191 
205 199 
912 199 
529 1159 
205 199 
205 199 
205 199 
205 199 
205 199 
208 196 
208 196 
205 199 
205 199 
208 199 
205 188 
654 199 
208 196 
205 199 
205 199 
205 188 
208 188 
194 196 
208 199 
205 199 
205 196 
205 188 
205 196 
205 199 
416 199 
419 211 
258 1171 
482 188 
205 199 
208 199 
205 199 
208 196 
208 196 
205 199 
205 199 
208 199 
205 188 
194 196 
208 196 
871 191 
205 199 
205 191 
208 199 
205 202 
205 199 
205 199 
205 188 
208 188 
194 196 
208 199 
205 199 
205 196 
1432 356 
194 196 
208 196 
205 199 
205 196 
205 188 
205 196 
205 199 
208 199 
208 199 
208 196 
208 550 
170 205 
351 191 
205 202 
208 196 
205 188 
205 196 
205 199 
205 199 
208 199 
205 202 
208 199 
274 199 
208 199 
205 199 
194 196 
208 196 
847 1102 
657 196 
205 199 
208 196 
208 199 
205 196 
205 199 
205 199 
208 199 
205 202 
208 199 
205 199 
205 199 
594 199 
208 191 
205 199 
205 199 
205 199 
208 196 
205 188 
205 256 
208 556 
205 199 
208 196 
205 188 
205 196 
318 199 
205 199 
291 315 
178 199 
208 196 
205 199 
205 199 
208 199 
205 188 
194 196 
208 196 
83 226 
80 83 
205 199 
194 196 
800 191 
205 199 
205 199 
208 196 
205 188 
205 196 
205 199 
208 199 
208 199 
205 202 
208 196 
205 199 
208 199 
487 490 
609 199 
205 199 
205 196 
205 199 
205 199 
208 567 
181 264 
208 196 
205 199 
205 199 
205 188 
208 188 
286 191 
205 196 
208 199 
205 199 
194 196 
208 196 
205 199 
205 199 
208 199 
205 188 
194 196 
208 196 
205 199 
205 196 
276 1275 
173 191 
205 199 
208 199 
208 199 
208 196 
170 532 
205 202 
205 199 
205 199 
205 188 
208 188 
194 196 
208 199 
511 199 
205 199 
205 199 
205 202 
241 419 
205 199 
208 199 
205 188 
194 196 
208 196 
205 199 
205 196 
205 188 
220 199 
205 196 
345 971 
205 199 
205 188 
194 196 
208 196 
205 199 
208 199 
205 199 
194 196 
208 196 
205 199 
205 199 
80 234 
702 191 
208 196 
205 199 
205 199 
208 199 
205 188 
194 196 
208 196 
205 199 
205 196 
205 188 
205 196 
205 199 
496 951 
627 793 
208 188 
194 196 
208 196 
205 199 
205 199 
205 188 
208 188 
194 196 
208 199 
205 199 
205 199 
205 191 
205 199 
205 199 
205 199 
208 196 
205 188 
205 196 
205 199 
208 199 
208 199 
208 196 
208 199 
205 196 
205 199 
918 199 
680 199 
208 196 
205 199 
205 199 
205 199 
205 199 
194 196 
208 196 
205 199 
550 803 
208 188 
208 188 
194 196 
416 199 
205 199 
208 196 
205 188 
205 196 
862 199 
205 199 
208 199 
205 188 
194 196 
208 196 
205 199 
205 199 
205 188 
208 188 
574 639 
205 199 
208 199 
205 199 
194 196 
208 196 
205 199 
205 199 
205 188 
208 188 
194 196 
208 199 
205 199 
630 191 
208 188 
205 196 
205 199 
208 199 
208 199 
398 199 
205 199 
205 196 
205 199 
205 199 
208 199 
205 202 
378 191 
205 199 
205 199 
419 648 
205 191 
205 199 
205 199 
205 199 
208 196 
205 188 
205 196 
205 199 
208 199 
208 199 
205 202 
850 199 
205 199 
208 199 
208 199 
208 196 
208 199 
205 196 
205 199 
205 199 
208 199 
205 199 
205 196 
205 199 
597 606 
422 199 
867 232 
205 199 
208 199 
205 199 
205 196 
205 188 
205 196 
205 199 
208 199 
208 199 
205 202 
330 199 
205 199 
208 199 
205 199 
208 196 
208 196 
205 199 
205 199 
208 199 
205 188 
194 196 
208 196 
205 199 
178 196 
208 199 
829 191 
330 276 
205 199 
205 199 
208 199 
205 202 
208 199 
205 199 
205 199 
205 199 
194 196 
208 196 
271 815 
550 191 
205 199 
205 199 
205 202 
208 199 
205 199 
208 199 
205 188 
194 196 
208 196 
205 199 
12795 249 
0 0 
0 0 
654 258 
181 241 
187 205 
217 289 
699 214 
69 229 
208 199 
208 199 
208 199 
205 199 
208 199 
205 199 
205 199 
205 199 
790 199 
194 196 
205 202 
205 199 
205 199 
208 199 
205 202 
289 615 
205 199 
205 199 
208 199 
205 199 
208 199 
535 199 
205 199 
205 199 
208 188 
1292 324 
205 199 
205 199 
205 199 
208 188 
205 199 
205 199 
205 199 
205 199 
258 199 
205 191 
205 196 
205 199 
208 199 
205 191 
208 188 
205 199 
205 199 
208 199 
205 199 
208 188 
205 199 
205 199 
208 199 
749 191 
194 199 
630 841 
167 208 
205 199 
208 199 
205 191 
205 199 
205 199 
205 199 
814 199 
205 199 
208 196 
482 191 
208 199 
205 199 
208 199 
208 199 
205 202 
205 199 
205 199 
208 199 
205 202 
208 199 
205 199 
205 199 
217 191 
208 188 
205 199 
1328 342 
208 199 
205 199 
208 199 
205 202 
208 199 
205 199 
208 199 
205 199 
208 196 
205 199 
193 199 
811 199 
208 199 
208 199 
205 199 
205 196 
205 199 
208 199 
205 188 
208 199 
205 196 
205 199 
208 199 
205 188 
434 199 
205 196 
205 199 
900 425 
205 188 
208 199 
205 196 
205 199 
208 199 
205 191 
208 188 
205 199 
205 199 
187 199 
205 202 
888 199 
208 196 
205 199 
205 199 
208 199 
205 199 
208 199 
205 199 
229 633 
80 835 
80 83 
208 199 
205 196 
657 191 
205 199 
205 191 
645 674 
205 199 
205 199 
208 199 
208 191 
208 199 
194 199 
205 199 
205 199 
205 199 
407 191 
208 199 
205 199 
205 199 
208 199 
205 199 
208 199 
351 199 
205 199 
205 202 
208 199 
205 202 
208 199 
205 199 
208 199 
894 199 
205 202 
208 199 
467 309 
205 199 
208 199 
208 199 
205 199 
282 250 
208 199 
208 199 
208 196 
205 199 
639 199 
205 199 
205 199 
208 188 
205 199 
205 199 
208 199 
205 199 
208 188 
205 199 
205 199 
205 199 
205 199 
362 199 
205 199 
205 199 
205 199 
205 199 
190 285 
208 199 
194 199 
205 199 
205 199 
205 199 
208 199 
194 199 
205 199 
205 199 
850 191 
208 196 
205 202 
291 336 
205 199 
208 199 
205 188 
208 199 
205 196 
205 199 
208 199 
205 191 
69 226 
574 191 
205 199 
205 199 
208 188 
585 695 
170 188 
205 199 
205 199 
208 199 
208 196 
205 199 
205 199 
205 199 
321 191 
208 191 
205 196 
205 199 
208 199 
205 199 
208 188 
205 199 
205 199 
205 199 
205 199 
208 188 
255 199 
205 196 
205 199 
502 386 
728 188 
208 196 
205 202 
205 199 
205 199 
365 196 
208 199 
194 199 
205 199 
205 199 
205 199 
208 199 
550 199 
208 199 
205 199 
205 199 
208 199 
205 202 
208 199 
205 199 
208 199 
205 199 
208 196 
205 199 
205 199 
276 199 
205 191 
208 199 
194 199 
205 199 
205 1037 
178 199 
208 191 
205 196 
205 199 
208 199 
205 199 
202 191 
205 199 
205 199 
758 191 
208 196 
205 199 
208 199 
205 199 
205 199 
208 199 
205 188 
208 199 
205 196 
205 199 
208 199 
205 191 
491 191 
205 196 
208 199 
205 199 
205 199 
208 196 
710 309 
205 199 
205 199 
208 199 
205 202 
208 199 
205 199 
235 191 
208 196 
205 199 
208 199 
205 199 
205 199 
208 199 
312 188 
208 199 
205 199 
205 199 
205 199 
208 191 
208 199 
194 199 
731 199 
205 199 
208 188 
208 191 
205 196 
1210 366 
2175 199 
208 199 
205 199 
194 199 
205 199 
205 199 
205 199 
463 199 
205 196 
205 199 
205 199 
208 199 
205 199 
208 196 
205 199 
205 199 
208 199 
205 199 
208 196 
205 199 
229 398 
205 199 
205 191 
208 188 
205 199 
205 199 
208 199 
205 199 
208 188 
398 392 
208 199 
205 199 
205 199 
208 199 
205 202 
693 191 
208 199 
205 199 
208 188 
205 199 
205 199 
205 199 
205 199 
208 188 
205 199 
194 199 
205 199 
205 199 
434 191 
208 199 
205 199 
205 196 
205 199 
208 199 
205 188 
404 348 
205 196 
205 199 
208 199 
205 188 
238 339 
173 191 
205 199 
900 199 
205 202 
205 202 
208 199 
205 199 
208 199 
205 199 
208 196 
205 199 
205 199 
205 199 
208 199 
208 196 
642 199 
205 199 
205 199 
205 199 
208 199 
194 199 
205 199 
247 258 
205 199 
208 188 
205 199 
205 199 
205 199 
389 199 
205 191 
205 199 
580 592 
208 199 
205 199 
208 199 
208 199 
205 202 
205 199 
273 199 
205 199 
208 199 
194 199 
205 199 
853 191 
208 196 
205 202 
208 199 
205 199 
205 199 
208 199 
386 359 
178 202 
205 199 
208 199 
205 199 
208 188 
612 191 
205 202 
205 199 
205 202 
208 199 
205 202 
208 199 
205 199 
205 199 
208 199 
208 196 
205 199 
205 199 
348 191 
205 199 
208 188 
205 199 
205 199 
267 196 
205 199 
208 188 
205 199 
924 805 
205 199 
205 199 
208 199 
194 199 
205 202 
829 199 
205 199 
208 199 
208 199 
205 202 
205 199 
205 199 
208 199 
205 202 
208 199 
205 199 
205 199 
208 199 
579 199 
208 196 
205 199 
205 199 
208 199 
205 199 
208 196 
431 428 
205 199 
208 199 
205 191 
205 199 
205 199 
318 199 
205 199 
208 199 
208 199 
794 505 
205 199 
205 199 
208 199 
208 199 
205 199 
205 196 
205 199 
208 199 
636 387 
194 199 
776 191 
205 199 
83 83 
208 188 
208 199 
205 196 
205 199 
208 838 
208 188 
208 199 
205 196 
205 199 
208 199 
517 191 
208 196 
205 199 
205 199 
205 199 
208 199 
208 196 
205 199 
205 199 
205 199 
208 199 
205 199 
208 199 
271 191 
205 199 
205 199 
208 199 
205 202 
69 110 
80 83 
208 199 
208 199 
458 386 
176 199 
205 199 
208 199 
208 191 
208 199 
758 199 
205 199 
208 199 
208 191 
208 199 
194 199 
205 199 
205 199 
205 199 
208 199 
194 199 
205 199 
205 199 
490 199 
205 188 
208 199 
205 196 
205 199 
208 199 
205 191 
752 639 
205 199 
205 199 
208 199 
208 191 
615 292 
238 199 
205 199 
205 199 
208 199 
208 196 
205 199 
205 199 
205 199 
208 199 
205 199 
208 199 
205 199 
205 199 
208 199 
205 199 
693 191 
205 199 
205 199 
205 199 
208 188 
205 199 
205 199 
1091 461 
389 279 
205 199 
208 199 
205 199 
205 199 
449 191 
205 188 
208 191 
205 196 
205 199 
208 199 
359 1418 
208 196 
205 202 
205 199 
205 199 
208 199 
205 199 
176 191 
205 199 
877 199 
205 199 
208 191 
208 199 
205 199 
205 199 
80 1227 
686 199 
208 196 
205 199 
205 199 
205 199 
208 199 
648 199 
205 202 
205 199 
205 199 
208 199 
205 202 
208 199 
205 199 
205 199 
208 199 
205 199 
208 199 
205 199 
404 199 
841 879 
208 191 
208 199 
205 199 
205 199 
205 199 
208 188 
555 695 
312 196 
205 199 
205 199 
208 199 
208 199 
205 202 
877 191 
205 202 
208 188 
208 191 
205 196 
205 199 
208 199 
205 199 
208 188 
205 199 
205 199 
205 199 
205 199 
618 191 
205 202 
208 199 
205 199 
208 199 
205 199 
571 261 
208 199 
205 199 
205 199 
208 199 
208 199 
205 199 
303 247 
324 353 
208 199 
208 199 
205 202 
205 199 
205 199 
208 199 
205 199 
208 196 
205 199 
205 199 
208 199 
205 199 
208 196 
850 199 
205 199 
208 199 
205 191 
208 722 
580 199 
205 199 
205 199 
208 199 
208 199 
205 199 
205 196 
205 199 
582 199 
205 199 
208 199 
205 199 
205 199 
208 199 
205 199 
208 199 
256 297 
181 196 
205 199 
208 199 
194 199 
339 199 
205 199 
205 199 
208 199 
205 202 
208 199 
226 1254 
208 199 
205 191 
208 188 
205 199 
205 199 
208 199 
205 199 
208 188 
820 191 
205 199 
208 199 
205 199 
208 188 
205 199 
205 199 
205 199 
205 199 
208 188 
205 199 
205 199 
205 199 
541 191 
208 188 
208 199 
205 196 
407 1563 
1771 267 
205 191 
208 188 
205 199 
205 199 
208 199 
181 199 
205 191 
268 191 
208 199 
205 199 
208 199 
205 199 
208 199 
205 199 
205 199 
208 199 
205 199 
208 199 
205 199 
205 199 
205 199 
208 199 
749 199 
194 196 
205 199 
205 199 
190 395 
181 202 
208 202 
184 205 
214 205 
193 202 
184 202 
211 202 
181 202 
208 199 
237 291 
458 324 
214 205 
170 202 
187 199 
187 205 
211 208 
211 249 
187 205 
214 222 
181 214 
333 294 
173 202 
449 223 
217 202 
211 205 
208 202 
211 202 
746 668 
502 240 
184 205 
228 205 
211 202 
211 199 
211 194 
184 205 
173 205 
211 208 
214 231 
214 211 
211 208 
211 208 
211 217 
229 202 
214 211 
211 202 
208 223 
196 496 
187 202 
184 208 
452 208 
214 214 
211 205 
211 208 
214 205 
214 205 
202 618 
208 194 
214 211 
217 202 
232 211 
205 225 
173 208 
176 205 
214 202 
208 202 
217 1254 
214 205 
211 208 
179 235 
211 205 
214 194 
211 321 
208 205 
208 205 
211 208 
202 202 
211 202 
214 202 
190 211 
211 205 
217 202 
214 194 
339 558 
291 300 
211 252 
217 205 
208 208 
187 208 
176 348 
235 205 
419 205 
184 208 
184 214 
205 202 
176 214 
214 211 
214 205 
234 208 
211 202 
214 208 
223 194 
214 208 
211 208 
211 205 
211 205 
892 208 
214 202 
211 226 
214 205 
404 624 
187 205 
211 202 
214 211 
211 208 
211 208 
211 205 
208 205 
214 205 
630 217 
211 205 
220 205 
190 232 
288 267 
205 309 
170 211 
265 268 
476 422 
181 202 
547 191 
270 246 
223 241 
464 277 
211 249 
199 202 
460 205 
176 205 
211 205 
170 669 
214 202 
181 208 
214 208 
199 235 
306 205 
211 205 
83 205 
89 78 
196 211 
517 214 
232 238 
211 208 
184 191 
187 202 
176 205 
888 205 
92 208 
188 205 
176 446 
176 217 
187 205 
193 205 
205 235 
253 223 
211 211 
517 452 
675 202 
222 205 
184 252 
173 205 
211 205 
184 205 
211 208 
208 205 
211 199 
86 238 
86 89 
187 202 
191 211 
170 205 
184 208 
434 205 
184 205 
184 222 
208 199 
850 205 
214 234 
234 205 
205 199 
190 205 
167 205 
214 205 
261 223 
211 220 
199 211 
211 208 
184 205 
187 208 
208 208 
231 244 
220 205 
214 205 
556 1721 
211 208 
187 294 
731 208 
211 199 
196 205 
208 205 
187 208 
217 238 
190 303 
211 208 
184 194 
208 202 
173 214 
211 199 
187 208 
282 202 
517 901 
179 205 
184 208 
187 208 
187 208 
184 208 
205 208 
211 202 
211 202 
184 205 
190 208 
173 205 
297 211 
217 211 
187 205 
217 235 
214 205 
208 208 
211 243 
270 692 
220 687 
199 205 
211 333 
184 235 
187 238 
196 223 
666 1123 
184 205 
214 202 
187 228 
184 205 
196 205 
211 208 
211 214 
190 208 
591 208 
211 205 
267 205 
214 202 
193 205 
187 205 
89 205 
173 205 
211 205 
211 205 
193 208 
211 205 
222 211 
211 205 
214 205 
214 241 
184 249 
181 270 
1046 1144 
232 202 
220 205 
211 208 
214 217 
277 1115 
612 202 
184 220 
196 205 
190 205 
173 205 
547 211 
193 208 
184 208 
184 202 
211 205 
187 199 
214 202 
184 205 
211 205 
176 205 
190 202 
217 249 
211 205 
502 208 
208 208 
173 205 
434 671 
187 205 
184 208 
193 208 
217 205 
214 208 
211 202 
336 205 
211 202 
223 205 
187 211 
173 208 
211 214 
184 205 
437 692 
220 208 
187 205 
193 205 
211 208 
187 222 
244 220 
237 205 
202 217 
217 235 
243 285 
223 246 
1061 639 
253 241 
223 235 
437 1501 
808 229 
262 223 
208 283 
234 264 
178 199 
211 202 
173 205 
211 202 
190 208 
187 202 
173 208 
170 205 
187 205 
217 208 
184 205 
211 205 
211 202 
181 205 
184 205 
214 202 
187 205 
173 205 
695 202 
187 238 
217 202 
252 413 
211 205 
214 205 
214 208 
276 321 
211 205 
208 202 
223 205 
214 205 
208 202 
241 205 
214 205 
580 211 
217 208 
211 208 
208 191 
208 217 
193 205 
211 211 
211 208 
184 211 
187 202 
214 208 
184 214 
211 208 
790 205 
211 214 
217 505 
214 205 
211 211 
211 188 
208 205 
179 202 
211 211 
214 205 
211 205 
208 205 
211 205 
176 202 
214 205 
645 488 
439 226 
181 208 
176 205 
211 205 
190 205 
181 211 
214 211 
211 208 
211 208 
211 205 
449 205 
208 205 
345 235 
508 309 
214 202 
187 205 
181 202 
419 594 
184 214 
190 214 
196 217 
211 202 
184 211 
559 194 
211 205 
211 205 
208 222 
181 208 
880 205 
184 238 
187 220 
190 208 
211 205 
225 205 
211 208 
208 208 
211 205 
190 570 
184 208 
202 202 
187 202 
214 2226 
187 671 
226 208 
214 202 
214 205 
211 211 
211 211 
214 205 
211 205 
211 205 
211 205 
211 205 
312 205 
217 202 
214 202 
184 208 
208 205 
187 205 
176 211 
214 202 
214 208 
211 202 
211 202 
211 202 
211 202 
211 205 
214 211 
190 288 
214 202 
211 208 
214 202 
214 205 
184 202 
211 205 
214 205 
270 526 
211 191 
214 202 
184 194 
176 205 
529 208 
217 211 
214 208 
184 194 
211 208 
214 208 
214 205 
217 199 
217 208 
211 205 
208 205 
211 202 
211 205 
270 208 
188 327 
217 205 
211 202 
211 205 
208 202 
214 208 
211 205 
211 202 
214 205 
300 514 
466 205 
217 208 
261 223 
211 205 
743 205 
211 208 
211 202 
211 214 
737 746 
211 199 
211 211 
214 205 
217 202 
211 202 
211 208 
211 205 
208 205 
464 211 
330 338 
214 205 
211 205 
211 205 
214 202 
217 208 
214 205 
208 211 
214 208 
211 205 
211 214 
214 205 
888 211 
208 199 
214 208 
214 202 
217 249 
208 205 
214 205 
211 208 
220 202 
214 211 
214 208 
217 205 
217 202 
220 202 
1355 704 
187 371 
211 208 
211 214 
223 205 
214 208 
214 211 
211 202 
214 208 
214 208 
214 208 
211 208 
217 199 
214 205 
419 205 
214 211 
211 191 
211 202 
211 205 
176 211 
184 205 
208 208 
208 194 
86 237 
86 95 
211 205 
1501 205 
193 202 
214 205 
901 208 
214 202 
211 205 
211 205 
211 191 
211 202 
214 211 
835 351 
211 205 
282 202 
211 202 
211 202 
173 202 
663 235 
211 202 
211 205 
211 199 
199 205 
202 214 
832 211 
187 202 
211 202 
211 211 
86 226 
83 89 
214 205 
879 220 
211 202 
211 211 
211 205 
211 205 
211 205 
211 208 
211 199 
214 205 
211 205 
208 205 
211 205 
211 205 
211 205 
208 205 
900 205 
211 199 
211 205 
208 202 
208 205 
184 205 
472 434 
217 205 
199 220 
220 202 
211 214 
211 205 
1290 333 
633 208 
211 194 
211 208 
181 191 
211 208 
184 205 
214 205 
208 208 
184 202 
256 211 
214 208 
211 205 
211 208 
380 205 
211 205 
214 202 
214 208 
199 205 
523 208 
211 205 
187 211 
259 273 
214 235 
187 205 
380 211 
170 315 
187 253 
229 231 
835 205 
211 202 
176 300 
294 205 
743 223 
217 211 
231 199 
173 205 
550 205 
214 194 
187 208 
211 208 
187 205 
173 211 
247 289 
211 202 
208 205 
211 205 
220 229 
223 211 
208 211 
208 211 
214 211 
211 202 
211 205 
208 205 
83 583 
211 208 
211 205 
211 208 
211 208 
211 205 
211 208 
211 211 
211 208 
214 208 
211 205 
211 205 
211 205 
211 205 
493 315 
802 194 
211 202 
208 202 
208 208 
211 208 
211 202 
208 202 
228 205 
211 208 
211 208 
211 202 
211 205 
229 588 
173 202 
217 202 
208 202 
208 205 
214 205 
208 205 
211 208 
220 205 
208 208 
217 205 
211 211 
211 205 
190 205 
217 223 
222 241 
214 247 
181 244 
832 264 
187 237 
173 214 
184 202 
214 214 
217 208 
612 734 
603 202 
190 205 
173 205 
241 202 
782 202 
211 205 
208 202 
187 208 
184 211 
214 208 
193 205 
173 211 
211 205 
184 208 
184 202 
211 202 
184 205 
214 208 
187 205 
181 205 
256 336 
184 205 
184 194 
211 208 
217 205 
211 202 
214 205 
184 205 
176 205 
211 208 
327 594 
199 252 
190 205 
199 208 
556 205 
184 205 
184 205 
211 202 
211 205 
381 205 
211 202 
217 238 
208 202 
173 205 
173 220 
731 208 
184 208 
196 194 
214 205 
208 205 
232 249 
217 252 
184 202 
214 202 
176 208 
211 282 
214 249 
226 428 
187 194 
225 208 
176 205 
184 208 
214 205 
211 205 
211 205 
211 202 
184 205 
208 205 
211 205 
211 208 
211 428 
211 205 
211 205 
187 211 
187 208 
568 488 
211 208 
208 205 
208 217 
220 229 
214 220 
244 232 
226 205 
291 226 
262 241 
205 508 
648 241 
235 270 
220 214 
211 208 
211 208 
217 205 
211 208 
208 205 
211 205 
211 211 
211 202 
211 205 
211 211 
407 205 
222 205 
211 205 
208 205 
208 205 
208 211 
208 660 
173 663 
220 208 
211 208 
214 208 
214 199 
214 205 
211 208 
211 211 
356 247 
214 208 
211 202 
196 582 
211 211 
208 208 
211 205 
211 205 
211 202 
211 205 
217 205 
211 202 
211 202 
642 208 
211 214 
211 205 
208 208 
211 208 
214 205 
211 208 
211 202 
214 205 
214 205 
217 208 
431 211 
181 202 
395 205 
217 505 
208 205 
211 202 
214 205 
211 202 
208 205 
211 205 
211 208 
211 205 
208 208 
217 211 
208 205 
740 208 
211 205 
859 205 
208 205 
211 205 
211 208 
211 205 
208 202 
208 208 
211 205 
211 208 
547 211 
211 211 
184 208 
214 205 
586 205 
306 380 
211 208 
211 199 
211 205 
208 205 
176 220 
208 205 
214 205 
214 211 
214 205 
211 205 
173 208 
330 208 
211 205 
211 205 
211 205 
211 205 
211 205 
211 205 
214 202 
1673 472 
776 202 
214 205 
211 208 
211 208 
214 211 
384 728 
847 205 
529 416 
214 205 
208 205 
214 211 
211 205 
208 205 
211 202 
208 208 
211 202 
211 205 
211 205 
208 202 
553 202 
228 202 
217 205 
214 205 
211 217 
208 208 
173 202 
214 205 
190 205 
184 205 
211 205 
214 202 
217 202 
214 205 
211 202 
347 205 
225 208 
217 211 
211 205 
208 205 
214 205 
211 211 
214 208 
211 208 
208 202 
184 208 
211 208 
214 208 
788 202 
211 205 
211 202 
211 205 
211 211 
214 211 
217 205 
211 202 
208 205 
214 205 
211 205 
211 205 
214 205 
526 208 
675 565 
214 208 
211 202 
92 232 
86 86 
229 217 
217 205 
214 202 
208 199 
214 202 
214 208 
211 205 
256 205 
217 205 
214 205 
211 205 
214 205 
214 202 
211 202 
211 202 
264 282 
217 205 
214 211 
217 211 
214 205 
211 208 
214 205 
1138 449 
306 255 
211 199 
211 208 
211 202 
211 202 
621 327 
208 208 
211 208 
234 205 
211 208 
211 208 
217 225 
490 205 
220 220 
211 202 
214 202 
214 208 
211 191 
211 211 
211 217 
220 205 
211 205 
208 231 
211 205 
211 208 
193 252 
211 205 
1022 481 
0 0 
0 0 
0 0 
0 0 
398 285 
193 243 
211 208 
211 205 
211 205 
211 205 
211 191 
225 202 
690 211 
214 211 
211 208 
211 205 
220 202 
208 202 
211 205 
214 211 
187 241 
214 208 
187 243 
190 205 
184 202 
184 199 
211 205 
1153 1661 
289 202 
167 208 
214 205 
217 214 
211 211 
262 205 
211 208 
217 202 
170 202 
104 202 
179 211 
229 702 
175 202 
208 199 
205 199 
205 191 
208 199 
205 199 
205 199 
205 199 
208 188 
205 199 
194 199 
205 199 
205 199 
698 199 
205 202 
170 372 
208 199 
205 199 
208 199 
205 199 
208 199 
205 199 
205 199 
208 199 
205 199 
208 199 
431 199 
404 250 
208 199 
205 191 
205 199 
205 199 
205 199 
208 199 
208 191 
208 199 
194 199 
205 199 
279 716 
208 191 
208 199 
874 199 
208 199 
600 428 
205 196 
205 202 
208 199 
205 199 
205 199 
208 199 
205 199 
208 199 
205 199 
205 199 
633 191 
208 199 
208 199 
205 199 
205 199 
205 199 
208 199 
208 199 
205 199 
205 199 
205 202 
205 191 
208 188 
404 191 
205 199 
214 600 
493 199 
205 202 
208 199 
205 199 
205 199 
208 199 
205 199 
208 199 
229 303 
181 199 
205 196 
205 199 
853 199 
205 199 
205 199 
208 199 
208 191 
208 199 
194 199 
205 199 
205 199 
205 199 
208 199 
194 199 
205 199 
597 199 
347 425 
194 196 
205 202 
205 199 
205 199 
208 199 
205 199 
208 196 
205 199 
205 199 
208 199 
205 199 
336 199 
205 199 
205 199 
208 199 
205 199 
208 196 
746 232 
464 265 
208 199 
205 191 
208 188 
205 199 
205 199 
208 199 
187 624 
823 191 
208 196 
205 199 
205 199 
205 199 
208 199 
194 199 
205 199 
205 199 
205 199 
208 199 
194 199 
205 202 
565 191 
208 199 
208 191 
208 199 
194 199 
205 199 
205 199 
205 199 
208 202 
208 199 
205 199 
205 199 
561 378 
692 199 
208 199 
205 199 
205 199 
208 377 
240 416 
208 199 
205 199 
205 199 
205 199 
208 199 
194 199 
205 202 
205 199 
205 202 
796 199 
194 196 
205 202 
205 199 
205 199 
208 199 
205 202 
208 199 
205 199 
205 199 
208 199 
205 199 
208 199 
535 199 
205 199 
900 199 
205 188 
208 199 
205 196 
205 199 
208 199 
205 191 
205 199 
205 199 
205 199 
208 199 
529 262 
208 199 
205 199 
205 199 
205 199 
208 199 
208 199 
205 199 
205 196 
205 199 
208 199 
205 188 
208 199 
205 196 
205 199 
734 191 
194 199 
226 389 
205 199 
205 199 
208 199 
205 191 
205 199 
205 199 
1462 199 
208 199 
208 191 
208 199 
494 191 
208 199 
205 199 
208 199 
208 199 
205 202 
205 199 
205 199 
208 199 
205 202 
259 713 
205 196 
205 199 
214 191 
208 188 
205 199 
205 199 
205 199 
582 395 
208 199 
194 199 
205 202 
205 199 
205 202 
208 199 
205 202 
208 199 
205 199 
716 199 
205 196 
208 196 
205 199 
205 199 
205 199 
208 199 
205 199 
208 199 
205 199 
205 199 
208 199 
205 199 
437 199 
205 196 
205 199 
692 428 
208 188 
205 199 
205 199 
205 199 
196 205 
187 202 
208 199 
205 202 
205 199 
199 199 
205 202 
888 199 
208 199 
205 199 
205 199 
208 199 
205 199 
208 199 
205 199 
205 199 
208 199 
205 199 
208 199 
205 199 
660 191 
208 199 
879 1088 
208 199 
205 202 
205 199 
205 202 
208 199 
205 202 
208 199 
205 199 
205 199 
208 199 
384 191 
229 208 
205 196 
80 226 
80 226 
341 817 
205 196 
205 199 
208 199 
205 199 
208 188 
205 199 
205 199 
205 199 
205 199 
882 199 
205 202 
205 202 
666 595 
205 199 
205 191 
208 188 
205 199 
205 199 
208 199 
208 191 
208 199 
194 199 
627 199 
205 199 
205 199 
208 188 
205 199 
80 83 
205 199 
208 199 
208 191 
205 196 
205 199 
208 199 
205 199 
362 199 
910 529 
205 196 
205 199 
208 199 
205 191 
829 428 
205 199 
205 199 
205 199 
208 199 
208 199 
205 199 
205 196 
205 199 
838 191 
208 196 
205 202 
205 199 
205 199 
208 199 
205 199 
208 196 
205 199 
205 199 
208 199 
205 199 
208 196 
586 191 
205 199 
205 199 
208 188 
903 389 
194 199 
205 199 
205 199 
205 199 
208 199 
194 199 
205 199 
282 196 
312 191 
208 191 
205 196 
205 199 
208 199 
205 199 
208 188 
205 199 
205 199 
205 199 
205 199 
208 188 
205 199 
208 318 
645 199 
808 199 
205 196 
205 202 
208 199 
205 199 
184 588 
205 199 
208 199 
194 199 
205 199 
205 199 
205 199 
208 199 
550 199 
208 199 
205 199 
205 199 
208 199 
205 202 
208 199 
80 226 
309 330 
208 199 
208 199 
205 199 
205 199 
297 199 
205 191 
208 199 
194 199 
205 199 
205 199 
205 199 
208 199 
194 1305 
232 199 
208 199 
205 199 
208 188 
205 199 
205 199 
755 191 
208 196 
205 199 
208 199 
205 199 
205 199 
208 199 
205 199 
208 199 
205 199 
205 303 
208 199 
205 191 
514 191 
208 196 
205 199 
205 199 
261 850 
208 199 
205 199 
205 196 
975 188 
380 199 
208 188 
205 199 
205 199 
235 191 
205 199 
208 199 
194 196 
205 199 
205 199 
205 199 
205 199 
205 199 
208 199 
205 199 
205 202 
205 188 
208 196 
208 199 
716 199 
205 199 
208 188 
208 191 
205 202 
205 199 
309 633 
205 199 
208 188 
205 199 
205 199 
707 214 
205 199 
463 199 
205 196 
437 199 
205 199 
205 199 
208 199 
205 202 
208 199 
205 199 
208 199 
205 199 
208 196 
205 199 
199 199 
205 199 
208 199 
205 202 
208 199 
205 199 
205 199 
208 199 
205 199 
217 398 
211 196 
205 199 
208 199 
205 188 
208 199 
684 191 
208 199 
205 199 
208 188 
205 199 
205 199 
205 199 
205 199 
208 188 
205 199 
194 199 
948 199 
208 199 
413 191 
208 199 
205 199 
205 196 
205 199 
208 199 
205 188 
208 199 
205 196 
523 686 
205 199 
205 199 
208 199 
211 199 
208 199 
909 199 
205 202 
205 202 
208 199 
205 199 
208 199 
205 199 
208 196 
205 199 
205 199 
205 199 
208 199 
208 196 
642 199 
205 199 
205 199 
205 199 
208 199 
194 196 
354 493 
669 654 
208 199 
208 199 
205 202 
208 199 
205 199 
380 199 
205 191 
205 199 
205 199 
205 199 
208 199 
1652 576 
170 191 
205 199 
205 199 
208 199 
205 191 
208 188 
205 199 
205 199 
859 191 
208 196 
205 202 
208 199 
205 199 
205 199 
386 853 
208 188 
208 199 
205 196 
205 199 
208 199 
205 191 
583 191 
205 196 
208 199 
1224 199 
208 199 
205 202 
208 199 
205 199 
205 199 
208 199 
208 199 
205 199 
205 199 
339 191 
205 199 
208 188 
205 199 
205 199 
208 199 
205 199 
208 188 
205 199 
205 199 
309 199 
205 199 
208 191 
208 199 
205 199 
835 199 
205 199 
208 199 
208 199 
205 199 
205 199 
205 199 
208 199 
208 199 
205 199 
205 196 
330 609 
208 196 
579 199 
208 196 
205 199 
205 199 
208 199 
205 199 
208 196 
205 199 
205 199 
371 410 
205 196 
205 199 
205 199 
318 199 
205 199 
208 199 
208 199 
205 202 
205 199 
205 199 
208 199 
205 202 
208 199 
205 199 
205 199 
208 199 
205 199 
208 199 
791 336 
707 199 
205 196 
205 199 
208 199 
205 199 
205 199 
181 668 
208 191 
208 199 
205 199 
1052 651 
205 199 
526 191 
208 196 
205 199 
205 199 
205 199 
208 199 
208 199 
205 199 
205 196 
205 199 
208 199 
205 188 
208 199 
268 191 
205 199 
205 199 
208 199 
205 202 
208 199 
205 199 
208 199 
205 188 
208 199 
205 196 
395 1001 
205 199 
208 199 
208 199 
743 199 
205 199 
208 199 
208 191 
208 199 
194 199 
1685 199 
181 199 
205 199 
208 199 
205 202 
80 333 
83 226 
493 199 
205 188 
208 199 
205 196 
205 199 
208 199 
205 191 
205 199 
205 199 
205 199 
208 199 
208 191 
517 372 
235 199 
205 199 
205 199 
208 199 
208 196 
205 199 
205 199 
205 199 
208 199 
205 199 
208 199 
205 199 
205 199 
208 199 
80 237 
80 83 
214 1524 
205 199 
208 199 
205 199 
208 199 
205 199 
205 199 
205 199 
208 199 
208 199 
205 199 
743 202 
446 191 
205 188 
208 191 
268 431 
178 202 
205 199 
205 199 
208 199 
194 199 
205 199 
205 199 
205 199 
208 199 
182 191 
205 199 
877 199 
205 199 
208 191 
208 199 
205 199 
205 199 
205 199 
208 188 
205 199 
194 199 
205 199 
419 202 
205 454 
654 199 
205 202 
205 199 
205 199 
208 199 
205 202 
208 199 
205 199 
205 199 
208 199 
205 199 
208 199 
205 199 
404 199 
205 199 
208 188 
205 199 
205 199 
205 199 
205 199 
208 188 
205 199 
194 199 
205 199 
223 442 
763 196 
205 199 
194 199 
883 191 
205 199 
208 199 
205 199 
208 199 
205 199 
205 199 
208 199 
205 199 
699 289 
205 199 
208 199 
205 199 
618 191 
205 202 
69 226 
205 199 
208 199 
205 191 
208 188 
205 199 
205 199 
208 199 
252 276 
247 199 
208 199 
363 191 
205 199 
205 199 
410 348 
208 196 
205 199 
205 199 
208 199 
205 199 
208 196 
205 199 
205 199 
208 199 
205 199 
208 196 
850 199 
205 199 
208 199 
205 191 
936 289 
205 199 
205 199 
208 199 
205 191 
208 188 
205 199 
309 600 
205 199 
579 199 
205 199 
208 199 
205 199 
205 199 
208 199 
205 199 
208 199 
205 199 
205 199 
208 199 
205 199 
208 199 
327 199 
205 199 
205 199 
208 199 
205 202 
208 199 
205 199 
205 199 
208 188 
208 191 
205 196 
452 428 
208 199 
205 199 
208 188 
820 191 
205 199 
208 639 
187 603 
205 188 
208 199 
205 196 
205 199 
208 199 
208 188 
205 199 
205 199 
205 199 
541 191 
208 188 
208 199 
205 196 
205 199 
208 199 
205 191 
208 188 
205 199 
205 199 
208 199 
410 775 
181 199 
271 191 
208 199 
205 199 
208 199 
205 199 
208 199 
205 199 
205 199 
208 199 
205 199 
211 767 
173 199 
205 199 
205 202 
469 577 
755 199 
194 196 
205 199 
205 199 
205 199 
208 199 
194 199 
205 199 
205 199 
205 199 
208 199 
194 199 
205 199 
473 199 
205 196 
205 199 
208 199 
205 199 
205 199 
208 199 
205 199 
208 199 
205 199 
205 199 
205 199 
208 199 
229 199 
205 199 
205 199 
205 199 
208 199 
208 199 
205 199 
205 199 
208 199 
345 541 
208 196 
205 202 
205 199 
205 199 
306 1367 
731 191 
194 199 
208 199 
205 199 
205 199 
208 199 
205 202 
208 199 
205 199 
208 199 
205 199 
208 196 
205 199 
455 191 
205 199 
208 191 
208 199 
194 199 
205 199 
205 199 
205 199 
208 199 
194 199 
205 199 
205 199 
609 683 
199 191 
205 199 
205 199 
208 199 
205 199 
208 188 
205 199 
205 199 
291 951 
208 199 
208 199 
205 202 
208 199 
205 199 
205 199 
689 199 
205 202 
208 199 
205 199 
205 199 
243 339 
208 188 
205 199 
205 199 
208 199 
205 199 
208 188 
205 199 
348 472 
205 199 
208 199 
205 199 
208 196 
205 199 
205 199 
208 199 
205 199 
208 196 
205 199 
205 199 
205 199 
208 199 
208 196 
898 191 
205 196 
220 395 
208 196 
205 199 
208 199 
205 199 
205 199 
208 199 
205 199 
208 199 
205 199 
205 199 
258 627 
205 196 
205 202 
208 199 
205 199 
208 199 
205 199 
208 196 
205 199 
205 199 
205 199 
208 199 
208 196 
378 191 
205 199 
205 199 
208 199 
205 202 
208 199 
205 199 
205 199 
208 199 
205 199 
208 199 
205 199 
205 199 
181 466 
413 790 
879 199 
205 199 
205 199 
208 199 
208 191 
208 199 
194 199 
205 199 
205 199 
205 199 
208 199 
194 196 
205 199 
597 199 
205 199 
205 188 
208 199 
205 196 
559 1385 
208 199 
208 199 
205 202 
208 199 
205 199 
208 199 
205 199 
574 279 
208 196 
205 199 
205 199 
208 199 
205 202 
208 199 
205 199 
205 199 
208 199 
452 333 
208 196 
205 199 
205 199 
205 199 
823 191 
208 196 
205 199 
205 199 
205 199 
83 237 
69 72 
208 199 
205 199 
208 199 
205 199 
208 199 
205 199 
315 267 
205 199 
208 188 
205 199 
194 199 
205 199 
205 199 
205 199 
208 199 
194 199 
205 199 
205 199 
205 199 
303 191 
208 199 
205 196 
205 199 
208 199 
740 357 
205 199 
205 199 
208 199 
205 199 
208 188 
205 199 
205 199 
205 199 
273 199 
793 199 
194 196 
205 202 
205 199 
205 199 
208 199 
205 202 
208 199 
205 199 
205 199 
208 199 
205 199 
208 199 
535 199 
205 199 
205 199 
208 188 
205 199 
205 199 
205 199 
205 199 
208 188 
205 199 
1055 199 
205 199 
208 199 
261 199 
436 550 
208 196 
205 199 
205 199 
208 199 
208 196 
205 199 
217 360 
208 199 
208 199 
205 202 
208 199 
205 199 
205 199 
737 191 
194 199 
208 196 
205 199 
205 199 
208 199 
205 199 
208 196 
69 226 
205 199 
208 199 
208 191 
208 199 
494 191 
241 680 
205 199 
208 199 
208 196 
205 199 
205 199 
205 199 
208 199 
205 199 
208 199 
205 199 
205 199 
217 191 
208 188 
205 199 
205 199 
205 199 
205 199 
543 378 
208 196 
205 199 
205 199 
208 199 
205 199 
208 196 
205 199 
205 199 
716 199 
205 196 
226 229 
208 199 
205 196 
205 199 
208 199 
205 188 
208 199 
205 196 
205 199 
208 199 
205 188 
434 199 
205 196 
205 199 
205 199 
208 199 
205 202 
208 199 
205 199 
208 199 
208 191 
208 199 
194 199 
205 199 
181 199 
205 202 
781 365 
238 392 
205 196 
205 199 
698 276 
365 321 
205 196 
205 199 
208 199 
205 199 
208 188 
205 199 
205 199 
675 191 
208 199 
205 191 
205 199 
205 199 
205 199 
208 199 
208 191 
208 199 
194 199 
205 199 
205 199 
205 199 
407 191 
208 199 
205 199 
196 514 
205 199 
208 188 
205 199 
205 199 
208 199 
205 199 
208 188 
205 199 
205 199 
205 199 
502 392 
876 199 
205 202 
205 202 
205 199 
205 202 
208 199 
205 202 
208 199 
205 199 
205 199 
208 199 
208 196 
205 199 
639 199 
205 199 
205 199 
208 188 
205 199 
404 199 
205 199 
208 199 
205 199 
208 196 
205 199 
205 199 
208 199 
374 199 
205 199 
205 199 
205 199 
205 199 
208 199 
208 199 
205 199 
205 199 
205 199 
208 199 
208 199 
205 199 
205 196 
205 199 
838 191 
222 482 
205 202 
205 199 
205 199 
1090 398 
208 199 
208 199 
205 199 
205 199 
208 199 
205 199 
208 199 
583 191 
205 199 
205 199 
208 188 
205 199 
194 199 
205 199 
205 199 
205 199 
208 199 
194 199 
205 199 
205 199 
330 191 
208 191 
205 196 
205 199 
208 199 
487 288 
205 188 
208 199 
205 196 
205 199 
208 199 
205 191 
205 199 
205 199 
205 199 
811 199 
205 196 
170 570 
205 196 
205 199 
208 199 
205 191 
208 188 
205 199 
205 199 
208 199 
205 199 
208 188 
564 199 
208 199 
205 199 
205 199 
208 199 
205 202 
387 306 
208 199 
208 199 
205 199 
208 196 
205 199 
205 199 
276 199 
205 191 
208 199 
194 199 
205 199 
205 199 
205 199 
208 199 
194 199 
205 199 
205 199 
205 199 
208 199 
194 280 
663 205 
755 191 
208 196 
205 199 
208 199 
205 199 
205 199 
1554 668 
214 199 
205 202 
208 199 
205 199 
208 199 
205 199 
488 191 
208 196 
205 199 
205 199 
208 199 
208 196 
205 199 
205 199 
205 199 
205 199 
208 199 
194 196 
205 199 
253 191 
205 199 
208 199 
194 199 
205 199 
205 199 
264 701 
208 191 
208 199 
205 199 
205 199 
205 199 
208 188 
205 199 
194 199 
731 199 
511 909 
205 191 
205 202 
205 199 
208 199 
208 199 
205 196 
208 191 
205 202 
205 199 
205 199 
208 199 
478 199 
205 196 
205 199 
208 199 
205 199 
208 199 
205 202 
235 820 
205 199 
208 199 
208 191 
208 199 
194 199 
211 199 
205 199 
208 199 
205 202 
208 199 
205 199 
205 199 
208 199 
205 199 
208 199 
205 199 
205 199 
208 1046 
80 202 
69 72 
693 191 
208 199 
205 202 
208 199 
205 202 
208 199 
205 199 
208 199 
205 199 
208 375 
208 199 
205 199 
205 199 
425 191 
208 199 
205 199 
205 196 
205 199 
208 199 
205 188 
208 199 
205 196 
205 199 
208 199 
205 188 
208 199 
208 199 
208 199 
909 199 
205 202 
205 202 
208 199 
205 199 
208 199 
205 199 
366 1735 
886 395 
588 196 
205 199 
208 188 
208 191 
636 199 
205 199 
205 199 
205 199 
208 199 
194 199 
205 199 
205 199 
205 199 
208 199 
194 199 
205 199 
205 199 
386 199 
205 191 
205 199 
205 199 
205 199 
208 199 
208 191 
208 199 
482 404 
208 199 
205 199 
208 199 
208 199 
205 202 
205 199 
871 191 
208 196 
205 202 
208 199 
205 199 
205 199 
297 199 
208 191 
205 196 
205 199 
208 199 
205 199 
208 188 
612 191 
72 226 
205 199 
205 199 
208 199 
208 199 
205 199 
205 199 
205 199 
258 250 
205 202 
194 199 
205 196 
345 191 
205 199 
208 188 
205 199 
205 199 
208 199 
205 199 
208 188 
205 199 
205 199 
205 199 
205 199 
208 188 
205 199 
205 199 
835 199 
205 199 
413 353 
217 199 
205 202 
205 199 
205 199 
208 199 
170 199 
250 199 
205 199 
205 199 
205 199 
564 199 
208 196 
205 199 
205 199 
208 199 
205 199 
208 196 
205 199 
205 199 
208 199 
205 199 
208 196 
205 199 
303 199 
205 199 
208 199 
208 199 
205 202 
205 199 
205 199 
208 199 
582 431 
205 202 
205 199 
205 199 
208 199 
205 202 
208 199 
957 778 
309 199 
205 199 
208 188 
205 199 
205 199 
205 199 
205 199 
208 188 
205 199 
205 199 
205 199 
205 199 
514 191 
208 196 
205 199 
205 199 
205 199 
208 199 
208 196 
452 389 
205 458 
294 199 
208 199 
208 199 
205 202 
253 191 
205 199 
205 199 
208 199 
205 202 
208 199 
205 199 
208 199 
205 199 
514 1094 
205 199 
205 199 
208 199 
205 191 
208 188 
737 199 
205 199 
208 199 
208 191 
208 199 
194 199 
205 199 
205 199 
689 517 
205 191 
205 196 
205 199 
208 199 
493 199 
205 188 
208 199 
205 196 
205 199 
208 199 
205 191 
205 199 
205 199 
205 199 
208 199 
208 191 
208 199 
238 199 
205 199 
205 199 
208 199 
208 196 
731 615 
205 199 
208 199 
205 199 
805 285 
205 202 
205 199 
205 199 
208 199 
205 199 
696 191 
205 199 
205 199 
205 199 
208 188 
205 199 
205 199 
205 199 
205 199 
208 188 
205 199 
194 199 
205 199 
437 191 
205 188 
208 191 
205 196 
205 199 
208 199 
205 199 
624 838 
205 202 
205 199 
205 199 
208 582 
383 199 
196 191 
205 199 
877 199 
205 199 
487 793 
194 199 
173 208 
0 0 
0 0 
0 0 
0 0 
0 0 
0 0 
205 199 
80 234 
654 199 
205 202 
205 199 
205 199 
205 196 
205 202 
208 199 
205 199 
205 327 
205 196 
205 196 
208 199 
205 199 
407 199 
205 199 
208 188 
205 196 
205 199 
208 199 
205 199 
208 199 
194 196 
205 202 
205 199 
205 199 
279 392 
865 199 
194 196 
883 191 
205 199 
205 196 
208 188 
208 199 
205 196 
205 199 
273 372 
208 191 
205 196 
205 199 
202 199 
205 199 
621 191 
205 202 
208 199 
205 199 
202 199 
205 196 
208 199 
205 199 
205 199 
202 199 
205 196 
208 199 
205 199 
375 191 
205 199 
205 199 
208 196 
194 196 
205 199 
205 199 
514 413 
1390 199 
205 199 
205 199 
205 199 
205 196 
205 196 
211 199 
844 199 
205 199 
205 199 
205 191 
208 188 
205 199 
202 199 
205 199 
208 191 
208 196 
194 196 
205 199 
205 199 
594 199 
205 199 
208 199 
205 199 
205 199 
205 196 
208 188 
413 199 
205 199 
205 199 
205 199 
205 196 
205 202 
333 199 
205 199 
205 199 
205 196 
211 199 
205 199 
205 199 
202 199 
205 196 
208 199 
205 199 
205 199 
205 199 
205 196 
208 188 
794 191 
205 199 
205 199 
205 199 
208 188 
205 196 
190 375 
208 199 
205 199 
208 196 
194 196 
205 202 
205 199 
80 356 
205 188 
205 196 
194 196 
205 199 
205 199 
205 199 
208 196 
194 196 
205 199 
205 199 
205 199 
208 196 
167 246 
80 223 
205 199 
205 196 
205 196 
208 199 
205 199 
288 874 
205 199 
208 191 
208 196 
205 199 
208 199 
205 199 
208 199 
758 199 
69 72 
202 199 
279 297 
181 199 
205 196 
194 196 
205 199 
205 199 
205 199 
208 196 
194 196 
205 199 
517 199 
205 199 
208 191 
205 196 
205 199 
202 199 
386 389 
208 199 
208 199 
205 199 
205 199 
796 785 
208 188 
226 199 
205 199 
205 199 
205 199 
205 191 
208 188 
205 196 
205 199 
205 199 
205 199 
208 188 
205 196 
205 199 
205 199 
205 199 
722 191 
194 199 
208 199 
205 199 
205 199 
205 196 
289 595 
205 196 
205 199 
205 199 
205 191 
208 188 
205 199 
467 191 
205 199 
208 191 
208 196 
194 196 
205 199 
205 199 
223 188 
208 191 
205 196 
205 199 
205 199 
205 199 
202 191 
205 199 
205 199 
202 199 
205 199 
208 191 
208 196 
523 508 
205 606 
205 199 
205 188 
208 199 
205 196 
205 199 
205 199 
677 199 
205 202 
208 199 
69 226 
208 199 
205 199 
208 188 
205 196 
205 199 
196 573 
205 196 
205 196 
208 199 
434 199 
205 199 
205 199 
208 196 
194 196 
205 202 
217 1138 
205 199 
205 191 
609 196 
205 196 
205 199 
205 199 
205 191 
208 188 
205 196 
205 199 
205 199 
205 199 
208 188 
205 196 
205 199 
205 199 
205 199 
208 188 
205 196 
205 199 
208 199 
642 191 
208 199 
208 199 
205 199 
205 199 
202 199 
205 199 
428 419 
202 202 
205 199 
205 199 
205 196 
205 202 
381 191 
205 199 
205 199 
588 199 
205 188 
208 199 
205 196 
205 199 
205 199 
205 191 
205 199 
205 199 
202 199 
205 199 
208 191 
879 199 
205 199 
202 199 
205 199 
208 191 
208 196 
321 829 
532 199 
205 199 
208 199 
194 196 
205 202 
205 199 
615 199 
205 199 
205 188 
208 199 
205 196 
205 199 
205 199 
205 191 
205 199 
205 199 
202 199 
683 199 
205 196 
336 199 
205 199 
205 199 
202 199 
205 196 
208 199 
794 535 
205 199 
205 199 
564 205 
205 188 
205 196 
205 199 
205 199 
205 199 
826 191 
208 196 
205 199 
205 199 
205 199 
208 196 
194 196 
205 199 
205 199 
205 199 
208 196 
194 196 
205 202 
565 191 
208 199 
208 191 
208 196 
194 196 
205 199 
205 199 
594 523 
202 202 
208 199 
205 199 
205 199 
1123 199 
567 199 
205 196 
205 199 
205 199 
205 199 
208 188 
205 196 
205 199 
202 199 
205 199 
208 188 
205 196 
205 199 
208 199 
205 199 
799 199 
194 196 
205 202 
205 199 
205 199 
205 196 
330 431 
484 199 
208 199 
205 199 
205 199 
194 196 
205 202 
517 199 
205 199 
205 199 
208 188 
205 196 
205 199 
208 199 
318 392 
208 199 
208 199 
205 199 
205 199 
202 199 
267 199 
205 191 
205 196 
205 199 
205 199 
205 191 
208 188 
205 196 
324 199 
205 199 
205 196 
208 188 
330 1260 
205 199 
205 199 
749 191 
194 199 
208 199 
205 199 
205 199 
205 196 
205 196 
208 199 
205 199 
205 199 
202 199 
205 196 
208 199 
482 191 
208 199 
205 199 
208 199 
247 205 
871 199 
205 199 
205 199 
205 196 
294 374 
194 196 
205 199 
205 199 
226 191 
208 188 
205 196 
205 199 
208 199 
205 199 
208 196 
194 196 
205 202 
205 199 
205 202 
205 196 
205 202 
208 199 
205 199 
713 199 
205 196 
208 199 
205 199 
205 199 
205 199 
205 196 
181 615 
173 196 
208 199 
205 199 
205 199 
194 196 
443 199 
205 199 
704 300 
178 199 
205 196 
208 199 
205 199 
205 199 
202 199 
205 196 
208 199 
205 199 
205 199 
193 199 
205 202 
874 199 
205 199 
205 199 
205 199 
205 196 
208 188 
1103 467 
366 199 
208 199 
205 199 
208 188 
205 196 
205 199 
226 362 
639 196 
208 188 
205 196 
205 199 
208 199 
205 199 
208 199 
194 196 
205 202 
205 199 
205 199 
205 196 
387 191 
208 199 
193 470 
205 199 
205 196 
208 188 
208 199 
205 196 
205 199 
205 199 
205 191 
773 431 
205 196 
205 199 
205 199 
885 199 
205 199 
205 202 
205 199 
205 202 
205 196 
205 202 
208 199 
80 83 
205 202 
205 196 
205 202 
208 199 
639 199 
205 199 
205 199 
208 188 
205 196 
205 199 
205 199 
205 199 
208 188 
234 597 
494 384 
300 199 
205 199 
377 199 
205 199 
205 199 
205 199 
202 199 
205 199 
208 199 
205 199 
205 199 
202 199 
205 199 
208 199 
205 199 
205 196 
205 199 
835 191 
208 196 
205 202 
205 199 
205 199 
205 196 
205 196 
208 199 
526 544 
603 199 
205 202 
205 196 
205 202 
589 191 
205 199 
205 199 
208 188 
264 199 
191 199 
208 199 
205 199 
208 199 
194 196 
205 202 
205 199 
205 199 
321 191 
208 191 
205 196 
205 199 
205 199 
205 199 
208 188 
205 196 
205 199 
208 199 
1070 1165 
558 199 
208 199 
205 199 
205 199 
817 199 
205 196 
205 202 
208 199 
205 199 
202 199 
205 196 
208 199 
205 199 
205 199 
80 226 
205 199 
526 185 
538 199 
208 199 
205 199 
205 199 
194 196 
205 202 
208 199 
205 199 
205 196 
291 211 
167 199 
202 199 
202 199 
288 199 
205 191 
208 196 
194 196 
205 199 
205 199 
205 199 
208 196 
194 196 
205 199 
205 199 
205 199 
208 196 
194 196 
205 199 
773 191 
208 196 
208 188 
208 199 
205 196 
205 199 
205 199 
689 799 
205 196 
205 199 
208 199 
205 199 
419 196 
508 191 
208 199 
205 199 
205 199 
205 196 
208 199 
205 199 
330 529 
205 199 
205 199 
205 188 
208 199 
205 196 
241 191 
205 199 
208 196 
194 196 
205 191 
205 199 
205 202 
205 196 
205 202 
208 199 
752 1215 
202 199 
205 199 
208 199 
205 199 
716 199 
205 199 
205 188 
208 191 
205 196 
205 199 
205 199 
205 315 
442 508 
205 199 
205 199 
205 199 
208 196 
466 199 
205 196 
205 199 
205 199 
205 199 
205 196 
205 196 
205 199 
202 199 
205 199 
365 315 
205 202 
208 199 
214 199 
205 199 
205 196 
205 202 
208 199 
205 199 
205 199 
205 196 
208 188 
208 199 
205 196 
205 199 
205 199 
205 191 
205 199 
681 191 
208 199 
205 199 
208 188 
326 262 
202 196 
205 199 
205 199 
205 191 
208 188 
921 927 
835 199 
205 199 
431 191 
208 199 
205 199 
205 196 
205 199 
205 199 
205 188 
208 199 
205 196 
205 199 
205 199 
205 191 
205 199 
205 199 
202 199 
434 199 
208 199 
208 199 
205 199 
205 199 
202 199 
205 199 
208 199 
205 199 
205 199 
250 205 
205 188 
208 191 
636 199 
205 199 
205 199 
407 226 
205 188 
208 199 
205 196 
205 199 
205 199 
205 191 
205 199 
205 199 
202 199 
392 199 
205 191 
205 199 
205 199 
202 199 
205 199 
208 191 
208 196 
194 196 
205 199 
205 199 
342 425 
208 188 
205 196 
205 199 
856 191 
208 196 
205 202 
208 199 
205 199 
205 199 
205 196 
208 188 
208 199 
205 196 
205 199 
389 235 
205 188 
612 191 
205 202 
205 199 
205 202 
205 196 
205 202 
208 199 
205 199 
202 199 
205 196 
782 398 
428 199 
205 199 
333 191 
205 199 
208 196 
194 196 
205 199 
205 199 
205 199 
208 196 
205 199 
208 199 
205 199 
205 199 
205 196 
205 202 
208 199 
823 199 
205 199 
205 199 
208 199 
205 199 
205 199 
202 199 
1194 241 
205 196 
194 196 
428 199 
416 199 
205 196 
547 199 
208 199 
205 199 
205 199 
205 196 
205 196 
208 199 
205 199 
205 199 
205 196 
205 196 
208 199 
205 199 
303 199 
205 199 
208 199 
194 196 
205 202 
205 199 
205 199 
205 196 
205 202 
208 199 
205 199 
181 811 
208 199 
194 196 
205 202 
773 191 
205 199 
205 199 
194 196 
205 202 
208 199 
404 377 
208 196 
205 196 
208 199 
205 199 
205 199 
202 199 
526 191 
208 199 
205 199 
205 199 
202 199 
205 196 
208 199 
205 199 
205 199 
205 199 
205 196 
778 389 
205 199 
268 191 
205 199 
205 199 
194 196 
205 202 
208 199 
205 199 
205 196 
205 196 
208 199 
205 199 
205 199 
202 199 
205 196 
208 199 
746 199 
80 226 
80 223 
300 389 
205 191 
205 199 
205 199 
205 199 
205 199 
208 188 
205 196 
80 226 
205 199 
930 199 
208 188 
205 196 
205 199 
208 199 
205 199 
1298 377 
208 196 
205 202 
205 199 
205 202 
205 196 
205 202 
229 199 
205 199 
202 199 
205 196 
72 226 
72 83 
205 196 
205 199 
205 199 
205 188 
208 199 
205 196 
205 199 
205 199 
205 464 
684 191 
205 199 
220 214 
306 202 
205 196 
194 196 
205 202 
205 199 
205 202 
205 196 
205 202 
208 199 
205 199 
449 191 
205 188 
208 191 
205 196 
205 199 
205 199 
205 199 
208 188 
205 196 
205 199 
205 199 
205 199 
208 188 
436 199 
208 199 
205 199 
205 199 
205 196 
205 202 
208 199 
205 199 
202 199 
205 196 
208 199 
205 199 
205 199 
582 853 
205 199 
671 199 
205 202 
205 199 
205 199 
205 196 
205 202 
208 199 
205 199 
205 199 
205 196 
208 188 
208 199 
669 386 
175 202 
205 199 
208 188 
205 196 
205 199 
208 199 
205 199 
208 199 
194 196 
205 202 
205 199 
205 199 
205 196 
205 202 
413 363 
895 191 
205 199 
205 196 
208 188 
208 199 
69 226 
205 199 
205 199 
208 188 
234 517 
205 196 
205 199 
205 199 
196 196 
208 199 
205 199 
205 199 
202 199 
205 196 
208 199 
205 199 
205 199 
202 199 
205 196 
208 199 
205 199 
375 191 
205 199 
208 199 
194 196 
205 202 
205 199 
205 199 
205 196 
205 196 
208 199 
205 199 
205 199 
205 1150 
350 199 
194 196 
859 199 
205 199 
205 199 
205 191 
208 188 
205 199 
294 392 
205 199 
205 196 
205 202 
208 199 
205 199 
205 199 
582 199 
205 199 
208 199 
205 199 
205 199 
205 196 
208 188 
208 199 
205 196 
205 199 
205 199 
205 191 
639 844 
571 188 
205 199 
205 199 
208 191 
208 196 
194 196 
205 199 
205 199 
205 199 
208 196 
194 196 
205 199 
205 199 
205 199 
208 196 
806 191 
205 199 
544 256 
282 199 
347 196 
205 196 
205 199 
202 199 
205 199 
208 191 
208 196 
205 199 
208 199 
948 389 
208 191 
208 196 
194 196 
205 199 
205 199 
205 199 
208 196 
194 196 
205 199 
205 199 
205 199 
208 196 
286 191 
208 199 
205 199 
205 196 
208 188 
208 199 
205 196 
205 199 
205 199 
205 191 
205 199 
205 199 
202 199 
315 240 
570 199 
494 199 
205 196 
205 199 
205 199 
205 191 
208 188 
205 196 
205 199 
205 199 
205 199 
208 188 
205 196 
205 199 
496 199 
205 199 
208 191 
205 196 
205 199 
202 199 
205 199 
208 191 
208 196 
205 199 
208 199 
205 199 
208 199 
363 249 
194 199 
208 199 
205 199 
208 199 
194 196 
205 202 
205 199 
205 199 
205 196 
1094 535 
217 196 
205 199 
205 199 
205 199 
722 191 
194 199 
208 199 
205 199 
205 199 
205 196 
205 202 
208 199 
205 199 
202 199 
211 859 
205 199 
205 199 
1159 386 
205 199 
205 199 
208 196 
194 196 
205 199 
205 199 
205 199 
208 196 
194 196 
205 199 
205 199 
205 199 
199 191 
205 199 
205 199 
202 199 
205 199 
208 191 
208 196 
205 199 
208 199 
252 315 
208 188 
205 196 
194 196 
205 199 
1509 410 
692 199 
205 202 
208 199 
205 199 
205 199 
205 196 
208 188 
208 199 
205 196 
205 199 
205 199 
205 191 
205 199 
425 199 
205 199 
205 199 
208 196 
194 196 
205 202 
205 199 
205 202 
205 196 
205 202 
208 199 
205 199 
1239 392 
677 199 
208 199 
895 191 
205 196 
205 199 
205 199 
805 573 
205 199 
205 196 
205 199 
205 199 
205 191 
205 199 
205 199 
202 199 
648 191 
208 199 
208 199 
205 199 
205 199 
202 199 
205 199 
208 199 
205 199 
205 199 
202 199 
475 392 
208 199 
375 191 
205 199 
205 199 
205 196 
205 202 
253 255 
205 199 
205 199 
205 196 
205 196 
208 199 
205 199 
205 199 
205 196 
205 196 
856 199 
205 348 
333 196 
205 199 
205 199 
208 199 
205 199 
205 199 
202 199 
205 199 
208 199 
205 199 
306 199 
615 199 
205 199 
205 188 
208 199 
205 196 
205 199 
205 199 
205 191 
205 199 
205 199 
202 199 
205 199 
208 191 
359 199 
205 199 
205 199 
202 199 
205 196 
208 199 
205 199 
205 199 
202 199 
205 196 
208 199 
69 185 
80 276 
306 392 
205 199 
806 191 
208 196 
205 199 
205 199 
205 199 
208 196 
194 196 
205 199 
205 199 
205 199 
208 196 
194 196 
205 202 
565 191 
208 199 
208 191 
208 196 
194 196 
205 199 
205 199 
205 199 
208 196 
194 196 
205 199 
493 368 
80 205 
80 83 
202 196 
205 199 
205 199 
205 199 
208 188 
205 196 
205 199 
208 199 
205 199 
208 196 
194 196 
205 202 
205 199 
205 202 
793 199 
194 196 
205 202 
205 199 
205 199 
205 196 
205 202 
208 199 
205 199 
205 199 
1153 191 
208 188 
205 196 
526 199 
205 199 
205 199 
208 188 
205 196 
205 199 
208 199 
205 199 
208 196 
194 196 
205 202 
205 199 
205 202 
273 199 
205 191 
205 196 
205 199 
205 199 
205 191 
208 188 
205 196 
205 199 
205 199 
285 651 
205 191 
271 247 
485 532 
428 199 
749 191 
194 199 
208 199 
205 199 
205 199 
205 196 
205 196 
208 199 
205 199 
205 199 
202 199 
205 196 
208 199 
482 191 
208 199 
205 199 
208 199 
194 196 
205 202 
205 199 
205 199 
205 196 
205 202 
208 199 
785 344 
202 199 
214 191 
208 188 
80 793 
205 199 
205 199 
205 199 
208 196 
194 196 
205 202 
205 199 
205 202 
205 196 
205 202 
208 199 
205 199 
713 199 
205 196 
208 199 
205 199 
205 199 
386 214 
205 188 
208 191 
205 199 
205 199 
336 618 
205 199 
208 191 
428 199 
205 199 
205 199 
205 199 
205 196 
205 202 
208 199 
205 199 
202 199 
205 196 
208 199 
205 199 
205 199 
193 199 
205 202 
874 199 
205 199 
205 199 
205 199 
205 196 
208 188 
208 199 
205 196 
499 630 
205 199 
205 191 
205 199 
205 199 
675 191 
208 199 
205 191 
205 199 
205 199 
202 199 
205 199 
208 191 
208 196 
194 196 
205 199 
205 199 
205 199 
407 191 
208 199 
205 199 
205 199 
205 196 
208 188 
208 199 
205 196 
725 300 
178 199 
205 191 
205 199 
205 199 
202 199 
205 199 
885 199 
205 199 
205 202 
205 199 
205 202 
205 196 
205 202 
208 199 
205 199 
202 199 
205 196 
208 199 
205 199 
639 199 
205 199 
205 199 
208 188 
205 196 
205 199 
550 229 
178 199 
205 196 
194 196 
205 199 
205 199 
205 199 
359 199 
205 199 
205 199 
205 199 
208 199 
205 191 
208 188 
205 199 
202 199 
205 199 
208 191 
208 196 
194 196 
205 199 
205 199 
850 191 
208 196 
205 202 
205 199 
205 199 
205 196 
205 196 
467 763 
208 199 
205 199 
205 199 
205 196 
205 202 
589 191 
205 199 
205 199 
208 188 
205 196 
194 196 
205 199 
205 199 
205 199 
208 196 
194 196 
205 199 
205 199 
330 191 
208 191 
205 196 
205 199 
205 199 
205 199 
208 188 
282 918 
208 199 
205 199 
202 199 
205 199 
208 199 
205 199 
205 199 
814 199 
205 196 
205 202 
208 199 
205 199 
202 199 
205 196 
208 199 
205 199 
205 199 
205 199 
205 196 
208 188 
538 199 
208 199 
205 199 
205 199 
194 196 
621 636 
208 199 
205 199 
205 199 
205 196 
205 202 
208 199 
205 199 
297 199 
208 188 
205 196 
194 196 
205 199 
205 199 
205 199 
208 196 
194 196 
205 199 
205 199 
205 199 
549 208 
205 196 
205 199 
755 191 
208 196 
208 188 
208 199 
205 196 
416 603 
202 199 
205 199 
208 199 
205 199 
205 199 
202 199 
205 199 
485 191 
208 199 
205 199 
205 199 
205 196 
208 199 
205 199 
205 199 
205 199 
205 196 
208 188 
208 199 
205 196 
241 191 
205 199 
208 196 
194 196 
205 199 
205 199 
407 434 
208 199 
208 199 
205 199 
205 199 
202 199 
205 199 
208 199 
205 199 
731 199 
205 199 
205 188 
208 191 
205 196 
205 199 
205 199 
205 199 
208 188 
205 196 
205 199 
178 199 
205 199 
83 237 
265 199 
167 188 
178 196 
829 205 
208 188 
231 199 
205 199 
170 199 
232 232 
178 309 
246 232 
170 196 
214 199 
181 199 
205 199 
303 191 
268 199 
208 202 
205 199 
178 199 
208 191 
205 196 
208 199 
205 199 
205 199 
194 196 
205 202 
693 191 
208 199 
475 303 
208 191 
208 196 
205 199 
208 199 
205 199 
208 199 
194 196 
205 202 
205 199 
490 529 
431 191 
208 199 
205 199 
205 196 
205 199 
205 199 
205 188 
208 199 
205 196 
205 292 
205 199 
83 86 
205 83 
214 199 
205 199 
912 199 
208 196 
205 877 
205 196 
205 199 
205 199 
205 191 
208 188 
205 199 
202 199 
205 199 
208 191 
208 196 
654 199 
205 199 
205 199 
205 199 
208 196 
194 196 
205 199 
205 199 
205 199 
208 196 
194 196 
205 199 
205 199 
386 199 
205 191 
211 461 
205 199 
208 199 
205 199 
208 199 
194 196 
205 202 
205 199 
205 199 
205 196 
205 202 
208 199 
205 199 
868 191 
208 199 
205 188 
208 199 
205 196 
205 199 
205 199 
205 191 
386 805 
0 0 
205 199 
223 188 
184 205 
788 199 
577 395 
178 196 
205 199 
181 202 
167 199 
205 199 
205 199 
208 199 
208 191 
208 199 
194 199 
205 199 
333 191 
205 199 
211 1302 
208 196 
205 199 
205 199 
208 199 
205 199 
208 196 
205 199 
205 199 
208 199 
205 199 
208 199 
205 199 
327 392 
178 196 
205 199 
208 188 
208 199 
205 199 
205 199 
208 199 
208 196 
544 291 
69 226 
318 243 
205 199 
579 199 
208 196 
205 199 
205 199 
208 199 
205 199 
208 196 
205 199 
205 199 
208 199 
205 199 
208 196 
205 199 
303 199 
205 897 
178 261 
194 199 
205 202 
205 199 
205 199 
208 199 
205 202 
208 199 
205 199 
205 199 
208 199 
205 199 
208 199 
791 191 
205 199 
208 199 
205 188 
464 267 
205 199 
205 199 
205 199 
208 188 
205 199 
205 199 
205 199 
205 199 
526 191 
256 205 
205 196 
205 199 
208 199 
205 191 
208 188 
205 199 
205 199 
208 199 
205 199 
208 188 
205 199 
262 191 
205 199 
205 199 
1206 728 
181 199 
205 199 
208 199 
205 199 
208 188 
205 199 
205 199 
205 199 
205 199 
208 188 
205 199 
241 327 
865 680 
588 196 
208 191 
208 199 
194 199 
205 199 
205 199 
205 199 
208 199 
194 199 
205 199 
205 199 
490 199 
205 188 
208 199 
205 196 
205 199 
208 199 
205 191 
205 199 
205 199 
205 199 
205 199 
208 199 
208 199 
235 199 
544 1393 
205 199 
208 199 
208 196 
205 199 
205 199 
205 199 
208 199 
205 199 
208 199 
1192 633 
205 199 
205 199 
208 188 
716 191 
205 199 
205 199 
205 199 
208 188 
205 199 
205 199 
205 199 
205 199 
208 188 
205 199 
194 199 
205 199 
181 648 
208 191 
208 199 
194 199 
205 199 
205 199 
205 199 
208 199 
194 199 
205 199 
205 199 
205 199 
208 199 
182 191 
205 199 
300 199 
208 199 
208 199 
205 202 
208 199 
205 199 
208 199 
205 199 
761 591 
654 199 
205 199 
208 199 
205 191 
674 199 
205 202 
205 930 
205 199 
