# ./FR-trace starting at Fri Nov  2 19:03:18 2018
################# CONFIG #################
# slot=4950
# samples=10000
# threshold=100
# idle=500
# pdathreads=0
# nmonitored=2
#   monitor0=./num ybn_mul 0x22ea
#   monitor1=./num ybn_sqr 0x2b7d
# nevicted=0
# npdatargets=0
############## SYSTEM INFO ###############
# mastik_version=0.02
# sysname=Linux
# nodename=ArchLinux
# release=4.18.16-arch1-1-ARCH
# version=#1 SMP PREEMPT Sat Oct 20 22:06:45 UTC 2018
# machine=x86_64
################## DATA ##################
208 50 
217 280 
205 199 
205 199 
324 202 
205 372 
256 188 
194 199 
793 202 
205 199 
202 199 
205 199 
205 202 
205 196 
205 199 
205 199 
205 199 
208 196 
202 199 
202 202 
205 188 
202 199 
205 199 
205 199 
862 196 
181 202 
205 199 
205 199 
205 202 
205 199 
205 185 
205 199 
199 535 
205 199 
208 199 
205 202 
205 199 
211 196 
205 202 
205 199 
205 202 
208 199 
178 199 
205 199 
205 202 
181 202 
205 199 
404 188 
205 202 
633 202 
208 199 
898 188 
205 800 
547 329 
208 196 
205 199 
205 202 
205 188 
208 199 
205 199 
205 199 
205 199 
205 185 
208 199 
205 202 
205 199 
205 202 
208 185 
205 199 
205 199 
205 199 
202 202 
205 188 
202 199 
205 199 
205 199 
342 689 
208 185 
176 372 
202 199 
205 199 
205 199 
205 199 
205 199 
205 199 
205 196 
205 199 
208 199 
250 188 
194 196 
505 202 
205 199 
746 188 
205 199 
208 196 
205 199 
205 199 
205 202 
205 202 
194 199 
208 202 
205 199 
205 202 
187 199 
208 185 
205 199 
205 202 
208 199 
205 199 
205 199 
205 199 
205 199 
205 499 
303 199 
208 188 
205 199 
211 196 
202 199 
202 202 
208 185 
205 199 
493 353 
208 202 
247 196 
202 199 
205 196 
191 199 
208 202 
205 199 
205 188 
205 199 
353 202 
181 746 
606 188 
205 199 
829 202 
205 199 
208 199 
205 199 
205 202 
205 199 
211 196 
205 202 
205 199 
205 202 
208 199 
205 188 
205 199 
205 199 
205 202 
205 202 
461 362 
205 199 
208 196 
202 199 
202 202 
205 185 
205 199 
473 458 
205 196 
202 202 
205 199 
205 199 
205 199 
205 196 
205 199 
205 199 
205 196 
191 199 
205 199 
205 199 
205 188 
208 202 
208 196 
425 188 
205 202 
692 202 
205 199 
904 232 
208 199 
134 166 
202 80 
80 1872 
77 237 
77 226 
66 223 
80 237 
208 196 
294 292 
205 196 
205 199 
202 199 
208 196 
191 199 
208 199 
205 199 
74 226 
205 199 
77 237 
77 83 
66 223 
205 199 
208 202 
194 199 
954 276 
170 196 
202 199 
202 202 
205 185 
205 199 
446 404 
211 188 
202 202 
205 199 
205 199 
297 188 
205 196 
538 202 
205 196 
776 188 
211 196 
208 199 
205 199 
686 205 
208 199 
205 199 
205 202 
205 202 
205 199 
205 202 
205 199 
205 199 
205 199 
205 199 
205 202 
205 188 
205 196 
731 199 
208 188 
202 202 
205 199 
205 199 
205 199 
205 185 
205 199 
202 199 
205 202 
205 199 
205 199 
205 199 
205 188 
205 196 
205 202 
205 199 
202 202 
205 188 
205 196 
205 199 
294 615 
208 199 
609 188 
205 199 
856 202 
416 451 
205 199 
205 199 
205 199 
205 199 
205 199 
205 199 
205 188 
205 199 
211 196 
202 199 
202 202 
208 185 
205 199 
205 199 
205 202 
205 202 
74 223 
205 199 
205 199 
74 77 
194 199 
205 199 
205 202 
398 674 
351 199 
205 202 
205 199 
205 199 
205 199 
205 202 
229 357 
350 2062 
609 199 
205 188 
205 196 
214 202 
205 196 
473 188 
205 199 
716 202 
205 199 
205 196 
205 199 
205 188 
205 196 
205 199 
208 199 
205 202 
208 188 
906 832 
205 199 
205 199 
205 199 
205 199 
205 199 
205 199 
205 185 
205 199 
205 199 
205 196 
191 199 
205 199 
205 199 
205 188 
205 202 
208 196 
202 199 
280 327 
208 188 
202 199 
205 199 
205 199 
205 199 
205 185 
205 199 
585 199 
208 202 
205 199 
321 188 
202 199 
306 246 
0 0 
0 0 
0 0 
0 0 
181 205 
514 211 
0 0 
0 0 
187 205 
214 208 
205 306 
217 202 
205 83 
205 199 
205 199 
205 196 
191 199 
202 199 
419 1082 
205 188 
205 196 
205 199 
208 199 
434 660 
205 185 
205 199 
205 199 
74 223 
66 69 
205 196 
205 202 
205 199 
205 202 
205 199 
490 511 
205 199 
205 202 
205 199 
176 188 
205 185 
66 66 
208 196 
657 188 
205 199 
882 202 
205 199 
1147 199 
205 202 
205 199 
205 185 
205 199 
205 199 
205 202 
205 199 
205 199 
205 199 
205 188 
205 196 
241 624 
205 196 
205 199 
205 185 
205 196 
205 202 
205 199 
202 202 
205 188 
205 196 
205 199 
208 199 
205 202 
205 185 
205 199 
300 199 
205 199 
205 199 
205 185 
205 199 
205 199 
205 202 
205 199 
249 202 
205 199 
508 188 
202 199 
743 202 
202 188 
202 199 
205 199 
205 202 
205 202 
205 188 
202 199 
202 199 
205 202 
205 199 
205 199 
205 202 
549 1082 
208 199 
208 199 
208 199 
205 196 
205 199 
208 199 
205 199 
205 202 
205 199 
211 196 
205 202 
205 199 
205 202 
208 199 
208 196 
205 199 
205 199 
205 202 
247 680 
205 188 
205 188 
66 226 
202 199 
66 416 
77 226 
77 77 
253 258 
585 202 
205 199 
835 188 
205 199 
205 199 
654 348 
205 199 
205 202 
205 199 
202 202 
205 196 
205 199 
205 199 
205 199 
191 199 
205 202 
205 199 
205 188 
205 199 
205 202 
205 199 
205 199 
205 185 
205 199 
205 547 
181 321 
208 199 
208 199 
205 196 
205 199 
208 199 
205 199 
205 202 
205 199 
211 196 
205 202 
205 199 
205 202 
208 199 
190 188 
205 199 
1046 324 
184 273 
666 188 
202 188 
912 202 
194 199 
205 199 
205 199 
205 188 
205 196 
327 502 
208 196 
202 202 
205 199 
205 199 
205 199 
205 196 
205 199 
205 199 
205 196 
191 199 
208 196 
205 199 
205 185 
205 202 
208 196 
202 199 
202 202 
205 188 
202 199 
205 199 
205 199 
205 199 
205 199 
820 386 
318 386 
624 344 
66 871 
205 196 
202 202 
205 199 
300 202 
208 199 
529 188 
205 199 
778 202 
205 196 
208 196 
202 199 
205 196 
205 188 
205 199 
205 199 
205 202 
205 202 
194 199 
208 202 
205 199 
208 199 
205 202 
205 185 
214 422 
205 202 
205 196 
205 199 
205 199 
205 199 
205 199 
205 199 
205 199 
205 188 
205 199 
665 229 
205 199 
202 202 
208 185 
205 199 
205 199 
205 202 
66 226 
74 80 
205 199 
205 202 
205 199 
375 188 
202 199 
612 202 
205 188 
550 381 
205 202 
205 199 
205 202 
205 199 
208 199 
205 199 
205 185 
205 199 
205 188 
205 196 
205 199 
208 199 
205 199 
205 188 
205 199 
205 199 
205 202 
205 202 
181 885 
208 202 
205 199 
205 199 
205 199 
205 188 
205 196 
205 419 
362 202 
205 202 
205 199 
205 199 
205 199 
205 202 
205 199 
873 469 
167 199 
211 196 
217 188 
194 196 
481 202 
208 199 
684 188 
205 196 
194 196 
202 199 
205 196 
191 199 
208 202 
205 199 
205 188 
205 199 
205 199 
297 1284 
205 199 
205 185 
205 199 
205 199 
404 383 
205 202 
205 196 
205 199 
205 188 
205 196 
208 199 
205 199 
205 196 
205 188 
205 199 
205 199 
205 202 
205 199 
205 188 
205 196 
66 226 
205 196 
205 199 
205 199 
205 202 
277 1085 
205 199 
309 202 
205 199 
556 188 
205 199 
802 202 
205 199 
202 199 
205 199 
205 202 
205 196 
205 199 
912 543 
205 202 
208 196 
202 199 
202 202 
205 188 
202 199 
205 199 
205 199 
205 199 
205 199 
205 202 
205 188 
205 196 
205 199 
199 778 
205 199 
205 199 
208 199 
205 199 
205 202 
205 199 
211 196 
205 202 
205 199 
205 202 
208 199 
208 196 
339 514 
384 202 
211 199 
202 202 
413 188 
205 199 
639 202 
1441 784 
164 199 
205 188 
205 196 
205 202 
205 199 
205 199 
309 188 
205 199 
205 199 
205 202 
205 199 
208 196 
205 202 
205 199 
205 202 
205 199 
205 199 
205 199 
205 202 
205 199 
194 196 
202 199 
205 196 
191 199 
208 202 
205 199 
205 188 
205 199 
205 199 
205 202 
351 362 
205 199 
205 196 
205 199 
208 199 
205 199 
600 642 
196 199 
211 196 
505 202 
205 199 
746 188 
205 199 
194 199 
208 199 
208 199 
205 202 
205 202 
194 199 
208 202 
205 199 
205 202 
205 199 
205 199 
205 202 
205 199 
205 199 
202 253 
205 199 
205 199 
205 199 
205 202 
205 199 
211 196 
205 202 
205 199 
205 202 
205 199 
205 199 
205 199 
205 202 
205 199 
728 202 
205 188 
202 199 
205 199 
205 199 
205 199 
205 199 
205 202 
844 196 
205 199 
574 188 
205 199 
345 202 
202 188 
208 196 
205 199 
208 199 
205 196 
191 199 
208 199 
205 199 
205 202 
208 199 
208 196 
205 199 
205 199 
205 202 
205 202 
194 199 
208 202 
205 199 
205 202 
205 199 
205 199 
205 202 
205 199 
247 241 
702 196 
208 188 
202 202 
205 199 
205 199 
205 199 
205 185 
208 199 
205 202 
205 199 
202 202 
208 185 
211 202 
208 196 
425 188 
205 202 
692 202 
205 199 
904 188 
205 196 
205 199 
205 199 
205 196 
191 199 
208 199 
1486 199 
208 188 
202 202 
205 199 
205 199 
205 199 
205 185 
205 199 
205 199 
205 202 
238 267 
205 199 
208 199 
208 196 
205 199 
205 199 
205 202 
205 202 
194 199 
208 202 
205 505 
217 188 
205 199 
205 199 
205 202 
205 199 
205 196 
312 208 
205 199 
205 199 
268 188 
205 199 
526 202 
205 202 
764 188 
202 199 
208 199 
205 199 
205 185 
205 202 
208 196 
202 199 
202 202 
205 188 
202 199 
205 199 
187 356 
205 199 
208 185 
205 199 
205 199 
205 199 
205 199 
205 867 
226 214 
205 188 
208 196 
205 199 
208 199 
205 196 
191 199 
208 199 
205 199 
205 202 
208 199 
208 196 
205 199 
205 199 
205 202 
205 202 
194 199 
208 202 
205 199 
386 202 
205 199 
615 188 
205 196 
853 202 
226 353 
208 199 
208 185 
205 199 
205 199 
178 273 
205 199 
205 188 
205 199 
211 196 
202 199 
202 202 
208 185 
205 199 
205 199 
205 202 
205 202 
205 188 
202 199 
205 199 
205 199 
205 199 
77 80 
205 199 
205 199 
205 199 
990 392 
267 199 
205 199 
205 199 
208 199 
205 199 
205 202 
205 199 
211 196 
205 202 
220 202 
205 196 
514 199 
194 199 
713 202 
205 199 
205 196 
205 199 
205 188 
205 196 
205 199 
208 199 
205 202 
205 185 
205 199 
205 202 
208 199 
473 300 
205 199 
205 199 
205 199 
205 202 
205 199 
211 196 
205 202 
205 199 
205 202 
205 199 
205 199 
205 199 
205 202 
205 199 
194 196 
202 199 
205 196 
191 199 
208 202 
381 1204 
208 188 
205 199 
205 199 
205 202 
877 841 
282 199 
205 199 
567 202 
205 196 
797 188 
205 185 
205 199 
205 199 
205 202 
205 199 
205 199 
205 199 
205 188 
205 196 
205 202 
205 199 
202 202 
205 188 
205 196 
205 199 
208 199 
205 202 
205 185 
77 226 
205 202 
419 199 
205 202 
205 199 
205 199 
217 205 
205 199 
205 199 
205 199 
428 199 
205 199 
205 202 
205 199 
205 199 
205 199 
205 202 
205 199 
176 188 
205 196 
401 202 
205 202 
657 188 
205 199 
882 202 
205 199 
205 199 
205 202 
205 199 
279 538 
205 199 
194 199 
208 199 
205 199 
205 202 
205 199 
211 196 
205 202 
205 199 
205 202 
208 199 
208 196 
205 199 
205 199 
704 618 
205 199 
205 185 
205 202 
205 199 
205 202 
205 199 
205 199 
205 202 
205 199 
205 196 
167 211 
202 199 
205 199 
205 199 
205 196 
205 199 
255 202 
205 199 
508 188 
202 199 
743 202 
205 188 
202 199 
205 199 
205 202 
205 202 
205 188 
202 199 
205 199 
205 199 
205 199 
205 199 
205 202 
205 188 
217 386 
318 416 
205 188 
208 199 
205 199 
205 199 
205 1079 
181 196 
205 199 
205 199 
205 202 
205 202 
205 196 
205 199 
205 185 
205 196 
205 202 
205 199 
202 202 
205 188 
205 196 
205 199 
208 199 
205 202 
205 185 
342 188 
205 199 
181 229 
205 202 
826 188 
205 199 
205 199 
205 199 
205 199 
205 188 
205 199 
306 378 
205 202 
205 199 
205 199 
205 199 
205 202 
205 199 
194 196 
202 199 
205 196 
191 199 
208 202 
205 199 
205 188 
205 199 
205 199 
550 1384 
205 199 
205 199 
205 199 
205 199 
205 196 
205 199 
208 199 
205 196 
191 199 
208 199 
205 199 
205 202 
208 199 
190 188 
205 199 
425 202 
205 202 
681 188 
517 535 
205 199 
194 199 
205 199 
205 199 
205 188 
205 196 
404 1132 
205 199 
205 199 
205 185 
205 199 
205 199 
205 202 
205 199 
211 196 
205 202 
205 199 
178 202 
194 199 
205 199 
205 199 
205 202 
205 199 
194 196 
205 202 
205 199 
205 199 
205 196 
205 199 
205 199 
205 196 
191 199 
627 1405 
208 196 
205 199 
205 199 
205 199 
285 202 
265 188 
523 188 
205 199 
781 202 
205 196 
205 199 
208 199 
205 199 
205 188 
205 199 
202 199 
205 196 
205 199 
205 185 
205 199 
202 202 
205 196 
205 199 
202 199 
205 202 
728 1076 
205 199 
205 199 
208 199 
205 199 
205 199 
205 202 
205 199 
211 196 
205 202 
205 199 
205 202 
205 199 
205 199 
398 612 
205 199 
205 199 
202 202 
208 185 
202 202 
205 199 
205 199 
381 188 
202 199 
615 202 
205 188 
1043 713 
205 202 
205 199 
205 202 
205 199 
208 199 
205 199 
205 185 
205 199 
205 199 
205 202 
205 199 
541 511 
205 199 
205 199 
205 199 
191 199 
205 202 
205 199 
205 188 
205 196 
205 199 
208 199 
205 202 
615 745 
208 196 
191 199 
651 375 
208 199 
208 185 
205 199 
205 199 
205 202 
205 199 
211 196 
205 202 
205 199 
226 188 
194 196 
481 202 
208 199 
684 188 
205 196 
194 196 
202 199 
205 196 
191 199 
208 202 
205 199 
205 188 
205 199 
205 199 
77 256 
66 69 
205 199 
205 196 
205 199 
208 199 
205 199 
205 202 
205 199 
211 196 
205 202 
574 306 
208 185 
205 199 
205 199 
205 196 
191 199 
205 202 
205 199 
205 188 
205 196 
205 199 
208 199 
205 202 
205 185 
205 199 
205 199 
847 208 
324 202 
205 199 
556 188 
205 199 
802 202 
205 199 
202 199 
205 199 
205 202 
205 196 
205 199 
205 199 
205 199 
191 199 
205 202 
205 199 
205 188 
190 354 
194 199 
208 202 
205 199 
205 188 
205 199 
1147 262 
205 202 
205 199 
713 662 
440 199 
205 202 
205 199 
205 199 
208 199 
205 196 
191 199 
208 199 
205 199 
205 202 
208 199 
208 196 
205 199 
205 199 
211 199 
202 202 
413 188 
205 199 
639 202 
208 199 
898 188 
205 185 
205 199 
205 202 
336 425 
205 199 
74 223 
205 199 
989 389 
229 199 
205 199 
208 185 
205 199 
205 202 
205 199 
205 202 
208 185 
205 199 
205 199 
205 202 
205 202 
205 188 
202 199 
205 199 
205 199 
205 199 
205 199 
205 202 
205 188 
205 196 
309 199 
205 188 
208 199 
205 199 
205 199 
205 199 
205 185 
262 188 
194 196 
505 202 
205 199 
746 188 
205 199 
693 333 
351 185 
205 199 
205 202 
205 202 
194 199 
208 202 
205 199 
205 202 
205 199 
205 199 
205 202 
205 199 
1744 202 
366 514 
184 196 
205 199 
205 199 
205 202 
205 199 
211 196 
205 202 
205 199 
205 202 
205 199 
205 199 
205 199 
205 202 
205 199 
194 196 
202 199 
205 196 
191 199 
208 202 
205 199 
205 188 
205 199 
353 202 
208 199 
452 199 
205 199 
820 202 
205 202 
208 199 
1046 464 
205 199 
205 199 
211 196 
205 202 
205 199 
205 202 
208 199 
208 196 
205 199 
205 199 
205 202 
208 199 
205 185 
205 202 
205 199 
205 202 
205 199 
205 199 
205 202 
205 199 
1325 199 
205 199 
205 185 
205 199 
205 199 
205 202 
205 199 
211 196 
205 202 
205 199 
205 202 
205 202 
205 196 
193 202 
470 202 
814 199 
202 199 
686 202 
205 199 
918 188 
205 196 
205 199 
205 199 
205 196 
205 199 
208 199 
205 202 
205 188 
339 344 
194 199 
208 199 
205 199 
205 202 
357 185 
202 188 
205 196 
205 199 
208 199 
205 199 
205 188 
205 199 
205 199 
205 202 
205 202 
194 199 
208 202 
205 199 
205 202 
205 199 
205 199 
392 526 
443 199 
208 202 
205 199 
205 199 
1082 375 
280 188 
205 199 
526 202 
205 202 
764 188 
202 199 
208 199 
205 199 
205 185 
205 202 
208 196 
202 199 
202 202 
205 188 
202 199 
205 199 
205 199 
205 199 
205 199 
205 202 
205 188 
205 196 
205 199 
208 199 
1189 199 
205 199 
205 196 
205 199 
208 199 
205 196 
191 199 
675 226 
205 199 
208 196 
205 199 
205 185 
205 196 
205 202 
205 199 
202 202 
205 188 
205 196 
205 199 
383 202 
205 199 
615 188 
205 196 
853 202 
205 196 
205 199 
205 321 
205 199 
205 199 
205 202 
205 199 
208 196 
205 202 
303 300 
205 199 
202 202 
208 185 
205 199 
205 199 
205 202 
205 202 
205 188 
202 199 
181 463 
205 196 
205 199 
205 199 
205 196 
191 199 
208 199 
205 202 
205 188 
205 199 
782 894 
208 202 
205 199 
205 199 
205 199 
205 188 
205 196 
214 202 
205 196 
473 188 
205 199 
716 202 
205 199 
205 196 
205 199 
205 188 
205 196 
205 199 
208 199 
205 202 
205 185 
205 199 
205 202 
208 199 
208 419 
205 274 
1480 196 
205 199 
205 196 
205 199 
205 199 
205 196 
191 199 
205 199 
205 199 
205 188 
205 202 
194 196 
202 199 
202 202 
205 188 
202 199 
205 199 
205 199 
205 199 
205 199 
205 202 
205 188 
205 196 
205 199 
315 188 
63 339 
77 80 
205 199 
782 188 
205 196 
202 199 
205 199 
205 202 
205 202 
205 196 
476 473 
205 188 
205 196 
205 202 
205 199 
202 202 
205 188 
205 196 
449 199 
202 199 
202 202 
205 185 
205 199 
205 202 
208 199 
205 199 
205 199 
808 199 
66 226 
74 80 
202 199 
205 185 
208 199 
205 202 
205 199 
205 202 
208 188 
205 202 
208 196 
202 199 
211 199 
205 188 
416 202 
205 199 
639 188 
345 499 
897 202 
205 199 
205 199 
205 202 
205 199 
205 185 
205 199 
359 202 
205 199 
205 199 
205 202 
205 199 
211 196 
205 202 
205 199 
205 202 
208 199 
208 196 
205 199 
205 199 
205 202 
205 202 
194 199 
208 202 
205 199 
205 202 
205 199 
205 199 
205 202 
205 199 
205 196 
205 449 
451 199 
205 196 
205 199 
205 199 
211 669 
261 202 
208 199 
508 188 
202 199 
743 202 
205 188 
202 199 
205 199 
205 202 
205 202 
205 188 
202 199 
205 199 
205 199 
205 199 
205 199 
205 202 
1468 455 
205 199 
208 199 
208 199 
205 196 
205 199 
559 199 
208 199 
205 199 
66 226 
208 188 
205 196 
208 199 
205 199 
205 196 
205 188 
205 199 
205 199 
205 202 
375 297 
383 199 
205 199 
205 202 
205 196 
205 199 
205 199 
351 188 
202 199 
588 202 
205 199 
829 188 
609 348 
205 199 
205 202 
205 199 
211 196 
205 202 
205 199 
205 202 
205 199 
205 199 
205 199 
205 202 
205 199 
194 196 
202 199 
205 196 
191 199 
208 202 
205 199 
205 188 
205 199 
205 199 
205 202 
428 351 
205 196 
208 199 
205 199 
401 351 
205 199 
205 185 
205 199 
205 199 
205 202 
205 199 
205 199 
205 199 
202 188 
205 196 
422 202 
205 202 
681 188 
202 188 
912 202 
194 199 
205 199 
205 199 
205 188 
205 196 
205 199 
208 199 
205 199 
781 202 
205 199 
205 930 
657 199 
205 199 
205 202 
205 199 
205 202 
205 196 
205 199 
493 315 
208 199 
191 199 
205 202 
205 199 
202 188 
205 199 
205 202 
205 199 
205 199 
205 185 
205 199 
205 199 
205 199 
205 199 
205 199 
205 199 
205 199 
279 642 
722 199 
520 188 
205 199 
778 202 
205 196 
208 196 
202 199 
205 196 
205 188 
205 199 
205 199 
205 202 
205 202 
194 199 
208 202 
205 199 
336 303 
205 199 
208 199 
205 202 
205 199 
205 196 
205 199 
205 199 
205 199 
205 199 
422 185 
205 199 
205 188 
205 199 
211 196 
205 199 
205 199 
205 188 
205 202 
208 196 
202 199 
202 202 
205 188 
202 199 
205 199 
205 199 
381 188 
202 199 
615 202 
205 188 
856 202 
205 199 
208 199 
205 196 
205 1548 
624 303 
387 262 
365 199 
208 199 
208 188 
205 196 
205 199 
208 199 
205 199 
205 188 
205 199 
205 199 
205 202 
205 202 
194 199 
208 202 
205 199 
205 202 
205 199 
202 199 
205 202 
205 199 
205 199 
202 202 
205 199 
205 199 
910 199 
202 199 
202 199 
205 185 
208 199 
205 202 
220 188 
194 196 
481 202 
208 199 
684 188 
205 196 
592 372 
205 188 
202 199 
205 199 
205 199 
205 199 
205 199 
205 202 
205 188 
205 196 
205 199 
208 199 
205 196 
205 199 
467 1177 
208 202 
205 196 
205 199 
205 188 
205 196 
205 199 
208 199 
205 199 
205 188 
205 199 
205 202 
205 199 
202 202 
205 188 
205 196 
205 199 
208 199 
205 202 
205 185 
205 199 
372 366 
205 202 
309 202 
205 199 
556 188 
182 372 
796 202 
205 199 
211 196 
205 202 
205 199 
205 202 
205 199 
205 199 
205 199 
728 250 
205 199 
205 199 
205 188 
205 199 
205 202 
205 199 
205 199 
205 185 
205 199 
205 199 
205 199 
205 199 
205 199 
205 199 
205 199 
802 594 
205 199 
205 202 
205 199 
211 196 
205 202 
205 199 
205 202 
461 393 
208 188 
205 196 
205 202 
205 199 
202 202 
413 188 
205 199 
639 202 
208 199 
898 188 
205 185 
205 199 
205 202 
208 199 
205 199 
205 199 
351 880 
205 199 
205 196 
202 199 
77 234 
86 92 
0 0 
0 0 
187 211 
211 214 
273 232 
205 199 
205 202 
205 199 
208 188 
205 199 
194 199 
820 1426 
63 223 
202 199 
205 202 
205 185 
205 196 
208 196 
205 199 
202 196 
568 377 
205 196 
208 199 
202 199 
265 185 
208 196 
505 199 
205 202 
743 185 
77 223 
66 77 
205 196 
205 202 
202 199 
205 196 
208 185 
208 199 
194 199 
270 276 
205 199 
205 185 
205 202 
191 199 
202 199 
205 199 
205 188 
184 389 
205 199 
205 199 
648 529 
202 196 
205 196 
205 199 
205 199 
202 199 
205 188 
205 199 
194 196 
202 199 
205 199 
205 185 
205 202 
202 196 
205 196 
194 199 
202 199 
208 199 
362 199 
205 202 
574 185 
208 199 
823 199 
202 199 
276 244 
202 199 
205 196 
205 199 
205 188 
205 196 
208 196 
202 199 
205 196 
208 185 
205 434 
167 196 
205 196 
205 199 
202 199 
208 202 
205 202 
202 199 
205 199 
205 185 
205 202 
205 199 
205 196 
208 199 
205 199 
205 202 
410 592 
422 199 
205 199 
205 196 
205 199 
205 199 
205 196 
208 199 
202 199 
202 199 
194 196 
77 241 
205 199 
689 199 
205 196 
901 185 
205 196 
205 202 
202 199 
229 529 
202 185 
205 196 
208 196 
205 199 
202 196 
205 199 
205 199 
785 318 
208 185 
205 199 
202 675 
318 680 
202 199 
205 188 
205 199 
202 196 
205 196 
205 199 
205 196 
205 199 
205 188 
205 199 
194 199 
202 199 
205 199 
205 185 
205 202 
191 199 
202 199 
205 199 
202 199 
205 202 
268 185 
202 199 
529 199 
457 199 
764 185 
205 199 
205 196 
532 529 
208 188 
205 199 
194 196 
202 199 
205 199 
205 188 
205 199 
202 199 
208 202 
205 202 
202 199 
208 196 
202 199 
205 199 
202 199 
202 199 
205 199 
202 199 
205 199 
202 199 
205 202 
458 191 
208 196 
77 226 
202 199 
205 188 
205 196 
208 185 
205 199 
202 199 
205 196 
205 199 
202 199 
208 202 
205 202 
279 226 
202 199 
624 185 
205 196 
853 199 
205 196 
205 202 
202 199 
205 202 
205 196 
205 202 
517 369 
181 196 
205 199 
202 196 
205 196 
194 199 
208 196 
205 199 
205 199 
371 202 
194 196 
202 199 
205 196 
205 202 
205 196 
205 202 
202 199 
205 196 
205 199 
205 199 
205 199 
205 188 
205 199 
194 199 
288 1290 
452 196 
205 196 
202 196 
205 199 
205 199 
529 196 
205 199 
473 185 
205 199 
716 199 
202 199 
205 185 
205 202 
202 196 
205 199 
205 199 
205 196 
202 202 
205 199 
205 196 
205 199 
205 199 
205 202 
202 199 
202 196 
205 199 
205 199 
205 202 
202 196 
389 470 
202 199 
205 199 
202 199 
205 188 
205 199 
194 196 
333 413 
205 199 
205 196 
205 199 
205 199 
205 196 
205 202 
202 199 
208 196 
205 199 
205 199 
205 199 
306 185 
205 202 
561 199 
205 199 
794 185 
208 188 
205 199 
339 196 
205 199 
202 199 
205 196 
205 202 
194 196 
205 199 
205 199 
205 185 
205 202 
202 196 
205 196 
205 202 
205 196 
205 202 
793 728 
1643 196 
205 196 
205 196 
205 202 
202 199 
205 202 
205 196 
205 202 
205 199 
205 196 
535 347 
205 199 
205 199 
202 199 
205 188 
205 199 
194 196 
202 199 
214 199 
205 188 
413 199 
205 199 
657 185 
205 196 
885 199 
205 202 
191 199 
205 202 
205 199 
205 188 
205 199 
194 199 
205 202 
202 199 
205 202 
357 188 
208 196 
205 199 
205 199 
205 188 
205 199 
347 199 
205 196 
205 199 
181 199 
202 202 
217 5149 
0 0 
187 214 
181 208 
181 202 
167 220 
178 199 
235 211 
178 235 
181 235 
167 232 
220 306 
176 202 
217 205 
208 1821 
187 202 
190 202 
479 202 
208 205 
184 205 
211 211 
205 202 
194 196 
202 199 
202 202 
205 188 
202 199 
205 199 
205 199 
491 440 
205 196 
208 199 
205 199 
205 199 
205 199 
205 199 
205 199 
205 199 
205 196 
205 199 
1860 318 
505 282 
208 185 
205 199 
205 199 
205 202 
208 199 
208 196 
205 199 
205 199 
238 202 
66 69 
194 199 
208 202 
205 199 
205 202 
205 199 
205 199 
348 188 
202 199 
588 202 
205 199 
627 250 
413 199 
205 202 
205 199 
205 199 
205 199 
404 294 
211 202 
205 196 
205 199 
205 199 
205 185 
202 199 
205 199 
205 199 
205 188 
205 199 
205 202 
205 199 
205 199 
205 185 
205 199 
205 199 
205 199 
205 199 
205 199 
205 199 
205 199 
205 196 
205 199 
208 199 
734 885 
208 188 
205 196 
205 199 
208 199 
205 199 
205 449 
205 199 
437 202 
205 199 
687 188 
202 188 
912 202 
194 199 
202 199 
205 199 
205 188 
205 196 
205 199 
208 199 
205 199 
205 185 
205 199 
205 199 
205 202 
205 199 
181 680 
205 199 
208 196 
202 199 
202 202 
208 185 
205 199 
205 199 
205 202 
464 680 
205 199 
205 196 
63 237 
205 199 
205 199 
205 185 
262 526 
494 199 
205 196 
205 199 
208 199 
205 196 
205 199 
297 202 
208 199 
529 188 
205 199 
778 202 
205 196 
555 663 
181 199 
205 199 
205 188 
205 196 
205 202 
205 199 
202 202 
205 188 
205 196 
205 199 
208 199 
205 202 
205 185 
205 199 
205 202 
208 199 
205 199 
205 199 
205 199 
205 199 
205 196 
167 413 
205 188 
205 199 
211 196 
600 472 
194 199 
205 199 
205 199 
205 202 
205 199 
194 196 
202 199 
205 196 
191 199 
208 202 
369 188 
202 199 
612 202 
205 188 
856 188 
191 199 
205 199 
205 199 
205 199 
205 196 
205 199 
208 199 
205 196 
191 199 
779 589 
208 196 
202 199 
205 196 
205 188 
205 199 
205 199 
205 202 
300 291 
205 202 
205 199 
205 199 
205 196 
205 199 
205 199 
205 196 
191 199 
205 199 
345 196 
202 199 
205 199 
205 199 
205 196 
205 199 
202 199 
205 196 
191 199 
217 188 
728 630 
478 202 
205 199 
710 188 
205 196 
202 202 
205 199 
205 196 
191 199 
208 202 
205 199 
205 188 
205 199 
205 199 
205 202 
205 199 
74 223 
205 199 
208 562 
205 199 
194 199 
205 199 
205 199 
205 188 
205 196 
696 348 
181 199 
205 199 
205 185 
205 196 
205 202 
205 199 
202 202 
205 188 
205 196 
205 199 
208 199 
205 202 
208 188 
205 196 
205 199 
208 199 
327 202 
202 199 
556 188 
205 199 
802 202 
205 199 
202 199 
205 199 
235 389 
208 202 
205 199 
344 755 
167 452 
208 202 
205 199 
194 196 
202 199 
205 196 
191 199 
208 202 
205 199 
205 188 
205 199 
205 199 
205 202 
205 199 
205 185 
205 199 
205 199 
205 202 
205 199 
205 199 
205 199 
205 188 
428 303 
194 199 
205 199 
205 199 
365 591 
476 196 
202 202 
181 202 
205 199 
404 188 
205 202 
633 202 
208 199 
898 188 
205 185 
440 603 
205 199 
205 199 
205 199 
205 199 
205 199 
205 199 
205 199 
205 199 
205 188 
205 199 
211 196 
202 199 
202 202 
208 185 
167 199 
202 199 
205 202 
205 202 
205 196 
205 199 
205 199 
205 196 
205 199 
205 199 
205 196 
191 199 
208 199 
205 202 
205 188 
208 199 
205 199 
205 199 
205 199 
205 185 
592 196 
493 199 
505 202 
205 199 
725 188 
458 428 
184 199 
205 196 
205 202 
205 199 
202 202 
205 188 
205 196 
205 199 
208 199 
205 202 
205 185 
205 199 
205 202 
208 199 
208 199 
208 185 
205 199 
205 199 
205 202 
205 199 
211 196 
205 202 
205 199 
205 202 
746 389 
214 188 
205 202 
208 196 
202 199 
202 202 
490 594 
443 273 
208 199 
205 202 
205 199 
205 199 
205 202 
362 202 
205 199 
580 188 
205 199 
829 202 
205 199 
208 199 
205 199 
205 202 
205 199 
211 196 
205 202 
847 416 
178 202 
205 202 
208 196 
205 199 
205 199 
205 196 
205 199 
205 188 
205 196 
66 226 
77 77 
205 199 
205 188 
205 196 
205 199 
208 199 
205 199 
205 185 
490 354 
205 199 
205 199 
205 199 
205 188 
205 199 
211 196 
202 199 
446 573 
205 188 
211 202 
208 196 
425 188 
205 202 
692 202 
205 199 
904 188 
205 196 
205 199 
77 237 
80 80 
205 199 
205 199 
205 199 
205 199 
205 199 
205 199 
205 196 
205 199 
208 199 
205 196 
191 199 
208 199 
369 583 
205 196 
205 199 
205 199 
529 775 
205 199 
205 202 
205 202 
194 199 
208 202 
205 199 
205 202 
205 199 
205 199 
205 202 
205 199 
205 196 
205 199 
205 199 
205 199 
277 188 
202 199 
678 199 
211 199 
770 188 
202 199 
208 199 
205 199 
205 185 
205 202 
570 683 
205 199 
208 199 
205 188 
205 199 
205 202 
205 199 
205 199 
205 185 
205 199 
205 199 
205 199 
205 199 
1634 199 
205 199 
205 199 
205 196 
205 199 
208 199 
205 196 
191 199 
208 199 
205 199 
205 202 
208 199 
208 196 
238 185 
205 202 
205 199 
202 202 
205 188 
205 196 
205 199 
383 202 
205 199 
615 188 
205 196 
63 680 
208 196 
202 202 
205 199 
205 199 
205 199 
205 196 
205 199 
205 199 
205 196 
399 199 
208 199 
205 202 
208 185 
205 199 
371 689 
205 199 
202 202 
205 188 
202 199 
205 199 
205 199 
205 199 
205 199 
205 202 
205 188 
205 196 
205 199 
208 199 
205 196 
205 199 
208 199 
205 199 
205 202 
205 199 
211 196 
205 202 
220 202 
178 208 
464 188 
202 188 
770 853 
205 199 
205 202 
205 202 
194 199 
208 202 
265 321 
208 199 
205 202 
205 185 
205 199 
205 199 
208 199 
205 199 
205 199 
205 199 
205 199 
205 196 
205 199 
205 199 
205 196 
191 199 
205 199 
205 199 
205 188 
205 202 
208 196 
202 199 
167 205 
205 188 
205 199 
205 202 
205 199 
205 199 
208 188 
205 199 
205 199 
205 202 
205 199 
309 188 
205 199 
728 595 
205 199 
782 188 
205 196 
202 199 
205 199 
205 202 
205 199 
205 199 
205 199 
205 188 
205 196 
886 901 
205 199 
202 202 
205 188 
205 196 
205 199 
208 199 
205 202 
205 185 
205 199 
205 202 
208 199 
205 199 
205 199 
205 199 
202 199 
205 196 
205 199 
205 199 
205 196 
191 199 
205 199 
586 767 
264 196 
202 199 
205 199 
205 199 
731 389 
202 202 
401 202 
205 202 
657 188 
205 199 
882 202 
205 199 
537 199 
208 199 
205 199 
205 199 
205 199 
205 199 
205 196 
205 199 
208 199 
205 196 
191 199 
208 199 
205 199 
205 202 
208 199 
208 196 
205 199 
205 199 
205 202 
205 202 
488 342 
208 196 
205 199 
208 199 
205 202 
205 185 
205 199 
205 202 
211 389 
205 202 
205 185 
205 199 
205 199 
205 202 
205 199 
249 202 
205 199 
508 188 
202 199 
743 202 
205 188 
202 199 
205 199 
205 202 
205 202 
205 188 
208 386 
205 202 
205 199 
205 199 
205 185 
205 199 
205 199 
208 199 
205 199 
205 185 
205 199 
205 199 
205 202 
205 199 
205 199 
205 199 
205 188 
220 199 
205 199 
205 202 
208 199 
208 196 
205 199 
205 199 
205 202 
205 202 
443 223 
205 199 
205 199 
205 196 
205 199 
205 199 
351 188 
202 199 
588 202 
205 199 
829 188 
187 199 
194 199 
205 199 
205 199 
205 188 
205 199 
211 196 
202 199 
202 202 
208 185 
205 199 
205 199 
205 202 
205 202 
205 188 
948 276 
241 199 
205 199 
202 202 
205 185 
205 199 
205 199 
205 199 
205 199 
205 199 
205 199 
205 199 
205 196 
205 199 
208 199 
205 196 
191 199 
208 199 
205 199 
205 202 
208 199 
190 188 
205 199 
425 202 
205 202 
283 369 
178 199 
912 202 
194 199 
205 199 
205 199 
205 188 
205 196 
205 199 
208 199 
205 199 
205 185 
657 889 
205 199 
205 202 
205 199 
211 196 
205 202 
205 199 
205 202 
205 199 
205 199 
205 199 
205 202 
205 199 
194 196 
223 586 
205 199 
205 202 
205 199 
205 199 
205 185 
205 199 
205 199 
205 199 
66 188 
77 77 
202 199 
205 199 
282 202 
178 760 
520 188 
205 199 
778 202 
205 196 
178 199 
205 199 
205 199 
832 375 
178 199 
205 199 
205 202 
205 202 
194 199 
410 505 
205 202 
208 185 
205 199 
205 199 
205 196 
191 199 
205 199 
205 199 
205 202 
77 77 
194 199 
205 199 
205 199 
205 188 
205 196 
205 199 
205 199 
208 199 
208 188 
205 199 
205 202 
205 202 
205 199 
472 1037 
208 199 
191 199 
205 196 
366 188 
205 185 
520 850 
178 199 
847 188 
202 199 
205 199 
205 199 
205 199 
205 196 
205 199 
208 199 
205 196 
191 199 
208 199 
205 199 
205 202 
208 199 
208 196 
205 199 
205 199 
205 202 
205 202 
978 921 
181 199 
202 202 
205 196 
205 199 
205 199 
205 196 
191 199 
205 199 
205 202 
205 188 
208 199 
205 199 
205 199 
271 642 
205 188 
205 199 
211 196 
217 188 
194 196 
481 202 
208 199 
684 188 
205 196 
232 523 
208 188 
202 199 
285 835 
205 196 
205 199 
205 199 
205 196 
191 199 
208 199 
205 202 
205 188 
208 199 
205 199 
205 199 
66 226 
205 185 
205 199 
205 199 
205 202 
205 199 
205 199 
205 199 
205 185 
205 196 
214 217 
205 199 
202 202 
205 188 
205 196 
547 457 
202 199 
205 199 
205 188 
205 196 
205 199 
208 199 
327 202 
202 199 
556 188 
205 199 
802 202 
205 199 
202 199 
205 199 
205 202 
205 196 
205 199 
205 199 
205 199 
191 199 
205 202 
205 199 
205 188 
205 199 
448 202 
205 202 
205 199 
205 199 
205 202 
205 188 
205 196 
820 235 
181 199 
205 199 
205 199 
205 196 
205 199 
208 199 
205 196 
191 199 
208 199 
205 199 
205 202 
208 199 
208 196 
205 199 
205 199 
211 199 
202 202 
413 188 
205 199 
378 1522 
205 199 
898 188 
205 185 
205 199 
205 202 
208 199 
357 265 
202 188 
208 199 
205 199 
205 199 
205 199 
205 185 
208 199 
205 202 
205 199 
604 523 
202 188 
202 199 
205 199 
205 202 
205 202 
205 188 
202 199 
205 199 
205 199 
345 927 
205 188 
205 199 
205 199 
205 202 
205 199 
205 185 
205 199 
205 199 
205 202 
205 199 
205 199 
268 188 
194 196 
505 202 
205 199 
746 188 
205 199 
194 199 
208 199 
208 199 
205 202 
205 202 
194 199 
285 294 
942 377 
264 202 
205 202 
205 185 
205 199 
205 202 
208 199 
205 199 
205 199 
205 199 
205 199 
205 196 
205 199 
205 199 
205 196 
191 199 
205 199 
205 199 
205 188 
205 202 
208 196 
202 199 
202 202 
205 188 
202 199 
404 396 
205 199 
205 202 
205 185 
205 199 
359 202 
205 199 
580 188 
205 199 
722 784 
586 185 
205 202 
205 202 
202 199 
205 199 
205 188 
205 196 
205 199 
208 199 
205 199 
205 188 
205 199 
262 714 
205 196 
202 202 
205 199 
205 196 
191 199 
223 214 
205 199 
205 199 
208 199 
205 202 
208 199 
205 199 
205 199 
205 199 
205 199 
205 199 
202 199 
205 202 
205 199 
205 202 
205 196 
205 199 
457 461 
199 202 
208 196 
425 188 
205 202 
692 202 
205 199 
901 188 
205 196 
205 199 
662 597 
208 199 
205 199 
205 199 
205 199 
205 199 
205 199 
205 199 
205 199 
194 199 
205 199 
205 199 
205 188 
205 196 
205 199 
208 199 
205 199 
205 188 
205 199 
205 199 
205 202 
205 202 
194 199 
208 202 
514 529 
642 188 
654 199 
208 185 
205 199 
205 202 
208 199 
205 199 
205 199 
205 199 
274 188 
205 199 
526 202 
205 202 
764 188 
202 199 
208 199 
205 199 
205 199 
205 199 
191 199 
205 202 
205 199 
234 345 
205 199 
205 199 
205 196 
642 918 
202 199 
205 196 
191 199 
208 220 
205 199 
208 199 
205 196 
205 199 
208 199 
205 199 
178 395 
208 196 
191 199 
208 199 
205 199 
205 202 
208 199 
205 188 
205 199 
205 199 
205 202 
205 202 
194 199 
208 202 
205 199 
199 356 
205 199 
618 188 
205 196 
853 202 
205 196 
205 199 
205 199 
205 199 
205 199 
205 199 
66 223 
74 223 
208 199 
205 202 
205 199 
205 202 
208 185 
205 199 
252 371 
208 202 
205 202 
205 196 
205 199 
205 199 
205 202 
205 199 
208 185 
265 589 
208 196 
208 199 
205 202 
205 188 
208 199 
205 199 
205 199 
205 199 
205 185 
205 199 
205 199 
205 202 
229 202 
205 196 
473 188 
205 199 
716 202 
205 199 
205 196 
205 199 
205 188 
205 196 
205 199 
208 766 
268 188 
208 199 
205 202 
482 529 
205 196 
205 199 
205 199 
205 199 
205 199 
205 199 
523 517 
208 185 
208 199 
205 202 
205 199 
205 202 
208 185 
205 199 
205 199 
205 202 
205 202 
208 188 
205 199 
208 196 
205 199 
205 199 
713 389 
550 202 
205 199 
205 202 
205 199 
315 188 
205 199 
567 202 
205 196 
797 188 
205 185 
205 199 
205 199 
77 939 
205 199 
205 202 
208 199 
208 196 
205 199 
205 199 
205 202 
205 202 
194 199 
208 202 
205 199 
208 185 
205 199 
205 199 
205 532 
208 199 
208 199 
205 199 
205 185 
205 199 
205 199 
205 202 
205 199 
211 196 
205 202 
205 199 
205 202 
205 199 
205 199 
205 199 
205 202 
205 199 
176 188 
249 609 
413 202 
205 202 
657 188 
205 199 
882 202 
205 199 
282 303 
425 199 
205 202 
205 185 
205 199 
205 199 
205 202 
205 199 
205 199 
205 199 
205 188 
205 196 
205 199 
208 199 
205 199 
205 188 
205 199 
205 199 
205 202 
410 398 
208 199 
208 202 
205 199 
205 202 
205 199 
205 199 
276 553 
205 202 
205 196 
205 199 
205 199 
511 389 
283 199 
208 199 
205 199 
261 202 
208 199 
508 188 
202 199 
743 202 
205 188 
202 199 
205 199 
205 196 
194 196 
202 199 
205 196 
191 199 
208 202 
205 199 
205 188 
205 199 
205 199 
205 202 
746 345 
208 185 
205 199 
205 199 
205 202 
205 199 
205 199 
205 199 
205 188 
205 196 
205 199 
380 380 
205 199 
16563 246 
0 0 
0 0 
0 0 
0 0 
0 0 
0 0 
211 211 
472 226 
205 202 
205 199 
351 185 
205 202 
220 259 
205 202 
817 185 
205 199 
194 199 
202 188 
205 199 
202 196 
205 196 
205 199 
205 199 
202 199 
205 188 
205 199 
194 199 
205 202 
202 199 
205 188 
205 199 
194 199 
535 240 
202 196 
205 185 
205 202 
191 199 
535 359 
205 202 
202 196 
202 196 
205 199 
351 336 
205 202 
202 199 
205 196 
205 199 
205 199 
202 199 
205 196 
205 202 
176 185 
205 199 
422 199 
202 196 
687 185 
205 185 
909 199 
191 199 
202 199 
205 199 
205 185 
205 202 
191 199 
422 315 
205 199 
205 199 
205 202 
202 199 
205 199 
205 202 
784 264 
205 202 
205 196 
205 196 
194 199 
208 196 
205 199 
205 199 
205 196 
205 202 
202 199 
205 196 
205 202 
205 196 
205 202 
202 199 
208 196 
205 199 
1471 1090 
170 199 
202 196 
205 196 
205 199 
291 199 
202 199 
529 185 
205 196 
778 199 
205 196 
194 199 
208 196 
205 199 
205 188 
205 196 
208 196 
909 202 
205 199 
205 188 
205 199 
194 199 
202 199 
205 199 
205 185 
205 202 
770 493 
205 196 
202 202 
202 199 
202 196 
205 199 
205 199 
205 202 
202 196 
205 196 
205 199 
205 199 
202 199 
570 591 
202 202 
194 196 
202 199 
205 199 
205 185 
205 202 
202 196 
205 196 
384 185 
205 199 
609 199 
202 185 
223 199 
419 354 
205 196 
202 196 
205 199 
205 199 
205 202 
202 199 
205 196 
202 199 
205 199 
202 199 
205 196 
205 202 
194 196 
205 199 
205 199 
205 185 
205 202 
202 196 
205 196 
205 202 
205 196 
205 202 
205 199 
205 196 
283 740 
205 199 
202 199 
208 185 
205 199 
205 199 
202 199 
205 202 
205 185 
205 199 
445 535 
77 202 
66 69 
466 199 
205 202 
684 185 
205 196 
194 199 
202 199 
205 199 
205 199 
205 196 
205 202 
202 199 
208 196 
205 199 
636 199 
205 202 
202 196 
202 196 
205 199 
205 199 
205 202 
202 199 
205 196 
205 199 
205 199 
202 199 
205 196 
205 199 
194 196 
205 199 
205 300 
202 199 
205 199 
205 188 
205 199 
506 541 
178 199 
205 199 
202 199 
208 199 
205 196 
205 517 
318 199 
202 199 
553 185 
205 196 
802 199 
202 199 
205 196 
205 199 
205 199 
205 196 
208 199 
202 199 
205 196 
205 199 
205 199 
202 199 
205 188 
205 199 
194 199 
205 202 
205 202 
202 199 
208 196 
205 199 
865 220 
205 196 
205 185 
205 202 
202 199 
205 202 
205 196 
205 202 
288 199 
194 196 
205 199 
205 199 
205 188 
205 199 
77 234 
205 196 
205 199 
205 196 
205 199 
410 185 
208 202 
630 199 
205 199 
877 185 
208 188 
205 196 
648 199 
205 196 
202 202 
202 199 
205 202 
205 196 
205 202 
205 199 
205 196 
205 199 
205 199 
205 196 
208 199 
202 199 
205 196 
205 199 
342 357 
205 199 
205 196 
205 199 
205 199 
205 196 
205 202 
202 199 
208 196 
205 199 
238 621 
194 196 
205 199 
202 196 
205 199 
205 199 
167 199 
205 199 
250 185 
208 196 
505 199 
205 202 
743 185 
205 196 
208 185 
205 199 
202 199 
205 196 
205 199 
202 199 
208 202 
205 202 
202 199 
205 199 
205 188 
226 740 
535 446 
205 196 
202 199 
208 185 
205 199 
205 199 
202 199 
205 202 
205 185 
205 199 
202 196 
205 196 
194 199 
208 196 
205 196 
205 199 
202 199 
205 199 
205 185 
205 202 
202 196 
205 196 
194 199 
202 199 
208 199 
202 217 
600 199 
586 185 
208 199 
823 199 
202 199 
205 199 
205 202 
202 199 
205 196 
205 199 
205 199 
211 538 
205 199 
208 196 
208 185 
205 199 
202 199 
205 196 
205 199 
202 199 
208 202 
205 202 
202 199 
205 199 
205 185 
205 202 
262 185 
202 199 
205 199 
205 188 
205 199 
194 199 
202 199 
205 199 
205 188 
167 199 
208 196 
202 199 
205 199 
205 188 
211 199 
194 196 
425 185 
205 199 
674 199 
205 196 
544 523 
181 202 
202 199 
205 199 
205 196 
205 199 
205 196 
404 615 
202 196 
202 196 
205 199 
205 199 
205 202 
202 199 
205 196 
205 199 
205 199 
202 199 
205 196 
205 202 
194 196 
205 199 
205 199 
208 185 
205 199 
202 196 
205 196 
205 202 
205 196 
205 202 
205 199 
205 196 
321 279 
205 196 
205 202 
202 199 
205 202 
378 461 
288 199 
529 199 
202 196 
770 185 
205 199 
205 196 
208 199 
202 199 
205 196 
205 199 
205 199 
202 199 
205 188 
205 199 
194 199 
205 202 
205 199 
202 199 
208 199 
205 185 
205 196 
222 375 
202 199 
205 199 
205 188 
205 196 
208 199 
202 199 
205 199 
205 188 
205 196 
208 196 
202 199 
205 196 
564 291 
490 199 
205 202 
202 199 
205 196 
205 199 
208 202 
205 202 
383 199 
205 202 
615 185 
205 199 
179 271 
205 199 
205 199 
205 199 
205 202 
205 199 
205 199 
205 199 
205 196 
205 199 
205 199 
205 196 
208 199 
202 199 
205 196 
205 199 
205 199 
202 199 
205 188 
205 199 
194 199 
205 202 
205 202 
1001 401 
202 196 
205 199 
178 698 
205 199 
205 199 
205 202 
202 199 
202 196 
205 199 
205 196 
205 199 
205 188 
205 196 
246 199 
205 196 
473 185 
205 199 
716 199 
202 199 
205 185 
205 202 
202 196 
205 196 
202 202 
205 196 
205 202 
1164 1055 
300 199 
205 199 
205 199 
205 202 
202 199 
202 196 
205 199 
205 199 
205 202 
787 199 
208 199 
205 196 
205 196 
194 199 
77 223 
77 226 
202 199 
205 196 
205 202 
202 199 
205 196 
205 202 
389 585 
202 199 
202 185 
205 202 
191 199 
205 811 
170 188 
309 185 
205 202 
561 199 
205 199 
794 185 
208 188 
205 199 
194 196 
205 199 
205 199 
205 188 
205 199 
202 196 
74 223 
66 77 
523 369 
205 196 
205 188 
205 199 
194 199 
202 199 
205 199 
205 185 
205 202 
191 199 
674 624 
205 202 
202 199 
202 196 
205 199 
205 199 
205 202 
202 196 
205 196 
205 199 
205 199 
202 199 
205 188 
205 199 
194 196 
202 199 
214 199 
205 188 
413 199 
205 199 
657 185 
205 196 
885 199 
205 202 
847 297 
312 199 
289 381 
208 199 
202 196 
205 199 
205 199 
205 202 
202 199 
205 196 
205 199 
205 199 
202 199 
205 196 
205 202 
194 196 
205 199 
205 199 
205 185 
205 202 
202 196 
205 196 
205 202 
205 196 
205 202 
205 199 
235 600 
708 199 
205 196 
205 202 
202 199 
205 202 
205 196 
205 202 
205 199 
267 199 
253 612 
488 185 
205 199 
740 199 
205 188 
205 199 
194 196 
202 199 
205 199 
74 558 
202 199 
202 199 
205 196 
205 202 
202 199 
208 196 
205 199 
205 199 
853 202 
205 199 
202 196 
205 199 
205 199 
205 202 
202 199 
205 196 
205 199 
205 199 
202 199 
205 196 
205 202 
194 196 
205 199 
205 199 
205 185 
205 202 
481 199 
208 202 
205 202 
202 199 
205 199 
205 185 
342 185 
205 202 
585 199 
182 199 
835 185 
205 199 
194 199 
202 199 
205 199 
205 188 
205 199 
194 196 
202 199 
205 199 
205 188 
205 199 
202 196 
205 196 
194 199 
202 199 
205 199 
205 199 
205 196 
205 202 
202 199 
208 196 
205 199 
205 264 
440 410 
181 202 
205 196 
205 199 
205 199 
205 202 
202 199 
205 211 
205 188 
205 196 
208 196 
202 199 
205 196 
208 185 
205 199 
422 199 
202 196 
687 185 
282 404 
877 199 
202 199 
205 196 
205 199 
202 199 
205 199 
205 199 
205 582 
235 199 
208 188 
205 199 
194 199 
202 199 
205 199 
205 188 
205 199 
194 196 
202 199 
205 199 
205 188 
205 199 
191 199 
205 202 
202 199 
205 188 
205 199 
194 199 
205 202 
205 202 
202 199 
208 196 
205 199 
205 199 
606 372 
208 188 
205 199 
194 199 
294 199 
202 199 
529 185 
205 196 
778 199 
205 196 
194 199 
208 196 
205 199 
205 188 
205 196 
208 196 
202 199 
205 196 
353 719 
205 199 
205 199 
205 196 
205 202 
205 199 
205 196 
205 199 
205 199 
241 383 
202 199 
205 199 
202 202 
205 196 
205 199 
202 196 
205 196 
205 199 
205 196 
205 199 
202 199 
205 196 
205 199 
205 199 
202 199 
205 188 
205 199 
194 199 
205 202 
366 185 
205 199 
609 199 
202 185 
853 2262 
1554 413 
921 1304 
167 199 
202 199 
205 202 
205 196 
205 202 
205 199 
194 196 
205 199 
205 199 
205 188 
205 199 
202 196 
205 196 
205 199 
205 196 
205 199 
205 188 
205 199 
194 199 
202 199 
205 199 
205 185 
205 202 
191 199 
365 351 
205 199 
208 185 
205 199 
205 199 
202 199 
205 202 
205 185 
205 199 
202 196 
499 273 
205 202 
463 199 
205 202 
684 185 
205 196 
194 199 
202 199 
205 199 
205 199 
205 196 
205 202 
202 199 
208 196 
205 199 
205 199 
339 431 
790 199 
205 199 
205 202 
205 196 
208 199 
208 199 
205 199 
205 202 
205 199 
205 199 
205 188 
205 199 
202 196 
205 199 
205 199 
205 185 
205 202 
202 196 
372 369 
205 199 
205 196 
205 202 
205 199 
205 196 
205 199 
205 199 
318 199 
255 428 
568 185 
205 196 
802 199 
202 199 
205 196 
452 577 
205 199 
205 196 
208 199 
202 199 
205 196 
205 199 
205 199 
202 199 
205 188 
205 199 
194 199 
205 202 
205 202 
202 199 
208 196 
205 199 
205 199 
205 199 
567 389 
178 597 
226 199 
208 199 
205 202 
202 199 
205 196 
205 199 
205 199 
202 199 
205 196 
205 202 
194 196 
205 199 
205 199 
205 185 
66 226 
74 220 
205 196 
630 199 
205 199 
877 185 
208 188 
205 196 
205 202 
202 196 
942 594 
205 185 
205 199 
205 199 
202 199 
205 202 
205 185 
205 199 
202 196 
205 196 
286 354 
208 188 
205 193 
205 199 
205 199 
202 199 
205 188 
205 199 
66 237 
77 80 
202 202 
202 199 
208 196 
205 199 
205 199 
205 199 
205 188 
205 199 
238 377 
205 196 
202 202 
202 199 
250 185 
208 196 
505 199 
205 202 
743 185 
205 196 
208 185 
205 199 
202 199 
205 196 
205 199 
175 728 
205 196 
253 606 
208 199 
205 199 
205 185 
205 202 
191 199 
202 199 
205 199 
205 188 
205 199 
194 199 
538 199 
205 202 
205 185 
205 199 
202 196 
205 196 
194 199 
208 196 
205 199 
205 199 
205 196 
205 202 
202 199 
205 196 
205 202 
205 196 
202 202 
202 199 
208 196 
333 199 
205 202 
574 185 
208 199 
823 585 
246 511 
205 199 
612 202 
205 199 
205 196 
205 199 
205 199 
202 199 
205 196 
205 202 
194 196 
205 199 
205 199 
205 185 
205 202 
202 196 
205 196 
205 202 
205 196 
66 226 
202 199 
205 196 
205 199 
205 199 
205 202 
202 199 
202 196 
681 199 
342 196 
205 199 
205 196 
208 205 
208 205 
205 194 
187 211 
173 205 
196 202 
196 202 
1622 844 
309 247 
181 228 
184 202 
199 232 
217 194 
211 208 
211 205 
211 202 
214 205 
184 202 
214 211 
234 348 
330 205 
211 205 
214 205 
2101 270 
226 208 
211 205 
211 211 
225 202 
217 205 
217 205 
214 202 
173 205 
184 205 
211 211 
187 205 
217 211 
211 202 
208 199 
214 208 
222 211 
211 226 
214 211 
211 208 
687 205 
291 208 
211 252 
211 208 
214 191 
300 217 
214 211 
945 374 
214 205 
764 205 
217 205 
208 208 
193 208 
208 205 
199 211 
208 202 
211 211 
208 205 
211 205 
214 211 
217 229 
220 205 
211 202 
217 208 
187 238 
217 208 
220 202 
205 211 
211 205 
181 211 
208 211 
211 223 
1025 612 
633 309 
184 205 
211 205 
217 205 
208 205 
211 205 
184 214 
211 208 
199 208 
173 850 
211 205 
211 205 
211 205 
761 199 
211 205 
371 205 
214 202 
586 190 
214 205 
865 202 
208 208 
208 205 
211 202 
208 205 
208 211 
594 577 
223 220 
178 208 
193 214 
196 199 
199 205 
214 202 
205 202 
181 211 
173 205 
187 303 
170 199 
220 205 
205 214 
205 612 
217 220 
208 208 
214 202 
214 205 
782 369 
267 208 
211 223 
220 315 
208 199 
181 205 
178 196 
208 199 
362 407 
553 202 
193 202 
179 205 
360 205 
202 205 
181 214 
211 202 
190 202 
187 205 
184 208 
187 214 
898 208 
211 208 
214 205 
179 267 
333 318 
170 205 
184 205 
223 205 
181 222 
223 205 
211 226 
303 205 
173 205 
1111 933 
211 202 
173 205 
208 214 
713 202 
202 240 
357 378 
475 205 
181 202 
205 208 
211 223 
214 202 
309 202 
217 222 
182 211 
199 202 
422 211 
184 205 
184 199 
208 202 
208 199 
211 205 
190 208 
193 211 
529 208 
190 202 
199 428 
211 205 
184 205 
211 211 
208 205 
208 205 
184 205 
199 208 
223 270 
217 238 
170 205 
211 205 
187 199 
187 208 
190 291 
508 342 
211 208 
181 205 
190 211 
187 205 
211 208 
187 205 
184 208 
211 205 
229 194 
193 202 
1123 454 
193 217 
193 208 
211 205 
244 277 
235 208 
235 188 
211 208 
184 211 
170 211 
184 208 
214 205 
232 252 
377 208 
176 205 
633 205 
184 205 
176 205 
211 208 
181 208 
187 205 
208 220 
193 996 
202 202 
208 202 
211 205 
211 202 
214 205 
425 794 
225 202 
208 205 
211 211 
243 205 
214 202 
222 205 
431 232 
211 208 
211 205 
214 205 
238 202 
689 199 
205 205 
362 208 
187 205 
173 214 
187 205 
211 214 
211 205 
211 202 
211 208 
181 196 
208 211 
505 749 
187 208 
339 205 
181 205 
214 211 
211 208 
211 238 
1730 455 
208 202 
208 205 
252 202 
208 214 
228 205 
190 205 
187 205 
184 205 
214 208 
208 208 
184 208 
83 232 
80 188 
211 202 
211 211 
211 202 
208 214 
211 205 
1257 191 
223 205 
214 234 
211 202 
193 205 
214 205 
208 205 
208 309 
330 366 
247 220 
247 279 
226 238 
255 276 
627 247 
229 232 
264 238 
1397 711 
253 205 
220 226 
217 202 
223 244 
80 386 
80 92 
797 205 
187 205 
170 208 
187 208 
232 568 
184 202 
208 205 
211 205 
211 208 
193 199 
184 208 
211 205 
176 211 
187 188 
214 199 
279 232 
309 205 
211 208 
214 205 
211 202 
231 211 
214 226 
173 205 
211 202 
211 202 
176 211 
211 205 
300 214 
181 205 
1744 202 
425 437 
211 205 
184 428 
181 205 
184 208 
176 205 
312 410 
179 211 
184 208 
167 208 
544 205 
669 205 
211 202 
184 188 
217 205 
228 205 
208 208 
211 205 
211 205 
211 202 
228 205 
217 208 
211 208 
214 202 
232 208 
211 205 
211 205 
208 279 
214 194 
208 208 
184 208 
184 205 
217 208 
229 324 
511 202 
211 205 
333 241 
247 205 
187 205 
184 202 
217 205 
220 211 
214 205 
214 252 
214 188 
214 214 
205 202 
211 205 
208 208 
214 202 
208 208 
681 384 
214 202 
208 208 
749 202 
208 199 
211 205 
211 205 
83 240 
214 252 
208 205 
69 229 
211 208 
211 205 
208 205 
217 205 
214 199 
214 208 
214 205 
208 211 
710 282 
214 205 
214 205 
217 205 
214 214 
214 202 
244 232 
559 240 
211 205 
214 202 
211 191 
208 205 
208 205 
208 205 
208 199 
214 205 
214 208 
217 211 
217 214 
228 211 
223 208 
214 208 
214 208 
357 205 
211 217 
618 202 
211 202 
856 214 
220 208 
225 199 
214 253 
208 223 
419 363 
214 208 
231 208 
214 208 
246 202 
211 208 
2199 345 
609 211 
211 205 
550 261 
226 324 
211 208 
184 205 
211 191 
211 205 
208 188 
208 199 
211 205 
214 205 
482 205 
184 211 
211 202 
208 202 
187 208 
211 202 
211 199 
208 205 
434 672 
541 199 
214 202 
208 205 
217 205 
202 205 
173 199 
170 202 
211 202 
663 205 
208 208 
208 202 
222 202 
211 202 
211 205 
594 775 
211 205 
211 205 
211 202 
211 205 
211 208 
211 202 
211 208 
214 205 
214 202 
187 196 
184 520 
184 199 
214 202 
217 208 
184 208 
208 205 
222 205 
214 202 
208 205 
211 194 
229 202 
214 205 
211 211 
187 208 
184 205 
211 205 
211 211 
211 211 
211 205 
211 208 
208 211 
181 205 
211 191 
211 205 
695 276 
274 722 
903 202 
220 205 
211 261 
187 205 
214 205 
181 205 
211 211 
225 208 
208 202 
176 205 
190 220 
214 214 
170 205 
208 202 
184 208 
187 205 
618 205 
211 205 
208 191 
208 205 
214 194 
181 211 
208 199 
208 205 
333 413 
220 253 
240 211 
208 208 
208 211 
211 208 
211 202 
211 208 
570 594 
208 188 
214 202 
211 205 
306 208 
214 205 
208 205 
378 205 
211 205 
173 208 
222 202 
871 208 
208 208 
214 208 
214 205 
211 211 
184 208 
211 205 
211 205 
211 205 
517 502 
211 208 
225 214 
208 208 
211 205 
211 205 
208 202 
211 205 
205 208 
208 199 
211 205 
187 202 
211 208 
184 208 
214 211 
181 208 
214 255 
214 202 
538 526 
199 199 
888 202 
265 226 
238 253 
217 252 
289 229 
244 279 
193 255 
309 1028 
258 208 
208 205 
214 191 
173 202 
173 205 
187 217 
208 199 
217 205 
179 199 
870 208 
173 208 
214 208 
181 202 
173 315 
208 205 
184 202 
184 214 
214 205 
214 205 
234 208 
214 208 
190 211 
187 205 
208 205 
205 250 
184 1052 
208 202 
187 205 
208 202 
184 205 
580 208 
208 205 
214 199 
214 202 
208 202 
211 205 
523 499 
597 321 
208 205 
184 205 
184 205 
214 199 
211 202 
211 208 
294 246 
184 247 
187 238 
817 199 
211 205 
211 202 
591 360 
187 205 
208 202 
303 241 
217 238 
211 202 
184 235 
208 205 
214 223 
187 208 
892 211 
211 211 
211 205 
211 208 
208 205 
211 205 
208 199 
184 211 
211 205 
211 202 
220 202 
208 208 
208 208 
211 223 
214 205 
223 205 
208 499 
187 205 
246 229 
229 247 
264 205 
273 235 
235 223 
256 255 
107 288 
113 131 
333 220 
211 202 
674 202 
223 211 
0 0 
0 0 
184 229 
173 202 
481 1260 
211 205 
214 235 
211 205 
222 202 
184 208 
176 208 
217 205 
211 205 
214 205 
258 966 
222 208 
211 205 
211 211 
208 205 
208 199 
211 205 
211 199 
208 205 
208 205 
187 211 
214 205 
211 205 
211 214 
211 208 
208 208 
211 205 
211 208 
746 365 
222 214 
208 202 
211 205 
214 208 
265 199 
214 205 
1242 321 
279 268 
746 232 
214 205 
217 205 
214 202 
211 202 
208 229 
217 202 
211 205 
208 202 
208 205 
214 191 
211 205 
225 205 
217 205 
211 211 
208 194 
211 205 
208 205 
211 211 
208 202 
208 205 
211 202 
217 208 
208 211 
306 360 
588 205 
211 202 
211 208 
214 214 
208 205 
211 205 
211 205 
214 194 
211 208 
208 205 
211 208 
217 318 
211 208 
211 202 
380 205 
214 205 
586 205 
211 191 
835 211 
211 205 
208 205 
214 202 
86 205 
214 202 
211 202 
324 487 
214 205 
211 202 
208 208 
222 202 
214 214 
217 205 
214 205 
214 208 
222 208 
214 208 
211 208 
214 208 
211 202 
211 211 
217 205 
262 238 
220 202 
211 199 
214 205 
214 205 
214 202 
190 529 
214 208 
217 205 
211 205 
2754 374 
211 194 
214 208 
220 205 
217 214 
255 359 
455 205 
214 211 
695 214 
211 205 
211 208 
220 211 
214 205 
214 208 
211 202 
211 188 
211 205 
217 199 
214 211 
231 214 
208 208 
208 202 
214 202 
214 205 
211 205 
211 202 
291 621 
222 202 
208 194 
208 205 
211 211 
173 202 
181 247 
618 208 
407 591 
196 240 
208 199 
185 202 
184 208 
208 214 
214 202 
223 208 
217 208 
208 202 
179 223 
211 202 
211 199 
315 185 
208 202 
561 199 
205 199 
794 185 
208 188 
205 199 
194 196 
205 199 
205 199 
205 188 
205 202 
194 196 
205 199 
205 199 
205 185 
205 202 
202 196 
205 196 
202 969 
211 645 
205 199 
205 185 
205 202 
191 199 
202 199 
205 199 
205 188 
205 199 
194 199 
202 199 
205 199 
205 188 
205 199 
194 196 
202 199 
205 199 
205 188 
327 208 
419 312 
205 196 
176 185 
205 196 
401 199 
205 199 
657 185 
205 196 
885 199 
205 202 
191 199 
205 202 
205 276 
205 185 
205 202 
202 199 
205 202 
205 196 
205 484 
532 199 
208 196 
205 199 
205 199 
205 188 
205 199 
202 196 
205 196 
205 199 
205 196 
205 199 
205 188 
205 199 
194 199 
202 199 
205 199 
205 185 
205 202 
205 199 
205 199 
205 202 
202 199 
202 196 
205 199 
205 199 
205 202 
249 199 
205 199 
505 185 
205 199 
740 199 
205 188 
1620 348 
205 199 
205 199 
202 199 
205 188 
205 199 
194 199 
205 202 
205 202 
202 199 
208 196 
205 199 
205 199 
205 199 
205 188 
205 199 
194 199 
205 202 
202 199 
205 202 
205 199 
194 196 
205 199 
205 199 
205 188 
205 199 
202 196 
205 196 
205 199 
205 196 
205 199 
205 188 
205 199 
610 612 
202 199 
205 199 
205 185 
342 185 
205 202 
585 199 
205 199 
826 185 
205 199 
194 199 
202 199 
205 571 
205 196 
205 196 
205 199 
205 199 
202 199 
205 188 
205 199 
194 196 
202 199 
205 199 
205 185 
205 202 
202 196 
205 196 
194 199 
202 199 
208 199 
205 185 
205 196 
208 196 
205 199 
202 196 
205 199 
728 850 
205 199 
205 202 
205 199 
194 196 
205 199 
205 199 
205 188 
205 199 
193 185 
205 199 
422 199 
202 196 
687 185 
205 185 
909 199 
205 202 
205 196 
205 202 
205 199 
205 196 
205 199 
205 199 
205 202 
202 199 
202 196 
205 199 
205 199 
205 202 
202 196 
205 196 
205 199 
428 612 
583 188 
202 199 
202 196 
205 199 
205 199 
202 199 
205 188 
205 199 
194 199 
205 202 
205 199 
202 199 
205 199 
205 185 
205 196 
208 196 
205 199 
202 196 
205 199 
74 226 
66 66 
529 185 
205 196 
778 199 
205 196 
194 199 
208 188 
205 202 
194 196 
493 80 
205 199 
208 196 
205 199 
202 199 
208 202 
342 365 
202 199 
205 199 
205 185 
205 202 
191 199 
202 199 
205 199 
202 199 
202 196 
205 199 
205 199 
66 229 
77 77 
208 199 
202 196 
205 196 
194 199 
208 196 
205 199 
205 199 
205 196 
205 202 
202 199 
205 199 
205 199 
205 196 
366 185 
205 199 
609 199 
202 185 
853 185 
205 199 
261 199 
202 199 
205 188 
205 196 
208 199 
202 199 
205 199 
208 196 
205 199 
205 199 
205 188 
205 199 
202 196 
205 196 
205 199 
205 196 
205 199 
205 188 
205 199 
194 199 
202 199 
205 199 
205 185 
205 202 
191 199 
202 199 
205 199 
205 188 
205 199 
194 199 
202 199 
205 199 
796 600 
178 202 
202 196 
226 185 
205 199 
481 199 
205 202 
205 250 
205 199 
205 199 
205 185 
205 202 
202 196 
205 196 
194 199 
202 199 
205 199 
205 185 
205 196 
208 196 
205 199 
202 196 
948 202 
205 199 
202 202 
205 185 
205 199 
202 196 
74 226 
194 196 
202 199 
205 196 
208 185 
844 196 
205 199 
205 196 
205 199 
202 199 
669 277 
170 188 
205 199 
205 199 
202 199 
208 199 
205 196 
205 196 
315 199 
202 199 
553 185 
205 196 
802 199 
202 199 
205 196 
205 199 
205 199 
205 196 
194 199 
208 196 
363 838 
360 603 
208 196 
194 199 
202 199 
205 199 
205 199 
205 196 
205 202 
202 199 
208 196 
205 199 
205 196 
208 196 
205 199 
202 196 
375 196 
208 199 
205 202 
205 185 
205 199 
202 196 
205 196 
194 199 
208 196 
205 199 
205 188 
1147 380 
167 199 
202 199 
205 196 
416 185 
208 202 
630 199 
205 199 
877 185 
208 188 
205 196 
205 202 
202 196 
202 199 
208 185 
205 199 
205 199 
202 199 
205 202 
205 185 
487 511 
202 196 
205 196 
194 199 
870 847 
205 196 
205 199 
437 1093 
205 199 
205 188 
205 199 
194 199 
205 202 
205 202 
202 199 
208 196 
205 199 
205 199 
205 199 
205 188 
205 199 
194 199 
205 202 
202 199 
205 202 
253 185 
208 196 
505 199 
205 202 
743 199 
205 202 
202 185 
496 380 
205 196 
205 196 
205 199 
202 199 
208 202 
205 202 
202 199 
205 199 
1025 591 
288 199 
202 199 
205 196 
208 199 
205 199 
205 202 
202 199 
205 199 
205 202 
205 185 
205 199 
202 196 
205 196 
194 199 
208 196 
205 199 
205 199 
205 196 
208 357 
202 199 
205 199 
205 199 
205 196 
205 202 
202 199 
208 196 
333 199 
205 202 
574 185 
208 199 
823 199 
202 199 
205 199 
205 657 
223 196 
205 199 
208 188 
205 196 
208 196 
202 199 
205 196 
208 185 
205 196 
205 202 
187 199 
205 196 
205 188 
205 199 
194 199 
202 199 
990 199 
205 199 
205 196 
205 199 
205 199 
205 202 
202 199 
202 196 
205 199 
205 199 
205 202 
202 196 
205 196 
205 199 
205 199 
202 199 
205 188 
205 199 
194 196 
425 185 
898 627 
683 202 
205 199 
904 185 
205 196 
205 202 
202 199 
208 196 
205 199 
205 199 
205 199 
205 188 
205 199 
194 199 
205 199 
205 202 
202 199 
205 196 
205 199 
205 199 
202 199 
205 196 
205 202 
194 196 
205 199 
205 366 
205 199 
205 196 
208 185 
208 196 
205 202 
202 199 
205 199 
205 185 
205 199 
205 199 
205 196 
208 199 
205 199 
205 202 
297 185 
205 196 
529 199 
202 196 
770 185 
205 196 
205 196 
194 199 
208 196 
205 199 
205 199 
205 196 
205 202 
202 199 
178 544 
194 199 
208 202 
205 202 
202 199 
208 196 
205 199 
205 484 
176 188 
205 185 
205 202 
202 199 
205 202 
205 196 
205 202 
205 199 
194 196 
1221 336 
205 196 
208 188 
205 199 
194 196 
205 199 
202 199 
205 185 
205 202 
202 196 
526 416 
170 188 
389 199 
205 202 
609 185 
205 196 
853 199 
205 196 
205 202 
202 199 
205 202 
205 196 
205 202 
205 199 
205 196 
205 199 
205 199 
74 184 
63 223 
208 196 
205 199 
205 199 
205 199 
191 199 
359 609 
262 199 
205 199 
202 196 
194 199 
202 199 
208 199 
202 199 
205 199 
205 199 
205 188 
205 199 
194 199 
205 202 
202 199 
205 202 
205 199 
194 196 
205 199 
226 199 
205 196 
66 286 
63 77 
704 199 
202 199 
205 185 
372 1242 
205 199 
205 199 
205 199 
205 196 
205 202 
205 199 
205 196 
205 199 
205 199 
467 217 
205 188 
205 199 
194 199 
1004 526 
167 185 
205 185 
205 199 
202 196 
205 196 
194 199 
208 196 
205 199 
205 199 
205 196 
205 202 
202 199 
493 663 
170 188 
205 199 
194 199 
202 199 
208 199 
205 185 
205 196 
208 196 
321 185 
205 202 
561 199 
205 199 
794 185 
208 188 
205 199 
194 196 
205 199 
205 199 
330 681 
205 199 
202 185 
205 196 
208 196 
202 199 
205 196 
240 345 
202 196 
205 202 
205 196 
205 202 
205 199 
205 196 
205 199 
205 199 
205 202 
202 199 
202 196 
205 199 
205 199 
205 202 
202 196 
205 196 
202 199 
205 199 
202 199 
205 188 
205 199 
194 196 
77 223 
173 185 
564 199 
419 199 
205 199 
657 185 
205 196 
885 199 
205 202 
191 199 
178 918 
202 199 
205 199 
205 202 
202 199 
205 202 
202 199 
205 202 
205 199 
194 196 
205 199 
205 199 
205 188 
205 199 
202 196 
205 196 
205 199 
205 196 
226 609 
540 274 
205 202 
205 202 
202 199 
205 199 
208 188 
205 196 
205 202 
202 196 
202 199 
208 185 
205 199 
205 199 
315 389 
179 199 
246 199 
205 199 
505 188 
208 199 
734 199 
205 188 
205 199 
194 196 
202 199 
205 199 
520 372 
205 196 
202 202 
205 196 
205 202 
202 199 
208 196 
205 199 
205 196 
208 196 
205 199 
202 196 
205 199 
205 199 
205 202 
202 199 
205 196 
205 199 
205 199 
202 199 
205 196 
205 202 
194 455 
294 199 
205 199 
205 196 
713 386 
178 199 
205 196 
205 202 
205 196 
205 202 
205 199 
351 185 
205 202 
585 199 
205 199 
826 185 
205 199 
194 199 
202 199 
205 199 
205 188 
205 199 
194 199 
208 199 
202 199 
205 188 
205 199 
194 196 
202 199 
274 366 
674 196 
208 202 
202 185 
205 199 
194 199 
202 199 
208 199 
205 185 
505 199 
205 199 
205 199 
205 202 
202 199 
202 196 
205 199 
205 196 
205 199 
205 188 
205 196 
208 196 
202 199 
202 196 
208 185 
205 199 
422 199 
202 196 
687 185 
249 202 
874 196 
202 196 
205 199 
205 199 
202 199 
208 199 
205 196 
205 196 
205 199 
205 185 
205 199 
205 199 
202 199 
205 202 
208 188 
205 199 
601 592 
205 196 
208 199 
202 199 
205 196 
205 199 
205 199 
202 199 
205 199 
202 196 
205 202 
205 196 
205 202 
443 1082 
205 196 
205 199 
205 199 
205 199 
205 188 
205 199 
194 199 
294 199 
202 199 
529 185 
205 199 
775 199 
205 196 
194 199 
208 196 
205 199 
205 188 
205 196 
208 196 
202 199 
205 196 
208 185 
404 371 
229 312 
205 199 
898 369 
986 558 
205 199 
205 199 
205 196 
208 199 
205 199 
205 202 
202 199 
205 199 
205 202 
208 188 
205 199 
194 196 
202 199 
205 199 
205 188 
205 199 
202 196 
205 196 
194 199 
202 199 
205 199 
205 199 
205 196 
654 226 
178 196 
621 199 
202 185 
853 185 
205 199 
205 199 
205 202 
202 199 
205 199 
205 202 
205 185 
205 318 
378 185 
205 199 
205 199 
205 188 
205 199 
202 196 
205 196 
205 199 
205 196 
205 199 
205 188 
205 199 
194 199 
202 199 
205 199 
671 220 
205 202 
191 199 
202 199 
205 199 
205 188 
205 199 
194 199 
202 199 
205 199 
205 188 
205 199 
194 196 
217 185 
205 199 
481 199 
205 202 
681 185 
205 196 
194 199 
463 383 
202 199 
202 199 
205 196 
205 202 
202 199 
208 196 
185 372 
514 196 
205 199 
205 188 
205 199 
194 199 
205 202 
202 199 
205 202 
205 199 
194 196 
205 199 
205 199 
205 188 
205 199 
202 196 
74 223 
66 77 
208 185 
205 199 
202 196 
205 196 
205 202 
205 196 
205 202 
475 410 
208 196 
205 199 
205 199 
312 199 
202 199 
553 185 
205 196 
636 785 
208 199 
205 188 
205 199 
194 196 
202 199 
205 199 
205 188 
205 199 
202 196 
205 196 
194 199 
202 199 
205 199 
205 199 
205 196 
205 202 
202 199 
208 196 
205 199 
835 386 
191 199 
202 199 
205 199 
205 188 
205 196 
208 199 
202 199 
205 199 
205 188 
205 196 
208 196 
202 199 
205 196 
208 185 
205 199 
336 425 
202 199 
205 199 
410 185 
208 202 
630 199 
205 199 
877 185 
208 188 
205 196 
205 199 
205 196 
205 202 
202 199 
392 351 
194 199 
202 199 
205 199 
205 185 
205 199 
194 196 
202 199 
205 199 
205 188 
205 199 
202 196 
205 196 
194 199 
77 223 
205 199 
205 199 
205 196 
205 202 
202 199 
208 196 
205 199 
205 199 
208 1001 
205 188 
205 199 
194 199 
606 386 
202 202 
205 185 
259 185 
208 196 
505 199 
205 202 
743 185 
205 196 
208 185 
205 199 
202 199 
205 196 
205 199 
202 199 
208 202 
205 202 
202 199 
205 199 
205 185 
205 202 
205 199 
205 196 
208 199 
205 199 
1281 185 
202 199 
202 199 
205 202 
205 185 
205 199 
202 196 
205 196 
194 199 
208 196 
585 1233 
693 188 
205 196 
202 199 
205 185 
205 202 
202 196 
205 196 
194 199 
202 199 
208 199 
362 199 
205 202 
574 185 
208 199 
823 199 
202 199 
710 196 
577 185 
205 202 
205 199 
194 196 
205 199 
205 199 
205 188 
205 199 
202 196 
205 196 
205 199 
205 196 
205 199 
205 188 
205 199 
194 199 
202 199 
205 199 
454 205 
205 202 
191 199 
202 199 
205 199 
205 188 
205 199 
194 199 
202 199 
862 416 
178 202 
205 202 
205 196 
205 196 
194 199 
208 196 
193 199 
194 196 
425 185 
205 199 
674 199 
205 196 
901 274 
205 199 
194 199 
202 199 
208 199 
205 185 
205 202 
205 199 
205 199 
205 202 
202 199 
202 196 
262 341 
208 199 
205 196 
205 199 
205 199 
202 199 
229 1210 
660 199 
194 199 
202 196 
205 199 
205 196 
205 199 
205 188 
205 199 
194 199 
202 199 
205 199 
205 185 
205 202 
191 199 
202 199 
205 199 
205 188 
205 199 
280 185 
202 199 
675 205 
208 188 
773 185 
205 199 
205 196 
208 199 
202 199 
205 196 
205 199 
205 199 
202 199 
205 188 
205 199 
194 568 
181 817 
205 196 
205 185 
205 202 
205 199 
205 199 
205 199 
205 188 
205 199 
194 199 
205 202 
202 199 
205 202 
333 386 
205 199 
205 199 
205 199 
205 188 
205 199 
202 196 
205 196 
205 199 
205 196 
205 199 
205 188 
205 199 
194 199 
374 199 
205 202 
609 185 
205 196 
853 199 
205 196 
205 202 
261 202 
202 199 
205 202 
205 196 
205 199 
202 196 
443 288 
202 199 
205 196 
208 199 
202 199 
205 196 
205 199 
205 199 
202 199 
205 188 
205 199 
194 199 
205 202 
205 202 
202 199 
208 196 
205 199 
205 199 
205 199 
205 188 
205 199 
470 413 
377 196 
194 199 
202 199 
1254 241 
181 199 
205 199 
226 199 
205 196 
820 612 
508 199 
707 199 
202 199 
205 185 
205 202 
202 196 
205 196 
205 202 
205 196 
205 202 
205 199 
205 202 
205 199 
205 196 
208 199 
205 199 
205 202 
202 199 
205 199 
205 202 
205 185 
556 1031 
191 199 
202 199 
205 199 
205 188 
205 199 
202 196 
205 196 
194 199 
202 199 
205 199 
205 199 
205 196 
205 202 
514 199 
205 199 
205 199 
205 199 
205 199 
315 185 
205 202 
561 199 
205 199 
1141 199 
205 196 
205 199 
187 924 
208 199 
205 199 
205 188 
205 199 
202 196 
205 196 
205 199 
205 196 
66 223 
77 80 
205 196 
205 202 
205 196 
205 202 
205 199 
205 196 
205 199 
205 199 
205 202 
202 199 
202 196 
262 377 
202 199 
205 199 
205 188 
728 660 
194 196 
202 199 
205 199 
205 188 
205 199 
383 291 
202 196 
176 185 
205 196 
401 199 
205 199 
657 185 
205 196 
885 199 
205 202 
191 199 
205 196 
208 196 
205 199 
202 196 
205 199 
205 199 
202 202 
202 199 
205 196 
1427 514 
202 199 
205 199 
205 188 
205 199 
202 196 
205 196 
205 199 
383 333 
205 199 
205 188 
205 199 
194 199 
202 199 
205 199 
205 185 
205 202 
191 199 
202 199 
205 199 
205 188 
205 199 
194 199 
202 199 
205 199 
258 199 
475 303 
476 185 
205 199 
740 199 
205 188 
205 199 
194 196 
202 199 
205 199 
205 185 
205 202 
202 196 
77 229 
191 199 
205 199 
208 199 
1016 309 
205 199 
205 199 
205 199 
205 202 
202 199 
202 196 
205 199 
205 196 
205 199 
389 380 
205 199 
205 199 
205 188 
205 199 
202 196 
205 196 
205 199 
205 196 
167 196 
205 188 
205 199 
194 199 
202 199 
205 199 
205 185 
357 185 
205 202 
585 199 
205 199 
826 185 
205 199 
194 199 
202 199 
205 199 
205 188 
479 196 
497 199 
205 196 
205 199 
202 199 
205 196 
205 199 
205 199 
202 199 
205 185 
205 199 
194 199 
205 202 
205 202 
202 199 
208 196 
205 199 
205 199 
205 199 
205 188 
205 199 
194 199 
205 202 
202 199 
205 202 
470 589 
208 188 
205 196 
208 196 
202 199 
205 196 
208 185 
205 196 
422 199 
202 196 
687 185 
419 770 
871 199 
202 199 
205 196 
205 202 
208 188 
205 196 
205 202 
202 196 
202 199 
208 185 
205 199 
205 199 
202 199 
205 202 
362 199 
205 202 
205 196 
205 196 
194 199 
303 523 
205 202 
205 196 
205 196 
194 199 
202 199 
205 199 
205 199 
205 196 
205 202 
202 199 
208 196 
205 199 
205 199 
205 199 
205 467 
710 199 
205 199 
279 199 
202 199 
529 185 
205 196 
778 199 
205 196 
185 199 
205 199 
205 196 
208 185 
205 199 
202 199 
205 196 
205 199 
202 199 
208 202 
205 202 
202 199 
205 199 
196 208 
0 0 
181 202 
817 211 
0 0 
0 0 
187 205 
205 211 
205 196 
205 199 
205 202 
1123 389 
205 199 
205 196 
205 199 
202 199 
178 523 
208 202 
205 199 
194 196 
202 199 
205 196 
191 199 
208 202 
369 188 
202 199 
612 202 
205 188 
856 188 
191 199 
202 199 
205 199 
205 199 
205 196 
205 199 
208 199 
205 196 
191 1180 
208 199 
205 202 
208 185 
205 199 
205 199 
205 196 
205 202 
205 196 
205 199 
205 188 
205 196 
419 591 
208 185 
205 199 
205 185 
758 199 
194 196 
208 199 
205 199 
205 188 
205 196 
205 199 
205 199 
205 199 
205 188 
205 196 
461 389 
238 188 
205 199 
460 202 
205 199 
684 188 
208 202 
205 202 
205 188 
202 199 
205 199 
205 199 
205 199 
202 199 
205 202 
205 188 
205 196 
205 199 
208 199 
205 196 
205 199 
205 199 
205 199 
205 1078 
205 199 
205 188 
648 185 
205 202 
208 185 
205 199 
205 199 
205 196 
191 199 
208 196 
205 199 
205 188 
205 196 
205 199 
208 199 
205 202 
205 185 
205 199 
205 202 
208 199 
309 202 
205 199 
556 188 
205 199 
802 202 
205 199 
425 413 
698 199 
202 188 
205 196 
208 199 
205 199 
205 196 
191 199 
205 202 
205 199 
579 401 
205 199 
205 199 
208 202 
205 199 
205 188 
205 199 
205 199 
205 202 
205 199 
208 188 
208 199 
1001 249 
208 199 
205 199 
205 202 
205 199 
433 600 
208 199 
205 199 
205 202 
208 199 
208 196 
205 199 
205 199 
211 199 
202 202 
413 188 
208 202 
633 202 
208 199 
898 188 
205 185 
77 906 
69 226 
261 912 
205 199 
205 188 
208 199 
205 199 
205 199 
205 199 
205 185 
719 1334 
178 199 
205 199 
205 202 
208 185 
205 199 
205 199 
205 202 
202 202 
205 188 
202 199 
205 199 
208 199 
205 202 
205 185 
205 199 
202 199 
205 199 
66 226 
74 80 
205 202 
205 199 
205 199 
202 199 
205 185 
407 211 
202 199 
490 202 
205 199 
832 606 
205 199 
205 199 
205 196 
191 199 
208 196 
205 199 
205 188 
205 196 
205 199 
208 199 
205 202 
205 185 
205 199 
205 202 
208 199 
205 199 
208 199 
208 199 
205 199 
205 202 
205 199 
401 993 
208 199 
205 199 
205 202 
205 199 
276 591 
205 199 
205 199 
205 202 
205 202 
205 185 
205 202 
205 199 
205 199 
202 199 
784 199 
205 199 
359 202 
205 199 
577 188 
205 199 
829 202 
205 199 
208 199 
205 199 
205 202 
205 199 
279 930 
205 196 
191 199 
205 199 
205 199 
205 188 
205 196 
205 202 
205 199 
202 202 
205 188 
205 196 
205 199 
208 199 
205 202 
205 185 
205 199 
205 202 
208 199 
205 199 
208 199 
80 226 
256 579 
208 199 
205 199 
211 196 
238 188 
208 196 
205 199 
205 199 
205 188 
208 202 
194 196 
425 188 
205 202 
692 202 
205 199 
898 188 
205 196 
205 199 
202 199 
205 196 
191 199 
208 199 
205 199 
205 188 
208 199 
205 199 
205 199 
205 199 
217 746 
205 199 
208 196 
205 202 
205 199 
205 199 
208 199 
205 188 
205 199 
167 416 
205 202 
205 199 
208 188 
205 196 
1575 291 
208 196 
205 199 
205 188 
205 196 
205 199 
205 199 
205 199 
205 185 
205 199 
265 188 
205 199 
526 202 
214 196 
761 188 
202 199 
208 199 
205 199 
205 185 
205 202 
194 196 
202 199 
202 202 
205 188 
205 199 
205 202 
205 199 
205 199 
208 188 
205 199 
205 199 
205 202 
170 416 
205 188 
208 199 
205 199 
205 199 
205 199 
208 185 
318 597 
202 199 
205 202 
205 199 
208 196 
205 199 
205 185 
205 196 
205 202 
205 199 
202 202 
205 188 
205 196 
205 199 
383 202 
205 199 
615 188 
205 196 
853 202 
205 196 
205 199 
202 199 
205 199 
205 199 
1102 752 
167 188 
205 185 
208 199 
205 202 
802 196 
202 199 
208 196 
205 199 
205 199 
205 202 
205 202 
205 196 
208 202 
205 199 
205 199 
205 199 
202 199 
205 202 
636 199 
208 202 
205 199 
208 199 
205 199 
205 199 
205 202 
202 199 
205 199 
205 199 
665 199 
208 196 
214 202 
205 196 
473 188 
205 199 
716 202 
205 199 
205 196 
205 199 
202 188 
205 196 
205 199 
371 199 
208 199 
205 185 
205 199 
205 202 
208 199 
205 199 
205 199 
205 199 
205 199 
205 196 
205 199 
205 199 
1114 199 
194 196 
202 199 
202 202 
208 185 
205 199 
205 199 
205 202 
205 202 
208 185 
202 202 
205 199 
205 199 
205 199 
205 199 
205 202 
205 188 
205 196 
205 199 
327 188 
202 199 
567 202 
574 268 
794 188 
208 185 
202 199 
567 386 
205 196 
205 199 
208 196 
205 199 
205 185 
205 196 
205 202 
205 199 
202 202 
208 185 
205 199 
205 199 
205 202 
205 202 
208 185 
205 199 
205 202 
205 199 
205 199 
205 199 
178 199 
205 199 
202 199 
205 196 
205 199 
205 188 
1082 342 
205 199 
205 199 
205 199 
205 199 
202 199 
202 199 
211 199 
267 339 
401 202 
205 199 
639 188 
205 199 
882 202 
205 202 
194 199 
208 199 
205 202 
205 199 
205 199 
205 199 
208 199 
205 199 
205 202 
205 199 
211 196 
541 188 
205 199 
205 199 
208 199 
208 196 
205 199 
205 199 
205 202 
205 202 
194 199 
208 202 
205 199 
205 202 
205 202 
208 185 
205 199 
265 1008 
208 202 
205 199 
205 199 
205 199 
205 199 
205 196 
205 199 
252 202 
205 199 
401 838 
205 199 
743 202 
205 188 
202 199 
205 199 
208 199 
205 202 
205 188 
202 199 
205 199 
205 199 
205 199 
205 199 
205 202 
205 188 
205 196 
205 202 
205 199 
205 199 
66 188 
74 80 
178 332 
205 185 
205 199 
205 199 
205 202 
205 199 
579 740 
241 199 
194 196 
208 199 
208 199 
205 202 
205 202 
194 199 
208 202 
205 199 
205 202 
205 199 
205 199 
348 188 
202 199 
588 202 
205 199 
829 188 
205 199 
205 199 
205 199 
202 199 
205 185 
208 199 
205 202 
178 413 
205 202 
208 185 
205 199 
205 199 
208 199 
205 202 
205 188 
202 199 
205 202 
205 199 
217 199 
205 199 
205 196 
191 199 
208 199 
205 202 
205 188 
208 199 
205 199 
205 199 
205 199 
205 185 
205 199 
202 199 
205 202 
339 199 
205 196 
205 199 
202 188 
205 196 
422 202 
205 202 
681 188 
202 188 
912 202 
194 199 
205 199 
205 199 
205 188 
205 196 
205 199 
208 199 
205 199 
205 185 
205 199 
309 389 
205 199 
63 226 
205 202 
205 199 
205 202 
309 196 
205 199 
205 185 
205 202 
208 196 
202 199 
202 202 
205 185 
202 202 
389 353 
306 202 
194 199 
205 199 
205 202 
205 188 
205 196 
205 199 
208 199 
205 196 
205 199 
297 202 
208 199 
529 188 
205 199 
778 202 
205 196 
246 383 
208 199 
205 199 
205 188 
205 199 
205 199 
205 202 
476 339 
205 202 
208 202 
205 199 
205 202 
205 199 
202 199 
205 202 
205 199 
205 196 
205 199 
205 199 
205 199 
202 199 
205 199 
205 199 
205 185 
205 199 
205 202 
359 199 
205 199 
205 199 
205 196 
191 199 
202 202 
205 199 
205 188 
205 199 
208 196 
205 199 
375 188 
202 199 
612 202 
205 188 
856 188 
657 853 
205 199 
205 199 
205 199 
205 199 
205 199 
205 185 
205 199 
205 199 
205 202 
669 395 
208 199 
205 196 
205 188 
205 199 
205 199 
205 202 
205 202 
194 199 
208 202 
205 199 
205 202 
205 199 
264 199 
208 199 
205 202 
208 199 
205 199 
205 199 
205 199 
205 199 
205 196 
205 199 
205 199 
205 196 
191 199 
217 188 
663 475 
469 202 
205 196 
693 188 
187 318 
205 202 
205 199 
205 196 
205 199 
208 202 
205 199 
205 188 
205 199 
205 199 
205 202 
205 199 
208 188 
208 199 
205 199 
205 199 
205 199 
205 185 
205 199 
205 202 
205 199 
205 202 
208 289 
205 199 
205 199 
205 199 
205 199 
202 202 
205 199 
205 188 
205 196 
205 199 
208 199 
205 202 
344 297 
208 196 
191 199 
205 199 
324 202 
202 199 
556 188 
205 199 
799 202 
205 199 
202 199 
205 199 
205 202 
205 196 
247 728 
208 188 
202 199 
205 199 
205 199 
202 202 
205 188 
205 199 
205 202 
205 199 
205 199 
205 185 
205 199 
205 199 
205 199 
205 199 
205 199 
205 199 
892 185 
205 199 
205 199 
208 199 
208 199 
208 188 
205 196 
205 199 
205 199 
205 199 
205 188 
208 223 
202 199 
205 199 
202 202 
413 188 
205 199 
639 202 
208 199 
898 188 
208 188 
205 196 
205 202 
205 199 
205 199 
205 185 
205 199 
205 199 
205 202 
205 199 
211 196 
205 202 
205 199 
205 202 
205 199 
544 366 
205 202 
208 196 
202 199 
202 202 
208 185 
202 202 
205 199 
205 199 
202 199 
205 199 
205 1798 
202 794 
232 188 
194 199 
205 199 
205 199 
202 199 
205 196 
205 199 
208 199 
250 188 
194 196 
505 202 
205 199 
746 188 
205 199 
194 199 
208 199 
390 363 
202 202 
205 199 
205 188 
205 196 
205 199 
208 199 
205 202 
208 188 
205 196 
205 199 
208 199 
205 199 
205 185 
205 199 
205 199 
205 202 
205 199 
211 196 
205 202 
205 199 
205 202 
205 199 
208 196 
333 448 
167 188 
205 196 
205 202 
205 199 
205 196 
191 199 
208 202 
205 199 
202 188 
205 199 
353 202 
205 199 
580 188 
205 199 
829 202 
205 199 
208 199 
205 199 
77 615 
66 66 
205 199 
205 202 
205 199 
205 199 
205 199 
205 188 
187 1093 
205 202 
178 202 
205 199 
205 199 
205 196 
191 199 
205 199 
205 199 
205 188 
205 196 
205 202 
205 199 
205 202 
205 188 
208 199 
205 199 
205 199 
205 199 
208 185 
205 199 
66 77 
205 196 
208 199 
205 199 
434 202 
208 196 
425 188 
205 202 
692 202 
205 199 
904 188 
205 196 
205 199 
205 199 
205 196 
191 199 
205 199 
205 202 
205 188 
208 199 
208 199 
208 199 
205 199 
205 202 
205 199 
208 196 
205 202 
205 199 
199 671 
205 199 
208 196 
205 199 
205 199 
205 202 
205 202 
194 199 
208 202 
205 199 
205 202 
205 199 
205 199 
205 196 
191 199 
205 199 
205 202 
205 188 
208 199 
297 188 
205 199 
526 202 
205 199 
764 188 
202 199 
318 642 
205 199 
208 185 
205 199 
205 199 
205 202 
202 202 
205 188 
202 199 
205 1352 
205 202 
205 199 
202 199 
205 202 
205 188 
205 196 
205 199 
208 199 
205 196 
205 199 
208 199 
205 199 
205 202 
205 199 
208 196 
205 202 
205 199 
77 850 
205 199 
194 199 
208 199 
205 199 
205 202 
205 202 
194 199 
208 202 
205 199 
386 202 
205 199 
615 188 
205 196 
853 202 
205 196 
205 199 
205 199 
205 199 
205 199 
205 199 
205 199 
205 188 
205 199 
208 196 
217 191 
194 199 
205 199 
205 199 
205 202 
205 199 
194 196 
202 199 
205 196 
191 199 
208 202 
205 199 
205 188 
205 199 
208 196 
208 199 
205 202 
205 188 
205 199 
205 199 
205 199 
205 199 
202 199 
205 199 
520 375 
208 199 
229 202 
205 199 
473 188 
194 199 
713 202 
205 199 
205 196 
205 199 
208 199 
208 202 
194 199 
205 199 
205 199 
205 188 
205 196 
205 847 
475 202 
208 199 
202 199 
205 199 
205 199 
205 199 
205 199 
205 188 
205 199 
315 603 
202 199 
205 199 
208 185 
205 199 
205 199 
208 199 
205 202 
205 188 
202 199 
205 199 
205 199 
205 199 
202 199 
205 202 
205 188 
205 196 
205 199 
327 188 
202 199 
564 202 
205 196 
794 188 
208 185 
202 199 
335 366 
205 196 
191 199 
205 199 
205 199 
205 188 
205 196 
205 202 
202 199 
202 202 
205 188 
205 196 
205 199 
208 199 
205 202 
205 185 
205 199 
205 202 
208 199 
205 199 
205 199 
205 199 
205 199 
205 196 
205 199 
181 199 
205 199 
208 196 
202 199 
202 202 
208 185 
205 199 
205 199 
205 202 
214 199 
202 188 
416 202 
205 199 
639 188 
205 199 
882 202 
205 199 
205 199 
205 202 
205 199 
205 185 
205 199 
202 199 
205 202 
277 705 
850 247 
205 199 
202 199 
205 202 
205 199 
205 199 
205 199 
205 188 
205 196 
205 202 
205 199 
202 202 
205 188 
205 196 
205 199 
208 199 
205 202 
208 188 
205 196 
205 199 
208 199 
205 199 
205 185 
205 199 
205 912 
181 199 
205 199 
258 202 
205 196 
505 188 
202 199 
743 202 
202 188 
202 199 
205 199 
205 202 
205 202 
205 188 
202 199 
205 199 
205 199 
205 199 
205 199 
208 199 
205 199 
205 199 
205 199 
202 199 
205 199 
624 205 
208 199 
205 199 
208 199 
205 196 
191 199 
208 199 
205 199 
205 202 
342 199 
208 188 
205 196 
205 202 
205 199 
205 199 
205 188 
205 196 
205 199 
205 199 
205 202 
205 185 
342 188 
205 199 
591 202 
280 514 
829 188 
205 199 
205 199 
249 196 
205 199 
205 199 
205 196 
191 199 
208 196 
205 199 
205 185 
205 202 
208 196 
202 199 
202 202 
205 185 
202 202 
205 199 
205 199 
202 199 
205 199 
205 202 
205 188 
692 443 
205 199 
205 199 
205 199 
202 199 
1079 505 
696 188 
208 199 
205 199 
211 196 
205 202 
205 199 
205 202 
208 199 
176 188 
205 199 
425 202 
202 202 
681 188 
202 188 
912 202 
194 199 
205 199 
205 199 
205 188 
205 196 
205 202 
205 199 
205 202 
205 188 
167 199 
205 199 
205 199 
205 199 
208 185 
205 199 
205 202 
205 199 
66 229 
77 223 
202 199 
205 199 
205 202 
205 202 
208 185 
202 202 
205 199 
205 199 
202 202 
205 188 
205 199 
205 199 
205 202 
205 199 
205 185 
205 199 
650 369 
609 199 
194 199 
529 188 
205 199 
214 199 
205 199 
205 202 
208 185 
205 199 
77 199 
77 80 
205 199 
205 202 
205 202 
191 199 
208 202 
205 199 
556 363 
205 199 
202 188 
205 196 
205 199 
208 199 
205 199 
208 188 
208 199 
205 199 
205 199 
1118 241 
208 185 
205 199 
205 202 
205 199 
202 202 
208 185 
205 199 
205 199 
208 199 
205 202 
205 188 
202 199 
205 199 
205 199 
381 188 
202 199 
615 202 
205 188 
856 188 
191 199 
205 199 
205 199 
318 615 
208 199 
205 199 
502 1105 
205 199 
202 199 
205 202 
205 199 
205 199 
205 199 
205 188 
205 196 
205 202 
205 199 
202 202 
205 188 
205 196 
205 199 
208 199 
205 202 
208 188 
205 196 
205 199 
208 199 
205 199 
205 185 
205 199 
205 199 
232 910 
205 199 
211 196 
205 202 
205 199 
226 188 
194 196 
481 202 
208 199 
639 550 
205 199 
63 764 
205 185 
202 202 
205 202 
178 600 
205 202 
205 185 
205 199 
205 199 
205 199 
205 199 
205 199 
205 199 
205 188 
208 196 
205 199 
342 199 
205 199 
205 185 
208 199 
205 199 
205 202 
208 199 
194 196 
205 199 
205 199 
205 202 
205 199 
208 196 
205 199 
205 199 
205 196 
205 199 
205 199 
205 196 
847 603 
178 199 
321 202 
202 199 
556 188 
205 199 
802 202 
378 375 
202 188 
205 199 
208 196 
202 188 
205 199 
205 199 
205 196 
191 199 
205 202 
205 199 
205 188 
205 199 
205 202 
205 202 
205 199 
205 199 
205 196 
205 199 
208 199 
205 199 
205 185 
205 199 
205 199 
333 413 
217 199 
205 202 
205 199 
208 196 
294 526 
693 185 
208 188 
205 202 
208 196 
208 199 
208 199 
211 199 
202 202 
413 188 
205 199 
639 202 
208 199 
895 188 
205 185 
205 199 
205 202 
205 199 
345 404 
211 188 
202 202 
205 199 
413 609 
179 342 
205 196 
205 202 
205 199 
205 202 
205 199 
205 199 
205 199 
205 202 
205 199 
194 196 
202 202 
205 199 
208 755 
181 205 
205 199 
205 188 
205 199 
205 199 
205 202 
205 202 
205 188 
208 199 
205 199 
205 199 
205 199 
930 369 
268 188 
194 196 
505 202 
205 199 
746 188 
205 199 
194 199 
208 199 
208 199 
205 202 
205 199 
208 196 
205 199 
205 199 
205 196 
205 199 
205 199 
205 196 
205 199 
205 199 
205 202 
211 529 
205 199 
205 199 
205 202 
779 389 
205 199 
205 196 
191 199 
205 199 
205 199 
202 185 
205 202 
208 196 
202 199 
205 199 
205 188 
208 202 
194 199 
205 202 
205 199 
205 188 
205 199 
353 202 
208 199 
580 188 
205 199 
829 202 
205 199 
205 199 
268 333 
208 188 
202 199 
205 202 
205 199 
202 202 
484 514 
202 199 
205 199 
205 196 
191 199 
205 202 
550 778 
202 202 
205 199 
205 199 
205 196 
205 199 
205 199 
205 196 
205 199 
205 199 
205 202 
205 188 
208 199 
205 199 
205 199 
205 199 
205 185 
208 199 
205 202 
294 389 
205 199 
205 185 
208 202 
208 196 
425 188 
205 202 
692 202 
205 199 
904 188 
205 196 
205 199 
205 199 
205 196 
191 199 
410 303 
327 199 
205 188 
208 199 
205 199 
205 199 
205 199 
205 185 
205 199 
202 199 
205 202 
211 565 
208 188 
202 199 
205 199 
205 196 
191 199 
205 202 
205 199 
205 188 
205 196 
205 199 
205 199 
205 202 
205 185 
205 199 
205 199 
208 199 
205 199 
205 199 
205 199 
274 188 
205 199 
526 202 
1164 404 
360 330 
205 202 
205 199 
205 199 
205 199 
205 199 
191 199 
205 202 
1153 1221 
255 199 
208 199 
191 199 
208 202 
205 199 
205 199 
205 196 
191 199 
208 199 
205 202 
205 188 
208 199 
205 199 
205 199 
205 199 
205 185 
202 199 
205 199 
178 202 
191 199 
205 199 
205 199 
205 188 
205 199 
194 196 
202 199 
63 223 
77 77 
205 196 
205 199 
383 202 
205 199 
615 188 
205 196 
853 202 
205 196 
205 199 
205 199 
205 199 
202 199 
205 199 
205 199 
205 188 
657 303 
178 199 
205 199 
205 202 
208 185 
205 199 
205 199 
205 202 
205 202 
208 185 
202 202 
205 199 
205 199 
205 199 
205 199 
205 202 
205 188 
205 196 
205 199 
829 208 
0 0 
0 0 
237 232 
208 199 
205 196 
205 199 
404 1096 
208 199 
220 202 
205 196 
473 188 
205 199 
716 202 
205 199 
205 196 
205 199 
205 188 
205 196 
205 199 
514 309 
205 199 
205 199 
205 196 
191 199 
205 199 
205 202 
205 188 
208 199 
205 199 
205 199 
205 199 
205 185 
434 1072 
205 199 
205 196 
205 199 
205 199 
205 199 
731 785 
205 199 
202 202 
205 188 
202 199 
205 199 
205 199 
205 199 
205 199 
77 226 
205 202 
205 196 
205 199 
327 188 
202 199 
567 202 
205 196 
797 188 
205 185 
205 199 
508 188 
205 196 
191 199 
205 199 
205 199 
205 188 
205 196 
205 202 
205 199 
202 202 
205 188 
205 196 
205 199 
208 199 
514 844 
231 199 
208 196 
191 199 
205 199 
205 202 
205 188 
208 199 
205 199 
205 199 
205 199 
205 185 
208 199 
766 199 
208 196 
205 199 
205 199 
205 199 
191 199 
205 202 
205 199 
205 188 
416 202 
205 199 
639 188 
205 199 
882 202 
205 199 
205 199 
205 202 
205 199 
205 185 
205 199 
487 315 
208 199 
194 199 
205 199 
535 472 
205 199 
205 199 
553 701 
205 199 
205 199 
205 188 
205 196 
205 202 
205 199 
202 202 
205 188 
205 196 
205 199 
208 199 
205 202 
205 185 
205 199 
205 202 
208 199 
205 199 
205 199 
205 199 
205 199 
205 196 
205 199 
255 202 
205 199 
181 392 
208 199 
746 202 
205 188 
202 199 
205 199 
205 202 
205 202 
502 517 
205 199 
205 199 
205 199 
205 199 
205 199 
205 202 
205 188 
205 196 
205 199 
208 199 
205 196 
205 199 
208 199 
205 199 
205 202 
205 199 
211 196 
205 202 
425 669 
181 196 
205 199 
205 199 
205 199 
191 199 
205 202 
205 199 
205 188 
205 196 
205 199 
208 199 
205 202 
205 185 
342 188 
205 199 
395 202 
205 199 
829 188 
205 199 
205 199 
205 199 
205 199 
205 185 
208 199 
205 202 
205 199 
223 386 
205 199 
205 199 
205 202 
205 199 
194 196 
202 199 
205 196 
191 437 
184 199 
205 199 
205 188 
205 199 
205 199 
205 202 
205 199 
205 185 
205 199 
205 199 
205 202 
205 199 
205 199 
205 199 
205 188 
547 378 
205 199 
208 185 
167 803 
202 188 
205 199 
425 202 
205 202 
681 188 
202 188 
912 202 
194 199 
205 199 
205 199 
205 188 
205 196 
205 199 
208 199 
205 199 
205 185 
205 199 
205 199 
205 202 
205 199 
208 196 
205 202 
205 199 
205 202 
375 255 
205 185 
205 202 
208 196 
202 199 
202 202 
205 188 
202 199 
205 199 
894 850 
205 199 
208 185 
205 199 
205 199 
205 199 
205 199 
205 199 
205 199 
205 199 
285 202 
205 199 
535 188 
205 199 
778 202 
205 196 
208 196 
202 1081 
205 199 
205 199 
205 196 
191 199 
205 202 
205 199 
205 188 
205 196 
205 199 
208 199 
205 202 
205 185 
205 199 
205 202 
208 199 
205 199 
205 199 
276 823 
951 464 
202 199 
205 199 
205 188 
205 199 
211 196 
1067 196 
205 199 
205 185 
205 202 
208 196 
202 199 
202 202 
205 188 
202 199 
205 199 
205 199 
381 188 
202 199 
615 202 
205 188 
856 188 
191 199 
205 199 
205 199 
205 199 
205 196 
205 199 
208 199 
205 196 
191 199 
208 523 
205 199 
205 202 
208 199 
208 196 
205 199 
205 199 
205 202 
306 407 
205 188 
205 196 
205 199 
208 199 
205 202 
205 185 
77 226 
66 69 
205 199 
205 199 
205 185 
205 199 
205 199 
205 202 
205 199 
211 196 
389 303 
205 202 
235 188 
205 199 
460 202 
208 199 
684 188 
205 196 
205 199 
202 188 
205 199 
202 188 
208 199 
205 199 
208 185 
205 199 
205 199 
178 199 
63 226 
77 77 
202 199 
205 199 
205 199 
208 199 
205 202 
205 199 
395 674 
181 199 
205 199 
205 202 
208 199 
208 196 
205 199 
205 199 
211 368 
205 199 
205 188 
205 196 
205 199 
208 199 
205 202 
205 185 
205 199 
205 202 
208 199 
309 202 
202 199 
556 188 
205 199 
802 202 
205 199 
202 199 
805 440 
205 202 
205 199 
485 544 
208 196 
205 199 
205 199 
205 202 
205 202 
205 196 
205 199 
205 199 
205 196 
205 199 
205 199 
205 196 
191 199 
208 199 
205 202 
205 188 
208 199 
205 199 
205 199 
205 199 
205 185 
205 199 
205 199 
401 199 
205 202 
208 185 
205 199 
205 199 
205 196 
191 199 
205 202 
205 199 
410 188 
205 202 
907 603 
205 196 
889 188 
205 185 
205 199 
205 202 
208 199 
205 199 
205 199 
77 226 
205 199 
205 196 
205 199 
205 199 
574 526 
283 202 
205 199 
205 202 
208 185 
205 199 
205 199 
205 202 
205 202 
205 188 
202 199 
205 199 
205 199 
205 199 
205 879 
205 202 
205 188 
205 196 
205 199 
208 199 
205 196 
205 199 
883 199 
208 199 
205 199 
268 188 
194 196 
755 383 
208 196 
737 188 
205 199 
194 199 
208 199 
208 199 
205 202 
205 202 
194 199 
208 202 
205 199 
205 202 
205 199 
205 199 
205 202 
205 199 
205 196 
205 199 
205 199 
205 199 
205 199 
205 199 
205 199 
205 188 
357 381 
211 196 
202 199 
202 202 
208 185 
205 199 
205 199 
205 202 
214 229 
202 199 
205 196 
191 199 
208 202 
205 199 
205 188 
205 199 
353 202 
208 199 
580 188 
205 199 
829 202 
205 199 
208 199 
205 199 
205 202 
205 199 
211 196 
437 350 
205 199 
208 185 
205 199 
205 199 
205 196 
191 199 
205 202 
205 199 
202 188 
205 196 
205 199 
208 199 
205 202 
205 185 
205 199 
167 416 
205 202 
205 199 
205 199 
205 199 
205 199 
205 196 
351 517 
437 199 
208 199 
205 202 
208 196 
205 199 
205 199 
199 202 
194 199 
425 188 
205 202 
692 202 
205 199 
904 188 
205 196 
205 199 
205 199 
205 196 
191 199 
208 199 
205 199 
205 188 
208 199 
205 199 
205 199 
205 199 
205 185 
205 199 
912 199 
321 386 
205 199 
205 202 
208 199 
208 196 
205 199 
205 199 
205 202 
205 202 
194 199 
208 202 
205 199 
205 202 
205 199 
205 199 
205 202 
205 199 
205 196 
205 199 
205 199 
205 199 
277 188 
202 208 
538 202 
315 378 
205 196 
191 199 
205 199 
205 199 
205 188 
205 202 
208 196 
202 199 
202 202 
205 188 
202 199 
205 199 
588 1741 
205 199 
205 188 
205 199 
205 199 
205 202 
205 199 
205 185 
205 199 
205 199 
205 202 
205 199 
205 199 
1034 199 
205 185 
208 199 
205 199 
205 202 
208 553 
205 185 
205 199 
205 199 
205 202 
205 202 
194 199 
208 202 
205 199 
386 202 
205 199 
615 188 
205 196 
853 202 
205 196 
205 199 
205 199 
205 199 
205 199 
407 199 
205 202 
205 196 
499 1284 
194 199 
205 199 
205 199 
205 188 
205 202 
208 196 
202 199 
202 202 
205 196 
205 199 
191 199 
208 202 
205 199 
205 188 
205 199 
205 199 
205 202 
205 199 
205 185 
205 199 
205 199 
205 202 
205 202 
205 196 
538 377 
205 188 
205 196 
214 202 
205 196 
473 188 
205 199 
716 202 
205 199 
205 196 
624 773 
205 205 
208 202 
205 199 
208 199 
205 202 
205 185 
205 199 
205 202 
208 199 
208 199 
208 185 
205 199 
205 199 
205 202 
205 199 
211 196 
205 202 
196 291 
208 202 
205 199 
205 199 
205 199 
205 202 
205 199 
194 196 
202 199 
205 196 
191 199 
208 202 
205 199 
205 188 
205 915 
237 199 
205 199 
208 199 
674 357 
178 199 
63 867 
74 80 
791 188 
205 196 
202 199 
205 199 
205 202 
205 850 
252 199 
205 199 
205 188 
205 199 
205 199 
205 202 
205 202 
194 199 
208 202 
205 199 
205 202 
205 199 
202 199 
205 202 
205 199 
205 196 
205 199 
205 199 
205 199 
205 199 
205 199 
202 199 
205 202 
205 199 
253 380 
205 199 
202 202 
208 185 
241 775 
167 188 
205 199 
205 199 
205 188 
416 202 
205 199 
639 188 
205 199 
882 202 
205 199 
202 199 
205 202 
205 199 
205 185 
205 199 
205 199 
205 202 
205 199 
205 199 
205 199 
205 188 
621 428 
164 199 
205 199 
205 199 
205 188 
205 199 
205 199 
205 202 
205 202 
194 199 
208 202 
205 199 
205 202 
205 199 
196 633 
208 199 
191 199 
205 199 
205 202 
205 188 
205 196 
205 199 
205 199 
66 226 
261 202 
297 520 
488 188 
487 389 
205 199 
205 199 
205 199 
191 199 
205 202 
205 199 
202 188 
205 199 
205 202 
205 199 
205 199 
205 185 
205 199 
205 199 
205 199 
205 199 
205 199 
205 199 
205 199 
205 199 
194 199 
386 401 
205 199 
208 185 
205 199 
274 360 
205 199 
208 199 
208 196 
205 199 
205 199 
205 202 
205 202 
194 199 
208 202 
205 199 
205 202 
205 202 
208 185 
342 188 
205 199 
591 202 
205 199 
829 188 
205 199 
205 199 
205 199 
205 199 
205 185 
208 199 
1334 457 
205 199 
205 199 
205 188 
205 202 
208 196 
202 199 
202 202 
205 188 
395 609 
194 199 
208 202 
205 199 
202 188 
205 199 
205 199 
205 202 
205 199 
205 185 
205 199 
205 199 
205 202 
205 199 
205 199 
205 199 
205 188 
270 461 
194 199 
205 199 
205 199 
202 188 
205 196 
422 202 
915 356 
208 199 
205 188 
912 202 
194 199 
205 199 
205 199 
205 188 
205 196 
205 199 
208 199 
205 199 
205 185 
205 199 
205 199 
909 199 
202 199 
211 196 
205 202 
205 199 
205 202 
607 351 
187 312 
