# ./FR-trace starting at Fri Nov  2 19:07:51 2018
################# CONFIG #################
# slot=4000
# samples=10000
# threshold=100
# idle=500
# pdathreads=0
# nmonitored=2
#   monitor0=./num ybn_sqr 0x2b7d
#   monitor1=./num ybn_mul 0x22ea
# nevicted=0
# npdatargets=0
############## SYSTEM INFO ###############
# mastik_version=0.02
# sysname=Linux
# nodename=ArchLinux
# release=4.18.16-arch1-1-ARCH
# version=#1 SMP PREEMPT Sat Oct 20 22:06:45 UTC 2018
# machine=x86_64
################## DATA ##################
80 149 
83 205 
223 77 
226 178 
895 77 
226 74 
223 77 
226 181 
237 178 
226 178 
226 170 
226 181 
223 164 
226 178 
223 167 
226 175 
226 178 
223 77 
202 181 
223 178 
223 178 
237 77 
77 66 
226 170 
244 341 
226 167 
223 181 
202 178 
223 181 
226 178 
226 181 
226 167 
464 178 
226 181 
237 178 
226 178 
226 170 
544 820 
205 181 
226 178 
223 167 
226 175 
226 178 
223 181 
226 178 
237 181 
223 181 
223 167 
223 178 
223 167 
226 178 
223 164 
577 713 
226 178 
226 178 
223 178 
237 181 
226 181 
223 178 
404 330 
237 178 
223 178 
223 167 
226 178 
223 167 
315 167 
226 178 
226 178 
223 178 
237 181 
597 167 
237 178 
226 178 
237 178 
223 178 
867 167 
226 178 
223 170 
226 181 
223 178 
226 178 
223 178 
237 181 
241 760 
188 170 
223 178 
237 167 
226 181 
226 170 
226 181 
223 164 
488 401 
226 178 
226 178 
223 178 
237 181 
226 178 
234 167 
226 178 
237 181 
226 181 
223 167 
226 178 
410 178 
237 178 
223 164 
226 175 
226 178 
663 178 
223 181 
223 178 
226 181 
237 167 
226 181 
226 170 
226 178 
223 164 
226 178 
223 167 
226 175 
226 178 
648 77 
199 178 
234 178 
226 178 
80 74 
223 178 
223 167 
226 235 
716 181 
223 178 
226 178 
226 178 
223 178 
237 181 
226 181 
208 167 
226 178 
237 181 
226 181 
223 167 
508 167 
226 170 
226 181 
223 178 
226 178 
784 167 
226 178 
226 178 
237 178 
226 178 
237 178 
728 303 
918 178 
419 410 
226 164 
226 178 
223 167 
226 175 
226 178 
223 181 
223 178 
237 178 
226 178 
237 178 
223 178 
223 167 
226 178 
226 164 
226 175 
520 493 
451 315 
223 167 
223 178 
327 178 
223 178 
223 178 
237 167 
226 181 
597 178 
226 178 
226 164 
226 181 
226 178 
865 178 
223 167 
237 178 
449 558 
196 167 
226 181 
237 178 
226 178 
226 170 
226 181 
223 164 
226 178 
223 167 
226 181 
223 181 
237 181 
226 181 
223 178 
226 181 
237 167 
226 181 
226 170 
226 181 
223 164 
226 178 
223 167 
226 175 
226 178 
410 167 
247 173 
234 178 
226 178 
237 178 
698 167 
237 167 
410 856 
380 235 
226 178 
226 178 
226 178 
223 74 
234 178 
223 181 
223 77 
77 74 
237 181 
226 181 
223 167 
226 178 
223 167 
223 178 
223 164 
226 175 
226 178 
223 181 
223 178 
237 178 
226 178 
80 74 
223 178 
223 167 
235 178 
223 167 
223 181 
226 167 
226 175 
419 312 
597 178 
226 178 
237 178 
226 178 
793 178 
223 181 
324 782 
262 283 
223 167 
229 181 
226 178 
226 178 
223 178 
237 181 
226 181 
223 178 
226 181 
237 167 
226 181 
226 170 
226 181 
223 164 
226 178 
223 167 
226 175 
226 178 
223 181 
223 178 
237 178 
226 261 
1060 268 
226 178 
338 167 
226 178 
223 164 
229 181 
226 178 
612 167 
229 178 
226 181 
226 167 
226 178 
900 167 
237 167 
226 181 
226 170 
226 181 
223 164 
226 178 
223 167 
226 175 
226 178 
223 181 
844 208 
223 178 
223 178 
237 167 
226 181 
226 170 
226 181 
223 164 
226 178 
1138 258 
229 532 
226 178 
237 181 
226 184 
226 181 
223 178 
237 181 
434 178 
226 170 
226 178 
223 164 
226 178 
719 178 
226 178 
223 178 
237 181 
226 181 
223 178 
226 181 
237 167 
226 181 
226 170 
226 181 
223 164 
226 178 
223 167 
226 175 
226 74 
226 178 
226 167 
327 77 
77 77 
234 167 
226 181 
226 170 
286 482 
826 181 
226 181 
226 178 
226 178 
258 167 
223 178 
223 178 
226 181 
223 178 
543 167 
229 178 
234 167 
226 178 
223 170 
832 167 
226 167 
443 475 
517 178 
226 178 
226 178 
234 167 
226 178 
237 181 
226 181 
223 167 
226 178 
223 167 
336 333 
249 722 
226 178 
226 178 
226 181 
226 167 
226 178 
226 181 
237 167 
226 181 
226 170 
226 181 
223 164 
226 178 
223 167 
357 178 
223 178 
226 181 
333 274 
226 178 
633 178 
237 181 
226 181 
223 167 
226 178 
930 178 
226 181 
226 178 
226 178 
223 178 
237 181 
226 181 
226 175 
208 306 
196 167 
226 181 
226 170 
226 181 
223 164 
226 178 
223 167 
226 175 
226 178 
223 181 
223 178 
234 178 
226 178 
237 178 
223 178 
223 167 
226 178 
223 167 
223 178 
463 167 
229 178 
223 178 
226 181 
223 178 
754 167 
226 178 
237 167 
651 181 
217 167 
226 178 
223 167 
229 181 
226 178 
648 77 
345 357 
226 178 
226 178 
237 178 
226 77 
223 170 
223 178 
223 167 
226 178 
223 164 
229 181 
226 178 
226 178 
223 178 
237 181 
226 181 
223 178 
226 181 
285 178 
223 205 
226 167 
226 178 
226 170 
559 178 
226 170 
226 181 
223 178 
237 181 
850 178 
234 164 
856 704 
380 178 
226 178 
223 167 
226 178 
223 167 
223 178 
223 164 
286 226 
469 315 
226 178 
226 178 
234 167 
226 178 
237 181 
226 181 
223 167 
226 178 
223 167 
223 178 
166 77 
66 74 
226 178 
223 181 
223 178 
237 178 
392 167 
234 178 
223 178 
223 167 
226 178 
677 167 
1269 1946 
558 363 
229 178 
223 178 
933 167 
226 167 
226 178 
226 181 
237 167 
226 181 
226 170 
226 181 
223 164 
226 178 
223 167 
226 175 
226 178 
223 181 
223 178 
576 567 
924 178 
234 178 
223 178 
223 167 
226 178 
223 167 
223 178 
232 170 
226 178 
223 178 
223 187 
232 181 
430 324 
523 303 
229 184 
238 182 
490 202 
764 181 
226 170 
226 181 
226 167 
226 175 
226 178 
223 181 
223 178 
237 178 
226 178 
237 178 
223 178 
223 167 
226 178 
223 167 
223 178 
223 170 
226 181 
223 178 
237 181 
226 181 
223 178 
226 181 
237 167 
226 181 
564 167 
226 178 
223 167 
434 187 
226 167 
226 175 
226 178 
223 181 
579 167 
237 178 
226 178 
237 178 
223 178 
867 167 
226 178 
223 170 
333 481 
223 167 
229 178 
223 178 
226 181 
223 178 
237 178 
226 178 
234 178 
223 178 
223 66 
226 178 
226 167 
229 181 
226 178 
226 178 
223 178 
237 181 
226 181 
390 333 
226 178 
237 178 
223 178 
223 167 
226 178 
404 178 
237 178 
223 164 
226 175 
199 181 
663 178 
223 181 
223 178 
226 181 
234 178 
226 181 
226 170 
226 181 
237 167 
223 178 
223 164 
226 175 
226 178 
223 181 
223 178 
237 178 
226 178 
237 178 
223 178 
223 167 
226 178 
223 167 
223 178 
223 164 
330 315 
395 865 
223 181 
226 167 
211 167 
226 178 
237 181 
226 181 
223 167 
508 167 
226 170 
226 181 
223 178 
226 178 
784 167 
226 178 
226 178 
234 178 
226 178 
237 178 
615 654 
234 167 
226 178 
223 170 
229 181 
226 178 
226 178 
223 178 
237 181 
226 181 
226 175 
226 178 
237 178 
223 178 
223 167 
1617 425 
223 170 
226 181 
223 178 
226 178 
223 167 
226 178 
318 178 
223 178 
223 178 
237 167 
226 181 
609 178 
226 178 
223 167 
223 178 
223 164 
877 178 
223 167 
237 178 
223 181 
223 178 
226 181 
237 167 
226 181 
226 170 
226 181 
223 164 
226 178 
1046 808 
672 552 
199 181 
226 178 
226 178 
234 167 
226 178 
237 181 
226 181 
223 167 
226 178 
223 167 
223 178 
223 164 
226 175 
226 178 
410 167 
229 178 
237 178 
226 181 
223 167 
716 167 
237 167 
226 178 
223 170 
229 181 
226 178 
226 178 
223 178 
237 181 
226 181 
226 175 
256 167 
237 181 
226 178 
223 167 
226 178 
223 167 
223 178 
223 164 
226 175 
226 178 
223 181 
223 178 
237 178 
226 294 
719 228 
226 178 
234 167 
232 170 
223 167 
223 178 
223 164 
226 175 
529 178 
237 178 
223 181 
223 178 
226 181 
805 178 
223 181 
223 170 
199 167 
1881 470 
779 178 
229 178 
226 178 
223 178 
826 580 
612 178 
226 178 
226 181 
237 167 
226 181 
226 170 
226 181 
223 164 
226 178 
223 167 
226 175 
226 178 
223 181 
226 178 
237 181 
223 181 
223 167 
223 178 
344 167 
226 178 
223 164 
229 181 
226 178 
612 167 
906 178 
226 181 
226 167 
226 178 
900 167 
237 167 
226 181 
226 170 
226 181 
389 927 
237 178 
223 164 
226 175 
226 178 
223 181 
223 178 
237 178 
226 178 
237 178 
223 178 
223 167 
226 178 
223 167 
223 178 
223 164 
226 175 
226 178 
226 181 
226 167 
226 178 
226 181 
237 167 
440 178 
226 170 
226 178 
223 164 
226 178 
719 178 
226 178 
683 333 
448 178 
226 167 
223 178 
226 181 
237 167 
226 181 
226 170 
226 181 
223 164 
226 178 
303 306 
234 181 
223 178 
226 181 
223 178 
237 178 
226 178 
237 178 
223 178 
223 167 
226 178 
223 167 
223 178 
223 164 
226 175 
276 167 
223 178 
223 178 
226 181 
223 178 
543 167 
229 178 
234 167 
776 1242 
237 167 
835 167 
226 167 
226 175 
226 178 
223 181 
223 178 
237 178 
226 178 
237 178 
223 178 
223 167 
226 178 
223 167 
223 178 
223 164 
226 175 
226 178 
223 181 
223 178 
237 178 
351 252 
237 167 
226 181 
226 170 
226 181 
223 164 
226 178 
223 167 
357 178 
223 178 
226 181 
226 167 
188 574 
633 178 
237 181 
226 181 
223 167 
226 178 
930 178 
226 181 
226 178 
226 178 
223 178 
237 181 
226 181 
223 178 
226 181 
237 167 
223 181 
226 170 
226 181 
223 164 
226 178 
223 167 
226 175 
226 178 
223 181 
223 178 
237 178 
226 178 
237 178 
223 178 
223 173 
339 359 
223 167 
226 178 
466 167 
229 178 
223 178 
743 315 
205 178 
725 167 
226 178 
237 167 
226 181 
226 170 
226 181 
223 164 
226 178 
223 167 
226 74 
77 202 
234 178 
223 181 
223 178 
226 181 
237 167 
226 181 
226 170 
226 181 
223 164 
226 178 
223 167 
226 175 
226 178 
223 181 
582 410 
234 164 
226 181 
279 178 
223 178 
223 164 
226 178 
226 170 
559 178 
226 170 
226 181 
223 178 
237 181 
850 178 
234 164 
226 181 
237 178 
226 178 
398 309 
226 178 
223 167 
223 178 
223 164 
226 175 
226 178 
223 181 
223 178 
237 178 
226 178 
237 178 
223 178 
223 167 
226 178 
223 167 
223 235 
1013 339 
226 178 
226 178 
223 181 
223 178 
237 178 
392 167 
234 178 
223 178 
223 167 
226 178 
677 167 
226 178 
226 178 
226 178 
223 178 
237 181 
226 181 
223 178 
226 181 
237 167 
226 181 
226 170 
226 181 
223 164 
226 178 
223 167 
431 330 
202 178 
237 178 
223 181 
223 178 
226 181 
309 1046 
695 167 
237 167 
226 178 
223 170 
229 181 
208 178 
223 181 
226 178 
226 181 
226 167 
464 178 
226 181 
237 178 
226 178 
226 66 
758 178 
223 170 
223 178 
223 164 
226 175 
226 74 
237 178 
223 181 
223 178 
226 181 
237 167 
226 181 
226 170 
226 181 
223 164 
583 336 
226 178 
226 178 
223 178 
237 181 
226 181 
223 178 
226 181 
237 167 
226 181 
226 170 
226 181 
223 164 
297 167 
226 178 
547 538 
223 178 
226 181 
576 167 
237 178 
226 178 
234 178 
223 178 
867 167 
226 178 
223 170 
226 181 
223 178 
226 178 
223 178 
237 181 
226 181 
223 178 
226 181 
309 657 
226 181 
226 170 
226 181 
223 164 
226 178 
223 167 
226 175 
226 178 
223 181 
223 178 
237 178 
226 178 
237 178 
223 178 
223 167 
226 178 
410 178 
237 178 
223 164 
226 175 
226 178 
663 178 
223 181 
226 175 
556 494 
234 178 
223 178 
223 167 
226 178 
223 167 
223 178 
223 164 
226 175 
363 1201 
826 167 
226 178 
234 167 
226 178 
237 181 
226 181 
223 167 
226 178 
223 167 
223 178 
223 164 
226 175 
226 178 
223 181 
223 178 
234 167 
226 178 
234 178 
223 181 
223 167 
502 167 
226 170 
226 181 
223 178 
226 178 
784 167 
226 178 
226 178 
237 178 
740 618 
612 243 
223 181 
223 167 
226 178 
223 164 
229 181 
226 178 
437 1025 
226 178 
223 181 
226 167 
226 178 
226 181 
237 167 
226 181 
226 170 
226 181 
223 164 
226 178 
223 167 
226 175 
226 178 
223 181 
312 178 
223 178 
223 178 
237 181 
226 178 
544 1141 
0 0 
0 0 
0 0 
0 0 
238 173 
229 184 
211 181 
202 182 
205 184 
253 238 
208 167 
226 181 
229 170 
226 178 
237 167 
237 181 
226 170 
226 178 
226 181 
240 181 
223 181 
226 178 
232 181 
502 181 
226 181 
226 167 
226 181 
229 164 
226 178 
226 181 
229 181 
223 181 
416 167 
229 181 
237 181 
202 181 
226 167 
713 167 
237 178 
226 178 
229 164 
226 178 
226 181 
229 181 
229 178 
223 178 
226 181 
237 181 
223 178 
237 178 
229 178 
234 167 
226 178 
229 164 
226 178 
226 181 
229 181 
223 181 
226 178 
226 181 
237 181 
223 178 
237 178 
300 467 
659 410 
1435 532 
202 181 
470 170 
229 170 
226 178 
523 181 
237 181 
223 181 
226 178 
226 178 
802 181 
226 181 
226 167 
226 178 
234 167 
237 181 
226 170 
226 178 
226 181 
240 181 
223 181 
226 178 
226 178 
234 167 
226 181 
229 164 
226 181 
226 167 
226 178 
226 170 
237 181 
505 250 
740 178 
226 178 
237 181 
226 178 
234 167 
226 181 
359 167 
226 181 
229 164 
226 178 
226 181 
612 167 
315 820 
508 1269 
226 178 
237 181 
900 167 
237 167 
226 181 
229 164 
226 181 
226 167 
226 178 
226 170 
237 181 
226 178 
223 178 
226 181 
237 181 
223 178 
237 178 
229 178 
237 178 
265 173 
232 167 
226 178 
226 181 
229 181 
223 181 
226 178 
229 181 
237 181 
223 178 
237 178 
449 181 
229 170 
226 178 
237 167 
237 181 
713 181 
229 178 
226 181 
240 181 
223 181 
226 178 
214 416 
237 178 
229 178 
234 167 
226 178 
229 164 
226 178 
226 181 
229 181 
223 181 
188 538 
223 181 
226 178 
226 178 
234 167 
226 181 
333 541 
259 167 
226 167 
226 178 
223 167 
223 181 
276 167 
223 181 
226 178 
234 170 
226 178 
540 167 
229 178 
234 167 
226 178 
229 164 
829 167 
226 167 
223 181 
226 178 
223 178 
226 181 
237 181 
223 181 
226 167 
226 178 
1025 187 
229 178 
229 164 
226 178 
1102 205 
393 241 
229 181 
226 178 
226 181 
237 181 
223 181 
226 167 
226 178 
234 167 
226 178 
229 164 
226 178 
226 181 
345 181 
226 181 
226 178 
226 181 
237 181 
636 181 
240 77 
69 63 
234 167 
226 178 
924 181 
229 178 
226 181 
229 181 
990 440 
240 181 
223 181 
226 178 
226 178 
234 167 
226 181 
229 164 
226 181 
226 167 
226 178 
226 170 
237 181 
226 178 
223 178 
226 181 
199 826 
226 181 
226 167 
229 181 
229 164 
226 181 
226 167 
226 178 
466 167 
229 181 
229 178 
223 178 
226 181 
748 167 
226 181 
226 167 
470 327 
237 178 
226 178 
229 164 
226 178 
226 181 
229 181 
229 178 
223 178 
719 921 
199 170 
226 178 
237 181 
223 178 
226 167 
226 178 
237 167 
237 181 
226 170 
226 178 
226 178 
240 181 
223 181 
226 178 
226 178 
282 181 
226 181 
229 164 
315 556 
223 167 
565 181 
229 170 
226 178 
541 558 
452 178 
850 181 
229 205 
226 181 
226 167 
226 178 
234 167 
226 178 
229 164 
226 178 
226 181 
229 181 
223 181 
226 178 
229 181 
237 181 
223 181 
226 167 
226 181 
229 170 
226 178 
237 167 
237 181 
226 170 
226 178 
226 86 
223 178 
226 181 
237 181 
386 167 
237 181 
229 178 
234 167 
226 178 
671 167 
226 181 
226 170 
237 181 
226 178 
930 167 
856 396 
226 178 
226 178 
234 167 
226 181 
229 164 
226 181 
226 167 
226 178 
226 170 
237 181 
226 178 
223 178 
226 181 
237 181 
226 181 
226 167 
229 178 
234 167 
226 178 
229 164 
226 178 
199 208 
229 181 
223 181 
226 178 
229 181 
484 181 
229 181 
237 178 
226 178 
229 170 
761 181 
226 170 
226 407 
202 633 
226 178 
226 181 
226 178 
226 181 
237 181 
223 181 
226 167 
226 178 
234 167 
841 238 
226 167 
226 178 
223 167 
223 181 
226 178 
223 178 
226 181 
237 181 
223 178 
773 564 
232 178 
234 167 
226 181 
229 164 
309 167 
226 181 
229 181 
223 181 
226 178 
585 167 
237 181 
223 178 
237 178 
229 178 
858 167 
226 181 
226 167 
226 178 
226 170 
237 181 
226 178 
223 178 
226 181 
237 181 
223 178 
237 178 
229 178 
234 167 
226 178 
229 164 
491 247 
226 178 
226 178 
226 181 
312 336 
354 167 
226 178 
226 178 
234 167 
226 181 
229 164 
226 181 
395 181 
226 178 
223 167 
223 181 
226 178 
663 181 
226 181 
226 178 
226 178 
234 167 
226 181 
229 164 
226 181 
226 167 
226 178 
226 170 
237 181 
226 178 
223 178 
223 181 
237 181 
238 380 
237 178 
229 178 
234 167 
226 178 
229 164 
226 178 
226 181 
229 181 
223 181 
226 178 
229 181 
228 167 
226 178 
240 253 
300 178 
223 167 
496 167 
226 167 
226 178 
229 178 
229 181 
799 2169 
1209 178 
226 181 
226 178 
226 178 
234 167 
226 181 
229 164 
226 181 
226 167 
226 178 
639 344 
844 181 
226 178 
237 181 
226 178 
237 181 
226 178 
234 167 
226 181 
229 164 
226 181 
226 167 
226 178 
226 170 
237 181 
226 178 
234 181 
324 181 
237 178 
226 181 
237 181 
226 178 
606 181 
229 178 
237 167 
261 799 
223 167 
877 181 
226 170 
223 181 
226 178 
234 170 
226 178 
502 362 
199 187 
223 170 
226 178 
237 167 
237 181 
226 170 
226 178 
226 181 
240 181 
223 181 
226 178 
226 178 
234 167 
226 181 
229 164 
226 181 
226 167 
226 178 
226 170 
237 181 
226 178 
410 167 
229 181 
237 181 
223 178 
237 178 
716 167 
237 178 
226 178 
229 164 
289 333 
226 167 
226 178 
226 181 
226 178 
226 181 
475 484 
223 181 
226 167 
226 178 
237 178 
226 178 
229 164 
226 178 
226 181 
229 181 
223 181 
226 178 
229 181 
237 181 
223 178 
237 178 
229 178 
234 167 
232 181 
226 167 
226 178 
371 782 
185 378 
511 181 
240 181 
223 181 
226 178 
312 261 
267 232 
229 178 
234 167 
226 178 
229 164 
226 178 
226 181 
229 181 
223 181 
226 178 
229 181 
237 181 
223 178 
237 178 
229 178 
234 167 
226 178 
300 520 
226 178 
226 170 
237 181 
226 178 
223 178 
226 181 
237 181 
223 178 
223 178 
229 178 
338 167 
226 181 
229 164 
289 253 
226 167 
624 167 
229 178 
223 178 
226 181 
237 181 
906 167 
237 167 
226 181 
229 164 
226 181 
226 167 
226 178 
226 170 
237 181 
226 178 
223 181 
226 181 
237 181 
223 181 
226 167 
226 178 
234 167 
226 178 
229 164 
226 178 
226 181 
205 336 
202 181 
226 178 
226 181 
303 315 
199 178 
234 181 
452 181 
229 170 
226 178 
237 167 
237 181 
713 181 
229 178 
223 181 
240 181 
223 181 
226 178 
226 178 
234 167 
226 181 
229 164 
226 181 
226 167 
226 178 
226 170 
237 181 
226 178 
223 178 
226 181 
237 77 
80 74 
234 167 
226 181 
229 170 
877 1037 
1138 371 
226 181 
226 170 
237 181 
276 167 
223 181 
226 178 
234 170 
226 924 
365 178 
226 178 
223 167 
226 178 
229 164 
829 167 
226 167 
223 181 
229 181 
226 178 
226 181 
237 181 
223 181 
226 167 
226 178 
234 167 
226 178 
229 164 
226 178 
226 181 
229 77 
77 77 
547 321 
728 181 
226 178 
226 178 
234 167 
226 181 
229 164 
226 181 
226 167 
226 178 
226 170 
374 181 
226 181 
226 178 
226 181 
237 181 
636 181 
240 181 
226 178 
226 170 
654 181 
930 181 
229 178 
226 181 
229 181 
223 181 
226 178 
229 181 
237 181 
223 178 
237 178 
229 178 
234 167 
529 1043 
389 178 
237 181 
226 170 
226 178 
226 181 
240 181 
223 181 
226 178 
226 178 
234 167 
226 181 
229 164 
226 181 
226 167 
226 178 
472 167 
229 181 
229 178 
223 178 
226 181 
751 167 
226 181 
226 167 
226 178 
234 167 
226 178 
229 164 
226 178 
226 181 
838 728 
2059 342 
237 178 
223 181 
226 178 
226 178 
282 223 
259 170 
226 170 
226 178 
237 167 
237 181 
226 170 
226 178 
226 181 
240 181 
223 181 
226 178 
226 178 
282 181 
226 181 
229 164 
226 181 
226 167 
553 181 
229 170 
226 178 
226 181 
240 181 
844 181 
229 178 
226 181 
237 181 
226 178 
226 66 
229 178 
648 987 
226 181 
226 170 
237 181 
226 178 
223 178 
226 181 
237 181 
223 178 
223 178 
229 178 
234 167 
226 178 
1221 728 
672 167 
226 170 
237 181 
226 178 
223 178 
226 181 
237 77 
380 167 
234 181 
223 178 
226 167 
226 178 
656 167 
226 181 
226 170 
237 181 
226 178 
930 167 
232 336 
226 178 
226 178 
234 167 
226 181 
229 164 
226 181 
226 167 
226 178 
226 170 
237 181 
226 178 
226 181 
226 181 
237 181 
223 181 
226 167 
226 178 
234 167 
226 178 
229 164 
226 178 
211 181 
437 737 
657 170 
226 181 
226 170 
478 181 
229 181 
237 178 
226 178 
226 170 
586 574 
202 181 
229 178 
223 167 
223 181 
422 475 
318 178 
229 178 
234 170 
226 178 
237 181 
226 178 
226 170 
226 178 
237 167 
237 181 
226 170 
226 178 
226 181 
240 181 
223 181 
226 178 
226 178 
234 167 
226 181 
229 164 
226 181 
226 167 
300 167 
226 181 
229 181 
223 181 
494 1034 
576 167 
237 181 
223 178 
237 178 
229 178 
261 181 
583 167 
223 170 
237 181 
226 170 
226 178 
226 181 
240 181 
223 181 
226 178 
226 178 
234 167 
226 181 
229 164 
226 181 
226 167 
226 178 
226 167 
223 181 
226 178 
223 178 
226 181 
237 181 
223 178 
237 178 
229 178 
234 167 
226 178 
211 181 
229 178 
223 167 
223 181 
226 178 
663 181 
226 181 
226 178 
226 178 
234 167 
226 181 
229 164 
226 181 
226 167 
434 490 
202 181 
226 178 
226 181 
240 181 
223 181 
226 178 
226 178 
234 167 
226 181 
229 164 
226 181 
226 167 
226 178 
226 170 
237 181 
226 178 
223 178 
594 651 
199 170 
226 181 
226 167 
226 178 
234 167 
499 167 
226 167 
226 178 
229 178 
229 181 
606 389 
571 181 
226 178 
237 178 
226 178 
237 181 
223 178 
226 167 
226 178 
237 167 
237 181 
226 170 
226 178 
226 181 
240 181 
223 181 
226 178 
339 591 
790 181 
226 181 
226 167 
226 178 
237 167 
237 181 
573 547 
696 214 
226 178 
226 181 
312 181 
226 178 
226 178 
234 167 
226 181 
612 181 
229 178 
229 164 
226 178 
226 181 
865 181 
226 170 
223 181 
226 181 
226 178 
226 178 
234 167 
226 181 
237 178 
226 178 
223 167 
226 178 
223 170 
226 178 
226 181 
226 178 
229 181 
936 303 
226 181 
237 178 
226 178 
229 170 
226 178 
237 167 
237 181 
226 170 
529 1117 
223 181 
436 167 
229 181 
237 181 
223 178 
237 178 
716 167 
237 178 
226 178 
229 164 
226 178 
226 181 
229 181 
223 181 
226 178 
229 181 
237 181 
223 181 
226 167 
226 178 
234 167 
226 178 
229 669 
226 178 
226 170 
226 178 
226 181 
240 181 
223 181 
226 178 
226 178 
234 167 
226 181 
229 164 
250 181 
226 167 
226 178 
226 170 
1031 208 
529 181 
240 181 
223 181 
226 178 
226 178 
924 442 
226 178 
226 170 
226 178 
237 167 
237 181 
226 170 
226 178 
226 181 
240 181 
223 181 
226 178 
1854 392 
237 181 
223 178 
226 167 
226 178 
237 167 
237 181 
226 170 
226 178 
226 181 
240 181 
223 181 
226 178 
226 178 
234 167 
226 181 
359 167 
229 178 
229 164 
226 178 
226 181 
612 167 
229 178 
223 178 
226 181 
237 181 
906 167 
237 167 
226 181 
229 924 
188 167 
876 247 
226 178 
226 181 
229 181 
223 181 
226 178 
229 181 
237 181 
226 181 
226 167 
226 178 
234 167 
226 178 
229 164 
226 178 
226 181 
229 181 
223 181 
226 178 
229 181 
237 181 
223 178 
237 178 
449 181 
229 170 
226 178 
237 167 
237 181 
713 77 
229 181 
1055 181 
669 181 
226 181 
226 178 
226 178 
234 167 
226 181 
229 164 
226 181 
226 167 
226 178 
223 167 
223 181 
226 178 
223 178 
226 543 
386 240 
226 178 
237 178 
229 178 
234 167 
226 178 
229 164 
226 178 
226 181 
229 181 
279 167 
223 181 
226 178 
273 232 
226 178 
549 167 
229 77 
80 74 
226 606 
612 645 
835 167 
226 167 
223 181 
226 178 
223 178 
226 181 
237 181 
223 178 
237 178 
229 178 
234 167 
226 178 
229 164 
226 178 
226 181 
229 181 
223 181 
226 178 
226 181 
237 181 
223 178 
237 178 
229 178 
603 312 
773 170 
237 167 
237 181 
226 170 
351 181 
226 181 
226 178 
1073 170 
199 167 
645 181 
240 181 
226 178 
226 170 
226 178 
909 181 
229 178 
226 181 
229 181 
223 181 
226 178 
229 181 
237 181 
223 181 
226 167 
226 178 
234 167 
226 178 
229 164 
226 178 
226 181 
229 181 
223 181 
226 178 
229 181 
237 181 
223 178 
237 178 
232 181 
882 336 
226 178 
226 167 
226 178 
472 167 
229 181 
229 178 
945 339 
954 178 
748 167 
226 181 
226 167 
226 178 
234 167 
226 178 
229 164 
226 178 
226 181 
229 181 
223 181 
226 178 
229 181 
237 181 
223 178 
237 178 
229 178 
237 181 
226 181 
226 167 
226 178 
226 170 
237 181 
779 372 
499 74 
223 181 
226 178 
226 178 
282 181 
226 181 
229 164 
226 181 
226 167 
553 181 
229 170 
226 178 
226 181 
668 657 
847 181 
229 178 
226 181 
237 181 
226 178 
440 981 
345 181 
226 170 
226 178 
226 170 
237 181 
226 167 
237 181 
226 178 
237 181 
226 178 
234 167 
226 181 
229 164 
580 312 
469 339 
237 181 
226 170 
226 178 
226 181 
240 181 
223 181 
226 178 
398 167 
234 181 
226 178 
226 170 
226 178 
656 167 
226 181 
226 170 
237 181 
223 181 
936 167 
226 170 
237 181 
226 178 
234 167 
226 181 
229 164 
226 181 
226 167 
226 178 
226 170 
237 181 
321 377 
226 178 
226 181 
338 996 
199 181 
237 181 
226 178 
226 170 
226 178 
237 167 
237 181 
229 170 
226 178 
226 170 
223 181 
226 178 
490 181 
229 181 
237 178 
226 178 
229 170 
761 181 
226 170 
226 178 
223 170 
226 220 
223 77 
223 181 
226 178 
234 170 
226 178 
237 181 
229 333 
237 178 
226 178 
229 164 
226 178 
226 181 
229 181 
223 181 
226 178 
226 167 
237 181 
226 178 
234 167 
226 181 
276 178 
226 181 
229 164 
309 167 
226 181 
229 181 
229 178 
223 178 
582 167 
237 181 
223 178 
237 178 
229 178 
1399 713 
324 508 
226 167 
226 178 
223 167 
223 181 
226 178 
241 570 
226 178 
237 178 
226 178 
237 181 
223 178 
226 167 
226 223 
223 170 
226 178 
226 170 
226 178 
226 178 
226 181 
226 181 
237 181 
223 181 
226 167 
226 178 
234 167 
226 178 
404 181 
226 178 
223 167 
568 223 
223 167 
672 181 
223 181 
226 178 
226 181 
237 178 
226 178 
229 170 
378 960 
223 170 
226 178 
223 170 
226 178 
226 181 
240 181 
223 181 
226 178 
226 178 
234 167 
226 181 
229 164 
226 181 
226 167 
226 178 
226 170 
226 178 
226 178 
226 181 
226 181 
228 167 
226 178 
237 181 
226 178 
226 170 
508 167 
226 167 
226 178 
229 178 
800 1112 
199 365 
237 181 
223 178 
237 181 
226 178 
234 167 
226 181 
229 164 
226 181 
226 167 
226 178 
226 170 
237 181 
226 178 
223 178 
226 181 
237 181 
223 178 
237 178 
229 178 
234 167 
226 178 
229 164 
446 493 
356 178 
223 181 
223 181 
226 178 
318 181 
237 181 
226 178 
234 167 
226 181 
612 181 
229 178 
422 283 
764 181 
226 170 
865 181 
226 170 
223 181 
226 178 
234 170 
226 178 
237 181 
226 178 
226 170 
226 178 
237 167 
237 181 
226 170 
226 178 
226 181 
240 181 
223 181 
226 178 
226 178 
234 167 
226 178 
425 461 
226 178 
226 167 
226 178 
226 170 
237 181 
226 178 
410 167 
229 181 
273 853 
202 324 
234 167 
710 167 
234 167 
226 178 
229 164 
226 178 
226 181 
229 181 
223 181 
226 178 
229 181 
237 181 
223 178 
223 178 
229 178 
234 167 
226 178 
229 164 
226 178 
226 181 
229 181 
223 181 
226 178 
229 181 
237 181 
223 178 
237 178 
229 178 
237 178 
600 327 
237 167 
237 181 
226 170 
226 178 
523 181 
240 181 
223 181 
226 178 
226 178 
802 181 
226 181 
226 167 
226 178 
237 167 
237 181 
226 170 
226 178 
226 181 
240 181 
223 181 
226 178 
229 181 
237 178 
226 178 
229 170 
226 178 
237 167 
237 181 
226 170 
410 1043 
199 181 
240 181 
223 181 
226 178 
226 178 
234 167 
226 181 
359 167 
226 181 
229 164 
226 178 
226 181 
612 167 
229 178 
223 178 
226 181 
237 181 
906 167 
237 167 
226 181 
229 164 
226 181 
226 167 
226 178 
226 170 
237 181 
226 178 
226 181 
226 181 
237 181 
514 77 
80 77 
226 178 
229 170 
226 178 
237 167 
237 181 
226 170 
226 178 
226 181 
240 181 
223 181 
226 178 
226 178 
234 167 
232 333 
288 181 
229 178 
237 167 
237 181 
713 181 
229 178 
226 181 
240 181 
223 181 
226 178 
226 181 
237 181 
226 178 
226 170 
226 178 
237 167 
237 181 
312 208 
229 181 
229 178 
226 181 
226 181 
237 181 
223 181 
226 167 
226 178 
234 167 
226 178 
229 164 
226 178 
226 181 
229 181 
279 167 
223 181 
226 178 
234 170 
226 178 
543 167 
229 178 
234 167 
226 178 
229 164 
829 167 
226 167 
226 178 
226 178 
223 178 
226 181 
338 327 
229 181 
237 178 
226 178 
229 170 
226 178 
237 167 
237 181 
226 170 
226 178 
226 181 
240 181 
223 181 
226 178 
226 178 
234 167 
226 178 
234 167 
226 178 
229 164 
226 178 
226 181 
345 181 
226 181 
226 178 
226 181 
237 181 
636 181 
237 181 
226 178 
273 208 
226 181 
915 181 
229 178 
226 181 
229 181 
223 181 
226 178 
229 181 
237 181 
223 178 
237 178 
229 178 
234 167 
226 178 
226 167 
226 178 
229 178 
229 181 
223 181 
226 178 
229 181 
237 181 
223 178 
237 178 
232 181 
229 164 
226 181 
226 167 
226 178 
472 657 
262 167 
282 933 
240 181 
223 181 
728 167 
226 181 
226 167 
226 178 
234 167 
226 178 
229 164 
226 178 
226 181 
229 181 
223 181 
226 178 
229 181 
237 181 
223 178 
237 178 
229 178 
234 167 
226 178 
229 164 
226 178 
226 181 
229 181 
226 181 
226 178 
226 181 
237 181 
434 668 
199 181 
226 178 
226 167 
226 181 
229 164 
562 181 
229 170 
226 178 
226 181 
240 181 
844 181 
229 178 
226 181 
237 181 
226 178 
226 170 
226 178 
237 167 
237 181 
226 170 
226 178 
226 181 
240 181 
223 181 
226 178 
226 178 
234 167 
226 181 
229 164 
226 181 
725 347 
229 178 
226 181 
229 181 
223 181 
226 178 
229 181 
237 181 
386 167 
234 181 
223 178 
226 167 
226 178 
656 167 
226 181 
226 170 
237 181 
226 178 
930 167 
226 170 
237 181 
226 178 
234 167 
226 181 
229 164 
226 181 
226 167 
226 178 
226 170 
237 181 
306 374 
211 550 
226 181 
237 181 
223 178 
237 178 
229 178 
234 167 
226 178 
229 164 
226 178 
211 181 
226 181 
226 181 
223 178 
226 181 
481 181 
487 606 
234 181 
223 178 
226 167 
761 181 
226 170 
226 178 
223 170 
226 178 
226 181 
240 181 
223 181 
226 178 
226 178 
234 167 
226 178 
217 315 
791 170 
226 167 
226 178 
226 181 
229 181 
223 181 
226 178 
229 181 
237 181 
223 178 
237 178 
229 178 
234 167 
226 178 
229 164 
309 167 
226 181 
229 181 
223 181 
226 178 
585 167 
237 181 
223 178 
237 178 
229 178 
858 167 
226 181 
226 167 
226 178 
205 398 
205 167 
226 181 
240 181 
223 181 
226 178 
226 178 
234 167 
226 181 
229 164 
226 181 
226 167 
226 178 
226 170 
237 181 
226 178 
223 178 
226 181 
237 181 
223 178 
223 178 
229 178 
234 167 
226 178 
404 181 
226 178 
223 167 
223 181 
226 178 
663 181 
226 181 
645 178 
226 181 
226 167 
226 178 
234 167 
226 178 
229 164 
226 178 
226 181 
229 181 
229 178 
223 178 
226 181 
237 181 
223 178 
237 178 
229 178 
267 339 
226 178 
226 167 
226 178 
223 167 
223 181 
226 178 
223 178 
226 181 
231 167 
226 178 
237 181 
226 178 
226 170 
514 464 
273 856 
871 181 
226 167 
223 181 
796 167 
226 181 
226 181 
237 181 
223 181 
226 167 
226 178 
234 167 
226 178 
229 164 
226 178 
226 181 
229 181 
223 181 
226 178 
229 181 
237 181 
223 178 
237 178 
229 178 
234 167 
226 178 
238 167 
226 178 
223 167 
223 181 
226 178 
223 178 
229 327 
237 181 
223 181 
226 167 
226 178 
591 181 
229 178 
237 167 
237 181 
226 170 
871 181 
226 170 
223 181 
226 178 
234 170 
226 178 
237 181 
226 178 
226 170 
226 178 
237 167 
237 181 
226 170 
234 181 
226 178 
237 181 
226 181 
226 178 
226 178 
237 167 
226 181 
954 167 
226 181 
229 164 
226 178 
226 167 
223 181 
226 181 
436 167 
229 181 
237 181 
196 437 
237 181 
719 167 
237 178 
226 178 
226 167 
226 178 
229 178 
229 181 
223 181 
226 178 
229 181 
237 181 
223 178 
237 178 
229 178 
234 167 
226 178 
229 164 
226 178 
226 181 
378 1046 
202 181 
226 178 
226 181 
237 181 
223 178 
223 178 
229 178 
407 289 
580 170 
226 167 
226 178 
223 170 
226 178 
523 181 
240 181 
223 181 
226 178 
226 74 
796 181 
226 181 
226 167 
226 178 
237 167 
270 517 
226 170 
226 178 
226 181 
240 181 
223 181 
226 178 
226 178 
234 167 
226 573 
475 472 
226 178 
237 167 
237 181 
226 170 
226 178 
226 181 
240 181 
223 181 
226 178 
226 178 
234 167 
226 181 
359 167 
226 181 
229 164 
226 178 
226 181 
657 77 
229 181 
226 178 
226 181 
237 181 
903 167 
237 167 
226 181 
229 164 
226 181 
226 167 
226 178 
437 173 
913 170 
229 178 
223 178 
389 1061 
237 181 
223 178 
237 178 
229 178 
234 167 
226 178 
229 164 
244 179 
0 0 
0 0 
0 0 
205 187 
226 173 
208 133 
226 178 
237 181 
434 178 
226 170 
226 178 
237 167 
223 178 
716 178 
226 178 
223 178 
237 181 
226 181 
223 178 
226 181 
1046 164 
226 181 
223 167 
226 178 
223 164 
229 181 
226 178 
226 178 
223 178 
237 181 
339 315 
374 178 
223 181 
223 167 
223 178 
237 167 
226 178 
223 170 
229 181 
594 232 
226 178 
264 167 
223 178 
223 178 
226 181 
223 178 
543 167 
229 178 
234 167 
226 178 
223 170 
832 167 
226 167 
226 175 
226 178 
966 814 
223 181 
234 178 
223 181 
223 167 
223 178 
223 167 
226 178 
223 164 
226 181 
226 178 
226 178 
223 178 
237 181 
226 181 
223 178 
226 181 
237 167 
226 181 
226 170 
226 181 
223 164 
226 74 
223 170 
351 178 
223 178 
226 181 
740 243 
859 178 
639 178 
237 181 
226 181 
223 167 
615 808 
912 178 
226 181 
226 178 
226 178 
223 178 
237 181 
226 181 
223 178 
226 181 
237 167 
223 181 
226 170 
226 181 
223 164 
226 178 
223 167 
226 175 
226 178 
223 181 
223 178 
237 178 
226 178 
237 178 
223 178 
223 167 
226 178 
223 167 
223 178 
460 167 
434 544 
196 178 
223 181 
226 167 
731 167 
226 178 
237 167 
226 181 
226 170 
241 258 
404 181 
237 178 
223 164 
226 181 
223 181 
237 181 
226 181 
223 178 
666 315 
538 164 
223 181 
223 170 
226 178 
223 164 
226 178 
223 167 
226 175 
226 178 
223 181 
223 178 
237 178 
226 178 
273 178 
223 178 
223 164 
357 205 
226 167 
553 178 
226 170 
226 181 
223 178 
237 181 
850 178 
234 164 
226 181 
237 178 
226 178 
226 170 
226 181 
223 164 
226 178 
223 167 
226 175 
226 178 
223 181 
731 496 
226 181 
223 178 
237 181 
226 181 
223 167 
226 178 
223 167 
223 164 
226 167 
223 178 
223 178 
595 336 
523 181 
234 178 
392 167 
234 178 
223 178 
223 167 
226 178 
677 167 
226 178 
226 178 
226 178 
223 178 
237 181 
226 181 
223 178 
226 181 
237 167 
226 181 
226 170 
226 181 
223 164 
226 178 
223 167 
226 175 
226 178 
223 181 
223 178 
237 178 
226 178 
237 178 
526 645 
226 173 
696 167 
226 164 
226 178 
199 178 
223 181 
226 178 
226 181 
226 167 
464 178 
226 181 
237 178 
226 178 
226 170 
562 297 
255 178 
223 181 
226 167 
226 175 
226 178 
223 181 
226 178 
237 181 
223 181 
223 167 
223 178 
223 167 
226 178 
223 164 
229 181 
226 178 
241 1117 
226 178 
226 181 
226 167 
226 178 
226 181 
237 167 
226 181 
226 170 
226 181 
223 164 
297 167 
226 178 
226 178 
686 428 
223 178 
585 167 
237 178 
226 178 
237 178 
223 178 
867 167 
226 178 
223 170 
226 181 
223 178 
226 178 
223 178 
237 181 
226 181 
223 178 
226 181 
237 167 
226 181 
309 564 
226 178 
223 167 
223 178 
223 164 
226 175 
226 178 
223 181 
223 178 
237 178 
226 178 
237 178 
223 178 
223 167 
226 178 
410 178 
237 178 
223 164 
226 175 
226 178 
663 178 
223 181 
223 178 
467 1239 
223 164 
229 178 
234 167 
226 178 
226 170 
226 181 
223 178 
226 178 
226 167 
321 535 
223 181 
223 178 
226 181 
237 167 
226 181 
226 170 
226 181 
223 164 
226 178 
223 167 
226 175 
226 178 
226 181 
226 167 
211 167 
226 178 
237 181 
226 181 
223 167 
508 167 
306 181 
223 178 
226 178 
226 178 
784 167 
226 178 
226 178 
237 178 
226 178 
237 178 
223 178 
573 175 
226 181 
223 167 
223 181 
226 167 
939 291 
223 178 
226 181 
223 178 
237 178 
226 178 
237 178 
223 178 
223 167 
226 178 
223 167 
223 178 
223 164 
226 175 
226 178 
223 181 
312 178 
223 178 
223 178 
237 167 
226 181 
609 178 
226 178 
223 167 
223 178 
223 164 
877 178 
223 167 
237 178 
223 181 
419 244 
223 178 
237 167 
226 181 
226 170 
229 178 
223 170 
229 181 
226 178 
226 178 
223 167 
226 178 
404 689 
237 178 
223 181 
223 167 
223 178 
223 167 
226 178 
223 164 
229 181 
226 178 
226 178 
223 178 
439 167 
229 178 
237 178 
226 178 
237 178 
698 167 
237 167 
226 312 
731 437 
223 178 
226 170 
226 181 
223 178 
237 181 
226 181 
223 178 
226 181 
237 167 
226 181 
226 170 
226 181 
237 167 
223 178 
223 164 
226 175 
226 178 
223 77 
77 77 
226 175 
226 181 
237 167 
226 181 
235 256 
229 178 
223 167 
223 181 
226 167 
226 175 
529 178 
674 374 
333 167 
1037 170 
226 178 
805 178 
223 181 
223 170 
226 178 
237 167 
223 178 
223 164 
226 175 
226 178 
223 181 
223 178 
237 178 
226 178 
237 178 
223 178 
223 167 
226 178 
166 77 
80 74 
223 170 
226 181 
223 178 
237 181 
226 181 
223 178 
226 181 
237 167 
226 181 
419 686 
223 178 
223 170 
226 351 
710 279 
641 167 
229 178 
223 181 
223 178 
237 178 
912 167 
237 167 
226 181 
226 170 
226 181 
223 164 
226 178 
223 167 
226 175 
226 178 
223 181 
223 178 
237 178 
226 178 
237 178 
223 178 
223 167 
226 178 
223 167 
223 178 
223 164 
226 175 
226 178 
223 181 
383 642 
234 178 
223 181 
223 167 
449 178 
226 170 
226 178 
223 164 
226 178 
719 178 
226 178 
223 178 
237 181 
782 737 
234 178 
223 181 
223 167 
223 178 
223 167 
226 178 
223 164 
229 181 
226 178 
226 178 
223 178 
237 181 
226 181 
223 178 
226 181 
237 167 
226 181 
226 170 
467 315 
199 178 
226 178 
223 167 
226 175 
276 167 
223 178 
223 178 
226 181 
223 178 
543 167 
229 178 
234 167 
226 178 
223 170 
832 167 
288 796 
223 178 
223 178 
226 181 
223 178 
237 178 
226 178 
237 77 
226 178 
615 705 
571 167 
223 170 
226 181 
226 178 
226 178 
223 178 
237 181 
226 181 
324 877 
698 178 
234 178 
223 178 
223 167 
226 178 
223 167 
223 178 
223 164 
357 178 
223 178 
226 181 
226 167 
226 178 
633 178 
237 181 
226 181 
223 167 
226 178 
930 178 
226 181 
226 178 
226 178 
223 178 
237 181 
226 181 
223 178 
226 181 
237 167 
226 181 
226 170 
274 164 
591 181 
229 181 
226 178 
226 178 
223 413 
196 990 
226 178 
234 167 
226 178 
237 181 
226 181 
223 167 
226 178 
223 167 
223 178 
463 167 
229 178 
223 178 
226 181 
223 178 
754 167 
226 178 
237 167 
226 181 
226 170 
226 181 
223 164 
226 178 
223 167 
226 175 
226 178 
223 181 
1058 876 
196 369 
223 178 
237 167 
226 181 
226 170 
226 181 
223 164 
226 178 
223 167 
226 175 
226 178 
223 181 
223 178 
1922 478 
440 178 
270 178 
223 178 
223 164 
226 178 
226 170 
559 178 
226 170 
226 181 
223 178 
237 181 
850 178 
2451 211 
199 178 
234 167 
223 178 
223 164 
226 178 
226 170 
226 181 
223 778 
350 214 
226 167 
229 178 
226 178 
234 167 
226 178 
237 181 
226 181 
223 167 
226 178 
223 167 
223 178 
223 164 
226 175 
226 178 
223 181 
223 178 
237 178 
392 167 
234 178 
223 178 
223 167 
226 178 
677 167 
226 178 
226 178 
577 170 
229 178 
930 167 
226 167 
226 178 
689 627 
199 582 
223 178 
223 167 
226 178 
223 164 
229 181 
226 178 
226 178 
223 178 
237 181 
223 181 
223 178 
226 181 
237 167 
226 181 
226 170 
226 181 
223 164 
226 178 
199 178 
223 181 
226 178 
226 181 
226 167 
464 178 
226 181 
237 178 
226 178 
226 170 
767 671 
909 511 
226 175 
226 170 
226 181 
223 178 
237 181 
226 181 
223 178 
226 181 
237 167 
398 336 
223 170 
226 178 
223 164 
226 178 
223 167 
226 175 
226 178 
223 181 
223 178 
237 178 
226 178 
237 178 
223 178 
223 167 
226 178 
223 167 
315 167 
226 178 
226 178 
226 167 
223 178 
247 333 
226 181 
223 178 
237 181 
618 478 
199 167 
226 178 
226 170 
226 181 
223 178 
226 178 
226 167 
223 178 
223 178 
226 181 
223 178 
237 181 
226 181 
223 167 
226 178 
223 170 
229 181 
226 178 
957 178 
199 181 
226 181 
223 178 
237 178 
226 178 
237 178 
223 178 
223 167 
226 178 
410 178 
279 335 
241 312 
223 178 
223 178 
692 178 
223 181 
223 178 
226 181 
237 167 
226 181 
226 170 
226 181 
223 164 
226 178 
223 167 
226 175 
226 178 
223 181 
223 178 
237 178 
226 178 
237 178 
223 178 
223 167 
226 178 
223 167 
223 178 
223 164 
226 175 
226 178 
223 181 
202 178 
805 181 
199 178 
237 167 
226 181 
226 170 
514 167 
226 170 
226 181 
223 178 
226 178 
784 167 
226 178 
226 178 
237 178 
226 178 
237 178 
223 178 
223 167 
226 178 
223 167 
223 178 
223 164 
226 175 
226 178 
223 181 
223 178 
237 178 
226 178 
237 178 
223 178 
431 330 
785 488 
350 181 
229 181 
226 178 
226 178 
226 167 
223 178 
324 178 
223 178 
223 178 
728 167 
226 178 
591 178 
226 178 
223 167 
223 178 
223 164 
877 178 
223 167 
237 178 
223 181 
223 178 
226 181 
237 167 
226 181 
226 170 
226 181 
223 164 
226 178 
223 167 
226 175 
226 178 
223 181 
354 333 
234 178 
226 178 
237 178 
223 178 
223 167 
226 178 
226 170 
237 178 
229 178 
223 178 
226 178 
416 167 
223 167 
234 167 
226 178 
237 181 
701 167 
237 167 
550 306 
350 77 
69 66 
226 167 
226 175 
226 178 
223 181 
223 178 
237 178 
226 178 
237 178 
223 178 
223 167 
226 178 
223 167 
223 178 
772 859 
347 175 
223 178 
226 181 
223 178 
237 178 
226 178 
237 178 
223 178 
223 167 
241 178 
223 167 
223 181 
226 167 
226 175 
529 178 
237 178 
223 181 
223 178 
226 181 
805 178 
223 181 
223 170 
226 178 
223 164 
226 178 
223 167 
633 553 
226 167 
223 178 
223 178 
226 181 
398 764 
270 178 
229 178 
234 167 
226 178 
223 170 
229 181 
226 178 
226 178 
223 178 
237 181 
226 181 
223 178 
805 220 
659 214 
223 181 
350 167 
226 178 
223 164 
229 181 
226 178 
612 167 
229 178 
223 181 
223 178 
237 178 
912 167 
237 167 
226 181 
226 170 
226 181 
223 164 
211 333 
223 170 
226 181 
223 178 
237 181 
226 181 
223 178 
226 181 
237 167 
226 181 
226 170 
226 683 
223 170 
226 181 
223 178 
226 178 
223 178 
237 181 
226 184 
226 181 
223 178 
237 77 
449 178 
226 170 
226 178 
223 164 
226 178 
719 178 
226 178 
223 170 
226 178 
226 178 
371 478 
259 220 
234 178 
223 178 
223 167 
226 178 
223 167 
223 178 
223 164 
226 175 
226 178 
223 181 
223 178 
237 178 
226 178 
237 178 
223 178 
223 167 
226 178 
223 167 
223 178 
223 164 
226 175 
276 167 
422 479 
223 181 
223 178 
223 178 
552 167 
229 178 
234 167 
226 178 
223 645 
196 285 
226 178 
226 178 
223 178 
237 181 
226 181 
223 178 
226 181 
237 167 
226 181 
226 170 
226 181 
223 164 
226 178 
223 167 
226 175 
226 178 
226 181 
226 167 
226 178 
226 181 
237 167 
309 178 
226 167 
226 178 
226 170 
226 181 
223 178 
345 178 
223 178 
226 181 
781 1355 
689 193 
636 178 
237 181 
226 181 
223 167 
226 178 
446 336 
268 555 
223 167 
223 178 
223 178 
226 181 
223 178 
237 178 
226 178 
237 178 
223 178 
223 167 
226 178 
223 167 
223 178 
223 164 
226 175 
226 178 
223 181 
226 178 
237 181 
223 181 
223 167 
232 178 
223 164 
226 178 
912 291 
223 178 
463 167 
229 178 
223 178 
226 181 
223 178 
754 167 
223 178 
237 167 
226 181 
226 170 
226 181 
223 164 
226 178 
223 167 
226 175 
1480 567 
425 178 
226 181 
223 178 
223 178 
237 167 
226 181 
226 170 
226 181 
237 167 
223 178 
223 164 
226 175 
226 178 
223 181 
223 178 
237 178 
351 285 
279 178 
223 178 
223 164 
226 178 
226 170 
559 178 
226 170 
226 181 
223 178 
237 181 
850 178 
234 164 
226 181 
237 178 
226 178 
226 170 
226 181 
223 164 
226 178 
223 167 
226 181 
223 181 
237 181 
226 181 
223 178 
208 722 
962 178 
223 181 
223 167 
226 178 
223 164 
877 386 
704 796 
226 181 
223 181 
237 181 
226 181 
223 178 
380 167 
234 178 
223 178 
223 181 
226 178 
668 167 
226 178 
226 178 
226 178 
223 178 
237 181 
226 181 
223 178 
226 181 
237 167 
226 181 
226 170 
226 181 
223 164 
226 178 
223 167 
226 175 
226 178 
223 181 
276 342 
276 181 
223 178 
237 181 
226 181 
223 167 
336 490 
579 181 
226 178 
199 178 
223 181 
226 178 
223 181 
226 167 
464 178 
226 181 
237 178 
226 178 
226 170 
767 178 
223 170 
223 178 
223 164 
226 175 
226 178 
223 181 
223 178 
237 178 
226 178 
234 178 
223 178 
223 167 
1037 859 
223 170 
223 181 
223 178 
226 178 
223 178 
237 181 
226 181 
223 178 
226 181 
237 167 
226 178 
226 170 
226 181 
237 167 
315 167 
226 178 
226 178 
223 677 
449 315 
597 167 
237 178 
226 181 
223 167 
223 178 
864 167 
226 178 
223 170 
223 181 
223 178 
226 178 
223 178 
237 181 
594 865 
475 178 
226 178 
237 181 
226 181 
223 167 
226 178 
223 167 
223 178 
223 164 
211 259 
279 167 
229 178 
226 178 
234 167 
226 178 
234 181 
226 181 
223 167 
226 178 
410 178 
237 178 
223 164 
226 175 
226 178 
663 178 
223 181 
223 178 
226 181 
350 181 
226 178 
226 170 
226 181 
223 164 
407 253 
199 178 
223 178 
223 178 
237 181 
226 181 
223 178 
226 181 
237 167 
226 181 
226 170 
226 181 
223 164 
226 178 
223 167 
226 175 
226 178 
223 181 
226 178 
231 167 
226 178 
237 181 
226 181 
223 167 
508 167 
226 170 
226 181 
223 178 
226 178 
784 167 
226 178 
386 300 
226 178 
226 181 
237 167 
229 178 
223 167 
226 178 
223 167 
601 702 
247 431 
226 175 
226 178 
223 181 
223 178 
237 178 
226 178 
237 178 
223 178 
223 66 
66 63 
223 170 
226 181 
226 167 
226 175 
226 178 
223 181 
312 178 
223 178 
223 178 
237 167 
226 181 
609 178 
226 178 
223 167 
194 618 
223 167 
877 178 
223 167 
237 178 
223 181 
223 178 
226 181 
237 167 
226 181 
226 170 
223 181 
223 164 
226 178 
223 167 
226 175 
226 178 
719 315 
223 178 
226 181 
223 178 
223 167 
223 529 
297 181 
226 178 
223 164 
226 178 
223 167 
226 175 
226 178 
410 167 
229 178 
237 178 
226 178 
1384 603 
707 167 
234 167 
226 178 
223 164 
229 181 
226 178 
226 178 
223 178 
237 181 
226 181 
223 178 
226 181 
237 167 
226 181 
226 170 
226 181 
223 164 
226 178 
223 167 
226 175 
226 178 
223 181 
223 178 
237 178 
226 178 
567 603 
223 181 
223 167 
235 178 
223 167 
223 181 
493 181 
234 181 
532 178 
237 178 
223 181 
223 178 
226 181 
805 178 
223 181 
223 170 
226 178 
223 164 
226 178 
223 167 
226 175 
226 178 
223 181 
226 178 
237 77 
226 181 
237 178 
226 178 
226 170 
226 181 
223 164 
226 178 
223 167 
226 175 
226 178 
223 181 
223 567 
238 496 
226 178 
237 181 
226 181 
347 167 
226 178 
223 164 
229 181 
226 178 
612 167 
229 178 
223 181 
223 178 
237 372 
199 178 
237 167 
226 181 
226 170 
226 181 
223 164 
226 178 
223 167 
226 175 
226 178 
223 181 
223 178 
237 178 
226 178 
234 178 
223 178 
223 167 
1011 333 
1260 170 
229 181 
226 178 
226 178 
223 178 
237 181 
226 184 
226 181 
274 167 
234 178 
431 178 
226 170 
226 178 
237 167 
223 178 
716 178 
226 178 
223 178 
237 181 
226 181 
223 178 
226 181 
237 167 
226 181 
226 170 
223 181 
618 194 
410 178 
229 178 
226 178 
223 178 
237 181 
226 181 
556 330 
226 178 
237 181 
226 181 
223 167 
226 178 
223 167 
223 178 
223 164 
226 175 
276 167 
223 178 
223 178 
226 181 
223 178 
543 167 
229 178 
234 167 
226 178 
223 170 
832 167 
226 167 
226 175 
226 178 
223 181 
223 178 
237 178 
226 178 
237 178 
223 178 
704 347 
199 167 
226 164 
226 178 
223 167 
226 175 
226 178 
223 181 
223 178 
237 178 
226 178 
523 556 
357 178 
234 167 
226 178 
223 170 
229 181 
226 178 
345 178 
223 178 
226 181 
226 167 
226 178 
633 178 
237 181 
226 181 
223 167 
226 178 
930 178 
226 181 
226 178 
226 178 
223 178 
597 653 
226 181 
223 178 
226 181 
237 167 
226 181 
226 170 
226 181 
223 164 
226 178 
223 167 
226 175 
226 178 
223 181 
223 178 
237 178 
226 178 
237 178 
223 178 
309 292 
223 181 
223 167 
883 909 
282 232 
229 178 
223 178 
226 181 
223 178 
751 167 
226 178 
237 167 
226 181 
226 170 
532 333 
407 591 
237 178 
223 164 
226 175 
226 178 
223 181 
223 178 
237 178 
226 178 
234 178 
223 178 
223 167 
226 178 
223 167 
223 178 
223 164 
226 175 
226 178 
223 181 
223 178 
237 178 
226 178 
273 178 
223 178 
223 164 
226 178 
226 170 
559 178 
226 170 
226 181 
960 286 
199 452 
841 178 
234 164 
226 181 
237 178 
1266 564 
882 178 
226 178 
223 167 
223 178 
223 164 
226 181 
223 181 
237 181 
226 181 
223 178 
226 181 
237 167 
226 181 
226 170 
226 181 
223 164 
226 178 
223 167 
226 175 
226 178 
223 181 
223 178 
234 178 
392 167 
234 178 
223 178 
279 368 
265 170 
662 167 
226 178 
226 178 
226 178 
223 178 
237 181 
226 181 
226 175 
226 181 
237 167 
226 181 
226 170 
226 181 
223 164 
505 167 
223 167 
223 178 
223 178 
226 181 
223 178 
237 178 
226 178 
237 178 
223 178 
223 167 
226 178 
223 167 
223 178 
232 170 
223 178 
285 333 
371 178 
440 202 
461 178 
226 181 
237 178 
223 181 
223 167 
755 178 
223 170 
223 178 
223 164 
226 175 
226 178 
223 181 
223 178 
237 178 
226 178 
237 178 
223 178 
223 167 
226 178 
223 167 
223 178 
223 164 
226 175 
226 178 
223 181 
223 178 
237 178 
324 267 
237 178 
223 178 
223 167 
755 178 
223 170 
303 167 
226 167 
223 178 
223 178 
226 181 
579 167 
237 178 
226 178 
237 178 
223 178 
867 167 
226 178 
223 170 
226 181 
223 178 
226 178 
223 178 
237 181 
226 181 
223 178 
226 181 
237 167 
226 181 
226 170 
226 181 
223 164 
226 178 
223 167 
244 853 
419 181 
237 178 
223 181 
223 178 
226 181 
237 167 
226 181 
226 170 
226 181 
389 178 
237 841 
630 1509 
223 178 
223 178 
692 178 
223 181 
223 178 
226 77 
80 74 
223 178 
223 167 
226 178 
223 167 
223 178 
223 164 
226 175 
226 178 
223 181 
223 178 
237 178 
226 178 
237 178 
743 374 
226 167 
226 181 
223 167 
223 181 
223 164 
226 175 
226 178 
223 181 
324 555 
223 175 
226 181 
237 167 
226 181 
226 170 
511 167 
226 170 
226 181 
223 178 
226 178 
778 77 
237 178 
223 181 
708 167 
226 178 
237 181 
223 178 
223 167 
226 178 
223 167 
223 178 
223 164 
226 175 
648 591 
226 181 
226 167 
226 178 
226 181 
237 167 
223 181 
226 170 
226 181 
223 164 
226 178 
223 167 
226 175 
226 178 
223 181 
312 178 
223 178 
223 178 
237 167 
223 181 
609 178 
226 178 
223 167 
223 178 
223 164 
877 178 
223 167 
237 178 
223 181 
223 178 
339 341 
371 437 
226 178 
226 170 
226 181 
223 164 
226 178 
202 178 
226 181 
223 181 
237 181 
226 181 
223 178 
226 181 
237 167 
223 181 
226 170 
226 181 
223 164 
226 178 
223 167 
226 175 
226 178 
410 167 
226 178 
237 178 
226 178 
237 178 
713 167 
223 170 
226 178 
223 167 
226 663 
336 164 
223 178 
229 178 
223 181 
223 178 
237 178 
226 178 
223 164 
226 178 
226 170 
226 178 
223 164 
226 178 
223 167 
226 175 
226 178 
541 220 
199 1388 
202 170 
226 178 
237 181 
226 181 
223 167 
660 77 
226 164 
226 178 
223 167 
226 175 
529 178 
237 178 
464 535 
668 181 
223 178 
805 178 
223 181 
223 170 
226 178 
237 167 
223 178 
223 164 
226 175 
226 178 
223 181 
223 178 
237 178 
226 178 
237 178 
223 178 
223 167 
226 178 
223 167 
223 178 
223 164 
226 175 
226 178 
223 181 
226 178 
237 181 
223 181 
223 167 
196 300 
746 167 
226 178 
223 167 
223 178 
223 164 
624 167 
229 178 
223 181 
223 178 
237 178 
912 167 
237 167 
226 181 
226 170 
226 181 
223 164 
226 178 
223 167 
226 175 
226 178 
223 181 
226 178 
237 181 
223 181 
223 167 
223 178 
223 167 
226 178 
223 164 
229 181 
315 344 
226 175 
226 178 
223 181 
223 178 
237 178 
226 178 
237 178 
431 178 
226 170 
226 178 
223 164 
476 800 
651 167 
226 175 
226 178 
223 181 
223 178 
237 178 
226 178 
237 178 
223 178 
223 167 
226 178 
223 167 
223 178 
547 375 
832 167 
223 167 
237 178 
223 181 
226 175 
226 181 
237 167 
226 181 
226 170 
1792 600 
223 164 
226 178 
223 167 
226 175 
276 167 
223 178 
223 178 
226 181 
223 178 
543 167 
229 178 
234 167 
226 178 
223 170 
832 167 
226 167 
226 175 
226 178 
223 181 
223 178 
677 808 
199 178 
234 178 
223 178 
223 167 
226 178 
223 167 
223 178 
223 164 
226 175 
226 178 
574 344 
223 178 
237 181 
223 181 
223 167 
223 178 
223 167 
226 178 
223 164 
229 181 
226 178 
345 178 
223 178 
226 181 
226 167 
226 178 
633 178 
237 181 
226 181 
223 167 
226 178 
930 178 
226 181 
226 178 
226 178 
223 178 
237 181 
226 181 
226 175 
226 181 
1236 490 
722 178 
223 170 
226 178 
223 164 
434 276 
909 181 
229 178 
223 178 
226 181 
223 178 
237 178 
226 178 
237 178 
223 178 
223 167 
226 178 
223 167 
223 178 
463 167 
229 178 
223 178 
226 181 
223 178 
754 167 
223 178 
288 199 
464 167 
234 167 
226 178 
223 170 
229 181 
226 178 
226 178 
208 564 
232 190 
0 0 
0 0 
238 181 
234 178 
223 178 
223 167 
226 178 
223 167 
223 178 
223 164 
226 175 
226 178 
223 181 
609 330 
561 181 
226 181 
285 178 
223 178 
223 164 
226 178 
226 170 
559 178 
226 170 
226 181 
223 178 
237 181 
850 178 
234 164 
226 181 
237 178 
767 647 
196 178 
226 178 
223 167 
223 178 
223 164 
226 175 
226 178 
223 181 
223 178 
237 178 
226 178 
237 178 
223 178 
223 167 
226 178 
223 167 
223 178 
223 164 
226 175 
226 178 
223 181 
223 178 
237 178 
392 167 
234 178 
223 178 
282 1203 
226 178 
674 167 
226 178 
226 178 
235 327 
223 167 
936 167 
226 167 
226 178 
226 184 
234 178 
223 178 
223 167 
226 178 
223 167 
223 178 
223 164 
226 175 
226 178 
223 181 
223 178 
237 178 
226 178 
234 178 
223 178 
223 167 
226 178 
223 167 
223 178 
232 170 
226 178 
223 178 
237 181 
205 437 
226 178 
226 181 
686 419 
773 826 
223 167 
755 178 
223 170 
223 178 
223 164 
226 175 
226 178 
223 181 
223 178 
237 178 
226 178 
237 178 
223 178 
223 167 
235 333 
202 181 
226 181 
226 178 
226 178 
223 178 
237 181 
226 181 
223 178 
226 181 
237 167 
226 181 
226 170 
226 181 
223 164 
297 167 
226 178 
244 784 
232 164 
223 181 
579 167 
237 178 
226 178 
237 178 
223 178 
867 167 
226 178 
223 170 
226 181 
223 178 
226 178 
223 178 
237 181 
226 181 
223 178 
226 181 
237 167 
226 181 
226 170 
226 181 
223 164 
226 178 
264 493 
873 181 
223 167 
226 77 
223 74 
223 178 
226 181 
701 350 
199 167 
223 167 
226 178 
410 178 
237 178 
223 164 
226 175 
226 178 
663 178 
223 181 
223 178 
226 181 
237 167 
226 181 
226 170 
226 181 
223 164 
226 178 
223 167 
226 175 
226 178 
223 181 
223 178 
237 178 
226 178 
237 178 
223 178 
223 167 
226 178 
223 66 
66 66 
223 178 
226 178 
223 178 
237 181 
226 181 
208 167 
226 178 
448 178 
262 476 
226 170 
511 167 
226 170 
226 181 
223 178 
226 178 
784 167 
226 178 
226 178 
234 178 
226 178 
237 178 
223 178 
223 167 
226 178 
223 167 
223 178 
223 164 
226 175 
226 178 
324 859 
645 178 
226 181 
226 181 
237 178 
226 178 
226 170 
226 181 
223 164 
226 178 
223 167 
226 175 
226 178 
223 181 
312 178 
223 178 
223 178 
237 167 
226 181 
609 178 
226 178 
285 181 
226 175 
226 170 
871 178 
223 167 
237 178 
223 181 
223 178 
226 181 
237 167 
226 181 
333 244 
226 178 
226 170 
226 181 
223 178 
226 178 
223 178 
237 181 
226 181 
223 178 
226 181 
237 167 
226 181 
226 170 
226 181 
223 164 
226 178 
223 167 
226 175 
226 178 
410 167 
226 181 
223 178 
223 178 
237 167 
707 167 
237 167 
226 178 
223 170 
229 181 
226 178 
904 244 
235 348 
226 178 
226 178 
234 167 
226 178 
380 208 
80 208 
237 184 
199 190 
1405 773 
202 184 
202 187 
235 193 
285 214 
202 184 
214 173 
333 184 
205 187 
246 184 
232 184 
202 173 
211 187 
205 173 
205 184 
240 184 
208 199 
199 173 
226 187 
229 187 
229 181 
229 170 
856 229 
651 288 
232 190 
229 184 
243 184 
235 187 
226 184 
238 176 
229 187 
229 184 
202 181 
229 184 
240 187 
636 232 
722 184 
226 181 
235 173 
240 190 
232 173 
240 190 
229 184 
226 187 
244 176 
229 173 
202 178 
235 184 
205 187 
232 176 
303 184 
232 176 
232 181 
208 208 
237 187 
612 434 
246 184 
235 173 
243 187 
229 184 
885 187 
232 173 
229 176 
229 184 
232 176 
208 184 
232 187 
246 187 
229 184 
243 187 
241 184 
246 184 
232 184 
232 184 
246 175 
229 170 
202 196 
238 184 
243 1245 
1207 184 
240 184 
229 187 
202 176 
232 187 
229 190 
232 173 
199 190 
407 294 
422 187 
243 184 
235 173 
243 220 
211 223 
713 228 
226 220 
235 184 
229 184 
243 187 
229 187 
232 173 
214 184 
205 187 
205 184 
211 184 
472 520 
841 187 
238 184 
232 187 
232 184 
232 184 
232 173 
467 176 
240 187 
235 181 
232 184 
243 184 
229 176 
243 181 
229 662 
933 211 
235 184 
249 184 
229 184 
232 184 
232 193 
208 184 
543 184 
357 725 
243 181 
232 173 
246 184 
802 181 
240 181 
229 176 
246 181 
229 173 
243 232 
229 178 
202 181 
205 196 
199 220 
202 187 
202 181 
211 173 
232 181 
205 173 
199 184 
238 176 
235 176 
205 181 
232 181 
383 184 
185 255 
214 187 
413 176 
220 181 
240 181 
354 173 
243 184 
339 184 
214 173 
202 187 
202 173 
235 181 
621 190 
253 173 
229 187 
208 173 
208 173 
202 176 
202 588 
208 184 
202 190 
205 184 
229 184 
205 187 
205 187 
202 184 
208 184 
550 205 
238 220 
208 173 
199 173 
850 324 
246 202 
217 187 
205 184 
205 196 
229 193 
244 181 
235 181 
205 184 
238 176 
202 184 
238 187 
246 181 
238 184 
454 184 
205 184 
208 167 
208 181 
229 187 
1712 347 
214 324 
232 181 
205 193 
757 205 
232 184 
240 190 
229 170 
229 173 
205 181 
240 187 
211 187 
826 371 
556 1355 
312 184 
232 181 
232 173 
232 178 
202 181 
208 193 
202 187 
612 223 
202 184 
232 184 
232 181 
214 184 
208 187 
235 179 
303 173 
232 179 
243 184 
238 217 
300 235 
235 187 
202 176 
208 187 
199 184 
229 190 
205 173 
205 184 
205 176 
243 184 
202 187 
208 170 
217 184 
202 173 
734 184 
484 181 
202 184 
205 187 
604 184 
229 173 
232 184 
229 182 
208 190 
297 1209 
208 184 
232 184 
229 187 
312 181 
202 173 
202 184 
246 184 
238 187 
235 217 
208 217 
205 214 
208 184 
232 271 
258 235 
235 217 
243 181 
217 184 
232 184 
226 181 
208 184 
229 419 
374 187 
232 184 
249 187 
205 214 
202 176 
383 184 
205 190 
737 184 
232 176 
243 181 
229 184 
240 187 
208 187 
208 196 
235 184 
229 173 
232 181 
410 288 
897 184 
232 184 
205 187 
214 187 
202 184 
428 184 
240 187 
205 184 
202 173 
208 220 
229 232 
288 217 
229 217 
229 214 
743 173 
235 184 
229 170 
2048 250 
232 179 
229 176 
214 181 
208 178 
208 187 
220 181 
208 187 
205 187 
642 187 
232 187 
235 214 
232 181 
255 187 
232 181 
211 173 
202 187 
232 176 
205 184 
232 170 
249 223 
235 173 
208 187 
205 184 
318 190 
927 184 
205 184 
208 196 
240 184 
232 184 
273 184 
265 170 
1364 184 
336 184 
208 181 
867 184 
229 173 
240 184 
235 187 
231 80 
232 86 
240 184 
220 184 
232 176 
229 184 
235 187 
232 187 
229 181 
249 235 
271 208 
238 199 
262 193 
241 220 
253 214 
246 255 
258 196 
255 205 
229 226 
265 214 
253 211 
772 261 
199 214 
835 372 
241 246 
250 261 
223 173 
232 184 
240 181 
666 173 
205 173 
205 184 
208 184 
211 187 
208 196 
208 83 
86 83 
205 184 
232 187 
243 184 
229 181 
205 184 
208 187 
243 184 
208 187 
422 1129 
191 187 
235 217 
238 214 
235 238 
205 170 
232 187 
202 173 
226 187 
232 176 
232 184 
208 181 
240 199 
615 181 
232 190 
229 173 
232 196 
481 184 
232 184 
235 187 
237 187 
229 184 
802 184 
205 181 
229 173 
226 184 
229 176 
229 184 
232 176 
205 173 
217 202 
900 187 
232 184 
226 184 
243 181 
1429 187 
235 187 
229 173 
243 190 
229 173 
243 184 
232 187 
232 181 
235 173 
208 187 
473 244 
208 187 
235 196 
235 196 
229 181 
309 184 
232 184 
229 176 
208 184 
205 184 
211 173 
241 184 
191 184 
214 187 
226 173 
443 193 
232 184 
232 184 
229 193 
205 190 
205 190 
243 184 
235 231 
235 279 
241 187 
226 184 
202 184 
205 170 
722 190 
205 170 
208 184 
481 1025 
205 184 
205 181 
366 470 
449 187 
208 184 
232 173 
567 187 
202 190 
208 176 
755 173 
205 173 
211 184 
229 173 
232 83 
232 184 
240 181 
701 193 
246 187 
205 190 
240 184 
235 217 
285 176 
618 386 
240 187 
232 181 
199 190 
205 184 
202 184 
188 187 
710 190 
202 184 
229 184 
237 184 
675 782 
847 187 
235 184 
229 184 
235 176 
246 184 
235 187 
241 173 
208 187 
226 187 
235 184 
220 184 
229 184 
235 173 
229 187 
229 217 
217 993 
232 184 
232 173 
238 181 
205 173 
232 179 
232 184 
232 187 
211 184 
208 184 
232 187 
246 184 
229 184 
205 170 
240 190 
205 176 
817 214 
951 173 
235 187 
229 173 
232 187 
253 235 
240 184 
235 173 
240 187 
232 187 
240 184 
226 184 
229 179 
208 184 
235 187 
232 181 
232 184 
306 184 
235 173 
232 184 
235 173 
243 184 
603 187 
232 184 
229 184 
238 184 
455 582 
235 173 
229 184 
232 181 
232 181 
232 184 
520 779 
410 184 
229 184 
232 184 
229 173 
226 184 
232 181 
232 184 
232 181 
235 184 
232 176 
226 187 
229 238 
256 214 
226 184 
229 187 
229 181 
235 187 
238 187 
232 173 
238 184 
229 176 
232 181 
202 365 
240 184 
229 184 
240 187 
232 187 
692 193 
229 184 
235 184 
229 184 
246 187 
235 181 
1420 371 
232 184 
232 176 
232 187 
229 181 
243 184 
229 181 
232 184 
241 181 
229 187 
235 173 
701 481 
229 184 
232 184 
246 196 
232 176 
249 184 
238 202 
232 187 
241 170 
232 187 
238 226 
273 199 
235 170 
235 184 
238 193 
226 173 
537 196 
232 170 
243 187 
232 181 
243 184 
274 297 
240 190 
229 187 
229 184 
232 179 
232 190 
232 176 
232 184 
235 187 
232 190 
240 190 
235 173 
229 184 
232 179 
240 184 
232 190 
241 187 
232 184 
229 176 
229 184 
229 173 
208 184 
232 176 
440 273 
202 190 
261 184 
232 187 
232 187 
336 184 
223 170 
232 181 
229 173 
262 371 
229 176 
226 181 
229 181 
249 181 
235 187 
880 184 
226 181 
226 187 
232 181 
226 167 
229 181 
235 184 
243 190 
235 173 
202 184 
229 181 
229 187 
229 205 
205 170 
226 181 
229 176 
211 178 
208 173 
202 181 
199 184 
898 170 
229 176 
232 187 
232 173 
246 187 
229 181 
232 187 
229 181 
454 187 
244 784 
232 176 
229 184 
232 173 
707 184 
229 273 
237 184 
229 173 
226 184 
232 187 
240 187 
229 184 
240 184 
232 179 
243 184 
226 181 
235 173 
229 181 
232 173 
202 173 
211 184 
240 184 
232 181 
243 184 
238 173 
202 173 
232 181 
240 184 
229 181 
205 217 
235 184 
336 294 
268 176 
235 173 
246 184 
235 170 
232 184 
556 184 
205 173 
238 176 
238 184 
229 184 
199 176 
229 184 
232 176 
232 184 
235 173 
232 184 
838 300 
347 300 
208 184 
229 184 
235 173 
232 176 
247 170 
243 226 
232 187 
229 173 
506 187 
232 173 
229 184 
232 173 
232 190 
348 176 
240 184 
796 199 
226 187 
229 187 
229 173 
232 181 
377 187 
235 181 
208 190 
243 184 
229 190 
615 184 
208 187 
208 187 
205 184 
214 184 
924 187 
246 199 
199 184 
253 225 
262 211 
279 176 
243 190 
205 173 
243 184 
229 181 
499 978 
202 184 
243 184 
229 217 
232 173 
205 749 
229 173 
229 181 
238 173 
232 214 
229 184 
229 184 
235 187 
244 187 
1756 722 
238 184 
235 184 
235 173 
487 187 
232 214 
232 181 
229 176 
232 184 
773 184 
243 184 
229 170 
235 173 
232 190 
202 184 
235 184 
232 187 
235 181 
232 184 
232 184 
229 190 
243 220 
235 187 
419 1201 
511 184 
229 178 
232 181 
240 184 
238 193 
235 176 
235 184 
235 173 
232 184 
229 69 
83 140 
217 181 
425 348 
597 240 
220 226 
220 208 
229 208 
300 294 
232 178 
235 202 
211 181 
194 184 
529 181 
870 184 
232 184 
226 187 
232 179 
205 173 
205 184 
240 187 
235 187 
255 553 
847 187 
208 184 
205 187 
211 184 
229 184 
214 181 
211 187 
208 184 
211 173 
205 184 
529 184 
232 184 
226 173 
232 173 
235 184 
208 173 
208 182 
240 184 
208 184 
398 176 
235 173 
249 181 
238 182 
211 190 
360 187 
817 187 
205 184 
232 173 
258 187 
942 173 
191 184 
327 817 
238 184 
211 398 
240 214 
205 184 
205 190 
419 187 
232 176 
229 190 
232 173 
238 184 
220 205 
232 187 
232 173 
208 184 
232 187 
229 176 
208 187 
345 722 
229 184 
202 176 
240 184 
229 184 
243 214 
211 176 
244 176 
496 184 
208 187 
232 184 
252 267 
422 173 
778 190 
627 784 
832 176 
194 187 
229 187 
232 190 
229 176 
229 184 
282 570 
246 184 
241 187 
255 184 
235 181 
241 187 
235 187 
232 83 
232 181 
232 187 
249 184 
229 226 
240 164 
202 184 
240 187 
205 190 
229 514 
229 633 
220 243 
243 234 
297 273 
217 223 
271 250 
276 196 
348 244 
220 217 
208 226 
240 876 
270 202 
205 173 
211 193 
211 176 
247 246 
208 225 
214 217 
217 176 
211 190 
214 202 
235 223 
874 220 
249 187 
235 173 
380 796 
440 176 
241 184 
238 184 
235 173 
241 184 
238 184 
235 220 
235 173 
255 220 
229 193 
246 190 
229 190 
229 220 
202 184 
208 184 
244 173 
1860 184 
354 173 
232 187 
243 178 
674 190 
246 181 
229 173 
240 184 
232 184 
238 184 
240 187 
229 184 
238 240 
229 173 
211 184 
229 184 
226 181 
226 184 
232 181 
226 184 
249 181 
238 173 
252 187 
241 184 
235 173 
654 344 
240 184 
235 181 
565 978 
240 184 
235 173 
232 187 
226 184 
246 184 
645 782 
240 184 
229 184 
496 181 
235 184 
249 184 
238 184 
235 173 
793 190 
232 173 
240 190 
241 184 
246 184 
235 184 
238 173 
241 181 
235 176 
235 184 
238 187 
232 187 
232 187 
229 181 
232 173 
229 181 
229 184 
246 184 
232 190 
235 170 
240 187 
232 190 
232 1307 
205 321 
232 184 
202 184 
229 187 
226 173 
344 184 
229 187 
235 187 
238 173 
255 184 
603 184 
238 217 
381 731 
229 187 
229 184 
882 184 
240 187 
229 184 
243 184 
229 187 
243 187 
208 187 
246 181 
232 184 
232 176 
235 173 
235 184 
235 170 
246 190 
246 184 
229 187 
232 181 
591 1028 
252 184 
232 187 
240 184 
235 176 
246 187 
235 181 
232 173 
194 184 
205 187 
235 184 
428 184 
240 187 
229 176 
240 184 
235 184 
689 184 
229 173 
205 184 
232 173 
229 184 
229 184 
253 220 
202 184 
232 187 
249 181 
235 173 
226 187 
235 184 
246 184 
232 184 
246 181 
520 294 
237 184 
205 184 
249 184 
223 187 
229 184 
255 252 
229 173 
240 184 
235 184 
258 288 
238 190 
243 187 
238 187 
238 173 
235 181 
235 184 
523 184 
226 173 
249 184 
232 184 
243 187 
835 187 
235 184 
241 173 
232 176 
232 176 
229 173 
229 184 
235 176 
226 181 
235 187 
241 532 
288 184 
243 187 
235 176 
229 187 
232 181 
232 181 
223 523 
318 187 
229 173 
229 187 
226 193 
232 184 
238 234 
250 253 
243 184 
226 181 
246 184 
321 184 
246 181 
229 184 
240 184 
232 187 
615 181 
243 184 
232 173 
235 181 
214 173 
877 181 
232 184 
240 190 
232 184 
253 443 
226 181 
232 176 
229 187 
235 176 
229 184 
238 176 
229 184 
232 187 
232 187 
232 184 
232 170 
232 181 
255 184 
241 184 
226 179 
232 187 
232 187 
229 178 
330 176 
618 173 
232 190 
252 187 
232 202 
439 214 
235 176 
235 187 
235 181 
226 184 
713 190 
235 187 
232 184 
431 288 
252 190 
235 173 
240 190 
235 173 
240 184 
238 184 
240 187 
232 193 
235 179 
238 187 
229 176 
232 181 
235 176 
235 190 
232 173 
240 187 
241 184 
232 184 
232 187 
243 184 
431 258 
246 181 
229 184 
232 173 
279 184 
232 184 
249 184 
229 184 
229 193 
547 184 
276 336 
208 253 
208 271 
292 173 
202 261 
202 211 
226 181 
211 181 
202 190 
208 199 
226 170 
255 184 
235 173 
202 202 
232 181 
205 199 
199 190 
918 181 
226 167 
229 178 
234 167 
226 178 
234 167 
226 178 
229 164 
226 178 
226 181 
229 181 
229 167 
226 178 
226 181 
237 181 
354 390 
234 167 
226 181 
229 164 
226 181 
662 167 
226 181 
226 170 
237 181 
226 178 
930 167 
226 170 
226 178 
232 309 
231 167 
226 181 
229 170 
226 178 
237 167 
237 77 
122 77 
69 205 
226 178 
240 181 
223 181 
226 178 
226 178 
234 167 
226 181 
226 173 
226 178 
163 181 
324 181 
199 181 
226 181 
226 181 
226 178 
226 181 
481 181 
229 181 
237 178 
226 178 
229 170 
761 181 
223 170 
226 178 
223 170 
226 178 
226 181 
240 181 
223 181 
226 178 
226 178 
234 167 
226 77 
77 77 
271 226 
1441 407 
907 167 
226 181 
229 181 
223 181 
767 282 
202 181 
234 178 
226 178 
237 181 
223 178 
226 167 
226 178 
237 167 
329 167 
226 181 
229 181 
223 181 
226 178 
585 167 
237 181 
223 178 
237 178 
229 178 
858 167 
226 181 
226 167 
226 178 
226 170 
237 181 
226 178 
223 178 
226 181 
237 181 
223 178 
237 178 
1210 164 
223 170 
226 178 
226 167 
226 178 
223 167 
223 181 
229 181 
226 178 
226 181 
205 170 
651 181 
237 167 
226 181 
229 164 
226 181 
395 181 
226 178 
226 170 
237 181 
226 178 
663 181 
226 181 
226 178 
226 178 
234 167 
226 181 
229 164 
226 181 
226 167 
226 178 
223 167 
223 181 
481 580 
223 181 
226 178 
234 170 
226 178 
237 181 
226 178 
226 170 
226 178 
237 167 
237 181 
226 170 
226 178 
226 181 
240 181 
223 181 
208 167 
226 178 
237 181 
606 695 
237 167 
502 167 
226 167 
226 178 
229 178 
229 181 
799 167 
226 226 
226 181 
237 181 
223 178 
237 178 
268 630 
223 167 
229 178 
223 170 
226 178 
223 170 
226 178 
226 181 
240 181 
339 234 
188 167 
226 178 
234 167 
226 181 
229 170 
226 178 
226 167 
226 178 
223 167 
223 181 
223 181 
226 178 
318 181 
237 181 
226 178 
234 167 
226 181 
612 181 
229 178 
237 167 
237 181 
636 803 
244 246 
1043 181 
226 178 
229 181 
237 181 
223 178 
237 178 
229 178 
234 167 
226 178 
229 164 
226 178 
226 181 
229 181 
223 181 
226 178 
229 181 
237 181 
223 178 
237 178 
229 178 
234 167 
226 178 
229 164 
226 178 
226 181 
229 181 
223 181 
416 167 
229 181 
237 226 
238 591 
234 181 
701 167 
237 178 
226 178 
229 164 
226 178 
226 181 
229 181 
223 181 
226 178 
229 181 
436 256 
606 167 
237 181 
226 178 
226 170 
226 178 
237 167 
237 181 
226 170 
226 178 
223 167 
226 181 
223 181 
234 178 
229 178 
237 181 
226 178 
226 170 
241 181 
226 167 
226 178 
226 170 
443 336 
514 181 
229 178 
229 181 
237 181 
223 178 
790 181 
226 181 
226 167 
226 178 
237 167 
237 181 
226 170 
259 478 
223 167 
223 181 
226 178 
234 170 
226 178 
237 181 
226 178 
226 170 
229 178 
752 173 
237 181 
226 170 
226 178 
226 181 
240 181 
223 181 
226 178 
226 178 
234 167 
226 181 
499 181 
226 181 
226 167 
229 178 
223 167 
627 167 
229 178 
223 178 
226 181 
237 181 
906 167 
237 167 
226 181 
229 164 
226 181 
226 167 
226 178 
226 170 
237 181 
226 178 
223 178 
226 181 
237 181 
223 178 
237 178 
229 178 
234 167 
226 178 
229 164 
226 178 
309 404 
188 170 
223 167 
223 181 
199 178 
188 167 
226 178 
234 167 
443 181 
229 170 
226 178 
237 167 
237 181 
713 181 
229 178 
226 181 
240 181 
223 181 
226 178 
229 181 
237 178 
226 178 
229 170 
226 178 
237 167 
237 181 
226 170 
226 178 
226 181 
240 181 
223 181 
226 178 
226 178 
234 167 
226 181 
829 178 
226 178 
237 167 
237 181 
226 170 
226 178 
270 167 
223 181 
226 178 
234 170 
226 178 
543 167 
214 330 
526 178 
226 181 
226 167 
820 167 
226 167 
223 181 
226 178 
223 178 
226 181 
237 181 
223 178 
237 178 
229 178 
234 167 
226 178 
229 164 
226 178 
354 294 
234 178 
223 181 
226 178 
1111 948 
226 178 
226 178 
234 167 
226 181 
229 164 
226 181 
226 167 
226 178 
226 170 
374 181 
226 181 
226 178 
226 181 
237 181 
636 181 
240 181 
226 178 
226 170 
226 178 
909 181 
229 178 
1102 315 
342 223 
226 181 
240 181 
223 181 
226 178 
226 178 
234 167 
226 181 
229 164 
705 345 
865 167 
237 181 
226 170 
226 178 
226 181 
240 181 
223 181 
226 178 
226 178 
234 167 
226 181 
229 164 
226 181 
226 167 
226 178 
472 167 
229 181 
229 178 
223 178 
226 181 
751 167 
226 181 
226 167 
226 178 
234 167 
226 178 
229 164 
226 178 
226 181 
229 181 
416 336 
226 178 
226 181 
237 181 
223 178 
223 178 
229 178 
312 559 
342 181 
226 167 
249 178 
229 178 
229 181 
223 181 
226 178 
229 181 
237 181 
223 178 
270 181 
226 181 
229 164 
226 181 
226 167 
553 181 
229 170 
226 178 
226 181 
237 181 
844 181 
229 178 
226 181 
237 181 
226 178 
255 366 
226 178 
223 170 
226 178 
223 170 
226 178 
226 181 
237 181 
223 181 
226 178 
226 178 
234 167 
226 181 
490 633 
871 181 
226 167 
226 178 
226 181 
253 258 
223 170 
223 181 
226 178 
234 170 
395 167 
240 77 
226 77 
223 170 
226 178 
656 167 
226 181 
226 170 
237 181 
226 178 
351 178 
339 181 
237 181 
226 181 
226 167 
226 178 
234 167 
226 178 
229 164 
226 178 
226 181 
229 181 
223 181 
226 178 
229 181 
237 181 
223 178 
237 178 
229 178 
234 167 
226 178 
229 164 
226 178 
211 178 
226 178 
226 181 
255 77 
223 181 
464 181 
229 181 
267 499 
256 372 
1010 645 
755 181 
226 170 
226 178 
223 170 
226 178 
226 181 
240 178 
229 181 
237 181 
223 178 
237 178 
229 178 
234 167 
226 178 
226 167 
226 178 
229 178 
229 181 
223 181 
226 178 
229 181 
237 181 
223 178 
237 178 
229 178 
234 167 
226 178 
229 164 
309 167 
226 181 
565 835 
226 178 
226 181 
579 167 
237 181 
223 14533 
0 0 
0 0 
0 0 
244 300 
211 562 
529 184 
240 214 
202 187 
270 187 
226 178 
223 181 
223 178 
1037 306 
237 167 
226 181 
226 170 
226 181 
223 164 
226 178 
223 167 
226 175 
226 178 
223 181 
223 178 
237 178 
226 178 
234 178 
722 351 
223 167 
226 178 
404 178 
237 178 
223 164 
226 175 
226 178 
663 178 
223 181 
223 178 
226 181 
237 167 
226 181 
226 170 
226 181 
223 164 
226 178 
223 167 
226 175 
226 178 
223 181 
223 178 
270 178 
223 178 
237 167 
226 181 
226 170 
226 181 
223 164 
226 178 
223 167 
500 333 
199 178 
237 181 
226 181 
208 77 
226 181 
223 167 
223 178 
223 167 
502 167 
226 170 
226 181 
223 178 
226 178 
784 167 
226 178 
226 178 
237 178 
226 178 
234 178 
223 178 
223 167 
226 178 
223 167 
223 178 
223 164 
226 175 
226 178 
223 181 
223 178 
237 178 
446 861 
234 167 
226 181 
226 170 
226 181 
223 164 
226 178 
844 731 
199 170 
223 167 
226 178 
318 178 
223 178 
223 178 
237 167 
226 181 
609 178 
226 178 
223 167 
226 181 
223 170 
868 178 
223 167 
237 178 
223 181 
223 178 
226 181 
270 232 
244 178 
223 167 
226 178 
223 167 
223 178 
713 327 
223 178 
223 178 
226 181 
223 178 
237 178 
226 178 
237 178 
223 178 
223 167 
226 178 
223 167 
223 178 
223 164 
226 175 
226 178 
410 167 
229 178 
674 484 
366 167 
223 181 
716 167 
237 167 
226 178 
223 170 
229 181 
226 178 
226 178 
223 178 
237 181 
226 181 
223 178 
226 181 
243 360 
553 178 
237 167 
226 178 
226 164 
226 178 
223 178 
223 181 
223 181 
237 181 
226 181 
223 178 
226 181 
237 167 
226 181 
226 170 
247 178 
223 167 
223 181 
226 167 
226 175 
529 178 
237 181 
226 181 
226 181 
223 178 
796 178 
223 181 
1034 784 
199 339 
223 170 
223 181 
223 178 
226 178 
297 318 
202 167 
226 167 
226 178 
226 181 
237 167 
223 181 
226 170 
226 181 
223 164 
226 178 
223 167 
226 175 
226 178 
223 181 
223 178 
237 178 
226 178 
237 178 
223 178 
347 167 
229 178 
223 170 
229 181 
226 178 
612 167 
229 178 
223 181 
223 178 
237 178 
912 167 
472 300 
226 178 
226 170 
226 181 
223 164 
226 178 
223 167 
253 1055 
226 178 
226 181 
226 167 
226 178 
226 181 
237 167 
226 181 
226 170 
226 181 
223 164 
226 178 
223 167 
226 175 
226 178 
223 181 
223 178 
237 178 
226 178 
237 178 
431 178 
226 170 
226 178 
223 164 
1002 339 
710 178 
226 178 
223 178 
237 181 
226 181 
223 178 
226 181 
237 167 
226 181 
226 170 
226 181 
223 164 
226 178 
223 167 
226 181 
223 181 
237 181 
226 181 
339 731 
199 190 
237 178 
223 178 
223 167 
226 178 
223 167 
223 178 
223 164 
226 175 
276 167 
223 178 
223 178 
205 250 
229 178 
540 167 
226 178 
234 167 
226 178 
223 170 
832 167 
226 167 
226 175 
226 178 
226 181 
226 167 
226 178 
226 181 
237 167 
226 181 
226 170 
226 181 
223 164 
226 178 
223 167 
226 175 
226 178 
223 181 
223 178 
237 178 
226 178 
234 178 
211 1842 
240 181 
226 181 
223 167 
223 891 
398 288 
342 178 
223 178 
226 181 
226 167 
226 178 
633 178 
237 181 
226 181 
223 167 
226 178 
930 178 
226 181 
226 178 
226 178 
645 167 
237 181 
226 181 
223 178 
226 181 
237 167 
226 181 
226 170 
226 181 
223 164 
226 178 
223 167 
226 175 
226 178 
223 181 
226 178 
1060 247 
779 351 
234 178 
223 178 
223 167 
226 178 
223 167 
223 178 
463 167 
229 178 
223 178 
226 181 
377 178 
731 167 
226 178 
237 167 
226 181 
226 170 
226 181 
223 164 
226 178 
223 167 
226 175 
226 178 
223 181 
223 178 
237 178 
226 178 
237 178 
223 178 
223 167 
226 178 
612 752 
885 178 
223 170 
226 181 
223 178 
237 181 
226 181 
226 175 
226 181 
285 178 
223 178 
223 164 
226 178 
226 170 
559 178 
226 170 
226 181 
223 178 
237 181 
850 178 
234 164 
226 181 
237 178 
529 609 
205 479 
226 181 
223 167 
223 181 
226 167 
226 175 
226 178 
223 181 
413 951 
264 668 
223 178 
237 199 
66 63 
226 170 
226 181 
237 167 
223 178 
223 164 
226 175 
226 178 
223 181 
223 178 
237 178 
392 167 
234 178 
223 178 
223 167 
226 178 
677 167 
226 178 
226 178 
226 178 
383 464 
927 167 
226 167 
226 178 
226 181 
237 167 
226 181 
226 170 
226 181 
692 339 
226 181 
226 178 
226 178 
223 178 
237 181 
701 330 
677 178 
226 178 
237 167 
226 181 
226 170 
226 181 
223 164 
226 178 
199 178 
223 181 
226 178 
226 181 
226 167 
464 178 
226 181 
237 178 
226 178 
226 170 
767 178 
223 170 
223 178 
223 164 
226 175 
226 178 
223 181 
241 461 
226 178 
226 181 
237 167 
226 181 
226 170 
226 181 
223 164 
226 178 
223 167 
226 181 
223 181 
237 181 
226 181 
223 178 
226 181 
237 167 
895 167 
226 170 
226 178 
223 164 
297 167 
226 178 
226 178 
223 178 
237 181 
597 167 
237 178 
226 181 
223 167 
223 178 
864 167 
339 339 
223 164 
226 178 
223 167 
226 175 
226 178 
223 77 
226 181 
223 178 
223 178 
237 167 
226 181 
226 170 
226 181 
223 164 
226 178 
223 167 
226 175 
226 178 
223 181 
223 178 
237 178 
226 178 
237 178 
223 178 
223 167 
342 419 
398 178 
237 178 
223 164 
577 184 
226 167 
672 178 
223 181 
226 175 
226 181 
594 555 
398 178 
223 167 
226 178 
223 164 
226 175 
226 170 
226 181 
223 178 
237 178 
223 181 
223 178 
226 181 
237 167 
226 181 
226 170 
226 181 
223 164 
226 178 
223 167 
226 175 
226 178 
223 181 
223 178 
234 167 
226 178 
234 181 
226 181 
223 167 
508 167 
226 170 
381 645 
401 181 
234 181 
799 167 
226 178 
226 178 
234 178 
226 178 
237 178 
342 246 
226 170 
226 178 
223 164 
226 178 
223 167 
226 181 
223 181 
237 181 
226 181 
223 178 
226 181 
237 167 
226 181 
226 170 
226 181 
223 164 
226 178 
223 167 
226 175 
226 178 
223 181 
312 178 
419 253 
199 178 
234 167 
226 181 
609 178 
226 178 
223 167 
223 178 
223 164 
877 178 
223 167 
237 178 
223 181 
223 178 
226 181 
237 167 
226 181 
226 170 
226 181 
484 481 
464 178 
226 178 
226 178 
223 178 
237 181 
226 181 
223 178 
226 181 
237 167 
226 181 
226 170 
226 181 
199 1093 
268 467 
229 178 
226 178 
223 167 
416 167 
229 178 
237 178 
226 178 
237 178 
698 167 
237 167 
226 178 
223 170 
229 181 
226 178 
226 178 
223 170 
223 178 
223 178 
226 181 
223 178 
237 181 
226 181 
223 167 
226 178 
223 167 
223 178 
535 250 
761 178 
223 178 
226 181 
223 517 
517 167 
226 181 
237 167 
226 181 
226 170 
247 178 
223 167 
226 178 
226 178 
223 178 
520 178 
226 178 
226 167 
234 167 
223 178 
805 178 
223 181 
223 170 
226 178 
223 164 
229 181 
223 167 
226 175 
226 178 
223 181 
223 178 
237 178 
226 178 
234 178 
223 178 
535 167 
532 178 
223 167 
226 178 
223 167 
226 175 
226 178 
223 181 
223 178 
237 178 
226 178 
237 178 
223 383 
490 178 
226 178 
223 164 
229 181 
226 178 
609 167 
229 178 
223 181 
223 178 
237 178 
912 167 
237 167 
226 181 
226 170 
226 181 
223 164 
226 178 
223 167 
226 175 
199 784 
237 181 
226 181 
223 178 
226 181 
237 167 
226 181 
226 170 
226 181 
734 2051 
583 178 
226 178 
226 178 
223 178 
237 181 
226 184 
226 181 
223 178 
237 181 
434 178 
226 170 
226 178 
223 164 
226 178 
719 178 
226 178 
217 178 
226 181 
226 167 
226 178 
226 181 
237 167 
226 181 
226 232 
226 178 
223 164 
226 178 
223 167 
226 175 
226 178 
223 181 
223 178 
237 178 
226 181 
223 167 
223 178 
223 167 
226 178 
223 164 
229 181 
226 178 
226 178 
264 167 
223 178 
223 178 
226 181 
223 178 
543 167 
229 178 
234 167 
226 178 
223 170 
832 167 
226 167 
226 175 
226 178 
223 181 
945 814 
226 175 
226 181 
237 167 
226 181 
226 170 
226 181 
223 164 
226 178 
223 167 
226 175 
226 178 
223 181 
223 178 
237 178 
226 178 
237 178 
282 1361 
466 508 
226 178 
223 167 
223 178 
223 164 
357 178 
223 178 
226 181 
226 167 
226 178 
633 178 
237 181 
226 181 
223 167 
226 178 
924 178 
226 181 
226 178 
226 178 
223 178 
237 181 
226 181 
223 178 
226 181 
237 167 
226 181 
1275 167 
226 918 
226 164 
226 178 
223 167 
226 175 
226 178 
223 181 
223 178 
237 178 
226 178 
237 178 
223 178 
223 167 
226 178 
223 167 
223 178 
463 167 
229 178 
223 178 
226 181 
223 178 
754 167 
226 74 
80 74 
223 178 
223 167 
226 178 
223 167 
223 178 
223 164 
226 175 
226 178 
223 181 
223 178 
237 178 
226 178 
237 178 
223 178 
223 167 
226 178 
300 333 
226 181 
226 167 
226 175 
226 178 
223 181 
223 178 
237 178 
226 178 
270 178 
223 181 
223 170 
226 178 
223 164 
550 178 
226 170 
226 181 
223 178 
237 181 
850 178 
234 164 
226 181 
237 178 
226 178 
226 170 
226 181 
223 164 
226 178 
223 167 
226 175 
226 178 
226 181 
226 167 
226 178 
226 181 
237 167 
226 181 
226 170 
226 181 
223 164 
458 725 
226 170 
226 181 
223 178 
237 181 
226 181 
226 175 
380 167 
234 178 
223 178 
223 167 
226 178 
677 167 
226 178 
226 178 
226 178 
223 178 
802 300 
469 167 
237 178 
226 178 
237 178 
223 178 
223 167 
226 178 
223 167 
223 178 
223 164 
226 175 
226 178 
223 181 
223 178 
237 178 
226 178 
237 178 
223 178 
223 167 
226 178 
223 167 
223 178 
232 170 
226 178 
223 178 
237 181 
511 321 
234 178 
223 181 
223 167 
223 178 
223 167 
755 167 
223 167 
223 178 
223 164 
226 175 
226 178 
223 181 
223 178 
237 178 
226 178 
237 178 
223 178 
223 167 
226 178 
223 167 
223 178 
223 170 
226 181 
223 178 
237 181 
226 181 
226 175 
226 181 
237 167 
226 181 
226 170 
226 181 
223 164 
297 167 
226 178 
226 178 
223 178 
237 181 
597 167 
912 190 
303 244 
234 167 
226 181 
876 167 
226 178 
223 170 
226 181 
223 178 
226 178 
223 178 
237 178 
223 181 
223 178 
226 181 
237 167 
226 181 
226 170 
226 181 
223 164 
226 178 
223 167 
226 175 
226 178 
223 181 
226 178 
237 181 
223 181 
223 167 
223 178 
252 422 
226 178 
407 178 
237 178 
223 164 
226 175 
226 178 
663 178 
223 181 
226 175 
226 181 
237 167 
226 181 
1001 315 
603 178 
226 170 
226 181 
223 178 
226 178 
223 178 
237 181 
226 181 
223 178 
226 181 
237 167 
226 181 
226 170 
226 181 
223 164 
226 178 
223 167 
226 175 
226 178 
223 181 
226 178 
231 167 
226 178 
237 181 
223 178 
223 167 
508 167 
226 170 
226 181 
223 178 
226 178 
784 167 
226 178 
226 178 
237 178 
226 178 
237 178 
223 178 
223 167 
226 178 
556 672 
226 181 
226 178 
226 178 
223 178 
237 181 
226 181 
223 178 
226 181 
237 167 
226 181 
226 170 
226 181 
223 164 
226 178 
223 167 
226 175 
226 178 
223 181 
312 178 
223 178 
223 178 
237 167 
226 181 
609 178 
226 178 
223 167 
223 178 
223 164 
877 178 
223 167 
237 178 
223 181 
223 178 
226 181 
237 167 
226 181 
234 167 
226 178 
223 164 
366 583 
226 178 
226 178 
223 178 
237 181 
226 181 
223 178 
226 181 
306 170 
226 178 
226 170 
226 181 
223 164 
226 178 
223 167 
740 178 
226 181 
439 167 
229 178 
237 178 
226 178 
237 178 
698 167 
237 167 
226 178 
226 167 
229 181 
226 178 
226 178 
223 178 
237 181 
226 181 
223 178 
226 181 
237 167 
226 181 
226 170 
226 181 
223 164 
226 416 
199 312 
226 178 
226 178 
226 181 
226 167 
226 178 
226 181 
529 556 
351 178 
237 167 
232 178 
223 167 
223 181 
226 167 
226 175 
529 178 
237 178 
223 181 
223 178 
226 181 
805 178 
223 181 
223 170 
226 178 
223 164 
226 178 
223 167 
226 175 
226 178 
226 181 
226 167 
580 621 
966 181 
234 178 
223 178 
223 167 
226 178 
223 167 
223 178 
223 164 
226 175 
226 178 
223 181 
223 178 
234 178 
226 178 
237 178 
223 178 
347 167 
431 722 
223 164 
229 181 
226 178 
612 167 
226 178 
223 181 
226 178 
237 181 
906 167 
237 167 
226 181 
226 170 
226 181 
223 164 
262 336 
226 178 
226 178 
226 167 
223 178 
223 178 
226 181 
223 178 
237 181 
226 181 
223 167 
568 234 
226 164 
226 178 
223 167 
226 175 
226 178 
223 181 
223 178 
234 178 
226 178 
237 178 
431 178 
226 170 
226 178 
223 164 
226 181 
716 178 
226 178 
223 178 
481 743 
226 178 
234 167 
612 339 
199 178 
226 178 
223 167 
226 178 
223 164 
229 181 
226 178 
226 178 
223 167 
226 178 
226 178 
234 167 
226 178 
237 178 
223 178 
223 167 
226 178 
223 167 
223 178 
223 164 
226 175 
276 167 
223 178 
223 178 
226 181 
223 178 
543 167 
229 178 
234 167 
226 178 
273 315 
835 167 
226 167 
226 175 
226 178 
223 181 
223 178 
237 178 
226 178 
237 178 
223 2160 
936 167 
226 178 
226 170 
223 181 
223 178 
226 178 
223 178 
237 181 
226 181 
223 178 
226 77 
237 77 
223 178 
223 167 
226 178 
223 164 
229 181 
226 178 
345 178 
223 178 
226 181 
517 264 
202 164 
639 178 
237 181 
226 181 
223 167 
226 178 
930 178 
226 181 
226 178 
226 178 
223 178 
237 181 
226 181 
223 178 
205 178 
303 167 
226 181 
226 170 
226 181 
223 164 
226 178 
223 167 
191 63 
77 77 
223 178 
223 178 
226 181 
223 178 
237 181 
226 181 
223 167 
226 178 
223 583 
699 957 
469 167 
229 178 
223 178 
226 181 
223 178 
754 167 
226 178 
237 167 
226 181 
226 170 
226 181 
223 164 
226 178 
223 167 
226 175 
199 178 
205 181 
235 176 
199 184 
205 181 
208 181 
211 178 
249 181 
220 190 
202 173 
226 179 
240 181 
226 178 
223 170 
226 499 
398 178 
448 178 
226 181 
288 181 
226 181 
229 164 
226 181 
226 167 
553 181 
229 170 
226 178 
226 181 
240 181 
844 181 
229 178 
226 181 
237 181 
226 178 
226 170 
226 178 
237 167 
237 181 
226 170 
226 178 
226 181 
240 181 
223 181 
226 178 
226 178 
234 167 
226 683 
499 1072 
229 178 
229 164 
226 178 
226 181 
229 181 
223 181 
226 178 
229 181 
237 181 
386 167 
234 181 
348 362 
223 167 
226 178 
671 167 
226 181 
226 170 
237 181 
229 181 
927 167 
226 170 
576 535 
226 178 
234 167 
226 181 
229 164 
226 181 
226 167 
226 77 
226 170 
226 178 
226 181 
240 181 
354 458 
234 181 
223 178 
237 178 
229 178 
234 167 
226 178 
229 164 
226 178 
211 181 
226 181 
226 181 
226 178 
226 181 
481 181 
229 181 
237 178 
226 178 
229 170 
761 181 
226 170 
226 178 
639 1097 
226 178 
226 181 
240 181 
223 181 
226 178 
226 178 
234 167 
226 181 
229 164 
639 330 
202 181 
226 178 
223 167 
223 181 
226 178 
223 178 
226 181 
237 181 
223 178 
223 178 
229 178 
234 167 
226 178 
229 164 
309 167 
226 181 
229 181 
223 181 
226 178 
585 167 
237 181 
223 178 
237 178 
229 178 
858 167 
226 181 
226 167 
226 178 
226 170 
237 181 
312 561 
234 178 
226 170 
237 181 
312 615 
820 167 
223 181 
226 167 
226 178 
237 167 
237 181 
226 170 
226 178 
226 181 
240 181 
223 181 
226 178 
226 178 
234 167 
226 181 
229 164 
226 181 
395 181 
226 178 
318 526 
226 178 
226 181 
692 181 
226 181 
226 178 
226 178 
234 167 
226 181 
817 333 
226 178 
226 167 
226 178 
229 178 
229 181 
223 181 
226 178 
229 181 
237 181 
223 178 
237 178 
229 178 
234 167 
226 178 
229 164 
699 485 
879 167 
226 178 
226 181 
223 178 
226 181 
228 167 
226 178 
237 181 
226 178 
226 170 
508 167 
226 167 
226 178 
229 178 
229 181 
1432 256 
904 167 
226 178 
237 181 
226 178 
234 167 
226 181 
229 164 
226 181 
226 167 
226 178 
226 170 
237 181 
226 178 
223 178 
226 181 
237 181 
223 178 
237 178 
229 178 
234 167 
226 178 
226 167 
226 178 
229 178 
229 181 
223 181 
428 437 
205 178 
237 181 
282 211 
716 184 
366 871 
196 176 
226 193 
196 181 
188 170 
205 181 
868 181 
226 170 
223 178 
226 181 
234 170 
226 178 
237 181 
226 178 
226 170 
226 178 
234 167 
237 181 
226 170 
226 178 
226 181 
240 181 
223 181 
226 178 
226 178 
234 167 
226 181 
229 164 
226 181 
226 167 
226 178 
1349 704 
791 252 
226 178 
410 167 
229 181 
237 181 
223 178 
237 178 
716 167 
237 178 
226 178 
229 164 
226 178 
963 479 
226 178 
226 170 
223 181 
226 178 
234 170 
226 178 
237 181 
226 178 
226 170 
226 178 
237 167 
237 181 
226 170 
226 178 
226 181 
240 181 
223 181 
226 178 
226 178 
490 178 
404 167 
226 173 
244 181 
226 167 
226 178 
226 170 
237 181 
529 181 
240 181 
223 181 
226 178 
226 181 
799 181 
226 181 
237 178 
226 178 
223 167 
226 181 
226 170 
234 181 
226 178 
237 181 
532 722 
226 178 
226 178 
234 167 
226 181 
226 167 
226 178 
229 164 
226 178 
199 633 
226 178 
226 170 
223 181 
226 178 
234 170 
226 178 
237 181 
223 178 
350 167 
226 181 
229 164 
226 178 
226 181 
612 167 
229 178 
223 178 
226 181 
237 181 
906 167 
237 167 
226 181 
229 164 
226 181 
226 167 
226 178 
226 170 
237 181 
226 178 
223 178 
559 369 
267 579 
226 178 
237 178 
229 178 
392 490 
232 232 
249 181 
226 178 
223 170 
226 178 
223 167 
223 181 
226 178 
234 170 
226 178 
237 181 
434 181 
226 167 
226 181 
226 167 
226 178 
725 181 
229 178 
226 181 
240 181 
223 181 
226 178 
226 181 
237 181 
226 178 
226 170 
226 178 
237 167 
237 181 
226 170 
601 339 
223 167 
223 181 
226 178 
234 170 
226 178 
237 181 
226 178 
226 170 
226 178 
237 167 
237 181 
226 170 
993 315 
199 178 
223 181 
226 181 
237 181 
223 181 
555 167 
229 178 
234 167 
226 178 
229 164 
829 167 
226 167 
223 181 
226 178 
223 178 
226 77 
72 66 
229 178 
475 330 
226 178 
226 170 
226 178 
237 167 
237 181 
226 170 
226 178 
226 181 
240 181 
223 181 
226 178 
226 181 
237 181 
226 178 
226 170 
226 178 
237 167 
237 181 
226 170 
351 181 
226 181 
223 178 
930 336 
779 181 
639 181 
240 181 
226 178 
226 170 
226 178 
909 181 
229 178 
226 181 
268 942 
226 178 
223 178 
226 181 
237 181 
223 178 
237 178 
229 178 
231 235 
226 181 
226 167 
226 178 
226 170 
237 181 
226 178 
223 178 
226 181 
237 181 
223 178 
237 178 
232 181 
229 164 
226 181 
226 167 
226 178 
472 167 
229 181 
229 178 
223 178 
226 181 
751 167 
226 181 
365 410 
226 181 
226 167 
226 178 
237 167 
368 312 
229 170 
226 178 
226 181 
240 181 
223 181 
226 178 
226 181 
237 181 
226 178 
226 170 
226 178 
237 167 
237 181 
226 170 
226 178 
226 170 
223 181 
226 178 
234 170 
226 178 
276 181 
226 181 
229 164 
226 181 
226 167 
553 181 
229 66 
280 333 
324 170 
237 181 
844 181 
229 178 
226 181 
237 181 
223 181 
226 167 
226 178 
237 167 
237 181 
226 170 
226 178 
226 181 
728 336 
648 170 
237 167 
226 178 
237 181 
226 178 
226 170 
226 178 
237 167 
237 181 
226 170 
226 178 
226 181 
240 181 
223 181 
226 178 
380 167 
237 336 
205 181 
223 167 
226 178 
671 167 
226 181 
226 170 
237 181 
226 178 
930 167 
226 170 
237 181 
226 178 
234 167 
226 181 
229 164 
250 181 
226 167 
226 178 
226 170 
237 181 
226 178 
223 178 
226 181 
237 181 
223 178 
237 178 
514 181 
558 167 
226 178 
237 167 
237 181 
229 170 
544 1236 
419 707 
705 170 
229 181 
484 181 
229 181 
237 178 
226 178 
229 170 
761 181 
226 170 
226 178 
223 170 
226 178 
226 181 
240 181 
223 181 
226 178 
226 178 
234 211 
226 178 
226 167 
226 181 
229 164 
226 178 
226 181 
229 181 
223 181 
226 178 
229 181 
237 181 
223 324 
383 303 
229 178 
234 167 
226 178 
229 164 
309 167 
226 181 
229 181 
223 181 
226 178 
585 167 
630 814 
202 178 
237 181 
226 178 
873 167 
226 181 
226 167 
226 178 
226 170 
237 181 
226 178 
223 178 
226 181 
237 181 
223 178 
237 178 
229 178 
234 167 
226 178 
229 164 
226 178 
1168 173 
274 181 
229 181 
226 178 
226 181 
237 181 
223 178 
237 178 
229 178 
234 167 
226 178 
404 181 
226 178 
223 167 
223 181 
226 178 
663 181 
226 181 
226 178 
226 178 
234 167 
226 181 
484 817 
199 167 
226 167 
226 178 
223 167 
223 181 
226 178 
223 178 
226 181 
237 181 
594 253 
196 699 
449 445 
226 170 
229 178 
223 170 
226 178 
223 170 
226 178 
226 181 
240 181 
223 181 
208 167 
226 178 
237 181 
226 178 
226 170 
508 167 
226 167 
226 178 
229 178 
229 181 
799 167 
226 181 
226 181 
237 181 
223 181 
226 167 
226 178 
234 167 
226 178 
229 164 
220 339 
460 178 
234 178 
223 181 
226 178 
229 181 
237 181 
223 178 
237 374 
440 597 
226 167 
226 181 
229 164 
226 178 
226 181 
229 181 
223 181 
226 178 
318 181 
237 181 
226 178 
234 167 
226 181 
612 181 
229 178 
237 167 
237 181 
226 170 
868 181 
226 170 
223 181 
226 178 
514 366 
277 167 
237 181 
226 178 
226 170 
226 178 
237 167 
237 181 
226 170 
226 178 
226 178 
240 181 
223 181 
226 178 
226 178 
240 181 
226 178 
226 170 
1052 220 
0 0 
0 0 
0 0 
205 196 
202 173 
675 205 
267 167 
237 178 
223 74 
237 178 
704 167 
237 167 
226 178 
214 332 
191 167 
226 178 
226 178 
223 178 
237 181 
226 181 
223 178 
226 181 
237 167 
226 805 
223 170 
226 178 
223 164 
226 178 
223 167 
226 175 
226 178 
223 181 
223 178 
237 178 
226 178 
237 178 
223 178 
223 167 
241 178 
223 167 
223 181 
226 167 
226 175 
529 178 
237 178 
413 258 
1625 339 
247 178 
799 178 
223 181 
223 170 
226 178 
237 167 
223 178 
223 164 
226 175 
226 178 
223 181 
223 178 
237 178 
226 178 
237 178 
223 178 
223 167 
226 178 
223 167 
223 178 
223 164 
226 175 
226 178 
223 181 
226 178 
237 181 
223 181 
223 167 
223 178 
344 535 
636 312 
223 170 
229 181 
226 178 
612 167 
229 178 
223 181 
223 178 
237 178 
912 167 
237 167 
226 181 
226 170 
217 401 
202 181 
226 178 
223 167 
226 175 
226 178 
223 181 
223 178 
237 178 
226 178 
237 178 
223 178 
223 167 
226 178 
223 167 
223 178 
223 164 
226 175 
226 178 
223 181 
764 336 
392 561 
226 178 
234 167 
440 178 
226 170 
226 178 
199 77 
66 63 
398 561 
232 178 
229 178 
223 181 
226 178 
237 181 
223 181 
223 167 
223 178 
223 167 
66 66 
223 202 
223 181 
226 178 
568 243 
232 342 
237 178 
223 181 
223 178 
226 181 
237 167 
226 181 
226 170 
226 181 
223 164 
226 178 
220 167 
229 178 
279 167 
223 178 
223 178 
226 181 
223 178 
543 77 
226 181 
226 170 
226 181 
223 164 
817 167 
226 167 
226 175 
