236 200 
252 40 
256 43 
248 40 
255 42 
252 43 
252 44 
214 220 
46 250 
42 254 
45 248 
46 250 
42 238 
47 252 
44 527 
43 248 
46 252 
44 253 
47 254 
47 254 
44 252 
41 256 
44 252 
44 254 
47 248 
44 254 
44 254 
45 254 
44 257 
44 254 
43 252 
46 253 
46 250 
46 256 
42 252 
45 250 
46 250 
44 240 
43 254 
48 439 
42 252 
45 252 
44 252 
46 252 
47 250 
42 254 
43 254 
44 250 
42 252 
45 252 
45 248 
44 252 
45 252 
44 248 
44 256 
45 252 
48 796 
42 252 
45 254 
44 251 
42 252 
44 254 
44 238 
44 254 
48 280 
46 253 
41 250 
46 252 
44 250 
43 250 
46 248 
46 254 
43 252 
42 254 
44 256 
46 254 
44 251 
43 254 
43 252 
46 236 
47 250 
44 635 
46 252 
43 252 
46 250 
44 252 
45 254 
44 238 
44 248 
47 252 
254 42 
250 42 
256 41 
256 42 
252 42 
256 254 
44 252 
45 252 
46 250 
44 252 
45 250 
42 254 
44 254 
43 254 
44 236 
44 250 
45 532 
44 252 
44 256 
44 248 
46 252 
41 252 
44 254 
44 252 
43 250 
44 252 
42 250 
47 254 
44 248 
45 1339 
43 1565 
44 4195 
47 3170 
44 701 
44 2449 
45 252 
42 250 
46 252 
45 252 
44 234 
44 250 
49 444 
46 252 
42 212 
45 252 
42 253 
46 252 
45 252 
46 252 
46 45 
47 254 
44 252 
47 250 
44 250 
44 254 
43 250 
46 254 
44 248 
44 812 
46 253 
48 252 
45 252 
44 250 
45 254 
45 236 
42 248 
41 286 
45 252 
46 250 
43 250 
44 252 
44 250 
41 252 
48 248 
47 250 
45 250 
46 250 
41 254 
43 254 
42 252 
47 252 
48 232 
44 252 
44 637 
46 250 
44 252 
45 252 
44 253 
44 254 
45 236 
254 248 
382 256 
248 251 
254 254 
254 252 
250 254 
256 252 
254 253 
248 252 
256 250 
252 872 
252 252 
254 254 
254 253 
254 254 
253 250 
254 236 
44 252 
46 565 
44 252 
44 251 
43 252 
44 252 
44 256 
43 254 
44 250 
44 252 
41 254 
44 254 
42 252 
45 252 
42 248 
43 252 
47 254 
44 254 
47 250 
42 252 
44 254 
41 256 
44 252 
44 251 
47 238 
48 251 
46 444 
46 252 
42 255 
44 248 
43 252 
44 252 
47 256 
44 252 
44 251 
47 254 
45 254 
44 253 
41 254 
44 252 
46 254 
260 236 
252 256 
252 865 
254 252 
252 250 
252 250 
256 254 
248 250 
234 240 
258 248 
500 254 
255 254 
254 252 
256 256 
255 252 
252 248 
252 252 
254 253 
252 254 
256 254 
254 250 
252 248 
734 3329 
2706 12993 
0 0 
1727 3116 
920 1125 
2220 6332 
252 251 
254 254 
256 254 
256 252 
254 254 
240 255 
250 248 
403 252 
252 250 
254 255 
254 256 
250 249 
252 254 
248 261 
0 0 
0 0 
252 873 
254 252 
252 254 
253 252 
252 250 
250 250 
253 236 
254 254 
800 255 
257 252 
252 254 
252 254 
246 248 
254 256 
238 252 
256 254 
310 253 
256 252 
256 252 
250 254 
250 250 
250 256 
250 250 
252 236 
254 252 
252 861 
252 253 
250 252 
252 252 
254 252 
254 256 
238 240 
252 251 
635 256 
254 250 
250 250 
252 248 
252 252 
250 246 
240 252 
258 252 
254 252 
252 254 
256 253 
252 252 
254 254 
258 254 
254 250 
256 238 
256 253 
250 861 
252 254 
252 254 
254 254 
250 252 
254 250 
238 236 
252 250 
496 250 
254 252 
254 253 
254 252 
256 252 
256 254 
252 254 
248 250 
256 253 
252 250 
250 248 
256 250 
256 250 
252 252 
252 252 
254 238 
256 252 
490 250 
0 0 
0 0 
0 0 
252 232 
250 236 
236 236 
253 236 
434 234 
254 236 
254 253 
43 40 
44 248 
43 248 
44 250 
42 250 
43 248 
42 252 
42 248 
45 254 
42 252 
41 252 
45 250 
42 238 
43 250 
42 621 
40 250 
43 250 
44 250 
44 252 
43 248 
42 252 
44 254 
43 252 
42 250 
44 252 
45 250 
42 248 
41 250 
44 252 
44 254 
43 248 
44 253 
44 250 
43 258 
42 1529 
41 668 
41 2567 
42 1370 
41 549 
47 371 
44 254 
252 252 
252 234 
252 250 
252 236 
234 238 
252 234 
256 236 
252 236 
252 234 
252 252 
254 236 
253 234 
252 234 
252 827 
252 250 
250 863 
252 236 
256 236 
254 232 
254 252 
250 235 
234 236 
252 236 
549 252 
252 234 
250 234 
258 240 
248 240 
250 238 
238 238 
250 238 
250 235 
250 230 
248 236 
253 238 
248 230 
254 250 
252 236 
258 238 
250 234 
258 864 
252 236 
252 234 
250 232 
250 234 
252 234 
236 234 
250 238 
476 234 
252 236 
248 236 
246 234 
254 236 
254 238 
250 240 
250 234 
250 232 
250 234 
256 236 
250 232 
252 236 
252 236 
250 232 
254 238 
254 256 
813 250 
250 234 
254 252 
252 236 
252 236 
252 232 
236 252 
252 238 
288 254 
252 238 
252 234 
259 239 
252 236 
254 234 
250 238 
252 254 
252 236 
258 868 
252 238 
252 238 
258 238 
250 238 
251 236 
240 234 
252 234 
659 252 
250 254 
252 250 
252 234 
250 234 
252 250 
234 234 
250 238 
252 234 
252 238 
252 234 
250 238 
252 234 
252 238 
253 256 
250 236 
254 234 
251 863 
252 248 
252 232 
255 250 
252 236 
254 236 
238 236 
252 236 
584 232 
250 236 
254 254 
250 236 
250 236 
42 254 
41 246 
44 252 
44 254 
43 246 
44 250 
44 250 
47 254 
42 843 
42 254 
40 248 
42 252 
45 787 
42 250 
42 6222 
45 5697 
45 2621 
42 240 
45 2886 
41 209 
42 261 
41 250 
42 251 
42 250 
43 250 
42 248 
42 254 
43 250 
44 252 
40 248 
45 250 
42 250 
45 248 
40 248 
46 250 
41 234 
45 252 
42 627 
43 252 
44 252 
44 248 
265 244 
252 234 
236 232 
250 232 
316 234 
252 235 
254 248 
252 236 
250 234 
250 238 
248 234 
252 236 
252 234 
256 865 
258 258 
0 0 
0 0 
252 232 
254 252 
236 236 
252 238 
681 234 
249 236 
252 238 
258 238 
250 240 
250 238 
236 234 
252 252 
252 232 
254 248 
248 234 
250 236 
251 234 
256 236 
252 236 
254 236 
250 238 
250 861 
254 253 
250 234 
254 232 
252 236 
252 256 
236 238 
250 236 
621 234 
251 236 
252 250 
250 252 
254 252 
256 236 
236 254 
254 236 
250 246 
256 234 
254 250 
254 234 
254 254 
250 232 
252 234 
254 238 
254 255 
252 865 
252 234 
256 234 
254 252 
250 235 
254 234 
240 236 
248 234 
482 250 
254 234 
256 233 
254 250 
252 234 
248 232 
248 238 
252 238 
254 250 
254 234 
252 250 
254 250 
252 248 
252 232 
250 236 
250 236 
253 234 
823 236 
252 252 
256 238 
254 234 
252 232 
254 234 
234 234 
250 232 
329 240 
250 250 
253 234 
256 236 
254 252 
252 238 
252 238 
246 234 
250 235 
254 873 
251 234 
252 255 
252 236 
246 234 
252 238 
252 236 
256 235 
720 236 
667 2733 
5722 3285 
2109 2724 
1278 4003 
1739 2736 
877 2142 
249 252 
242 234 
252 234 
40 41 
254 41 
252 40 
250 42 
254 41 
258 234 
250 236 
250 867 
252 236 
250 234 
248 232 
252 236 
41 250 
44 233 
44 248 
43 427 
46 253 
43 254 
44 250 
44 251 
41 252 
43 252 
40 250 
43 254 
42 250 
44 250 
43 248 
42 250 
42 248 
43 246 
44 257 
43 252 
45 800 
44 251 
45 246 
46 250 
44 248 
41 250 
40 234 
44 252 
45 286 
42 252 
44 250 
43 250 
42 246 
42 248 
43 250 
42 248 
44 252 
44 254 
44 40 
257 252 
252 248 
254 234 
254 251 
248 234 
254 234 
809 252 
254 252 
250 238 
258 238 
250 238 
252 234 
240 232 
254 234 
341 232 
252 248 
250 234 
255 254 
254 252 
252 252 
252 232 
252 236 
252 232 
252 863 
250 236 
250 235 
250 234 
252 236 
254 234 
254 232 
252 236 
741 232 
256 234 
252 234 
254 232 
254 252 
252 236 
240 250 
252 238 
283 236 
254 236 
252 232 
252 236 
250 234 
248 238 
252 238 
254 236 
252 234 
251 865 
252 234 
252 236 
249 233 
252 234 
254 236 
240 236 
254 234 
656 254 
252 232 
250 236 
251 236 
252 232 
254 236 
242 253 
252 234 
250 236 
252 251 
254 234 
252 254 
256 232 
252 248 
251 237 
252 230 
254 234 
254 867 
258 256 
252 234 
252 248 
252 234 
254 236 
238 236 
254 234 
1278 3195 
291 2738 
2293 6842 
2749 3648 
10735 2779 
0 0 
251 234 
254 234 
252 252 
252 233 
250 230 
254 236 
252 238 
254 238 
254 248 
252 238 
254 236 
837 234 
252 238 
254 238 
256 238 
252 238 
250 234 
238 254 
250 234 
385 234 
254 250 
254 236 
248 232 
253 252 
254 234 
252 234 
254 236 
252 240 
250 847 
258 256 
250 252 
254 234 
248 238 
254 236 
44 40 
252 43 
780 41 
255 44 
252 42 
252 236 
252 234 
256 238 
240 234 
254 233 
254 254 
0 0 
252 246 
254 234 
43 252 
44 250 
40 248 
47 254 
44 252 
42 254 
41 250 
40 250 
44 248 
40 250 
44 250 
42 236 
42 250 
42 441 
43 252 
42 248 
42 252 
45 250 
44 250 
44 250 
41 250 
42 249 
42 250 
45 252 
44 252 
42 254 
41 250 
42 255 
41 250 
45 248 
44 785 
41 248 
42 250 
44 250 
43 252 
42 253 
44 234 
41 250 
44 292 
47 250 
256 234 
254 234 
255 234 
252 252 
252 234 
250 234 
254 232 
250 250 
256 253 
250 236 
254 238 
252 238 
252 234 
254 234 
252 236 
871 232 
252 234 
252 234 
250 236 
251 236 
256 252 
236 236 
251 236 
401 235 
254 248 
250 250 
250 236 
250 238 
252 236 
250 236 
252 234 
254 236 
250 236 
248 250 
252 250 
254 232 
254 235 
256 238 
250 236 
256 240 
815 250 
250 240 
252 254 
252 236 
256 252 
254 251 
242 252 
5068 1017 
1045 318 
2043 2738 
813 3939 
543 3347 
7296 867 
523 232 
252 234 
258 236 
252 238 
254 869 
254 236 
250 240 
250 236 
252 234 
250 238 
238 234 
254 236 
641 236 
254 234 
255 250 
254 250 
254 252 
250 236 
236 234 
252 238 
250 236 
248 232 
250 238 
254 238 
256 256 
250 234 
252 232 
252 236 
250 232 
254 861 
252 236 
254 252 
252 252 
252 236 
252 236 
238 234 
252 234 
514 233 
252 234 
250 236 
252 240 
250 234 
251 252 
254 234 
254 250 
252 248 
254 232 
250 240 
254 238 
254 236 
248 234 
254 238 
254 238 
250 232 
254 861 
254 234 
254 232 
254 236 
254 252 
254 235 
238 236 
250 234 
438 234 
250 236 
250 234 
250 232 
254 238 
40 42 
45 250 
42 250 
47 254 
42 254 
44 250 
43 250 
45 250 
44 252 
41 252 
44 236 
42 250 
43 633 
42 250 
42 250 
43 254 
42 250 
44 250 
42 236 
44 252 
43 250 
45 252 
44 250 
42 250 
42 250 
44 250 
39 254 
42 251 
40 246 
43 252 
44 250 
42 252 
43 254 
44 252 
45 250 
45 232 
42 251 
42 450 
44 254 
42 252 
252 235 
252 250 
256 252 
238 234 
250 236 
254 252 
254 238 
252 236 
254 252 
252 250 
250 234 
253 234 
256 232 
248 236 
256 861 
250 248 
252 236 
252 234 
252 238 
252 234 
234 234 
252 236 
542 236 
252 236 
252 234 
250 234 
254 236 
258 236 
2364 2969 
1151 1632 
1613 212 
8176 863 
252 252 
254 234 
256 234 
250 252 
252 236 
252 238 
250 236 
252 865 
250 236 
254 234 
250 235 
256 234 
254 234 
238 236 
256 254 
469 234 
256 234 
252 234 
252 234 
256 234 
250 232 
253 236 
258 234 
252 252 
252 238 
252 236 
248 232 
250 234 
254 236 
250 232 
250 236 
250 232 
816 240 
256 240 
248 232 
252 238 
252 236 
246 232 
238 236 
252 4461 
266 236 
256 232 
252 236 
256 250 
254 239 
252 232 
252 234 
252 240 
250 232 
252 863 
248 236 
252 238 
253 236 
250 232 
248 254 
0 0 
0 0 
653 234 
252 236 
254 238 
254 236 
251 231 
252 248 
235 235 
250 234 
254 236 
250 238 
252 240 
252 238 
254 238 
252 238 
254 252 
251 232 
256 238 
254 867 
253 234 
254 238 
250 234 
252 234 
258 238 
238 236 
250 240 
589 250 
250 248 
250 238 
252 254 
251 234 
250 236 
234 236 
255 236 
252 254 
252 42 
252 41 
250 40 
256 42 
252 41 
3465 2803 
380 6257 
6365 2734 
2266 3158 
1866 314 
432 284 
1246 867 
43 252 
42 250 
42 236 
43 252 
40 280 
40 250 
43 248 
42 254 
42 246 
47 250 
42 250 
47 248 
43 252 
44 248 
45 250 
42 250 
42 248 
41 252 
40 251 
42 234 
41 254 
44 603 
47 252 
41 250 
42 250 
44 250 
42 254 
40 232 
43 250 
44 252 
42 250 
43 250 
42 252 
42 256 
41 252 
42 252 
40 250 
42 252 
44 248 
253 234 
254 252 
250 252 
251 252 
250 234 
238 234 
251 234 
672 236 
250 236 
254 236 
254 236 
250 240 
252 238 
240 236 
255 252 
246 236 
252 236 
251 236 
252 248 
254 252 
254 238 
252 256 
250 236 
256 232 
252 867 
254 236 
248 234 
254 236 
252 238 
258 236 
234 236 
251 234 
603 250 
254 250 
250 232 
252 232 
252 238 
251 234 
238 236 
252 252 
254 240 
254 234 
250 236 
250 235 
250 238 
248 238 
250 232 
248 238 
250 254 
252 861 
252 234 
252 236 
252 236 
252 232 
252 236 
234 236 
254 236 
468 252 
254 234 
256 236 
254 252 
252 236 
252 232 
254 252 
254 234 
254 234 
252 252 
254 250 
252 238 
250 236 
254 232 
248 236 
250 238 
254 232 
829 236 
254 252 
250 234 
250 232 
250 232 
252 238 
236 234 
254 234 
309 254 
252 238 
252 236 
257 233 
254 236 
254 234 
252 253 
250 250 
250 238 
250 864 
252 254 
252 236 
248 254 
250 234 
248 234 
248 234 
252 236 
698 234 
252 234 
256 236 
252 234 
254 254 
251 234 
240 234 
250 234 
234 252 
252 236 
254 234 
253 234 
254 252 
252 236 
253 234 
254 238 
256 236 
254 864 
254 232 
250 234 
252 234 
248 250 
252 256 
238 42 
248 42 
623 40 
254 39 
250 42 
251 252 
250 232 
254 234 
253 233 
254 234 
252 250 
250 234 
42 252 
44 246 
41 250 
42 248 
43 248 
46 256 
42 255 
47 799 
42 252 
42 248 
43 250 
42 250 
44 252 
41 238 
44 250 
42 256 
47 254 
44 251 
42 250 
42 250 
42 248 
44 252 
40 252 
44 250 
43 252 
42 250 
42 254 
41 250 
44 251 
40 248 
40 234 
40 250 
44 625 
44 254 
44 253 
43 248 
42 248 
46 254 
40 236 
250 234 
347 234 
253 252 
254 234 
252 234 
254 236 
250 252 
252 252 
250 236 
254 232 
252 875 
252 252 
256 252 
250 236 
254 238 
258 258 
252 236 
250 250 
742 234 
252 252 
250 236 
252 252 
252 236 
254 234 
240 250 
254 238 
264 232 
248 238 
252 248 
22163 254 
0 0 
0 0 
254 254 
253 236 
256 236 
252 859 
254 235 
252 254 
250 236 
254 234 
256 234 
235 239 
258 236 
645 250 
258 258 
254 236 
250 236 
1584 2730 
2964 3340 
2740 3346 
5383 2744 
476 2029 
607 218 
252 255 
252 236 
253 238 
250 250 
252 234 
244 235 
261 256 
250 867 
250 237 
252 232 
252 234 
252 234 
252 234 
236 232 
252 234 
464 250 
253 252 
248 234 
254 238 
253 236 
252 240 
252 248 
252 236 
252 234 
248 236 
254 238 
254 236 
254 252 
250 252 
252 232 
252 236 
252 234 
845 234 
255 248 
254 252 
252 236 
256 253 
254 256 
236 238 
250 236 
363 236 
252 234 
254 250 
252 248 
252 234 
250 252 
256 236 
254 252 
252 236 
252 851 
250 232 
248 236 
252 234 
251 236 
250 236 
254 234 
254 234 
760 236 
252 236 
250 234 
847 252 
252 236 
256 238 
238 254 
253 232 
301 235 
252 234 
250 234 
250 232 
254 254 
252 232 
46 41 
44 250 
39 250 
44 254 
45 252 
44 252 
42 248 
42 248 
44 252 
42 234 
42 250 
42 449 
44 252 
45 248 
42 250 
42 252 
43 248 
42 254 
46 250 
43 254 
42 256 
44 248 
43 250 
40 252 
41 248 
42 248 
40 254 
43 246 
42 792 
44 252 
45 252 
44 252 
42 250 
45 250 
42 233 
40 250 
44 306 
40 252 
45 254 
44 252 
250 252 
252 238 
252 252 
252 250 
252 234 
256 234 
250 232 
252 234 
252 236 
252 236 
254 236 
246 232 
250 236 
869 232 
250 232 
251 236 
252 254 
250 252 
254 236 
236 252 
252 236 
406 234 
248 234 
254 236 
545 615 
2458 2713 
7983 3698 
0 0 
4025 3332 
351 2747 
248 236 
254 236 
250 235 
248 232 
254 252 
254 238 
256 238 
252 234 
803 250 
250 236 
251 234 
252 232 
250 236 
251 250 
238 250 
250 234 
284 234 
254 238 
250 254 
253 233 
252 252 
252 252 
254 240 
254 236 
252 238 
252 866 
250 232 
254 254 
254 232 
252 234 
254 254 
238 234 
254 236 
652 252 
252 238 
252 236 
252 234 
254 254 
248 234 
238 232 
252 236 
252 234 
250 234 
254 236 
257 235 
252 248 
252 234 
254 234 
252 234 
254 234 
246 866 
252 252 
258 254 
254 238 
250 240 
252 236 
240 234 
252 234 
525 248 
252 232 
250 248 
251 234 
254 254 
252 238 
253 236 
252 238 
250 232 
256 236 
248 240 
250 234 
250 236 
256 238 
253 252 
254 234 
254 236 
249 861 
254 236 
254 252 
253 236 
254 254 
254 238 
238 254 
252 230 
443 252 
250 232 
248 236 
254 234 
252 236 
250 230 
256 250 
43 252 
42 250 
43 254 
42 250 
42 250 
45 250 
44 248 
42 250 
41 236 
44 252 
44 609 
43 250 
44 253 
42 250 
43 248 
44 250 
43 250 
42 254 
42 250 
45 252 
42 250 
52 259 
43 248 
46 252 
41 248 
41 250 
42 250 
41 252 
40 252 
44 250 
43 254 
41 250 
42 252 
43 234 
42 250 
42 436 
51 256 
0 0 
42 246 
45 248 
44 246 
42 246 
250 248 
252 234 
252 248 
3666 1135 
2765 3069 
2658 3455 
5618 2745 
1337 3329 
1279 212 
498 859 
258 859 
256 236 
250 236 
255 236 
254 252 
254 236 
235 234 
254 232 
532 234 
250 250 
254 256 
252 234 
247 234 
250 236 
256 238 
252 236 
250 236 
254 232 
250 236 
250 236 
257 252 
254 238 
252 252 
253 238 
250 234 
250 867 
253 236 
252 236 
254 232 
251 236 
250 234 
236 254 
252 233 
456 234 
254 234 
252 236 
256 232 
255 233 
254 236 
252 234 
252 234 
254 252 
250 236 
253 240 
248 234 
252 236 
252 233 
250 236 
252 236 
254 256 
829 252 
250 234 
248 252 
252 234 
256 235 
252 234 
234 236 
256 234 
284 235 
252 234 
255 234 
250 232 
252 234 
252 236 
254 236 
250 234 
252 253 
252 867 
255 236 
248 236 
252 236 
251 231 
252 236 
238 234 
249 235 
643 240 
248 236 
248 238 
250 236 
251 236 
252 236 
234 234 
250 248 
252 236 
252 234 
253 234 
250 254 
254 236 
255 236 
254 236 
252 232 
252 235 
252 863 
250 236 
252 232 
254 252 
252 234 
252 236 
234 236 
249 236 
577 236 
248 232 
251 236 
250 234 
250 238 
252 238 
254 238 
254 236 
255 236 
248 236 
45 42 
252 37 
254 40 
253 42 
254 43 
252 238 
251 236 
252 867 
252 236 
253 234 
252 238 
254 234 
43 248 
42 235 
42 248 
42 286 
40 251 
44 250 
43 250 
44 248 
43 252 
42 252 
42 252 
43 250 
44 1361 
44 1305 
41 1476 
42 2789 
45 1892 
45 4582 
44 2176 
44 248 
44 629 
42 248 
43 248 
42 248 
44 252 
41 250 
42 234 
42 250 
41 252 
42 252 
42 252 
41 252 
42 247 
43 252 
43 248 
42 250 
45 252 
42 252 
44 254 
39 254 
42 252 
252 238 
253 238 
236 236 
252 236 
664 234 
254 234 
254 252 
254 236 
250 234 
252 238 
240 250 
254 236 
255 231 
252 250 
252 252 
254 251 
254 238 
252 236 
256 255 
252 236 
254 232 
256 865 
254 234 
250 234 
250 236 
250 236 
257 236 
238 236 
254 236 
611 240 
250 234 
250 236 
255 252 
254 238 
254 236 
236 254 
252 236 
250 236 
252 234 
250 236 
252 236 
252 234 
250 234 
252 234 
254 236 
256 254 
251 869 
248 236 
252 236 
253 238 
254 252 
254 250 
240 234 
248 236 
463 234 
252 232 
252 250 
252 236 
250 252 
252 250 
252 236 
250 234 
252 232 
253 236 
252 236 
252 236 
252 234 
252 234 
252 236 
252 232 
252 236 
817 254 
254 236 
250 252 
253 238 
250 234 
252 236 
232 234 
254 234 
304 234 
250 235 
252 236 
252 250 
248 248 
250 234 
252 234 
256 232 
252 236 
251 863 
252 232 
254 234 
254 253 
252 234 
250 240 
236 236 
252 234 
699 235 
260 254 
254 252 
254 236 
250 236 
252 236 
234 249 
248 238 
232 234 
250 232 
250 236 
252 234 
252 236 
254 252 
252 236 
889 2735 
0 0 
0 0 
1079 1527 
2654 4729 
538 1047 
785 6508 
940 3344 
237 235 
250 236 
643 234 
255 234 
45 40 
250 42 
256 42 
250 40 
240 42 
256 234 
252 234 
256 239 
254 234 
250 232 
256 235 
252 234 
40 252 
41 252 
44 250 
42 783 
41 248 
46 250 
40 252 
43 248 
44 248 
48 236 
45 252 
44 277 
44 250 
46 254 
0 0 
0 0 
0 0 
44 254 
43 250 
42 248 
42 254 
45 252 
46 252 
44 254 
45 254 
44 253 
42 238 
45 250 
44 628 
47 252 
47 252 
44 253 
47 256 
42 254 
42 238 
43 250 
46 252 
46 248 
45 250 
46 250 
44 254 
44 252 
42 255 
43 252 
256 250 
254 871 
254 253 
252 252 
252 252 
254 250 
252 254 
256 238 
250 253 
734 248 
254 254 
256 252 
252 250 
253 252 
256 250 
240 252 
257 252 
278 252 
256 252 
253 248 
252 254 
256 252 
252 254 
256 254 
252 236 
250 250 
250 863 
254 248 
250 250 
254 252 
254 250 
256 252 
240 238 
254 250 
633 254 
254 254 
256 252 
252 252 
252 250 
254 253 
238 256 
254 250 
252 250 
254 254 
256 250 
248 250 
256 250 
248 252 
256 252 
256 238 
258 250 
254 863 
254 254 
258 248 
258 256 
256 250 
252 252 
240 234 
256 254 
462 252 
254 250 
256 250 
252 250 
254 250 
253 252 
250 248 
254 252 
252 251 
254 252 
254 250 
256 253 
256 256 
251 252 
258 251 
252 238 
2144 2783 
3384 218 
883 2725 
866 1859 
635 1235 
7701 859 
254 248 
238 250 
252 250 
379 251 
254 248 
254 256 
256 250 
256 250 
251 252 
256 246 
256 254 
254 253 
254 845 
248 248 
262 264 
254 250 
250 254 
257 252 
258 236 
254 254 
757 252 
254 252 
252 252 
252 251 
250 252 
253 250 
242 254 
252 250 
259 294 
254 252 
250 256 
252 249 
252 248 
256 252 
254 251 
254 236 
254 252 
252 865 
256 254 
252 252 
252 256 
250 252 
254 44 
238 43 
256 42 
626 42 
256 41 
254 250 
252 254 
254 254 
252 250 
238 250 
254 252 
256 252 
252 250 
44 246 
45 254 
45 250 
44 250 
44 250 
42 252 
46 252 
45 786 
42 254 
42 250 
43 254 
44 250 
47 252 
45 234 
46 246 
45 302 
45 254 
44 254 
47 256 
46 254 
44 250 
41 252 
42 254 
42 248 
43 250 
44 252 
49 256 
43 254 
42 250 
47 254 
44 238 
46 250 
42 670 
44 252 
44 254 
43 250 
46 252 
42 250 
47 240 
44 252 
44 252 
252 252 
256 252 
253 252 
252 250 
256 250 
257 254 
252 252 
256 250 
254 251 
254 252 
256 252 
256 252 
252 256 
256 254 
258 238 
252 254 
798 254 
250 248 
258 250 
252 252 
252 250 
256 252 
237 250 
256 252 
300 254 
255 252 
252 252 
256 250 
254 249 
256 250 
250 254 
224 262 
0 0 
0 0 
254 252 
252 250 
250 250 
254 252 
252 254 
486 1341 
770 729 
320 966 
1164 2739 
780 1672 
461 3337 
337 857 
252 254 
238 250 
254 252 
252 254 
255 250 
254 254 
250 250 
256 250 
252 250 
254 248 
252 235 
254 254 
254 857 
256 251 
256 254 
252 250 
254 253 
254 252 
240 234 
252 250 
510 252 
252 252 
254 250 
254 252 
253 252 
254 248 
254 254 
252 248 
254 254 
252 252 
250 252 
256 254 
256 252 
254 255 
252 250 
252 234 
258 252 
488 250 
0 0 
0 0 
0 0 
254 236 
254 236 
234 232 
248 232 
429 235 
254 232 
254 236 
250 234 
255 234 
258 236 
250 234 
254 253 
250 230 
256 232 
252 238 
250 236 
252 232 
252 234 
256 252 
255 232 
252 236 
810 235 
252 238 
250 240 
250 234 
254 236 
248 240 
238 252 
254 236 
300 253 
252 236 
252 238 
254 250 
252 236 
246 236 
252 232 
253 238 
252 256 
252 867 
254 250 
254 236 
44 248 
43 250 
42 248 
42 234 
43 250 
44 452 
41 252 
45 248 
44 254 
43 246 
43 248 
42 252 
41 252 
45 252 
44 250 
43 250 
44 254 
42 252 
45 252 
42 250 
42 252 
43 254 
44 818 
44 252 
42 248 
42 255 
43 252 
44 250 
42 236 
43 252 
44 349 
44 252 
45 250 
46 252 
42 248 
41 250 
44 252 
43 250 
45 250 
252 234 
252 234 
254 232 
254 238 
250 238 
254 234 
254 234 
250 249 
256 863 
250 238 
252 236 
252 236 
250 232 
1632 2745 
230 3329 
5677 3349 
268 305 
2706 6799 
2517 2767 
1482 851 
252 232 
254 234 
256 238 
254 254 
252 238 
248 238 
252 236 
252 236 
248 236 
254 236 
256 236 
250 236 
254 252 
811 234 
256 236 
252 232 
252 252 
252 232 
248 239 
234 250 
252 234 
279 250 
252 232 
254 236 
252 234 
252 250 
251 238 
252 232 
254 234 
254 250 
254 865 
250 250 
248 232 
254 236 
252 236 
254 252 
236 232 
252 232 
650 232 
254 236 
250 238 
248 234 
254 238 
252 250 
238 230 
254 236 
248 238 
250 234 
250 234 
258 238 
250 238 
252 238 
256 232 
252 234 
250 238 
250 865 
252 232 
251 252 
254 250 
254 236 
254 234 
236 236 
254 234 
571 236 
254 234 
254 254 
250 233 
256 234 
252 236 
236 234 
252 252 
252 231 
254 234 
252 234 
249 236 
250 238 
252 252 
257 233 
252 236 
254 236 
256 866 
252 250 
250 250 
248 234 
248 240 
253 234 
240 254 
250 236 
472 232 
256 236 
252 248 
250 236 
252 232 
252 232 
255 233 
254 236 
254 232 
254 232 
252 236 
254 234 
42 40 
250 44 
254 42 
254 41 
250 42 
805 847 
252 232 
254 236 
255 250 
250 234 
252 232 
236 234 
44 248 
39 252 
43 252 
44 252 
42 248 
45 248 
42 255 
41 252 
41 248 
42 248 
43 248 
43 248 
44 250 
41 252 
44 253 
42 252 
45 236 
46 254 
45 492 
47 252 
40 250 
45 252 
43 252 
49 1942 
43 855 
42 236 
44 1202 
43 2519 
42 1720 
44 248 
43 254 
42 250 
44 248 
43 250 
42 251 
44 869 
45 248 
51 256 
0 0 
0 0 
46 251 
41 232 
44 250 
613 250 
250 234 
250 236 
252 234 
254 236 
254 252 
236 251 
254 234 
250 240 
253 234 
252 236 
254 236 
250 234 
252 234 
252 238 
248 239 
252 230 
254 865 
254 234 
250 232 
254 232 
254 236 
252 232 
238 231 
254 238 
454 238 
258 237 
252 236 
252 234 
252 252 
254 234 
252 234 
250 252 
258 256 
254 252 
252 250 
254 234 
254 238 
248 252 
252 234 
253 236 
252 234 
820 230 
256 233 
254 238 
254 238 
255 238 
250 236 
237 254 
248 238 
329 238 
256 238 
252 238 
252 234 
254 234 
250 250 
250 236 
482 254 
0 0 
0 0 
0 0 
254 256 
256 254 
256 255 
254 252 
240 238 
255 252 
700 254 
247 250 
250 253 
250 254 
251 252 
254 253 
238 248 
254 254 
236 248 
254 250 
255 254 
250 248 
254 256 
326 321 
0 0 
0 0 
0 0 
0 0 
0 0 
0 0 
0 0 
0 0 
0 0 
0 0 
0 0 
0 0 
322 269 
323 266 
323 270 
320 263 
321 266 
296 269 
324 268 
337 266 
328 268 
322 267 
323 270 
324 269 
323 266 
321 266 
326 267 
327 272 
325 270 
326 268 
323 268 
326 266 
323 270 
323 266 
294 272 
318 269 
589 270 
322 267 
327 268 
325 268 
320 268 
325 264 
327 270 
320 269 
325 264 
323 270 
328 271 
323 266 
325 268 
325 266 
319 268 
320 270 
323 268 
853 269 
320 271 
324 266 
323 272 
326 263 
327 40 
292 42 
326 43 
325 40 
325 42 
318 266 
327 272 
326 273 
323 268 
321 272 
324 266 
325 264 
46 948 
42 319 
45 321 
44 324 
44 323 
45 323 
46 296 
44 323 
42 464 
46 323 
44 325 
47 321 
46 323 
44 321 
42 322 
44 321 
41 323 
44 320 
46 323 
45 323 
44 320 
44 323 
44 322 
44 298 
44 325 
44 758 
44 325 
43 321 
49 319 
42 323 
45 321 
42 296 
44 327 
47 321 
44 322 
44 321 
42 326 
44 325 
45 319 
45 322 
42 324 
324 269 
323 272 
324 268 
323 266 
323 266 
318 267 
321 268 
292 272 
322 271 
654 270 
319 270 
326 269 
325 264 
321 266 
322 267 
325 266 
321 268 
325 268 
323 272 
324 269 
319 272 
323 270 
328 266 
321 266 
327 270 
327 270 
906 270 
323 266 
14516 353 
0 0 
573 4894 
1208 4895 
1815 279 
1179 5477 
13492 760 
0 0 
1387 2212 
708 3189 
552 278 
322 271 
321 268 
319 270 
318 272 
327 268 
321 268 
324 268 
321 266 
329 266 
321 268 
292 268 
322 271 
678 268 
321 268 
324 264 
327 268 
323 268 
320 269 
299 270 
327 266 
325 272 
321 270 
322 268 
321 268 
323 268 
326 271 
329 266 
323 270 
324 268 
325 262 
325 268 
320 267 
319 270 
326 271 
320 271 
301 268 
326 265 
458 266 
321 268 
331 274 
321 264 
319 268 
322 269 
321 266 
327 268 
326 265 
329 268 
325 268 
320 268 
319 264 
320 267 
318 268 
295 270 
327 268 
307 276 
0 0 
324 268 
325 270 
323 272 
318 271 
293 268 
323 268 
320 269 
325 270 
327 270 
326 265 
327 266 
324 270 
323 268 
325 270 
326 267 
956 266 
327 272 
326 272 
323 268 
321 270 
318 270 
293 268 
322 268 
425 270 
323 264 
321 268 
323 268 
325 270 
326 269 
319 268 
325 270 
44 41 
41 321 
42 326 
46 323 
41 323 
44 323 
44 323 
43 294 
44 324 
42 527 
45 320 
42 325 
44 325 
44 322 
46 323 
47 323 
42 322 
44 323 
41 323 
44 324 
42 319 
43 323 
42 324 
47 325 
45 321 
42 323 
45 839 
44 322 
44 322 
41 323 
42 320 
42 321 
43 296 
42 321 
46 301 
43 320 
44 325 
44 323 
45 321 
44 324 
43 323 
321 998 
324 273 
319 268 
323 270 
322 266 
321 268 
9918 458 
0 0 
279 345 
436 363 
2915 4057 
2878 5469 
9722 5468 
0 0 
942 3429 
2633 5491 
868 3247 
327 270 
322 268 
327 270 
327 272 
322 269 
325 268 
321 270 
318 271 
323 268 
327 266 
326 269 
327 270 
326 270 
325 264 
327 270 
326 271 
293 266 
323 270 
468 268 
323 268 
325 270 
323 270 
319 270 
319 266 
321 266 
327 264 
322 271 
322 272 
323 266 
323 270 
325 268 
319 266 
324 267 
301 266 
323 268 
780 268 
325 272 
327 268 
328 269 
327 268 
322 268 
293 266 
321 268 
312 271 
324 266 
321 268 
319 268 
329 270 
325 270 
324 268 
327 268 
327 266 
320 267 
321 270 
321 272 
323 266 
319 268 
327 268 
296 268 
329 268 
546 271 
325 266 
321 270 
322 270 
325 272 
321 270 
318 267 
323 270 
323 341 
322 269 
319 266 
322 270 
321 270 
323 270 
320 268 
296 270 
325 270 
814 270 
323 270 
321 268 
318 271 
319 270 
319 268 
294 270 
321 266 
304 269 
324 271 
325 268 
325 270 
327 264 
325 268 
322 263 
321 272 
321 268 
324 273 
323 270 
327 270 
318 269 
325 270 
327 270 
292 270 
321 268 
532 266 
327 270 
323 272 
325 270 
42 321 
45 322 
44 323 
43 325 
46 322 
46 325 
45 323 
42 322 
42 323 
43 321 
44 323 
45 297 
44 324 
46 605 
43 323 
44 318 
44 323 
47 325 
42 322 
44 323 
45 319 
44 324 
44 325 
45 322 
42 325 
46 321 
45 324 
44 321 
42 325 
41 3448 
46 2570 
43 2015 
44 1954 
42 8244 
41 9394 
44 5040 
46 6288 
41 1335 
44 3989 
43 647 
46 322 
42 320 
44 321 
43 323 
44 325 
323 268 
321 272 
318 270 
323 268 
323 270 
320 271 
319 268 
319 272 
322 265 
325 270 
883 268 
323 268 
323 272 
320 266 
321 268 
321 268 
296 269 
319 268 
305 270 
322 269 
325 268 
321 268 
322 268 
319 268 
322 266 
323 266 
321 266 
319 268 
324 267 
323 270 
326 266 
325 268 
319 270 
22850 330 
0 0 
0 0 
320 267 
321 270 
323 266 
326 267 
325 268 
322 268 
321 272 
317 266 
322 270 
319 266 
327 270 
326 270 
325 264 
327 270 
320 271 
319 270 
855 266 
324 271 
329 270 
323 266 
326 267 
327 270 
294 269 
320 272 
331 268 
319 266 
325 266 
321 268 
322 267 
323 268 
327 268 
318 267 
319 264 
323 268 
320 265 
321 272 
322 270 
325 270 
325 268 
298 267 
321 264 
629 269 
322 266 
321 270 
321 268 
328 273 
321 270 
323 270 
327 272 
319 268 
323 268 
326 269 
321 270 
321 270 
325 272 
325 270 
323 268 
325 270 
930 268 
324 266 
323 270 
319 268 
318 272 
323 272 
292 270 
320 271 
349 268 
327 268 
322 262 
325 266 
320 267 
321 270 
323 270 
320 270 
327 270 
325 266 
324 266 
327 266 
321 268 
328 271 
321 270 
294 269 
321 268 
611 267 
327 266 
326 271 
327 268 
326 271 
319 268 
321 268 
324 43 
329 46 
321 40 
3805 41 
4024 44 
2819 41 
3855 4373 
1111 277 
1738 276 
3544 5483 
4162 11585 
0 0 
872 361 
46 482 
42 293 
41 321 
46 298 
46 321 
47 323 
42 319 
46 557 
0 0 
0 0 
0 0 
40 318 
44 319 
41 321 
42 316 
42 321 
41 321 
44 320 
44 317 
45 320 
44 294 
42 319 
42 498 
44 320 
41 317 
44 316 
42 323 
41 321 
42 320 
48 321 
41 321 
44 319 
44 321 
43 320 
40 323 
41 323 
41 323 
42 293 
45 323 
44 792 
44 323 
43 319 
42 320 
42 321 
43 319 
296 267 
322 266 
420 268 
325 268 
326 267 
321 272 
321 268 
319 268 
327 264 
324 268 
326 266 
325 264 
318 265 
325 270 
325 268 
322 269 
321 264 
296 265 
327 264 
682 270 
321 266 
318 262 
323 268 
322 267 
324 268 
297 264 
326 269 
325 266 
323 262 
324 271 
329 266 
321 262 
324 271 
323 264 
319 268 
320 269 
940 264 
322 269 
323 268 
325 264 
325 264 
320 270 
293 266 
323 268 
426 266 
323 264 
318 265 
321 264 
323 270 
328 269 
323 270 
325 264 
319 266 
317 268 
324 267 
326 270 
321 266 
318 265 
325 266 
295 266 
326 267 
736 269 
323 266 
316 268 
323 266 
325 264 
322 267 
295 266 
325 268 
323 264 
325 264 
316 267 
317 266 
327 266 
322 263 
321 272 
323 266 
324 267 
319 264 
327 266 
316 269 
325 266 
324 263 
318 270 
295 268 
321 266 
484 269 
319 264 
324 265 
325 264 
317 262 
324 264 
303 341 
2807 270 
2028 805 
285 562 
399 335 
530 335 
2233 5467 
3456 5812 
4376 11610 
0 0 
885 262 
710 269 
321 266 
324 268 
315 262 
321 266 
324 265 
295 266 
325 272 
322 266 
323 266 
323 262 
323 266 
319 270 
322 266 
324 264 
323 270 
326 267 
45 809 
46 318 
42 319 
41 316 
40 324 
42 323 
43 296 
42 319 
44 289 
45 322 
44 322 
43 321 
44 318 
44 323 
41 321 
44 322 
42 319 
43 317 
44 321 
46 323 
50 301 
42 322 
44 321 
43 268 
44 317 
42 565 
46 322 
42 317 
39 323 
42 322 
40 321 
43 322 
42 322 
42 323 
49 333 
0 0 
0 0 
43 323 
42 317 
42 321 
45 328 
42 323 
322 268 
319 264 
328 268 
321 266 
317 266 
322 265 
297 268 
319 270 
522 266 
321 268 
327 266 
321 264 
319 264 
324 264 
323 266 
323 274 
324 268 
323 270 
325 266 
318 267 
319 266 
323 264 
322 267 
295 268 
325 264 
766 270 
323 262 
325 266 
322 268 
323 264 
391 268 
295 264 
323 266 
324 265 
325 264 
325 268 
328 269 
325 266 
317 266 
318 269 
319 262 
325 264 
322 266 
323 272 
322 267 
323 270 
323 270 
326 261 
295 266 
321 266 
508 268 
325 268 
321 268 
320 269 
323 266 
328 268 
326 263 
321 268 
317 262 
318 264 
325 268 
324 267 
321 268 
325 266 
324 266 
323 266 
323 268 
800 269 
319 266 
324 270 
325 264 
325 268 
325 268 
293 268 
323 268 
10146 5578 
0 0 
1490 4873 
2111 5476 
3473 4913 
4110 4887 
4759 11173 
0 0 
990 1202 
2377 563 
2944 343 
325 270 
322 269 
323 272 
325 268 
298 270 
325 268 
565 268 
323 268 
323 266 
328 263 
321 266 
323 268 
326 269 
323 268 
321 266 
326 266 
325 268 
322 263 
325 266 
319 262 
327 266 
311 266 
325 264 
833 268 
325 268 
325 270 
322 267 
319 268 
324 267 
296 266 
323 270 
296 268 
321 270 
321 268 
42 42 
319 42 
319 42 
316 43 
327 40 
323 262 
324 266 
321 270 
914 264 
324 268 
317 260 
317 268 
42 293 
42 318 
40 361 
41 319 
42 320 
42 325 
41 319 
42 324 
40 319 
43 318 
42 320 
42 321 
43 324 
42 322 
40 323 
42 322 
44 318 
44 291 
42 318 
44 648 
41 321 
42 320 
42 319 
39 322 
44 320 
42 293 
43 319 
42 320 
42 323 
43 318 
44 319 
42 321 
42 322 
42 325 
41 317 
43 322 
44 950 
43 321 
44 320 
42 321 
317 266 
325 268 
296 268 
321 270 
635 270 
1158 262 
321 268 
323 262 
320 270 
323 266 
326 267 
323 264 
327 268 
320 271 
323 266 
325 264 
322 269 
323 260 
325 268 
321 260 
321 266 
893 268 
321 270 
325 266 
324 268 
321 266 
321 268 
298 269 
325 270 
309 268 
324 265 
321 268 
325 266 
324 264 
321 270 
323 266 
323 266 
323 268 
325 270 
321 270 
325 264 
324 265 
321 268 
315 260 
290 266 
323 264 
585 266 
324 271 
325 264 
3041 4919 
337 331 
5177 341 
19192 3767 
0 0 
0 0 
4362 5473 
0 0 
3211 470 
3553 6909 
0 0 
932 262 
320 267 
315 264 
899 267 
324 266 
321 268 
321 266 
321 266 
327 264 
292 265 
323 268 
387 269 
322 265 
321 268 
325 270 
326 267 
323 268 
325 264 
318 262 
321 268 
322 262 
318 264 
319 270 
325 262 
324 264 
323 266 
302 264 
319 270 
672 268 
324 261 
317 266 
325 266 
320 262 
319 270 
325 264 
321 264 
331 276 
323 264 
325 268 
317 264 
319 262 
321 270 
321 264 
1609 276 
323 264 
930 270 
318 267 
325 266 
325 266 
327 264 
321 266 
333 273 
0 0 
381 269 
325 266 
319 268 
315 264 
324 267 
325 262 
317 264 
322 269 
319 264 
321 42 
326 43 
321 44 
321 42 
322 39 
317 264 
298 269 
327 266 
633 269 
323 268 
321 268 
327 266 
42 321 
43 319 
42 320 
40 317 
45 321 
44 320 
42 319 
47 323 
44 319 
43 319 
43 322 
42 293 
43 321 
43 730 
46 315 
41 318 
42 320 
42 325 
39 2602 
46 291 
40 319 
41 321 
42 321 
47 317 
44 322 
44 321 
43 319 
44 318 
40 321 
41 321 
44 320 
44 319 
43 321 
42 324 
46 325 
45 320 
42 292 
44 319 
43 522 
42 323 
322 266 
321 268 
322 269 
324 262 
294 265 
324 267 
323 264 
327 266 
324 265 
321 266 
321 266 
327 266 
325 266 
325 266 
327 268 
325 264 
325 270 
322 266 
325 260 
324 267 
325 264 
3001 4977 
3144 5574 
20752 5046 
0 0 
0 0 
968 5552 
510 279 
695 4866 
6294 5472 
0 0 
4782 1870 
595 266 
325 264 
324 272 
327 268 
316 267 
321 268 
298 265 
320 263 
694 268 
321 266 
324 265 
323 270 
328 267 
320 264 
298 268 
328 268 
326 267 
321 264 
326 270 
329 268 
323 272 
322 264 
321 264 
323 266 
324 261 
952 260 
325 272 
322 269 
325 264 
323 270 
324 265 
296 267 
322 269 
456 266 
323 266 
322 265 
327 270 
323 262 
322 267 
327 272 
321 270 
323 266 
325 270 
325 262 
1874 280 
327 270 
323 264 
323 266 
292 271 
324 269 
775 266 
321 264 
320 264 
321 268 
327 266 
319 268 
293 268 
327 264 
293 264 
323 268 
320 263 
325 266 
323 266 
320 267 
319 262 
323 270 
324 267 
323 270 
321 266 
326 267 
321 268 
324 264 
320 269 
295 266 
326 271 
486 266 
323 268 
326 267 
317 266 
325 266 
326 267 
321 266 
323 266 
324 267 
325 268 
319 266 
326 264 
319 262 
40 41 
44 321 
45 294 
44 321 
43 555 
44 316 
44 321 
43 321 
44 329 
42 319 
43 317 
42 318 
42 323 
43 320 
46 323 
41 319 
43 319 
42 323 
43 321 
40 320 
46 321 
43 817 
42 320 
44 321 
41 322 
46 321 
42 319 
41 296 
44 319 
43 325 
41 320 
42 325 
41 319 
43 320 
42 321 
45 325 
44 316 
40 317 
41 319 
42 320 
326 267 
317 264 
322 261 
325 270 
311 270 
322 262 
798 270 
1670 4909 
1988 5243 
9201 5475 
0 0 
768 5467 
7113 4915 
0 0 
502 339 
287 2299 
1537 10593 
0 0 
321 268 
325 266 
325 268 
319 262 
327 270 
325 270 
325 270 
323 262 
323 268 
321 268 
322 264 
299 264 
323 268 
536 268 
319 264 
323 266 
327 262 
321 266 
323 266 
321 268 
325 266 
328 267 
323 270 
319 268 
324 267 
321 264 
321 268 
320 264 
299 266 
321 268 
798 268 
321 268 
319 266 
325 268 
325 266 
329 270 
289 270 
321 268 
296 260 
319 268 
321 268 
324 268 
323 266 
326 268 
324 265 
319 268 
325 264 
322 268 
323 266 
331 274 
0 0 
0 0 
324 267 
297 272 
319 262 
546 266 
319 270 
327 266 
321 270 
325 270 
325 264 
326 265 
321 266 
323 264 
323 266 
321 268 
322 268 
323 264 
323 268 
320 267 
325 268 
319 271 
867 266 
325 264 
320 268 
318 269 
325 262 
325 266 
297 260 
327 268 
329 268 
325 266 
321 268 
324 266 
321 262 
317 266 
326 269 
327 268 
325 268 
320 263 
321 266 
319 264 
322 268 
321 268 
319 268 
296 270 
325 266 
593 268 
321 266 
323 266 
324 263 
317 266 
323 266 
324 267 
323 270 
325 42 
324 39 
323 40 
324 43 
321 44 
323 264 
322 269 
327 270 
323 270 
837 270 
325 268 
321 266 
42 321 
41 318 
40 318 
43 293 
42 324 
42 319 
41 321 
45 322 
46 873 
0 0 
0 0 
0 0 
45 321 
45 322 
44 910 
43 323 
46 322 
44 5141 
41 11128 
0 0 
44 3160 
47 9137 
44 5134 
45 5100 
47 5721 
44 650 
43 377 
44 468 
46 339 
47 323 
42 318 
42 315 
45 325 
44 322 
44 321 
45 322 
46 322 
47 295 
47 321 
44 692 
42 319 
44 320 
46 323 
47 319 
44 324 
46 295 
45 325 
44 320 
44 323 
325 262 
325 268 
322 264 
325 266 
324 264 
323 264 
325 264 
322 264 
318 266 
321 264 
318 261 
327 264 
321 268 
300 264 
317 264 
637 267 
322 264 
319 264 
323 266 
323 262 
323 264 
321 268 
317 268 
323 268 
326 265 
319 266 
321 268 
320 265 
323 266 
321 270 
322 265 
335 276 
913 265 
324 265 
325 266 
322 262 
321 266 
323 266 
294 264 
321 262 
341 266 
324 267 
319 268 
321 268 
322 267 
317 264 
326 293 
322 263 
323 268 
324 268 
324 267 
325 268 
322 269 
322 266 
321 266 
296 264 
323 268 
637 264 
322 263 
323 262 
327 264 
326 264 
321 270 
296 263 
320 263 
319 270 
322 264 
325 264 
325 262 
321 268 
327 268 
323 264 
324 271 
327 262 
920 266 
324 265 
321 264 
327 264 
322 261 
323 264 
294 267 
322 273 
430 268 
322 266 
319 268 
321 268 
318 270 
327 264 
319 266 
322 269 
325 268 
321 262 
322 263 
321 268 
323 266 
325 266 
323 270 
298 265 
324 270 
694 268 
320 268 
317 264 
323 262 
324 267 
319 266 
294 265 
322 269 
327 264 
320 268 
322 269 
321 264 
324 265 
321 268 
323 270 
1540 3918 
2116 5483 
2777 22373 
0 0 
0 0 
294 7011 
3736 5457 
4949 5457 
0 0 
1760 1059 
3229 264 
325 268 
45 44 
43 321 
46 317 
45 323 
44 318 
44 319 
47 323 
44 320 
46 319 
41 323 
44 323 
44 323 
45 320 
42 289 
42 323 
43 474 
44 323 
44 321 
43 322 
42 321 
43 319 
45 316 
44 321 
45 316 
44 322 
46 321 
45 324 
42 321 
42 319 
43 319 
46 321 
44 321 
45 774 
53 956 
43 319 
44 322 
44 319 
45 319 
44 292 
44 319 
47 292 
320 262 
320 264 
325 266 
327 268 
321 268 
321 268 
326 266 
329 275 
0 0 
322 262 
323 262 
323 262 
320 267 
325 264 
298 263 
320 269 
752 265 
325 268 
324 262 
319 268 
320 266 
323 268 
301 266 
326 262 
323 262 
327 264 
322 264 
325 264 
318 268 
326 264 
325 264 
323 264 
328 269 
325 268 
320 267 
324 268 
319 264 
323 264 
321 266 
295 990 
322 264 
442 268 
321 264 
326 267 
327 264 
323 262 
318 266 
319 262 
320 262 
323 266 
319 264 
323 270 
323 266 
325 264 
322 263 
321 268 
292 262 
328 265 
716 267 
327 268 
322 269 
323 268 
327 268 
321 264 
295 268 
320 270 
319 266 
325 474 
320 264 
323 268 
327 270 
326 266 
325 264 
317 264 
320 269 
323 262 
321 266 
322 269 
327 266 
325 264 
322 268 
297 266 
320 265 
519 266 
319 262 
325 268 
323 270 
327 268 
322 268 
327 268 
321 268 
322 269 
321 270 
2497 4947 
4456 4877 
9914 5312 
0 0 
1321 5266 
3263 4893 
3958 8983 
0 0 
3781 5459 
4386 1079 
859 264 
327 268 
320 268 
295 268 
320 265 
322 267 
319 266 
318 269 
323 262 
323 504 
0 0 
0 0 
0 0 
324 267 
319 264 
325 266 
324 264 
321 266 
319 266 
325 266 
293 268 
321 264 
515 268 
321 268 
326 269 
325 264 
42 42 
322 39 
321 42 
321 42 
322 39 
325 270 
327 266 
326 267 
323 270 
323 266 
318 266 
293 264 
42 323 
43 573 
46 318 
42 323 
43 323 
44 320 
40 319 
45 323 
42 320 
44 319 
45 318 
42 323 
43 325 
44 318 
44 320 
47 319 
40 320 
46 325 
45 865 
44 321 
44 317 
45 321 
42 320 
46 323 
41 294 
40 318 
42 359 
42 318 
46 319 
44 319 
40 318 
42 325 
41 319 
44 320 
44 321 
41 323 
44 317 
40 321 
45 323 
42 319 
320 267 
329 264 
322 264 
859 268 
323 264 
322 265 
325 266 
323 264 
324 268 
294 266 
321 266 
296 270 
325 264 
321 268 
322 267 
323 264 
323 264 
323 264 
323 266 
323 268 
325 264 
325 266 
322 267 
323 268 
323 266 
322 266 
293 266 
319 268 
575 266 
327 268 
321 268 
326 268 
323 268 
318 267 
321 266 
327 266 
325 268 
324 266 
321 268 
322 267 
325 266 
323 264 
322 267 
323 268 
321 268 
824 265 
323 266 
322 269 
323 266 
323 266 
322 263 
291 266 
321 266 
314 263 
323 264 
323 270 
324 269 
3451 15964 
0 0 
480 323 
902 456 
6534 1684 
3468 4574 
5106 10771 
0 0 
1154 353 
490 7978 
310 264 
293 264 
323 264 
591 266 
321 264 
325 268 
326 267 
325 268 
321 266 
326 269 
323 268 
324 268 
324 266 
323 266 
324 267 
323 268 
323 266 
326 267 
321 270 
325 266 
907 266 
321 270 
323 262 
316 263 
325 266 
324 264 
297 268 
325 266 
367 266 
317 266 
323 264 
324 267 
321 262 
323 268 
320 267 
332 275 
323 268 
320 266 
319 268 
321 266 
322 267 
317 268 
326 267 
295 268 
319 264 
611 270 
323 268 
323 268 
322 268 
330 284 
0 0 
294 266 
323 270 
325 268 
324 268 
321 268 
42 41 
41 321 
44 316 
42 321 
43 294 
41 318 
46 662 
43 321 
40 318 
46 319 
43 316 
42 323 
44 291 
43 316 
46 323 
44 319 
40 322 
42 321 
42 321 
42 320 
42 321 
45 320 
42 318 
44 948 
45 319 
40 319 
48 323 
41 319 
40 317 
43 290 
44 318 
42 438 
44 323 
47 316 
40 319 
42 325 
42 324 
44 317 
41 319 
44 318 
320 263 
319 266 
325 264 
316 266 
323 268 
320 271 
323 268 
323 266 
932 268 
318 266 
325 266 
322 268 
323 264 
323 270 
296 268 
319 268 
397 265 
321 262 
321 262 
319 262 
322 264 
323 260 
322 265 
321 268 
325 270 
322 263 
325 262 
325 268 
316 267 
321 262 
319 262 
298 266 
319 260 
679 270 
323 266 
323 268 
317 268 
322 262 
317 264 
2740 5184 
3715 5465 
4308 6542 
0 0 
811 1974 
2692 801 
2012 581 
3580 274 
5350 263 
7038 4991 
0 0 
909 268 
319 266 
323 266 
327 262 
321 266 
321 266 
292 264 
321 266 
361 266 
320 269 
321 266 
323 266 
322 259 
323 264 
322 268 
326 268 
317 270 
326 269 
325 270 
321 268 
327 268 
321 264 
321 268 
300 266 
319 268 
680 268 
326 266 
325 266 
324 270 
326 271 
323 268 
292 262 
322 268 
323 264 
320 265 
323 268 
325 264 
318 266 
323 266 
321 268 
322 265 
321 266 
326 262 
318 264 
321 268 
321 268 
322 264 
323 268 
294 268 
325 268 
454 270 
320 265 
319 264 
321 266 
324 262 
321 264 
317 260 
322 269 
323 270 
323 266 
325 264 
325 266 
327 266 
321 264 
319 264 
294 269 
321 266 
722 268 
320 263 
325 268 
42 44 
320 43 
327 40 
298 41 
320 45 
323 266 
325 262 
319 264 
321 266 
318 269 
325 262 
319 262 
42 295 
43 323 
42 786 
42 321 
41 320 
42 320 
44 321 
41 324 
46 295 
39 321 
46 290 
44 319 
45 321 
41 320 
42 323 
41 317 
44 318 
42 325 
45 321 
44 318 
42 323 
43 319 
42 319 
44 321 
42 318 
46 299 
40 319 
44 516 
46 325 
43 321 
41 320 
42 319 
41 321 
42 322 
44 323 
45 318 
42 320 
44 319 
42 320 
44 323 
325 270 
323 266 
322 268 
325 266 
323 266 
320 266 
323 266 
323 266 
326 269 
327 270 
290 266 
325 268 
514 267 
3150 4840 
3751 5023 
3868 4857 
4701 280 
1117 571 
446 575 
724 2188 
392 1056 
3773 932 
2105 4293 
428 280 
323 262 
326 267 
323 268 
298 271 
324 268 
767 266 
327 264 
323 266 
325 266 
320 268 
322 266 
295 260 
320 267 
323 266 
325 268 
324 269 
323 264 
327 266 
322 264 
319 264 
323 264 
322 267 
325 266 
325 268 
323 266 
319 266 
324 267 
319 264 
299 262 
322 269 
476 266 
327 270 
326 264 
326 275 
323 266 
325 266 
319 262 
318 268 
328 267 
323 270 
317 266 
317 262 
321 268 
322 265 
323 270 
292 268 
318 261 
22964 363 
0 0 
0 0 
323 268 
321 270 
324 267 
293 266 
324 265 
291 266 
323 266 
324 261 
325 268 
323 266 
324 268 
321 268 
325 266 
318 267 
321 266 
319 266 
319 268 
325 266 
324 266 
318 260 
297 264 
320 264 
547 268 
321 268 
324 267 
319 262 
325 270 
324 269 
323 266 
322 266 
323 262 
325 262 
322 268 
322 262 
317 264 
326 271 
323 266 
301 268 
322 269 
825 270 
321 266 
324 266 
323 268 
323 266 
322 268 
295 268 
325 264 
302 266 
42 42 
42 322 
47 319 
44 320 
44 321 
40 325 
44 316 
42 323 
43 887 
44 322 
46 323 
41 324 
44 319 
44 323 
45 290 
46 321 
44 311 
44 326 
42 321 
40 323 
42 320 
42 319 
45 319 
42 320 
51 325 
41 321 
44 319 
47 325 
43 323 
40 317 
41 323 
41 290 
42 321 
43 617 
41 322 
40 319 
43 4457 
42 6455 
40 65535 
0 0 
0 0 
0 0 
0 0 
0 0 
0 0 
0 0 
0 0 
0 0 
0 0 
0 0 
0 0 
0 0 
0 0 
0 0 
0 0 
0 0 
0 0 
0 0 
0 0 
0 0 
0 0 
0 0 
0 0 
0 0 
0 0 
0 0 
0 0 
0 0 
0 0 
0 0 
0 0 
0 0 
0 0 
0 0 
0 0 
0 0 
0 0 
0 0 
0 0 
0 0 
0 0 
0 0 
0 0 
0 0 
0 0 
0 0 
0 0 
0 0 
0 0 
0 0 
0 0 
0 0 
0 0 
0 0 
0 0 
0 0 
0 0 
0 0 
0 0 
0 0 
0 0 
0 0 
0 0 
0 0 
0 0 
0 0 
0 0 
0 0 
0 0 
0 0 
0 0 
0 0 
0 0 
0 0 
0 0 
0 0 
0 0 
0 0 
0 0 
0 0 
0 0 
0 0 
0 0 
0 0 
0 0 
0 0 
0 0 
0 0 
0 0 
0 0 
0 0 
0 0 
0 0 
0 0 
0 0 
0 0 
0 0 
0 0 
0 0 
0 0 
0 0 
0 0 
0 0 
0 0 
0 0 
0 0 
0 0 
0 0 
0 0 
0 0 
0 0 
0 0 
0 0 
0 0 
0 0 
0 0 
0 0 
0 0 
0 0 
0 0 
0 0 
0 0 
0 0 
0 0 
0 0 
0 0 
0 0 
0 0 
0 0 
0 0 
0 0 
0 0 
0 0 
0 0 
0 0 
0 0 
0 0 
0 0 
0 0 
0 0 
0 0 
0 0 
0 0 
0 0 
0 0 
0 0 
0 0 
0 0 
0 0 
0 0 
0 0 
0 0 
0 0 
0 0 
0 0 
0 0 
0 0 
0 0 
0 0 
0 0 
0 0 
0 0 
0 0 
0 0 
0 0 
0 0 
0 0 
0 0 
0 0 
0 0 
0 0 
0 0 
0 0 
0 0 
0 0 
0 0 
0 0 
0 0 
0 0 
0 0 
0 0 
0 0 
0 0 
0 0 
0 0 
0 0 
0 0 
0 0 
0 0 
0 0 
0 0 
0 0 
0 0 
0 0 
0 0 
0 0 
0 0 
0 0 
0 0 
0 0 
0 0 
0 0 
0 0 
0 0 
0 0 
0 0 
0 0 
0 0 
0 0 
0 0 
0 0 
0 0 
0 0 
0 0 
0 0 
0 0 
0 0 
0 0 
0 0 
0 0 
0 0 
0 0 
0 0 
0 0 
0 0 
0 0 
0 0 
0 0 
0 0 
0 0 
0 0 
0 0 
0 0 
0 0 
0 0 
0 0 
0 0 
0 0 
0 0 
0 0 
0 0 
0 0 
0 0 
0 0 
0 0 
0 0 
0 0 
0 0 
0 0 
0 0 
0 0 
0 0 
0 0 
0 0 
0 0 
0 0 
0 0 
0 0 
0 0 
0 0 
0 0 
0 0 
0 0 
0 0 
0 0 
0 0 
0 0 
0 0 
0 0 
0 0 
0 0 
0 0 
0 0 
0 0 
0 0 
0 0 
0 0 
0 0 
0 0 
0 0 
0 0 
0 0 
0 0 
0 0 
0 0 
0 0 
0 0 
0 0 
0 0 
0 0 
0 0 
0 0 
0 0 
0 0 
0 0 
0 0 
0 0 
0 0 
0 0 
0 0 
0 0 
0 0 
0 0 
0 0 
0 0 
0 0 
0 0 
0 0 
0 0 
0 0 
0 0 
0 0 
0 0 
0 0 
0 0 
0 0 
0 0 
0 0 
0 0 
0 0 
0 0 
0 0 
0 0 
0 0 
0 0 
0 0 
0 0 
0 0 
0 0 
0 0 
0 0 
0 0 
0 0 
0 0 
0 0 
0 0 
0 0 
0 0 
0 0 
0 0 
0 0 
0 0 
0 0 
0 0 
0 0 
0 0 
0 0 
0 0 
0 0 
0 0 
0 0 
0 0 
0 0 
0 0 
0 0 
0 0 
0 0 
0 0 
0 0 
0 0 
0 0 
0 0 
0 0 
0 0 
0 0 
0 0 
0 0 
0 0 
0 0 
0 0 
0 0 
0 0 
0 0 
0 0 
0 0 
0 0 
0 0 
0 0 
0 0 
0 0 
0 0 
0 0 
0 0 
0 0 
0 0 
0 0 
0 0 
0 0 
0 0 
0 0 
0 0 
0 0 
0 0 
0 0 
0 0 
0 0 
0 0 
0 0 
0 0 
0 0 
0 0 
0 0 
0 0 
0 0 
0 0 
0 0 
0 0 
0 0 
0 0 
0 0 
0 0 
0 0 
0 0 
0 0 
0 0 
0 0 
0 0 
0 0 
0 0 
0 0 
0 0 
0 0 
0 0 
0 0 
0 0 
0 0 
0 0 
0 0 
0 0 
0 0 
0 0 
0 0 
0 0 
0 0 
0 0 
0 0 
0 0 
0 0 
0 0 
0 0 
0 0 
0 0 
0 0 
0 0 
0 0 
0 0 
0 0 
0 0 
0 0 
0 0 
0 0 
0 0 
0 0 
0 0 
0 0 
0 0 
0 0 
0 0 
0 0 
0 0 
0 0 
0 0 
0 0 
0 0 
0 0 
0 0 
0 0 
0 0 
0 0 
0 0 
0 0 
0 0 
0 0 
0 0 
0 0 
0 0 
0 0 
0 0 
0 0 
0 0 
0 0 
0 0 
0 0 
0 0 
0 0 
0 0 
0 0 
0 0 
0 0 
0 0 
0 0 
0 0 
0 0 
0 0 
0 0 
0 0 
0 0 
0 0 
0 0 
0 0 
0 0 
0 0 
0 0 
0 0 
0 0 
0 0 
0 0 
0 0 
0 0 
0 0 
0 0 
0 0 
0 0 
0 0 
0 0 
0 0 
0 0 
0 0 
0 0 
0 0 
0 0 
0 0 
0 0 
0 0 
0 0 
0 0 
0 0 
0 0 
0 0 
0 0 
0 0 
0 0 
0 0 
0 0 
0 0 
0 0 
0 0 
0 0 
0 0 
0 0 
0 0 
0 0 
0 0 
0 0 
0 0 
0 0 
0 0 
0 0 
0 0 
0 0 
0 0 
0 0 
0 0 
0 0 
0 0 
0 0 
0 0 
0 0 
0 0 
0 0 
0 0 
0 0 
0 0 
0 0 
0 0 
0 0 
0 0 
0 0 
0 0 
0 0 
0 0 
0 0 
0 0 
0 0 
0 0 
0 0 
0 0 
0 0 
0 0 
0 0 
0 0 
0 0 
0 0 
0 0 
0 0 
0 0 
0 0 
0 0 
0 0 
0 0 
0 0 
0 0 
0 0 
0 0 
0 0 
0 0 
0 0 
0 0 
0 0 
0 0 
0 0 
0 0 
0 0 
0 0 
0 0 
0 0 
0 0 
0 0 
0 0 
0 0 
0 0 
0 0 
0 0 
0 0 
0 0 
0 0 
0 0 
0 0 
0 0 
0 0 
0 0 
0 0 
0 0 
0 0 
0 0 
0 0 
0 0 
0 0 
0 0 
0 0 
0 0 
0 0 
0 0 
0 0 
0 0 
0 0 
0 0 
0 0 
0 0 
0 0 
0 0 
0 0 
0 0 
0 0 
0 0 
0 0 
0 0 
0 0 
0 0 
0 0 
0 0 
0 0 
0 0 
0 0 
0 0 
0 0 
0 0 
0 0 
0 0 
0 0 
0 0 
0 0 
0 0 
0 0 
0 0 
0 0 
0 0 
0 0 
0 0 
0 0 
0 0 
0 0 
0 0 
0 0 
0 0 
0 0 
0 0 
0 0 
0 0 
0 0 
0 0 
0 0 
0 0 
0 0 
0 0 
0 0 
0 0 
0 0 
0 0 
0 0 
0 0 
0 0 
0 0 
0 0 
0 0 
0 0 
0 0 
0 0 
0 0 
0 0 
0 0 
0 0 
0 0 
0 0 
0 0 
0 0 
0 0 
0 0 
0 0 
0 0 
0 0 
0 0 
0 0 
0 0 
0 0 
0 0 
0 0 
0 0 
0 0 
0 0 
0 0 
0 0 
0 0 
0 0 
0 0 
0 0 
0 0 
0 0 
0 0 
0 0 
0 0 
0 0 
0 0 
0 0 
0 0 
0 0 
0 0 
0 0 
0 0 
0 0 
0 0 
0 0 
0 0 
0 0 
0 0 
0 0 
0 0 
0 0 
0 0 
0 0 
0 0 
0 0 
0 0 
0 0 
0 0 
0 0 
0 0 
0 0 
0 0 
0 0 
0 0 
0 0 
0 0 
0 0 
0 0 
0 0 
0 0 
0 0 
0 0 
0 0 
0 0 
0 0 
0 0 
0 0 
0 0 
0 0 
0 0 
0 0 
0 0 
0 0 
0 0 
0 0 
0 0 
0 0 
0 0 
0 0 
0 0 
0 0 
0 0 
0 0 
0 0 
0 0 
0 0 
0 0 
0 0 
0 0 
0 0 
0 0 
0 0 
0 0 
0 0 
0 0 
0 0 
0 0 
0 0 
0 0 
0 0 
0 0 
0 0 
0 0 
0 0 
0 0 
0 0 
0 0 
0 0 
0 0 
0 0 
0 0 
0 0 
0 0 
0 0 
0 0 
0 0 
0 0 
0 0 
0 0 
0 0 
0 0 
0 0 
0 0 
0 0 
0 0 
0 0 
0 0 
0 0 
0 0 
0 0 
0 0 
0 0 
0 0 
0 0 
0 0 
0 0 
0 0 
0 0 
0 0 
0 0 
0 0 
0 0 
0 0 
0 0 
0 0 
0 0 
0 0 
0 0 
0 0 
0 0 
0 0 
0 0 
0 0 
0 0 
0 0 
0 0 
0 0 
0 0 
0 0 
0 0 
0 0 
0 0 
0 0 
0 0 
0 0 
0 0 
0 0 
0 0 
0 0 
0 0 
0 0 
0 0 
0 0 
0 0 
0 0 
0 0 
0 0 
0 0 
0 0 
0 0 
0 0 
0 0 
0 0 
0 0 
0 0 
0 0 
0 0 
0 0 
0 0 
0 0 
0 0 
0 0 
0 0 
0 0 
0 0 
0 0 
0 0 
0 0 
0 0 
0 0 
0 0 
0 0 
0 0 
0 0 
0 0 
0 0 
0 0 
0 0 
0 0 
0 0 
0 0 
0 0 
0 0 
0 0 
0 0 
0 0 
0 0 
0 0 
0 0 
0 0 
0 0 
0 0 
0 0 
0 0 
0 0 
0 0 
0 0 
0 0 
0 0 
0 0 
0 0 
0 0 
0 0 
0 0 
0 0 
0 0 
0 0 
0 0 
0 0 
0 0 
0 0 
0 0 
0 0 
0 0 
0 0 
0 0 
0 0 
0 0 
0 0 
0 0 
0 0 
0 0 
0 0 
0 0 
0 0 
0 0 
0 0 
0 0 
593 295 
320 264 
839 264 
325 266 
322 270 
323 270 
327 270 
326 271 
268 39 
321 42 
310 43 
325 44 
320 47 
321 262 
321 262 
324 266 
325 272 
325 266 
326 270 
325 268 
323 266 
44 323 
47 323 
42 324 
43 323 
45 298 
46 320 
41 409 
44 322 
44 321 
43 317 
46 326 
44 319 
41 323 
44 324 
44 323 
43 321 
44 324 
45 321 
43 316 
44 323 
43 323 
46 294 
42 321 
42 652 
43 320 
46 323 
43 323 
44 318 
42 321 
49 325 
42 451 
41 1099 
45 1301 
44 8335 
41 3378 
45 3305 
42 3853 
41 2549 
46 441 
44 309 
47 922 
44 324 
46 319 
323 270 
324 268 
328 266 
297 264 
319 268 
564 267 
321 266 
325 264 
323 266 
325 268 
328 269 
321 264 
321 268 
326 269 
321 268 
325 266 
328 270 
323 268 
327 268 
324 266 
323 268 
324 269 
880 266 
321 262 
326 268 
319 272 
327 266 
326 268 
331 274 
0 0 
0 0 
323 264 
327 268 
320 263 
319 266 
326 264 
324 267 
325 270 
325 266 
327 268 
327 262 
318 264 
327 268 
325 268 
322 268 
297 264 
319 264 
643 268 
321 262 
328 270 
325 268 
323 268 
325 264 
328 270 
323 272 
326 271 
324 271 
325 270 
324 266 
325 266 
325 268 
322 269 
327 270 
325 270 
915 268 
321 264 
327 264 
325 266 
323 272 
322 266 
297 264 
329 272 
349 268 
329 268 
325 270 
328 265 
321 266 
323 266 
323 268 
327 266 
322 264 
326 263 
321 266 
326 270 
319 270 
323 266 
326 269 
301 266 
321 264 
609 266 
321 264 
323 270 
326 265 
327 270 
327 270 
298 268 
323 266 
324 271 
327 268 
325 266 
326 265 
319 272 
323 266 
322 269 
323 268 
325 266 
905 268 
323 270 
325 266 
326 269 
327 266 
320 272 
297 266 
319 268 
389 264 
322 264 
321 272 
326 269 
323 266 
327 270 
326 265 
325 270 
325 268 
320 263 
323 270 
325 268 
325 264 
41 321 
46 317 
41 292 
44 324 
44 487 
43 325 
44 322 
46 319 
41 323 
46 322 
46 323 
45 319 
42 324 
43 321 
42 318 
44 318 
47 323 
48 322 
42 327 
44 297 
45 322 
44 763 
47 327 
44 324 
46 321 
43 326 
44 320 
50 297 
47 320 
42 324 
46 319 
44 324 
44 317 
41 323 
44 322 
44 325 
47 323 
42 324 
42 327 
45 325 
44 321 
322 269 
323 268 
321 264 
289 268 
321 262 
661 267 
327 272 
325 266 
326 268 
323 270 
327 270 
298 270 
323 266 
325 266 
323 266 
325 270 
322 270 
324 269 
323 270 
325 268 
323 270 
327 266 
944 268 
325 272 
323 266 
328 269 
327 272 
323 270 
296 270 
321 262 
438 266 
324 271 
323 270 
325 266 
323 268 
327 268 
323 268 
325 270 
325 266 
322 269 
321 270 
327 266 
326 270 
327 268 
323 270 
296 266 
323 266 
734 266 
323 266 
319 264 
321 270 
325 264 
323 266 
298 267 
329 270 
319 270 
328 265 
325 268 
325 266 
328 269 
319 272 
325 270 
324 267 
327 270 
326 271 
322 267 
323 268 
326 264 
323 268 
325 266 
298 272 
325 270 
456 268 
328 267 
325 272 
325 266 
322 269 
325 264 
324 266 
320 273 
329 268 
324 270 
324 270 
325 270 
322 265 
4695 4856 
4715 10674 
0 0 
549 5491 
1785 6123 
9165 403 
690 280 
14534 279 
0 0 
329 331 
5314 270 
319 262 
325 266 
325 268 
326 267 
325 264 
326 271 
323 270 
327 264 
324 267 
327 264 
324 268 
326 269 
327 268 
327 268 
326 267 
319 272 
298 268 
318 270 
478 268 
326 268 
321 270 
323 268 
322 270 
323 270 
325 270 
326 269 
327 268 
323 266 
44 40 
321 44 
324 45 
325 45 
321 44 
298 271 
325 266 
781 266 
324 271 
323 266 
323 270 
326 267 
45 320 
46 322 
42 317 
41 324 
46 323 
49 321 
44 322 
44 322 
47 319 
42 324 
46 319 
43 319 
46 873 
44 321 
54 287 
0 0 
0 0 
43 323 
44 297 
47 325 
43 310 
46 319 
49 321 
42 326 
46 319 
43 317 
48 322 
42 325 
47 321 
46 322 
45 325 
45 321 
46 322 
42 319 
44 326 
44 295 
44 319 
48 576 
44 327 
42 321 
44 318 
44 321 
45 321 
292 264 
326 265 
325 262 
323 266 
326 271 
323 270 
323 266 
324 270 
323 268 
324 267 
325 266 
323 264 
326 269 
321 270 
325 270 
324 267 
329 268 
292 267 
322 265 
521 268 
325 266 
326 269 
327 272 
323 266 
324 271 
327 270 
322 267 
321 268 
325 270 
322 269 
325 270 
329 266 
329 266 
329 266 
331 262 
318 263 
813 268 
323 270 
318 262 
321 270 
326 264 
325 270 
295 266 
327 270 
293 266 
321 266 
324 269 
325 266 
327 266 
328 273 
323 266 
327 268 
4045 5471 
4667 4848 
4684 5618 
0 0 
11644 452 
0 0 
2545 10690 
0 0 
3979 1038 
746 1983 
266 266 
321 270 
327 268 
318 270 
322 268 
323 268 
325 268 
325 268 
325 268 
325 270 
323 266 
327 268 
322 267 
325 270 
319 270 
325 268 
805 268 
323 266 
326 271 
323 268 
326 265 
321 268 
297 268 
322 262 
304 270 
323 268 
326 265 
325 268 
325 268 
322 268 
323 268 
323 270 
324 267 
325 270 
325 266 
324 267 
323 270 
325 268 
325 268 
294 270 
324 265 
569 268 
323 266 
326 264 
327 266 
327 268 
326 271 
325 264 
323 270 
326 267 
327 268 
324 271 
327 272 
321 270 
326 266 
323 266 
325 268 
324 269 
878 266 
323 264 
325 268 
325 42 
323 42 
322 39 
293 42 
325 42 
361 269 
323 264 
323 266 
327 262 
323 268 
324 270 
323 272 
327 270 
42 321 
43 950 
48 322 
44 317 
42 320 
44 324 
43 321 
47 296 
48 327 
43 426 
44 324 
44 317 
41 321 
44 322 
42 321 
45 323 
42 322 
46 323 
43 321 
44 322 
42 319 
43 318 
44 321 
44 323 
49 296 
44 321 
44 664 
44 320 
44 320 
43 321 
44 322 
44 321 
43 298 
44 320 
42 323 
47 321 
44 321 
44 323 
43 324 
44 325 
45 323 
319 264 
320 266 
325 266 
325 266 
326 266 
321 266 
325 272 
326 265 
297 266 
320 269 
616 268 
321 266 
326 264 
327 264 
327 264 
325 268 
323 268 
327 268 
322 265 
325 270 
740 4844 
865 5332 
2227 6215 
3608 4908 
4771 2160 
1188 782 
1133 13663 
0 0 
1948 4610 
2396 6709 
1343 285 
321 268 
324 265 
299 266 
323 264 
385 266 
321 264 
323 262 
326 271 
325 266 
324 268 
323 270 
325 270 
324 266 
327 270 
323 270 
320 267 
325 270 
325 264 
324 267 
295 264 
325 266 
665 268 
325 272 
323 268 
322 271 
327 266 
326 267 
326 265 
325 270 
323 270 
323 270 
323 266 
324 263 
319 270 
327 270 
328 271 
325 268 
327 264 
938 269 
327 270 
325 266 
327 268 
321 266 
327 264 
296 266 
325 270 
379 266 
321 268 
325 268 
320 271 
323 266 
323 270 
326 267 
323 326 
0 0 
0 0 
0 0 
0 0 
0 0 
0 0 
0 0 
0 0 
275 574 
859 266 
273 270 
290 270 
323 270 
383 313 
643 99 
0 0 
0 0 
0 0 
0 0 
0 0 
0 0 
0 0 
0 0 
0 0 
0 0 
0 0 
0 0 
0 0 
0 0 
0 0 
0 0 
0 0 
0 0 
0 0 
0 0 
0 0 
319 272 
322 268 
329 270 
327 268 
326 267 
323 272 
323 264 
327 268 
325 268 
324 266 
320 272 
329 270 
323 270 
298 266 
325 266 
730 266 
321 264 
321 270 
324 266 
325 268 
327 268 
125 42 
43 323 
42 320 
44 321 
44 318 
46 323 
44 317 
44 322 
42 323 
45 293 
44 324 
44 799 
45 325 
46 318 
46 321 
43 321 
44 322 
44 297 
45 319 
42 323 
43 323 
47 321 
42 323 
43 323 
44 3728 
44 20498 
0 0 
0 0 
42 1232 
41 7306 
44 3793 
42 4572 
12532 278 
0 0 
47 424 
46 324 
44 482 
41 325 
43 323 
46 326 
45 327 
46 320 
46 317 
41 323 
44 324 
44 323 
45 321 
326 268 
329 270 
323 268 
325 270 
325 266 
327 270 
326 269 
325 268 
323 262 
324 267 
319 272 
327 264 
298 266 
325 264 
470 266 
324 269 
325 264 
328 270 
326 267 
323 270 
328 266 
325 266 
321 272 
324 265 
325 268 
323 264 
326 268 
321 272 
323 264 
298 266 
325 264 
766 267 
325 270 
323 266 
323 268 
324 265 
327 266 
298 264 
321 266 
325 268 
320 271 
325 268 
323 270 
320 262 
321 268 
323 266 
324 269 
327 270 
323 270 
324 265 
325 266 
322 270 
326 268 
325 270 
296 266 
323 268 
490 268 
326 265 
327 270 
325 272 
325 264 
325 268 
326 268 
328 266 
323 268 
325 270 
325 270 
323 268 
326 269 
327 268 
325 266 
296 265 
323 268 
740 270 
324 269 
327 268 
319 272 
328 267 
323 270 
298 263 
324 263 
325 272 
326 267 
326 271 
323 270 
324 267 
325 268 
325 270 
322 271 
321 270 
325 268 
326 267 
325 264 
325 270 
326 263 
325 268 
296 267 
323 266 
522 264 
326 266 
325 270 
325 264 
326 269 
323 270 
325 268 
326 267 
325 266 
319 268 
322 269 
325 270 
324 268 
325 268 
323 268 
320 269 
323 264 
809 266 
324 266 
321 266 
325 268 
324 267 
327 268 
298 264 
1231 500 
2612 42 
5138 39 
5149 44 
5586 43 
4602 42 
2086 44 
1853 41 
2984 280 
4760 3902 
1410 264 
324 264 
317 268 
323 264 
322 265 
321 272 
46 295 
46 327 
41 333 
44 322 
49 325 
43 324 
46 318 
45 321 
42 326 
44 323 
43 321 
46 320 
44 327 
43 327 
46 320 
42 325 
43 321 
42 295 
47 319 
46 601 
44 329 
49 327 
42 324 
42 327 
47 321 
44 324 
46 321 
45 321 
46 319 
42 323 
43 324 
42 319 
44 323 
45 319 
44 325 
47 321 
45 867 
44 321 
43 323 
45 320 
42 325 
321 272 
292 262 
321 268 
575 266 
322 266 
323 262 
325 270 
332 274 
0 0 
0 0 
0 0 
325 270 
323 270 
324 269 
321 270 
323 264 
326 271 
325 270 
331 270 
328 271 
871 267 
323 264 
326 271 
325 266 
320 270 
325 270 
299 270 
326 273 
347 264 
325 272 
322 267 
321 270 
325 266 
325 266 
323 266 
323 266 
320 271 
327 266 
323 268 
323 272 
321 264 
65535 361 
0 0 
0 0 
0 0 
0 0 
0 0 
0 0 
0 0 
0 0 
0 0 
0 0 
0 0 
0 0 
0 0 
0 0 
323 266 
321 266 
326 266 
319 270 
327 268 
326 269 
827 265 
323 264 
325 268 
323 270 
327 264 
327 270 
295 264 
323 262 
298 264 
319 262 
324 267 
325 270 
323 266 
326 269 
325 270 
324 266 
322 269 
321 264 
323 266 
326 271 
323 268 
325 264 
326 269 
295 264 
322 265 
609 267 
1734 10725 
0 0 
1091 4865 
1105 5508 
2268 10785 
0 0 
2456 2194 
1748 14744 
0 0 
1907 4868 
4925 278 
325 272 
327 266 
327 266 
327 266 
322 265 
910 266 
323 264 
322 268 
323 272 
326 264 
324 269 
295 266 
325 270 
379 268 
323 266 
324 267 
326 267 
323 268 
324 266 
327 270 
325 270 
322 266 
325 270 
323 266 
324 265 
325 266 
325 40 
321 42 
297 42 
325 44 
650 44 
323 42 
319 272 
324 269 
323 262 
326 269 
325 270 
325 266 
325 266 
47 320 
44 321 
44 323 
42 320 
44 318 
45 317 
45 294 
42 323 
43 686 
44 320 
42 321 
45 319 
42 322 
52 332 
45 294 
44 320 
42 319 
44 322 
44 320 
41 323 
44 322 
46 319 
49 321 
46 320 
44 321 
47 950 
42 320 
46 325 
41 323 
46 322 
46 323 
44 298 
46 324 
46 450 
42 322 
42 325 
45 323 
45 327 
46 319 
46 321 
42 324 
324 270 
325 270 
327 266 
326 269 
323 270 
329 268 
326 269 
327 268 
324 265 
946 269 
321 270 
322 271 
325 272 
325 268 
322 267 
297 264 
323 270 
435 270 
325 270 
325 268 
322 269 
297 272 
323 270 
326 269 
323 270 
324 269 
326 267 
325 266 
324 264 
327 268 
323 270 
326 267 
299 262 
323 270 
687 267 
323 268 
323 266 
327 268 
327 268 
326 266 
290 264 
325 266 
326 269 
327 270 
323 268 
326 267 
321 262 
317 266 
322 271 
327 262 
323 264 
945 269 
321 264 
320 270 
322 267 
2265 5463 
2867 3206 
682 535 
14133 5473 
0 0 
4731 4856 
4753 10521 
0 0 
1035 6227 
2579 266 
2270 267 
323 264 
325 272 
327 264 
323 268 
328 271 
329 272 
327 266 
328 267 
295 260 
321 262 
697 267 
323 272 
327 268 
324 267 
325 270 
327 266 
296 268 
327 270 
322 269 
322 263 
325 266 
325 266 
325 268 
327 270 
322 269 
325 268 
327 268 
322 271 
323 270 
323 266 
326 269 
327 268 
326 268 
292 270 
325 266 
490 268 
321 270 
325 266 
324 267 
321 266 
327 270 
326 269 
323 264 
327 272 
327 264 
325 272 
325 266 
324 267 
325 268 
325 268 
297 266 
323 266 
276 276 
327 266 
327 270 
324 263 
325 268 
323 266 
298 46 
323 42 
322 44 
324 41 
327 44 
326 42 
321 272 
327 266 
322 265 
305 276 
0 0 
0 0 
323 264 
323 266 
326 266 
321 270 
46 315 
46 289 
42 322 
44 292 
45 327 
46 322 
44 320 
47 325 
42 322 
44 323 
45 319 
46 322 
48 323 
41 325 
44 320 
46 319 
45 322 
44 320 
44 295 
44 322 
46 516 
45 319 
45 326 
46 319 
44 323 
55 331 
46 325 
43 322 
42 320 
44 323 
41 318 
46 324 
46 321 
47 321 
42 325 
44 319 
49 318 
42 841 
43 321 
355 1462 
0 0 
0 0 
0 0 
0 0 
0 0 
0 0 
0 0 
0 0 
0 0 
0 0 
0 0 
0 0 
0 0 
0 0 
0 0 
0 0 
0 0 
0 0 
0 0 
0 0 
0 0 
0 0 
0 0 
0 0 
0 0 
0 0 
3761 300 
5810 22516 
0 0 
0 0 
4235 276 
320 267 
325 266 
323 266 
324 265 
325 264 
325 270 
324 269 
325 268 
325 268 
326 267 
327 272 
326 267 
325 272 
323 266 
300 264 
319 272 
492 270 
326 266 
325 266 
325 268 
321 268 
325 272 
327 268 
324 267 
321 272 
325 264 
323 270 
321 266 
325 268 
325 268 
325 266 
320 271 
321 270 
774 269 
326 271 
323 266 
327 270 
324 267 
323 266 
296 265 
322 262 
303 266 
321 266 
323 270 
321 272 
322 267 
327 270 
325 268 
326 269 
327 266 
321 268 
324 269 
325 266 
327 270 
326 267 
325 266 
296 260 
323 266 
553 268 
320 265 
325 264 
321 268 
326 267 
323 268 
325 268 
324 271 
323 264 
327 268 
325 272 
317 266 
328 265 
325 268 
325 266 
320 270 
325 272 
841 268 
322 264 
325 268 
317 264 
322 263 
325 268 
294 271 
324 267 
311 268 
321 264 
323 266 
323 264 
324 268 
327 266 
325 268 
326 271 
327 266 
329 270 
322 41 
325 42 
324 40 
322 41 
321 42 
298 267 
322 265 
551 268 
321 266 
326 267 
325 266 
328 269 
321 264 
44 320 
46 319 
43 319 
42 322 
44 321 
43 325 
48 324 
43 325 
42 322 
44 295 
42 321 
45 619 
44 325 
51 325 
49 322 
44 323 
43 323 
44 292 
44 315 
45 318 
44 325 
46 321 
47 323 
46 322 
47 323 
47 323 
44 323 
44 319 
44 923 
44 1118 
45 425 
44 2994 
46 1069 
43 1154 
46 6889 
44 2350 
47 6397 
44 2829 
44 2759 
43 321 
46 321 
44 325 
51 324 
318 267 
323 264 
323 272 
324 268 
327 270 
321 270 
328 269 
325 270 
324 268 
327 270 
914 268 
322 265 
319 268 
323 270 
322 268 
323 266 
298 265 
324 273 
351 267 
323 266 
328 266 
327 268 
327 266 
324 268 
319 272 
323 264 
328 271 
325 270 
323 270 
325 268 
327 266 
323 266 
324 266 
292 264 
326 271 
609 267 
319 264 
322 271 
323 266 
325 270 
322 265 
325 266 
325 266 
327 266 
323 270 
324 270 
325 268 
327 266 
326 269 
333 274 
0 0 
0 0 
873 266 
325 266 
322 265 
329 270 
325 270 
324 264 
297 264 
324 269 
349 267 
325 270 
324 269 
325 270 
321 270 
324 267 
325 268 
325 268 
322 262 
319 270 
325 266 
327 270 
325 270 
324 268 
325 268 
297 262 
320 262 
642 268 
323 264 
320 263 
323 268 
325 262 
324 269 
297 266 
324 264 
324 271 
325 264 
324 265 
327 266 
327 268 
324 270 
323 266 
331 266 
323 266 
944 268 
327 270 
324 267 
325 268 
319 264 
328 270 
297 264 
321 264 
414 268 
323 266 
324 265 
321 266 
319 264 
322 270 
325 264 
325 270 
326 271 
323 268 
323 266 
324 264 
325 268 
325 268 
324 269 
297 268 
320 265 
641 266 
323 270 
326 267 
327 270 
323 270 
322 269 
327 272 
323 42 
328 45 
323 40 
323 42 
323 47 
2475 1339 
8054 5460 
0 0 
4171 272 
4390 2039 
887 2666 
605 2297 
42 3786 
45 6165 
44 417 
42 1120 
43 290 
46 318 
46 321 
42 324 
48 325 
45 327 
46 318 
42 325 
46 321 
45 322 
44 321 
43 323 
44 324 
44 319 
45 327 
42 324 
44 323 
45 294 
44 320 
44 492 
43 324 
42 325 
46 321 
46 326 
44 325 
42 317 
42 322 
46 321 
43 325 
44 322 
44 323 
47 325 
46 319 
44 323 
45 296 
44 321 
41 803 
42 322 
44 322 
327 270 
325 270 
326 269 
297 264 
327 270 
467 264 
325 270 
323 266 
326 269 
323 266 
325 266 
325 266 
321 270 
322 266 
325 270 
323 270 
326 268 
325 266 
323 264 
322 268 
297 262 
323 270 
696 266 
323 268 
325 270 
327 266 
327 268 
329 266 
298 264 
321 268 
327 270 
323 270 
327 268 
328 269 
325 264 
327 268 
320 262 
319 260 
328 268 
947 270 
325 268 
325 270 
324 265 
323 266 
327 270 
293 268 
321 264 
433 267 
327 268 
325 264 
324 268 
323 270 
323 268 
326 270 
323 266 
318 264 
321 268 
325 268 
323 268 
324 269 
325 270 
328 271 
299 266 
325 264 
732 266 
321 266 
325 266 
322 267 
329 270 
325 270 
296 266 
321 264 
321 270 
321 264 
319 268 
324 267 
328 269 
319 268 
320 269 
327 268 
325 270 
326 269 
325 266 
321 272 
322 269 
323 266 
327 270 
298 270 
319 270 
522 268 
322 266 
323 272 
324 265 
319 266 
327 264 
326 271 
10610 2194 
0 0 
649 1486 
17840 772 
0 0 
1004 387 
871 577 
631 1365 
3211 11543 
0 0 
768 268 
319 268 
323 266 
326 271 
323 268 
321 266 
298 271 
325 266 
327 268 
323 268 
325 270 
328 267 
324 268 
321 262 
326 268 
325 268 
323 268 
325 42 
325 44 
321 42 
326 41 
321 42 
325 270 
296 266 
321 262 
466 266 
328 269 
323 268 
318 270 
357 272 
45 318 
46 319 
47 317 
44 318 
46 323 
47 323 
42 322 
44 327 
45 319 
42 325 
44 297 
42 318 
44 571 
43 319 
46 324 
46 317 
41 323 
44 322 
44 319 
49 321 
42 322 
46 317 
52 334 
323 268 
45 323 
43 321 
46 321 
46 323 
46 320 
42 861 
44 319 
44 322 
44 323 
47 319 
42 324 
42 297 
41 319 
53 327 
0 0 
45 325 
42 320 
42 323 
45 323 
328 270 
329 266 
321 266 
328 267 
318 260 
319 268 
322 268 
327 270 
676 377 
0 0 
0 0 
0 0 
0 0 
0 0 
0 0 
0 0 
0 0 
0 0 
0 0 
0 0 
0 0 
0 0 
0 0 
0 0 
0 0 
0 0 
0 0 
325 268 
325 268 
319 268 
321 266 
326 271 
323 268 
325 268 
300 271 
323 272 
510 265 
324 267 
327 266 
327 270 
321 268 
317 262 
323 272 
324 267 
323 270 
326 267 
324 267 
327 272 
326 273 
323 262 
323 270 
332 271 
327 264 
805 266 
326 269 
323 266 
321 266 
320 271 
325 272 
294 265 
327 264 
295 270 
3228 1264 
2522 714 
305 332 
6235 311 
636 266 
10477 685 
0 0 
4199 284 
2507 2484 
726 948 
1085 264 
323 266 
323 266 
327 264 
300 269 
327 272 
609 268 
322 265 
325 264 
323 268 
318 269 
321 268 
323 270 
320 270 
325 270 
327 266 
325 266 
323 266 
324 270 
328 269 
327 266 
330 263 
321 270 
867 267 
324 264 
323 268 
323 270 
320 271 
323 270 
300 269 
318 266 
325 268 
325 270 
323 266 
325 270 
328 269 
323 270 
323 268 
324 268 
327 268 
325 268 
326 268 
325 264 
323 268 
320 261 
321 270 
298 267 
325 266 
561 266 
322 266 
327 266 
44 42 
44 319 
41 319 
46 324 
44 319 
41 323 
46 320 
46 323 
43 323 
42 321 
46 321 
46 320 
46 292 
43 321 
44 665 
44 321 
51 323 
44 322 
48 321 
47 323 
44 294 
44 319 
43 325 
44 323 
44 321 
45 324 
42 324 
46 319 
45 322 
42 320 
44 317 
42 948 
46 323 
41 325 
46 318 
46 323 
45 325 
44 296 
44 323 
47 458 
44 325 
324 269 
319 266 
328 269 
326 267 
323 268 
326 265 
319 270 
325 271 
673 267 
325 264 
325 264 
322 265 
325 272 
323 270 
324 265 
924 268 
322 264 
325 266 
323 270 
323 264 
323 268 
299 264 
326 272 
377 266 
321 268 
324 269 
321 264 
323 268 
324 267 
325 268 
328 270 
329 266 
329 268 
324 270 
329 272 
325 266 
324 267 
321 262 
298 261 
322 265 
607 268 
327 266 
326 271 
3277 4895 
3299 4959 
9059 4780 
0 0 
1135 4875 
7459 10854 
0 0 
5886 4870 
0 0 
6582 1084 
3430 3543 
914 262 
323 266 
326 267 
880 264 
323 268 
324 269 
323 266 
325 268 
326 269 
291 264 
320 266 
378 266 
325 268 
322 264 
323 268 
323 270 
326 264 
323 266 
325 270 
328 267 
325 266 
321 264 
324 271 
325 266 
325 266 
322 269 
295 266 
328 270 
694 268 
323 268 
324 267 
327 266 
325 268 
326 266 
301 264 
323 272 
325 264 
325 268 
327 266 
326 267 
325 272 
324 270 
325 270 
323 270 
326 268 
952 265 
325 266 
318 263 
327 268 
327 270 
324 269 
297 270 
331 276 
0 0 
0 0 
320 265 
327 270 
325 272 
322 268 
327 268 
327 266 
326 269 
325 266 
323 264 
324 269 
327 268 
845 271 
323 268 
297 264 
321 264 
674 268 
325 272 
325 40 
323 44 
323 42 
322 43 
301 42 
323 270 
325 266 
323 266 
325 268 
322 271 
323 264 
324 268 
324 272 
45 290 
42 321 
45 746 
42 324 
44 317 
43 317 
44 322 
44 323 
43 296 
46 318 
42 321 
43 326 
53 274 
43 325 
41 323 
46 322 
49 333 
43 318 
44 325 
41 323 
45 322 
50 325 
43 319 
42 324 
47 319 
43 298 
42 320 
395 401 
0 0 
0 0 
0 0 
0 0 
0 0 
0 0 
0 0 
0 0 
0 0 
44 318 
44 323 
45 321 
323 270 
328 269 
319 270 
325 268 
323 268 
327 268 
325 270 
324 268 
323 268 
324 268 
2412 365 
3033 825 
4281 5470 
0 0 
4501 268 
5971 5459 
0 0 
1504 23031 
0 0 
0 0 
645 270 
321 266 
325 266 
325 266 
323 268 
1714 264 
322 264 
299 262 
321 262 
730 268 
325 268 
327 268 
321 270 
323 270 
323 270 
296 270 
325 270 
323 268 
324 267 
323 268 
326 267 
325 266 
325 266 
326 269 
325 266 
324 266 
320 271 
323 264 
323 270 
326 271 
325 266 
324 266 
299 264 
323 264 
456 268 
321 270 
327 270 
326 268 
325 268 
319 272 
328 269 
325 270 
323 266 
324 268 
319 264 
325 272 
321 272 
327 266 
324 267 
307 268 
323 268 
332 273 
321 266 
323 266 
1403 283 
325 270 
325 266 
299 266 
323 264 
325 270 
325 270 
325 270 
322 266 
328 270 
323 266 
324 272 
327 268 
323 268 
324 269 
327 266 
327 266 
327 272 
325 266 
326 270 
295 266 
325 270 
520 268 
322 266 
323 264 
328 269 
325 270 
323 270 
324 265 
325 266 
327 268 
318 269 
323 264 
323 266 
323 270 
323 264 
320 270 
298 266 
329 268 
802 269 
325 270 
321 268 
325 268 
323 268 
327 266 
300 262 
321 264 
325 268 
323 272 
2047 41 
322 44 
323 41 
319 42 
327 46 
325 43 
319 268 
323 270 
321 266 
321 270 
324 267 
325 266 
321 268 
46 289 
45 321 
46 304 
45 319 
45 323 
42 319 
43 321 
51 326 
46 319 
41 325 
42 322 
46 321 
43 321 
44 322 
42 323 
41 323 
48 318 
44 295 
45 319 
44 4504 
43 1930 
45 2978 
42 2941 
45 3525 
46 2821 
44 464 
45 433 
44 367 
42 914 
41 1452 
44 387 
44 327 
45 324 
46 323 
42 323 
45 324 
46 2082 
44 323 
48 324 
48 325 
41 323 
46 322 
46 293 
321 262 
595 268 
324 268 
323 268 
325 268 
324 267 
327 268 
327 266 
324 269 
327 266 
326 267 
324 272 
325 266 
324 267 
325 270 
323 266 
318 271 
327 268 
843 268 
326 265 
325 268 
328 272 
322 266 
321 266 
298 271 
325 266 
299 266 
324 270 
323 268 
319 262 
324 265 
325 264 
323 270 
324 267 
325 270 
327 272 
326 267 
327 264 
331 278 
327 262 
321 262 
294 265 
2453 282 
551 266 
320 265 
325 266 
325 266 
326 267 
325 272 
324 266 
325 268 
325 268 
326 266 
0 0 
0 0 
0 0 
330 265 
325 264 
326 267 
323 268 
835 268 
322 265 
325 272 
325 266 
328 271 
325 270 
294 266 
324 271 
343 266 
325 264 
325 268 
325 268 
328 267 
325 268 
325 266 
322 271 
323 268 
325 270 
322 267 
323 264 
318 270 
322 269 
321 266 
298 265 
325 270 
643 269 
322 265 
321 262 
319 272 
324 269 
325 266 
597 286 
322 265 
327 268 
325 272 
322 265 
323 270 
325 268 
319 266 
321 270 
326 269 
323 268 
893 268 
322 269 
325 264 
325 270 
331 272 
321 270 
294 269 
320 265 
331 268 
325 272 
323 270 
325 270 
324 268 
323 266 
325 266 
322 264 
325 266 
319 266 
324 269 
357 106 
0 0 
0 0 
0 0 
0 0 
0 0 
0 0 
0 0 
0 0 
0 0 
0 0 
0 0 
0 0 
0 0 
0 0 
0 0 
0 0 
0 0 
0 0 
0 0 
0 0 
0 0 
0 0 
0 0 
0 0 
44 319 
45 322 
44 323 
43 323 
44 294 
42 323 
43 322 
44 326 
44 323 
45 322 
42 326 
45 323 
43 319 
42 323 
44 323 
45 320 
42 325 
43 319 
44 320 
42 325 
43 327 
44 296 
44 323 
41 472 
44 326 
45 321 
45 323 
46 322 
47 325 
45 320 
44 319 
45 325 
46 318 
320 269 
323 268 
325 266 
328 271 
325 266 
325 266 
326 269 
936 266 
322 263 
321 264 
1956 1145 
326 264 
327 266 
294 264 
322 264 
382 268 
325 268 
324 267 
319 268 
323 270 
324 269 
321 264 
322 268 
324 265 
323 268 
323 268 
323 266 
325 268 
320 265 
319 270 
296 264 
322 268 
654 266 
325 266 
324 269 
327 270 
325 270 
324 264 
297 264 
321 264 
323 270 
325 266 
325 268 
323 268 
321 270 
325 268 
325 268 
325 266 
324 270 
948 264 
322 266 
328 265 
323 266 
325 268 
329 270 
297 266 
324 264 
418 266 
325 268 
3479 278 
325 264 
323 268 
326 271 
325 268 
325 268 
325 266 
325 270 
325 266 
324 272 
323 264 
329 268 
326 269 
294 264 
321 264 
728 269 
323 266 
320 263 
323 270 
327 268 
326 269 
299 264 
321 270 
324 267 
325 266 
324 265 
325 266 
325 266 
322 266 
325 266 
3737 5508 
10656 266 
0 0 
3233 6129 
5392 331 
2212 994 
1319 693 
388 451 
389 1134 
746 343 
414 274 
327 268 
322 272 
322 269 
321 266 
326 267 
327 268 
325 264 
324 267 
325 1259 
323 266 
324 267 
325 266 
323 268 
324 272 
299 270 
326 266 
687 267 
323 268 
320 269 
327 268 
323 270 
326 268 
297 272 
327 268 
324 41 
323 46 
323 44 
327 43 
323 44 
323 268 
324 267 
325 270 
324 264 
323 270 
327 264 
328 266 
47 323 
44 324 
42 325 
47 294 
42 321 
44 291 
41 321 
42 322 
41 327 
43 320 
42 321 
44 327 
46 322 
53 869 
0 0 
0 0 
0 0 
45 323 
44 320 
44 319 
45 296 
44 320 
46 567 
42 320 
44 319 
49 323 
42 322 
46 320 
45 319 
42 320 
44 321 
41 319 
46 320 
44 323 
43 323 
46 320 
42 323 
43 327 
46 321 
44 835 
45 318 
46 321 
43 323 
43 322 
320 269 
295 260 
321 270 
496 268 
325 264 
325 270 
322 271 
325 268 
327 270 
324 267 
325 268 
324 270 
325 266 
325 270 
324 268 
325 270 
327 266 
324 267 
295 262 
321 264 
734 264 
321 268 
324 268 
324 271 
323 264 
322 265 
296 268 
325 268 
322 272 
325 266 
325 270 
328 271 
327 270 
321 266 
324 269 
317 268 
323 268 
327 270 
325 266 
331 278 
327 266 
325 266 
322 269 
298 272 
325 270 
508 266 
321 262 
325 272 
322 266 
323 270 
325 270 
320 270 
327 270 
303 274 
322 1126 
1513 5221 
20862 630 
0 0 
0 0 
3477 5741 
10072 5485 
0 0 
18285 359 
0 0 
3444 1188 
322 267 
325 268 
325 268 
293 266 
325 268 
290 264 
320 262 
325 264 
322 268 
328 270 
335 276 
320 267 
323 272 
323 264 
326 267 
325 264 
326 270 
320 267 
327 270 
327 268 
294 266 
327 266 
540 269 
323 264 
1360 111 
0 0 
0 0 
0 0 
0 0 
0 0 
0 0 
0 0 
0 0 
0 0 
0 0 
0 0 
0 0 
0 0 
0 0 
0 0 
0 0 
0 0 
0 0 
0 0 
0 0 
0 0 
0 0 
0 0 
0 0 
0 0 
0 0 
0 0 
0 0 
0 0 
0 0 
0 0 
0 0 
0 0 
0 0 
0 0 
0 0 
0 0 
0 0 
0 0 
0 0 
0 0 
0 0 
0 0 
0 0 
0 0 
0 0 
0 0 
0 0 
0 0 
0 0 
0 0 
0 0 
0 0 
0 0 
0 0 
0 0 
0 0 
0 0 
0 0 
0 0 
0 0 
0 0 
0 0 
0 0 
0 0 
0 0 
0 0 
0 0 
0 0 
0 0 
0 0 
0 0 
0 0 
0 0 
0 0 
0 0 
0 0 
0 0 
0 0 
0 0 
0 0 
0 0 
0 0 
0 0 
0 0 
0 0 
0 0 
0 0 
0 0 
0 0 
0 0 
0 0 
0 0 
0 0 
0 0 
0 0 
0 0 
0 0 
0 0 
0 0 
0 0 
0 0 
0 0 
0 0 
0 0 
0 0 
0 0 
0 0 
0 0 
0 0 
0 0 
0 0 
0 0 
0 0 
0 0 
0 0 
0 0 
0 0 
0 0 
0 0 
0 0 
0 0 
0 0 
0 0 
0 0 
0 0 
0 0 
0 0 
0 0 
0 0 
0 0 
0 0 
0 0 
0 0 
0 0 
0 0 
0 0 
0 0 
0 0 
0 0 
0 0 
0 0 
0 0 
0 0 
0 0 
0 0 
0 0 
0 0 
0 0 
0 0 
0 0 
0 0 
0 0 
0 0 
0 0 
0 0 
0 0 
0 0 
0 0 
0 0 
0 0 
0 0 
0 0 
0 0 
0 0 
0 0 
0 0 
0 0 
0 0 
0 0 
0 0 
0 0 
0 0 
0 0 
0 0 
0 0 
0 0 
0 0 
0 0 
0 0 
0 0 
0 0 
0 0 
0 0 
0 0 
0 0 
0 0 
0 0 
0 0 
0 0 
0 0 
0 0 
0 0 
0 0 
0 0 
0 0 
0 0 
0 0 
0 0 
0 0 
0 0 
0 0 
0 0 
0 0 
0 0 
0 0 
0 0 
0 0 
0 0 
0 0 
0 0 
0 0 
0 0 
0 0 
0 0 
0 0 
0 0 
0 0 
0 0 
0 0 
0 0 
0 0 
0 0 
0 0 
0 0 
0 0 
0 0 
0 0 
0 0 
0 0 
0 0 
0 0 
0 0 
0 0 
0 0 
0 0 
0 0 
0 0 
0 0 
0 0 
0 0 
0 0 
0 0 
0 0 
0 0 
0 0 
0 0 
0 0 
0 0 
0 0 
0 0 
0 0 
0 0 
0 0 
0 0 
0 0 
0 0 
0 0 
0 0 
0 0 
0 0 
0 0 
0 0 
0 0 
0 0 
0 0 
0 0 
0 0 
0 0 
0 0 
0 0 
0 0 
0 0 
0 0 
0 0 
0 0 
0 0 
0 0 
0 0 
0 0 
0 0 
0 0 
0 0 
0 0 
0 0 
0 0 
0 0 
0 0 
0 0 
0 0 
0 0 
0 0 
0 0 
0 0 
0 0 
0 0 
0 0 
0 0 
0 0 
0 0 
0 0 
0 0 
0 0 
0 0 
0 0 
0 0 
0 0 
0 0 
0 0 
0 0 
0 0 
0 0 
0 0 
0 0 
0 0 
0 0 
0 0 
0 0 
0 0 
0 0 
0 0 
0 0 
0 0 
0 0 
0 0 
0 0 
0 0 
0 0 
0 0 
0 0 
0 0 
0 0 
0 0 
0 0 
0 0 
0 0 
0 0 
0 0 
0 0 
0 0 
0 0 
0 0 
0 0 
0 0 
0 0 
0 0 
0 0 
0 0 
0 0 
0 0 
0 0 
0 0 
0 0 
0 0 
0 0 
0 0 
0 0 
0 0 
0 0 
0 0 
0 0 
0 0 
0 0 
0 0 
0 0 
0 0 
0 0 
0 0 
0 0 
0 0 
0 0 
0 0 
0 0 
0 0 
0 0 
0 0 
0 0 
0 0 
0 0 
0 0 
0 0 
0 0 
0 0 
0 0 
0 0 
0 0 
0 0 
0 0 
0 0 
0 0 
0 0 
0 0 
0 0 
0 0 
0 0 
0 0 
0 0 
0 0 
0 0 
0 0 
0 0 
0 0 
0 0 
0 0 
0 0 
0 0 
0 0 
0 0 
0 0 
0 0 
0 0 
0 0 
0 0 
0 0 
0 0 
0 0 
0 0 
0 0 
0 0 
0 0 
0 0 
0 0 
0 0 
0 0 
0 0 
0 0 
0 0 
0 0 
0 0 
0 0 
0 0 
0 0 
0 0 
0 0 
0 0 
0 0 
0 0 
0 0 
0 0 
0 0 
0 0 
0 0 
0 0 
0 0 
0 0 
0 0 
0 0 
0 0 
0 0 
0 0 
0 0 
0 0 
0 0 
0 0 
0 0 
0 0 
0 0 
0 0 
0 0 
0 0 
0 0 
0 0 
0 0 
0 0 
0 0 
0 0 
0 0 
0 0 
0 0 
0 0 
0 0 
0 0 
0 0 
0 0 
0 0 
0 0 
0 0 
0 0 
0 0 
0 0 
0 0 
0 0 
0 0 
0 0 
0 0 
0 0 
0 0 
0 0 
0 0 
0 0 
0 0 
0 0 
0 0 
0 0 
0 0 
0 0 
0 0 
0 0 
0 0 
0 0 
0 0 
0 0 
0 0 
0 0 
0 0 
0 0 
0 0 
0 0 
0 0 
0 0 
0 0 
0 0 
0 0 
0 0 
0 0 
0 0 
0 0 
0 0 
0 0 
252 250 
238 232 
252 250 
712 254 
254 252 
257 250 
258 250 
256 254 
259 252 
242 252 
252 248 
248 251 
252 252 
252 250 
254 250 
254 252 
254 252 
254 254 
250 236 
256 252 
256 861 
254 248 
251 252 
256 252 
252 254 
252 254 
238 234 
252 252 
614 252 
254 250 
252 248 
250 251 
48 46 
254 44 
242 45 
254 42 
240 44 
256 254 
254 248 
254 252 
254 248 
254 254 
252 250 
256 236 
252 250 
47 784 
48 254 
44 252 
47 250 
42 250 
44 252 
42 234 
44 252 
43 280 
45 252 
44 248 
47 252 
45 254 
44 250 
45 250 
44 252 
44 254 
43 250 
46 257 
46 252 
43 252 
46 250 
45 252 
44 234 
46 253 
43 234 
48 11642 
0 0 
43 2281 
44 812 
46 573 
41 536 
44 251 
42 248 
43 254 
44 253 
42 254 
44 252 
42 253 
45 250 
46 252 
50 290 
255 861 
250 250 
252 250 
256 252 
258 252 
254 252 
250 232 
252 252 
753 250 
252 248 
250 248 
256 252 
256 250 
256 254 
236 253 
256 252 
256 254 
256 252 
250 252 
256 250 
256 250 
258 250 
254 250 
254 236 
254 254 
253 863 
254 252 
254 250 
252 250 
258 252 
258 252 
234 238 
256 252 
635 250 
256 250 
256 254 
254 248 
252 252 
254 252 
240 252 
250 246 
258 252 
258 250 
252 252 
254 254 
256 249 
250 250 
252 248 
254 239 
250 250 
258 867 
252 254 
256 252 
255 252 
254 255 
254 250 
238 237 
254 250 
488 254 
249 250 
250 250 
256 252 
258 251 
254 248 
252 252 
252 252 
254 254 
250 248 
258 253 
256 252 
252 250 
250 248 
252 252 
255 238 
252 252 
835 254 
254 252 
254 252 
252 252 
259 252 
256 254 
234 254 
254 247 
355 248 
248 248 
258 254 
258 250 
249 250 
254 250 
252 250 
246 249 
256 250 
252 847 
256 253 
256 254 
252 254 
256 250 
250 252 
256 240 
252 250 
752 250 
253 250 
254 248 
254 250 
252 254 
256 250 
240 252 
252 252 
286 253 
254 250 
250 254 
252 252 
256 248 
254 252 
254 252 
260 262 
254 248 
254 859 
256 250 
254 254 
252 252 
257 250 
252 252 
46 238 
45 1726 
42 1120 
46 2850 
43 867 
48 2877 
42 1077 
46 484 
46 254 
45 252 
44 250 
44 252 
41 250 
44 254 
42 252 
43 256 
42 250 
42 250 
45 248 
44 780 
46 250 
45 252 
52 260 
252 248 
43 252 
42 236 
45 250 
44 302 
44 254 
43 252 
46 252 
44 251 
43 252 
44 250 
43 250 
43 252 
51 260 
0 0 
0 0 
42 251 
45 254 
44 254 
44 238 
51 236 
853 250 
252 250 
256 251 
250 254 
254 254 
256 252 
236 252 
250 250 
396 254 
256 250 
252 250 
254 252 
256 252 
256 250 
254 250 
254 250 
252 252 
254 867 
256 252 
254 252 
252 248 
254 250 
252 252 
258 236 
255 254 
797 248 
256 248 
250 254 
260 257 
254 248 
256 253 
238 248 
252 252 
293 252 
254 250 
258 250 
252 254 
252 250 
250 252 
260 254 
252 236 
257 248 
518 292 
0 0 
0 0 
0 0 
0 0 
0 0 
0 0 
0 0 
0 0 
0 0 
0 0 
0 0 
0 0 
0 0 
0 0 
0 0 
0 0 
0 0 
0 0 
0 0 
0 0 
0 0 
0 0 
0 0 
0 0 
0 0 
0 0 
252 250 
254 250 
254 254 
255 250 
238 240 
254 250 
503 250 
256 254 
252 250 
254 255 
254 254 
254 250 
254 250 
256 250 
254 252 
254 248 
254 248 
250 256 
254 252 
256 254 
254 252 
254 234 
250 252 
252 856 
250 252 
254 254 
256 250 
254 250 
256 254 
238 252 
3021 218 
615 2724 
2573 2722 
4406 1043 
2626 1257 
881 1245 
254 252 
254 255 
252 252 
254 250 
252 253 
252 252 
254 250 
252 247 
252 252 
251 254 
258 238 
256 250 
792 250 
258 252 
256 250 
252 252 
252 252 
256 250 
242 251 
44 44 
288 43 
252 41 
252 41 
218 41 
250 253 
248 250 
253 250 
256 238 
258 254 
254 865 
252 254 
44 254 
43 250 
42 252 
42 250 
41 236 
42 250 
44 426 
47 256 
42 252 
44 250 
41 256 
44 253 
44 248 
44 252 
42 252 
47 254 
44 250 
46 252 
45 252 
44 252 
42 254 
45 256 
44 255 
44 803 
44 250 
44 251 
44 250 
44 252 
44 254 
47 238 
44 250 
44 335 
43 254 
44 250 
46 252 
47 252 
44 252 
45 254 
46 250 
44 252 
54 258 
256 248 
250 252 
257 250 
256 254 
254 252 
257 236 
254 252 
252 861 
256 251 
252 252 
252 252 
256 254 
254 248 
238 250 
252 251 
438 250 
249 248 
258 250 
252 254 
248 252 
254 252 
252 250 
254 250 
256 254 
250 250 
256 250 
254 252 
252 252 
254 252 
256 252 
256 234 
254 252 
825 254 
254 250 
252 250 
256 252 
252 253 
252 250 
236 252 
258 252 
282 249 
254 252 
254 253 
256 252 
253 248 
250 256 
250 252 
255 256 
248 248 
258 867 
252 249 
254 254 
254 250 
246 249 
258 250 
239 236 
260 250 
655 252 
251 252 
256 252 
254 250 
258 252 
254 252 
1930 1044 
2369 3346 
2952 987 
2658 2732 
363 2725 
2347 295 
254 250 
256 253 
258 252 
253 234 
252 253 
252 861 
256 250 
252 250 
250 252 
252 250 
260 252 
234 232 
258 255 
565 252 
252 252 
254 254 
254 248 
254 254 
252 252 
252 248 
252 250 
250 250 
262 258 
0 0 
0 0 
254 250 
253 252 
254 248 
256 238 
256 249 
252 861 
254 250 
254 246 
254 250 
253 250 
254 254 
238 254 
240 251 
448 214 
252 250 
255 254 
254 248 
256 250 
254 252 
250 248 
254 256 
252 252 
256 250 
252 252 
254 252 
254 252 
252 252 
252 252 
254 238 
260 250 
807 254 
256 254 
255 42 
254 43 
252 42 
254 41 
238 42 
257 250 
295 250 
254 252 
253 252 
254 254 
252 250 
254 252 
44 252 
44 252 
41 252 
46 46379 
0 0 
0 0 
0 0 
0 0 
49 250 
46 240 
46 254 
47 460 
46 250 
45 252 
49 254 
46 254 
46 250 
49 254 
44 254 
45 248 
44 252 
46 255 
49 252 
46 256 
44 250 
45 254 
46 254 
46 252 
46 867 
48 254 
43 250 
44 252 
48 252 
41 252 
44 238 
46 254 
45 413 
44 252 
46 255 
45 252 
42 254 
45 254 
41 252 
331 316 
0 0 
0 0 
0 0 
0 0 
254 254 
254 254 
257 256 
258 238 
258 254 
254 860 
260 252 
254 254 
252 251 
254 254 
253 254 
240 255 
258 254 
474 255 
254 254 
256 254 
253 254 
254 252 
427 2715 
5857 415 
1357 414 
2450 3342 
1630 2734 
607 1184 
248 1456 
258 252 
256 254 
257 252 
256 242 
256 252 
803 254 
256 256 
258 252 
250 252 
256 254 
254 252 
238 253 
250 254 
325 250 
254 254 
254 258 
256 254 
256 254 
254 252 
257 252 
252 256 
254 252 
253 857 
254 252 
258 254 
252 250 
256 256 
256 252 
238 240 
252 254 
706 253 
254 253 
252 254 
259 254 
250 252 
256 252 
237 252 
256 254 
234 252 
260 255 
258 254 
256 256 
256 255 
250 264 
254 252 
256 238 
254 256 
257 853 
256 252 
254 256 
252 252 
254 250 
258 254 
240 240 
256 252 
613 254 
254 249 
254 252 
254 254 
256 252 
254 254 
238 252 
252 253 
254 254 
254 252 
260 255 
256 254 
254 254 
250 252 
256 254 
254 238 
256 254 
258 857 
254 255 
256 256 
250 252 
254 249 
256 254 
242 254 
256 255 
474 254 
258 254 
256 254 
254 250 
254 257 
254 254 
256 252 
254 258 
258 254 
254 254 
254 256 
256 250 
254 254 
258 256 
250 252 
252 238 
254 248 
816 252 
255 254 
250 252 
256 256 
256 254 
256 254 
240 42 
250 47 
319 42 
260 44 
256 45 
254 252 
257 254 
256 254 
256 250 
255 254 
252 256 
256 853 
255 254 
46 254 
46 254 
43 250 
42 252 
46 236 
45 250 
46 533 
51 252 
44 252 
44 252 
43 254 
45 254 
46 254 
47 254 
46 252 
46 250 
47 256 
48 254 
46 252 
43 2093 
46 2004 
43 559 
43 2347 
46 1545 
43 1541 
44 250 
46 251 
43 252 
50 250 
46 238 
43 254 
48 415 
44 250 
49 256 
46 254 
43 250 
45 254 
44 254 
49 256 
47 254 
44 253 
46 256 
45 252 
252 252 
256 252 
254 252 
256 238 
256 252 
256 859 
255 254 
256 254 
254 252 
252 254 
254 250 
240 256 
264 260 
0 0 
0 0 
260 256 
256 250 
256 254 
258 258 
250 254 
252 256 
256 254 
254 248 
256 254 
254 256 
256 254 
266 258 
250 253 
252 238 
253 252 
845 254 
254 256 
256 249 
254 254 
256 256 
252 254 
240 256 
256 250 
353 250 
252 252 
254 250 
224 263 
256 250 
257 252 
256 256 
256 250 
248 253 
252 829 
256 252 
256 252 
254 254 
258 254 
254 256 
260 238 
256 254 
756 252 
258 258 
252 254 
254 254 
256 250 
260 254 
238 252 
258 254 
279 254 
254 250 
254 252 
250 251 
256 252 
254 254 
260 256 
256 238 
255 254 
258 857 
256 252 
258 254 
256 256 
254 252 
256 254 
240 236 
256 254 
648 254 
258 256 
259 252 
260 252 
256 252 
253 252 
242 252 
256 252 
254 254 
254 256 
254 252 
257 254 
252 250 
254 213 
252 250 
256 238 
249 254 
254 861 
256 254 
261 252 
256 254 
250 250 
257 252 
240 238 
264 222 
482 255 
254 254 
258 256 
254 253 
252 250 
255 256 
252 254 
254 252 
250 254 
254 254 
256 254 
255 252 
1321 3330 
498 65535 
0 0 
0 0 
0 0 
0 0 
0 0 
0 0 
0 0 
0 0 
0 0 
0 0 
0 0 
0 0 
0 0 
0 0 
0 0 
0 0 
0 0 
0 0 
0 0 
0 0 
0 0 
0 0 
