66 191 
178 181 
77 74 
77 77 
77 77 
377 175 
66 63 
814 83 
80 77 
205 175 
77 77 
74 74 
80 83 
211 83 
66 66 
77 74 
211 83 
77 74 
74 77 
66 66 
77 77 
77 74 
205 175 
77 77 
202 167 
86 83 
179 190 
78 89 
600 187 
86 86 
223 190 
89 86 
217 190 
83 83 
77 77 
170 66 
77 80 
205 77 
77 74 
208 77 
66 66 
261 175 
83 80 
208 175 
77 74 
191 164 
77 74 
202 167 
74 66 
1144 282 
80 83 
77 77 
77 77 
66 66 
205 77 
80 77 
77 77 
77 77 
74 77 
86 83 
205 167 
63 66 
214 178 
77 77 
77 77 
77 77 
719 78 
75 83 
228 89 
89 89 
597 187 
69 69 
237 83 
86 83 
193 695 
80 83 
211 83 
69 86 
339 92 
86 86 
205 178 
80 80 
83 83 
77 77 
66 66 
83 83 
205 69 
77 77 
434 170 
66 66 
211 69 
77 77 
205 167 
77 74 
211 83 
66 66 
208 178 
83 83 
77 77 
77 77 
66 66 
77 77 
72 72 
77 77 
77 74 
205 178 
74 77 
202 164 
77 77 
211 80 
66 66 
211 72 
77 80 
205 175 
74 77 
205 164 
77 77 
77 80 
66 63 
77 80 
83 83 
205 77 
74 77 
66 66 
205 77 
77 77 
66 66 
77 77 
72 72 
77 77 
205 164 
63 69 
205 175 
83 83 
74 77 
77 77 
66 66 
211 72 
74 77 
77 77 
83 80 
63 66 
77 77 
208 178 
66 66 
208 178 
83 83 
208 178 
77 74 
77 77 
77 77 
77 77 
77 77 
77 77 
72 72 
77 80 
208 170 
66 66 
205 178 
63 77 
205 178 
77 77 
66 66 
86 83 
77 74 
66 66 
77 77 
66 66 
77 77 
205 77 
69 66 
77 77 
72 72 
208 178 
77 77 
366 175 
77 74 
77 74 
66 66 
74 77 
83 86 
74 80 
77 77 
66 66 
202 74 
74 77 
205 178 
77 77 
259 579 
83 83 
208 164 
77 77 
205 178 
77 77 
77 77 
83 83 
83 77 
211 83 
74 77 
77 77 
77 77 
63 66 
74 77 
77 77 
66 66 
271 92 
83 92 
187 211 
597 101 
0 0 
0 0 
0 0 
294 78 
146 78 
95 75 
645 75 
86 83 
190 80 
89 80 
217 78 
772 83 
250 124 
92 89 
187 607 
490 95 
0 0 
193 89 
350 98 
799 92 
0 0 
0 0 
231 92 
217 95 
942 588 
193 95 
92 89 
193 89 
104 125 
318 92 
78 83 
190 89 
72 811 
214 78 
89 89 
69 80 
190 170 
80 83 
173 89 
83 80 
217 95 
83 86 
199 86 
725 92 
74 83 
1102 89 
92 75 
217 89 
80 75 
594 98 
0 0 
0 0 
0 0 
0 0 
0 0 
0 0 
0 0 
0 0 
0 0 
0 0 
0 0 
0 0 
0 0 
0 0 
0 0 
0 0 
190 83 
83 83 
220 179 
75 92 
220 86 
95 89 
199 89 
83 81 
627 95 
211 75 
223 74 
63 72 
793 95 
294 92 
279 98 
250 95 
267 92 
291 89 
285 92 
282 95 
262 95 
250 95 
264 98 
368 92 
259 95 
83 83 
208 83 
80 83 
205 175 
77 77 
419 66 
77 77 
79 86 
269 79 
76 514 
211 76 
83 76 
211 86 
92 395 
211 86 
89 82 
177 83 
810 86 
83 79 
221 83 
83 86 
214 86 
83 79 
211 92 
211 83 
83 76 
211 83 
86 83 
211 76 
83 76 
318 83 
79 79 
76 86 
217 89 
86 82 
224 92 
86 79 
480 76 
86 114 
749 83 
211 86 
82 79 
208 86 
79 79 
217 86 
92 89 
214 79 
211 86 
83 79 
214 86 
86 79 
254 86 
76 76 
89 86 
83 83 
79 86 
211 177 
76 86 
187 86 
70 70 
205 73 
66 80 
211 83 
63 80 
80 77 
77 77 
205 175 
77 77 
205 167 
77 74 
211 181 
69 66 
74 77 
80 77 
66 66 
77 74 
66 63 
77 74 
77 77 
211 83 
80 77 
208 167 
77 77 
205 167 
77 80 
77 77 
80 77 
66 66 
211 80 
66 66 
205 77 
77 77 
66 63 
74 77 
63 77 
63 80 
211 181 
74 77 
202 178 
63 66 
208 178 
77 77 
205 178 
74 77 
74 77 
83 83 
80 74 
205 74 
77 77 
77 74 
66 66 
74 77 
63 77 
83 83 
69 86 
202 164 
77 77 
194 164 
80 77 
181 178 
66 66 
77 77 
72 72 
66 63 
205 80 
66 66 
77 77 
74 77 
211 83 
77 77 
208 167 
80 80 
205 178 
66 66 
205 175 
74 77 
205 178 
77 77 
77 77 
63 66 
83 83 
63 69 
77 74 
77 77 
63 66 
74 74 
66 63 
205 178 
72 72 
208 175 
74 77 
77 80 
66 66 
74 77 
202 77 
77 74 
74 77 
80 83 
208 66 
66 66 
205 175 
77 80 
205 178 
77 80 
549 164 
75 86 
74 77 
66 66 
77 66 
77 77 
74 77 
74 74 
63 63 
77 74 
69 86 
205 77 
77 77 
202 66 
63 80 
208 178 
66 66 
205 175 
77 74 
211 173 
77 74 
74 77 
222 83 
77 77 
66 66 
77 77 
66 66 
83 83 
205 66 
66 66 
77 77 
74 77 
205 178 
77 77 
202 164 
77 77 
208 181 
66 80 
793 731 
77 77 
66 66 
77 77 
63 69 
77 74 
77 77 
80 83 
77 74 
205 74 
77 77 
202 164 
95 89 
190 80 
86 89 
217 89 
86 78 
214 190 
78 89 
86 92 
89 95 
75 89 
92 78 
86 89 
92 89 
89 89 
228 597 
89 89 
214 190 
89 75 
217 190 
84 86 
217 190 
78 86 
214 86 
89 75 
95 86 
75 86 
95 75 
75 86 
95 81 
89 86 
86 86 
229 187 
98 89 
214 187 
92 89 
217 193 
89 89 
217 193 
86 89 
214 179 
86 89 
217 179 
92 86 
89 75 
86 86 
89 78 
84 86 
89 86 
86 98 
89 89 
214 187 
86 89 
220 187 
86 89 
217 187 
95 89 
95 75 
217 86 
89 89 
217 86 
89 89 
89 92 
89 95 
529 196 
86 89 
246 196 
89 89 
214 193 
89 92 
90 98 
92 89 
86 98 
89 89 
89 78 
228 86 
89 75 
89 89 
122 89 
217 199 
89 86 
214 179 
86 92 
234 190 
89 89 
357 190 
89 75 
86 78 
86 86 
89 89 
78 86 
89 92 
226 86 
75 89 
220 75 
89 81 
231 187 
78 95 
217 187 
92 86 
368 89 
89 75 
217 179 
72 86 
217 190 
86 89 
78 86 
220 89 
89 89 
196 89 
89 89 
214 89 
86 86 
217 187 
86 89 
220 187 
89 78 
214 187 
75 89 
89 89 
92 78 
89 75 
89 89 
86 87 
78 89 
89 86 
214 92 
86 86 
214 187 
86 95 
196 184 
86 78 
214 190 
89 89 
217 86 
84 86 
89 89 
234 89 
89 89 
89 86 
89 86 
89 72 
86 92 
217 187 
89 86 
256 190 
89 92 
214 184 
86 89 
217 187 
86 92 
92 95 
92 75 
86 86 
89 75 
89 75 
86 89 
75 89 
208 187 
86 89 
214 205 
86 72 
214 190 
86 89 
89 89 
217 86 
89 75 
92 86 
89 75 
86 89 
81 89 
223 187 
89 92 
217 190 
75 89 
214 176 
86 89 
763 86 
89 86 
226 190 
92 75 
78 83 
89 86 
78 83 
75 86 
95 92 
89 89 
86 86 
217 75 
86 95 
211 202 
86 89 
214 193 
89 86 
89 75 
78 89 
86 89 
89 89 
89 86 
95 75 
78 83 
89 92 
83 89 
89 75 
92 89 
196 573 
86 89 
217 190 
89 86 
220 193 
86 89 
86 75 
89 86 
86 83 
844 77 
74 77 
205 178 
77 77 
368 351 
63 66 
205 178 
83 83 
77 80 
77 77 
66 66 
77 77 
66 66 
77 77 
77 77 
72 72 
77 77 
208 164 
80 77 
202 178 
63 77 
205 178 
77 77 
66 66 
211 173 
63 66 
648 77 
77 77 
66 66 
77 77 
77 77 
66 66 
811 383 
66 66 
208 178 
77 80 
205 178 
77 77 
194 164 
77 77 
80 77 
80 83 
77 77 
205 66 
77 77 
324 66 
66 66 
74 77 
77 77 
77 77 
80 83 
205 167 
74 77 
205 164 
63 66 
205 178 
77 77 
63 66 
86 83 
66 66 
205 80 
77 77 
66 66 
74 77 
77 77 
74 80 
205 178 
72 72 
526 178 
66 66 
202 175 
77 77 
63 66 
77 80 
77 77 
69 63 
83 69 
194 66 
77 77 
205 77 
66 66 
205 178 
77 77 
205 178 
83 83 
306 380 
77 74 
74 77 
66 66 
77 74 
74 77 
77 77 
77 74 
83 83 
202 181 
77 77 
208 178 
74 77 
205 167 
77 77 
208 170 
77 77 
83 83 
194 66 
77 77 
74 77 
66 66 
77 77 
77 77 
205 178 
83 83 
205 167 
77 77 
77 77 
66 63 
77 74 
63 66 
77 74 
879 175 
83 72 
205 178 
77 77 
205 178 
74 77 
188 164 
74 77 
74 77 
63 66 
83 83 
194 80 
77 77 
362 74 
63 66 
205 77 
77 77 
202 178 
83 83 
202 175 
74 77 
820 178 
66 63 
205 175 
63 66 
208 178 
77 77 
241 187 
77 74 
208 66 
63 66 
77 74 
77 74 
77 77 
74 77 
66 66 
211 83 
74 77 
205 74 
77 77 
202 175 
77 77 
748 175 
77 77 
674 511 
63 66 
205 175 
77 74 
63 80 
77 77 
63 66 
77 77 
74 77 
83 80 
74 77 
214 175 
74 77 
205 164 
66 66 
395 74 
74 80 
187 285 
80 77 
77 77 
77 77 
205 66 
66 66 
77 77 
77 77 
66 66 
83 69 
69 77 
220 77 
77 77 
205 77 
80 77 
589 645 
77 77 
211 170 
83 83 
77 77 
77 77 
63 66 
74 77 
63 69 
77 77 
80 77 
250 176 
77 77 
202 167 
74 77 
205 178 
66 66 
208 178 
77 77 
66 66 
83 80 
66 66 
205 77 
77 77 
205 175 
77 77 
205 175 
77 74 
297 1242 
83 83 
205 178 
63 77 
202 175 
74 77 
74 77 
77 80 
77 77 
83 83 
77 77 
202 66 
77 77 
205 77 
66 66 
208 178 
66 66 
205 178 
83 83 
749 178 
77 77 
205 167 
66 66 
77 74 
74 77 
77 77 
74 77 
83 83 
208 77 
77 77 
205 178 
77 77 
205 175 
74 77 
347 883 
83 83 
77 74 
66 69 
74 77 
205 77 
63 66 
77 77 
63 77 
77 77 
80 69 
194 63 
77 77 
202 66 
77 74 
205 175 
63 66 
906 175 
77 77 
211 181 
77 77 
202 167 
77 74 
74 77 
66 66 
77 77 
74 77 
83 83 
77 74 
74 77 
868 66 
74 77 
66 66 
77 77 
194 164 
63 66 
214 72 
77 77 
841 178 
77 77 
208 178 
77 77 
77 77 
205 77 
77 77 
211 86 
77 77 
74 77 
63 66 
205 77 
77 77 
244 170 
77 77 
211 184 
77 77 
205 167 
77 77 
208 170 
66 66 
77 77 
74 77 
77 80 
211 83 
63 66 
202 74 
74 77 
205 175 
77 77 
208 164 
77 77 
214 173 
66 66 
77 77 
77 77 
66 66 
77 77 
63 69 
77 77 
74 80 
83 83 
77 77 
178 77 
77 77 
77 77 
66 66 
77 74 
74 77 
77 77 
80 72 
205 175 
77 77 
211 164 
63 66 
217 164 
77 77 
205 178 
83 83 
77 77 
202 74 
74 77 
205 74 
77 74 
205 77 
74 77 
74 77 
83 83 
695 77 
63 66 
205 178 
74 77 
66 66 
80 74 
77 77 
77 77 
83 83 
205 74 
77 77 
74 77 
77 77 
74 80 
77 77 
205 178 
83 83 
205 178 
77 77 
681 167 
77 74 
205 175 
66 66 
77 77 
72 72 
838 83 
77 77 
77 77 
205 74 
74 77 
63 66 
77 77 
77 77 
77 80 
208 184 
63 66 
208 74 
74 77 
205 178 
74 77 
77 77 
77 77 
80 83 
660 77 
77 77 
77 77 
72 86 
205 80 
66 66 
86 83 
77 80 
211 83 
77 77 
205 66 
63 80 
205 178 
66 66 
208 178 
77 77 
205 175 
80 72 
194 66 
77 77 
205 66 
69 63 
74 80 
77 77 
77 77 
83 83 
77 77 
205 77 
77 77 
205 74 
74 77 
205 175 
74 77 
202 167 
83 83 
205 178 
77 77 
205 178 
77 74 
202 175 
74 77 
469 600 
77 77 
208 181 
66 66 
77 77 
202 77 
66 66 
74 77 
66 66 
77 74 
83 86 
205 80 
77 74 
202 63 
77 74 
844 419 
66 66 
205 175 
74 77 
214 184 
77 77 
205 164 
77 77 
205 178 
63 66 
205 178 
80 77 
69 83 
205 77 
63 66 
205 74 
77 77 
66 66 
74 77 
63 66 
77 74 
83 75 
66 66 
208 77 
77 77 
205 178 
77 77 
208 175 
80 77 
205 66 
83 83 
208 74 
66 66 
205 77 
77 77 
66 66 
208 77 
77 77 
83 83 
77 80 
202 167 
77 80 
205 167 
66 69 
205 178 
66 66 
205 77 
80 83 
77 77 
205 77 
77 77 
77 77 
77 77 
66 66 
77 80 
77 77 
80 83 
205 175 
66 66 
205 178 
74 77 
202 167 
77 77 
77 77 
83 83 
74 77 
66 66 
77 77 
74 77 
77 77 
77 77 
66 66 
80 77 
83 72 
205 77 
77 77 
74 77 
80 80 
205 181 
77 77 
205 167 
74 77 
211 184 
77 77 
80 66 
77 77 
74 77 
205 77 
80 77 
205 66 
80 83 
205 175 
63 66 
579 175 
77 80 
205 178 
77 74 
74 77 
77 77 
72 69 
202 74 
74 77 
194 80 
77 74 
184 187 
66 66 
205 175 
74 77 
208 173 
77 74 
202 167 
77 77 
205 175 
66 66 
77 74 
77 77 
83 83 
202 77 
63 77 
77 77 
74 80 
205 178 
86 92 
211 80 
74 74 
211 83 
77 77 
205 175 
74 77 
205 178 
74 77 
63 66 
77 77 
86 86 
66 63 
74 77 
191 66 
77 77 
208 170 
63 66 
205 178 
77 77 
211 80 
74 80 
63 66 
202 74 
77 77 
66 63 
77 77 
202 167 
77 74 
211 83 
66 63 
205 178 
77 77 
205 178 
77 77 
202 164 
74 77 
220 184 
86 72 
184 80 
77 77 
66 63 
77 77 
66 66 
77 74 
77 77 
211 72 
77 77 
77 80 
77 77 
208 178 
63 77 
205 178 
77 77 
205 178 
83 83 
208 77 
77 77 
205 77 
66 66 
77 80 
77 77 
66 63 
83 80 
66 66 
208 77 
77 77 
205 175 
77 74 
202 167 
77 77 
205 178 
83 83 
77 77 
205 66 
63 80 
704 77 
66 66 
66 66 
74 77 
66 66 
83 83 
208 77 
77 77 
645 345 
66 66 
208 178 
74 77 
205 175 
80 83 
205 164 
74 77 
74 77 
205 77 
80 74 
205 66 
63 66 
74 74 
83 83 
205 80 
77 77 
69 66 
77 77 
205 167 
77 80 
713 178 
66 69 
211 184 
74 77 
77 74 
205 77 
66 66 
77 74 
77 77 
77 77 
80 83 
202 175 
74 77 
202 178 
66 80 
205 178 
66 66 
205 175 
77 77 
214 184 
77 77 
665 178 
77 77 
77 77 
77 77 
77 77 
77 77 
63 66 
80 86 
74 77 
63 66 
74 80 
77 77 
77 77 
246 196 
66 80 
211 173 
77 77 
205 178 
77 77 
63 66 
74 77 
77 77 
80 74 
74 74 
208 184 
77 77 
205 167 
77 77 
205 178 
63 77 
77 77 
74 77 
89 95 
205 175 
77 74 
205 74 
77 77 
205 167 
74 77 
208 167 
74 77 
214 83 
77 77 
208 178 
77 77 
66 66 
77 77 
77 77 
74 77 
77 77 
865 83 
80 77 
77 77 
66 63 
77 77 
66 66 
170 178 
77 77 
211 86 
77 77 
205 167 
66 66 
205 178 
77 77 
205 178 
74 80 
66 63 
83 83 
63 66 
83 75 
77 77 
66 63 
74 77 
202 167 
77 77 
208 184 
72 69 
205 178 
80 77 
211 184 
77 77 
202 167 
66 66 
205 178 
72 72 
77 77 
202 66 
66 66 
205 69 
63 66 
80 77 
74 77 
63 66 
72 72 
205 77 
66 63 
208 167 
66 66 
208 175 
74 77 
906 823 
77 74 
211 184 
77 77 
77 77 
342 77 
77 80 
77 77 
66 66 
208 164 
83 83 
205 178 
77 77 
814 175 
74 74 
205 175 
77 77 
202 66 
66 66 
83 80 
63 66 
77 77 
181 74 
83 83 
309 89 
1076 78 
77 66 
205 178 
83 80 
77 77 
205 66 
66 66 
205 77 
80 80 
77 74 
77 74 
72 83 
77 77 
205 66 
66 63 
205 178 
66 66 
208 175 
74 74 
205 175 
69 72 
194 164 
63 66 
72 86 
66 66 
74 77 
66 69 
107 119 
74 77 
83 69 
77 77 
77 77 
205 175 
77 74 
211 164 
66 66 
205 167 
83 83 
202 178 
74 77 
80 74 
74 77 
86 80 
77 77 
77 77 
66 66 
83 72 
66 66 
80 74 
270 77 
63 66 
630 178 
77 77 
2446 250 
98 80 
202 167 
63 66 
74 74 
205 77 
77 74 
63 66 
77 74 
77 77 
83 83 
208 80 
77 77 
205 178 
77 77 
960 1034 
77 77 
77 77 
83 80 
69 72 
208 66 
63 80 
208 66 
66 69 
205 178 
77 77 
205 175 
83 83 
205 178 
80 77 
558 360 
66 66 
74 80 
66 66 
63 80 
205 77 
80 83 
205 178 
83 80 
205 178 
77 77 
202 175 
77 74 
145 80 
77 77 
83 69 
194 66 
77 77 
77 77 
66 66 
74 80 
77 77 
66 66 
83 72 
205 178 
77 77 
205 167 
77 77 
205 181 
66 66 
208 178 
77 80 
211 83 
74 80 
205 66 
77 77 
77 77 
202 77 
77 80 
77 77 
63 63 
83 83 
66 66 
205 77 
77 77 
205 175 
77 77 
205 167 
66 66 
208 173 
66 66 
77 77 
389 74 
74 77 
74 77 
66 66 
77 77 
77 77 
214 184 
74 77 
867 175 
77 77 
205 178 
63 66 
77 77 
77 77 
83 83 
222 83 
66 66 
202 74 
74 77 
63 66 
77 77 
66 69 
77 74 
211 181 
63 66 
205 178 
77 80 
244 178 
77 80 
805 178 
77 80 
77 77 
80 80 
77 77 
208 66 
66 80 
77 74 
66 66 
77 77 
77 77 
77 74 
83 86 
250 178 
63 66 
208 170 
66 66 
77 77 
74 80 
77 77 
83 83 
66 66 
205 77 
80 77 
63 66 
77 77 
205 167 
66 80 
208 170 
80 80 
208 178 
77 77 
205 77 
74 77 
202 77 
77 80 
77 77 
72 86 
77 80 
202 66 
66 66 
202 77 
66 69 
80 77 
66 66 
205 175 
80 83 
194 164 
74 74 
208 175 
69 69 
77 77 
66 66 
77 77 
74 77 
83 86 
725 66 
66 69 
208 74 
77 74 
205 77 
77 77 
211 83 
83 83 
208 178 
77 77 
208 178 
77 77 
191 170 
77 77 
74 77 
74 80 
83 86 
194 66 
77 77 
77 77 
66 66 
77 77 
63 69 
318 808 
77 77 
187 80 
77 77 
202 167 
77 77 
74 77 
63 66 
77 77 
74 77 
69 86 
208 77 
74 77 
205 74 
77 74 
202 77 
77 77 
208 167 
66 66 
222 181 
66 69 
208 178 
77 80 
66 66 
77 77 
66 66 
77 77 
77 77 
211 80 
77 74 
74 77 
63 66 
202 178 
69 63 
205 175 
77 74 
211 184 
77 77 
205 170 
77 77 
77 77 
66 63 
74 80 
77 77 
66 66 
83 83 
66 66 
428 77 
80 77 
202 77 
74 77 
205 164 
66 66 
205 170 
83 83 
74 77 
205 66 
80 74 
205 77 
66 63 
205 175 
74 74 
211 184 
77 74 
202 167 
80 74 
77 80 
205 77 
77 77 
194 63 
66 80 
208 83 
66 69 
232 80 
80 77 
202 175 
77 77 
208 167 
77 77 
205 178 
83 83 
208 178 
77 77 
208 178 
77 77 
66 66 
80 77 
77 77 
83 83 
74 77 
205 77 
77 77 
368 360 
66 69 
178 175 
77 77 
205 175 
83 86 
66 66 
205 77 
80 77 
205 77 
74 80 
77 77 
80 77 
214 181 
63 66 
205 178 
66 66 
208 175 
74 77 
205 178 
77 77 
202 167 
83 80 
77 74 
74 77 
63 66 
77 77 
66 66 
77 77 
77 77 
66 80 
72 72 
205 77 
74 77 
74 77 
63 80 
77 77 
74 77 
66 63 
80 83 
205 77 
74 77 
202 66 
74 77 
202 80 
63 77 
205 178 
77 77 
214 184 
80 77 
202 167 
77 77 
208 175 
66 69 
208 178 
74 77 
205 77 
83 86 
66 66 
202 77 
77 77 
208 77 
77 77 
191 66 
66 80 
222 184 
66 66 
205 181 
63 66 
74 80 
205 77 
69 66 
77 74 
77 77 
211 173 
80 80 
194 164 
66 66 
208 170 
66 63 
205 178 
77 77 
205 175 
83 83 
66 66 
77 77 
80 77 
63 66 
77 77 
66 66 
77 80 
72 72 
66 66 
205 77 
77 77 
205 178 
80 77 
208 175 
80 77 
80 77 
83 80 
77 77 
202 77 
77 77 
205 178 
66 66 
205 178 
77 77 
205 178 
83 83 
176 170 
77 80 
205 167 
77 80 
77 77 
77 77 
66 80 
83 80 
66 66 
208 77 
77 77 
205 74 
77 74 
205 167 
77 77 
208 170 
83 83 
205 181 
77 80 
66 63 
77 80 
66 69 
77 77 
74 77 
77 77 
80 72 
208 77 
77 77 
202 69 
66 66 
205 170 
66 66 
205 178 
83 83 
205 178 
77 77 
208 170 
66 66 
77 77 
66 66 
205 77 
77 77 
80 83 
565 66 
77 77 
208 77 
77 77 
66 66 
77 77 
208 167 
80 86 
208 178 
66 66 
208 178 
77 77 
484 181 
77 77 
77 80 
66 63 
69 69 
205 74 
77 77 
194 77 
77 77 
74 77 
66 66 
205 909 
74 77 
211 181 
74 80 
202 167 
63 66 
205 167 
66 66 
77 77 
77 77 
89 89 
695 95 
86 89 
190 89 
89 86 
190 190 
95 89 
241 92 
573 89 
223 89 
75 86 
214 98 
75 72 
208 814 
92 72 
190 859 
547 86 
615 101 
202 589 
86 92 
220 89 
86 92 
190 75 
89 80 
410 125 
83 83 
193 92 
558 309 
86 89 
434 235 
89 719 
92 449 
294 72 
300 92 
446 86 
89 75 
725 84 
728 75 
75 92 
446 83 
202 72 
193 89 
72 75 
190 181 
72 86 
208 167 
66 66 
208 178 
77 77 
184 72 
77 74 
66 63 
437 86 
83 83 
202 77 
77 77 
205 178 
74 74 
564 164 
66 66 
208 178 
75 86 
77 77 
178 77 
66 66 
77 77 
80 69 
77 74 
83 83 
187 72 
72 83 
83 83 
80 77 
199 66 
66 69 
526 181 
74 80 
170 72 
80 80 
493 175 
77 77 
205 178 
86 83 
208 178 
77 77 
202 178 
77 77 
883 72 
77 77 
77 77 
66 66 
77 74 
77 87 
77 77 
205 178 
66 66 
211 86 
63 77 
205 178 
74 77 
439 175 
74 77 
573 1126 
66 63 
83 83 
194 80 
77 77 
205 77 
66 66 
77 74 
77 77 
214 95 
83 83 
211 83 
77 77 
77 74 
205 77 
74 77 
208 66 
77 77 
77 74 
69 72 
318 77 
77 77 
205 178 
74 77 
202 173 
77 77 
205 178 
66 66 
187 184 
77 77 
77 77 
77 77 
66 66 
77 77 
77 77 
66 80 
77 77 
72 72 
74 80 
205 178 
66 66 
208 178 
77 74 
208 178 
77 77 
72 72 
205 77 
80 77 
74 77 
80 74 
63 66 
77 74 
205 72 
66 66 
211 83 
77 77 
205 175 
77 77 
205 175 
77 74 
202 178 
66 66 
77 77 
214 83 
77 77 
77 77 
66 63 
77 77 
77 77 
428 178 
77 77 
211 83 
77 74 
205 167 
66 63 
208 178 
66 66 
77 77 
77 77 
69 66 
83 83 
77 77 
181 77 
77 77 
66 66 
77 74 
77 74 
77 77 
205 178 
83 83 
351 835 
77 77 
205 178 
80 74 
178 178 
77 74 
205 167 
83 80 
77 74 
202 77 
77 77 
633 77 
77 77 
77 77 
77 77 
66 66 
80 86 
202 66 
77 77 
178 532 
63 77 
594 175 
74 77 
205 178 
74 77 
83 86 
77 77 
77 77 
66 66 
77 77 
77 77 
80 77 
77 77 
83 80 
205 77 
74 80 
205 74 
77 77 
211 164 
77 77 
475 175 
63 66 
431 181 
74 77 
77 77 
202 77 
66 66 
77 77 
74 80 
66 66 
69 86 
202 77 
77 77 
205 167 
63 66 
208 175 
63 77 
205 175 
77 77 
72 72 
77 77 
77 77 
77 77 
80 74 
63 66 
77 74 
77 77 
66 66 
80 83 
63 66 
208 77 
77 77 
205 164 
74 77 
205 167 
66 80 
211 184 
66 66 
63 80 
77 77 
66 63 
205 77 
77 77 
77 77 
77 77 
83 83 
77 77 
208 66 
69 66 
205 178 
77 77 
214 273 
77 77 
205 175 
80 86 
63 77 
77 74 
77 77 
205 77 
77 74 
77 74 
77 77 
83 80 
77 74 
205 77 
74 77 
205 164 
77 77 
205 167 
66 66 
208 178 
72 69 
77 77 
805 77 
66 80 
208 74 
66 66 
77 77 
77 77 
66 66 
83 83 
205 66 
66 66 
205 181 
66 66 
205 178 
80 77 
205 178 
83 80 
63 77 
77 77 
77 77 
202 74 
77 77 
77 77 
77 77 
74 77 
83 83 
205 80 
77 77 
66 66 
77 80 
80 77 
77 77 
205 175 
66 66 
211 173 
77 80 
205 178 
77 77 
205 77 
77 77 
74 80 
69 66 
83 83 
678 77 
77 80 
205 77 
63 66 
205 178 
77 77 
205 178 
83 69 
211 184 
77 77 
77 77 
167 66 
77 80 
80 77 
77 77 
208 164 
66 66 
211 170 
74 77 
205 175 
77 77 
644 178 
80 80 
77 77 
69 66 
83 83 
202 77 
77 77 
77 74 
66 63 
80 74 
63 77 
77 74 
77 77 
211 184 
77 80 
205 167 
66 66 
83 83 
77 74 
77 77 
205 77 
72 83 
77 77 
80 77 
205 178 
77 77 
205 167 
77 77 
77 77 
66 66 
83 83 
205 69 
77 80 
205 80 
63 66 
719 365 
77 77 
208 178 
77 77 
211 184 
77 74 
202 178 
66 63 
205 178 
77 77 
205 178 
77 77 
211 69 
77 74 
894 178 
77 74 
205 178 
66 63 
77 77 
208 66 
77 77 
208 80 
63 69 
205 178 
77 77 
205 167 
74 77 
205 167 
66 66 
205 178 
83 83 
74 66 
202 77 
74 77 
205 77 
63 69 
900 77 
74 77 
211 184 
77 77 
205 170 
77 80 
77 77 
205 77 
77 80 
202 77 
77 77 
211 83 
66 69 
377 178 
77 77 
205 178 
77 77 
208 170 
66 66 
77 77 
211 83 
77 77 
205 66 
74 77 
205 178 
77 77 
205 178 
77 77 
211 181 
77 74 
77 74 
205 77 
77 77 
66 66 
77 74 
77 74 
66 63 
80 83 
77 77 
208 178 
74 77 
205 178 
80 74 
77 77 
205 77 
77 77 
214 83 
77 77 
208 69 
69 66 
208 77 
77 77 
208 178 
77 80 
211 184 
77 74 
208 167 
63 66 
538 354 
66 66 
205 175 
77 74 
77 77 
83 83 
77 77 
205 77 
74 77 
66 66 
77 74 
77 77 
77 77 
205 178 
83 83 
205 175 
77 74 
205 178 
74 77 
205 167 
74 77 
77 74 
80 72 
74 77 
194 80 
1337 80 
579 184 
77 77 
208 178 
83 83 
214 83 
83 83 
205 167 
66 66 
77 80 
74 77 
74 80 
205 77 
63 66 
86 89 
86 86 
220 190 
89 86 
214 184 
78 89 
196 179 
776 83 
630 217 
92 86 
912 214 
449 92 
484 190 
149 95 
175 98 
152 86 
163 86 
158 86 
333 89 
175 89 
294 89 
160 89 
89 89 
193 75 
169 92 
80 72 
83 72 
80 77 
63 80 
567 77 
66 66 
205 178 
74 77 
202 164 
86 74 
202 80 
77 77 
205 178 
66 66 
205 178 
74 77 
202 175 
74 80 
395 66 
86 69 
77 77 
66 66 
77 77 
77 77 
66 66 
74 80 
66 66 
83 83 
80 77 
208 178 
77 77 
318 639 
77 77 
205 175 
66 66 
77 77 
72 83 
77 74 
205 66 
66 66 
208 74 
74 74 
205 175 
74 77 
202 164 
83 80 
469 175 
63 66 
205 178 
77 77 
205 74 
74 77 
63 66 
83 86 
338 77 
77 77 
77 77 
208 66 
77 77 
77 80 
86 83 
77 77 
83 83 
205 178 
77 77 
208 175 
77 77 
407 178 
69 69 
205 178 
77 77 
80 83 
77 80 
63 66 
312 77 
77 77 
205 83 
77 77 
63 66 
83 80 
205 77 
69 69 
205 77 
66 66 
205 175 
74 77 
205 178 
77 77 
270 193 
83 75 
74 77 
208 77 
66 66 
80 80 
77 77 
77 80 
63 69 
208 184 
77 77 
205 167 
77 77 
202 167 
77 77 
74 77 
77 77 
83 86 
194 66 
66 66 
205 178 
77 80 
205 178 
80 77 
205 178 
77 77 
211 184 
66 66 
74 77 
63 77 
77 77 
77 77 
63 66 
80 77 
72 72 
327 77 
77 80 
202 77 
77 77 
205 167 
74 77 
300 439 
66 66 
208 170 
77 74 
205 178 
80 77 
205 175 
80 74 
77 77 
66 69 
205 74 
83 83 
74 80 
404 80 
69 66 
74 80 
77 77 
80 77 
77 77 
211 83 
77 74 
208 178 
63 66 
208 178 
74 80 
63 66 
77 77 
80 80 
95 86 
187 89 
761 84 
384 83 
324 86 
214 89 
1762 232 
0 0 
0 0 
0 0 
0 0 
0 0 
0 0 
0 0 
0 0 
0 0 
0 0 
0 0 
0 0 
0 0 
0 0 
0 0 
0 0 
0 0 
0 0 
0 0 
0 0 
0 0 
0 0 
199 229 
184 208 
176 220 
734 243 
193 220 
190 187 
182 187 
187 220 
234 220 
199 1073 
86 1655 
196 92 
86 89 
565 264 
196 95 
78 83 
190 89 
89 89 
228 89 
86 92 
208 89 
89 89 
285 89 
98 86 
190 95 
173 214 
832 86 
190 80 
69 86 
208 95 
69 92 
170 89 
630 92 
98 89 
214 190 
86 75 
3001 95 
217 89 
83 75 
280 211 
615 95 
0 0 
0 0 
0 0 
0 0 
0 0 
181 185 
191 243 
315 190 
214 240 
157 668 
208 226 
312 92 
333 104 
336 101 
333 98 
190 86 
89 86 
217 89 
89 89 
217 78 
211 95 
72 86 
178 80 
63 66 
823 72 
452 101 
75 77 
77 74 
205 86 
419 87 
312 110 
253 101 
262 92 
220 89 
253 90 
291 98 
256 92 
128 95 
145 220 
122 232 
250 193 
176 220 
205 95 
211 72 
83 86 
615 83 
86 81 
226 796 
92 75 
214 77 
74 77 
184 80 
66 63 
202 178 
66 63 
205 175 
74 77 
202 178 
74 77 
66 63 
1607 83 
77 77 
66 66 
74 77 
202 77 
77 77 
704 175 
66 66 
208 72 
74 77 
205 178 
74 77 
205 178 
77 74 
77 77 
63 66 
77 74 
86 83 
66 66 
77 77 
66 66 
77 77 
77 77 
294 606 
77 77 
202 164 
86 86 
656 175 
63 66 
202 175 
66 66 
74 77 
74 77 
66 66 
80 80 
66 66 
205 77 
77 77 
205 77 
77 74 
77 77 
63 66 
77 77 
72 72 
205 77 
77 80 
205 175 
77 77 
603 178 
66 66 
205 178 
66 66 
80 72 
208 63 
77 77 
77 74 
66 66 
66 63 
77 77 
63 66 
80 83 
205 69 
66 66 
205 178 
66 66 
285 175 
80 80 
205 178 
77 77 
448 181 
77 77 
77 77 
202 74 
77 77 
77 74 
63 80 
202 77 
66 66 
190 83 
77 77 
202 175 
77 77 
66 66 
66 66 
77 77 
66 69 
83 83 
208 66 
63 66 
208 77 
66 63 
77 77 
77 77 
208 175 
77 77 
211 83 
77 74 
205 167 
66 69 
77 77 
77 77 
77 74 
77 77 
66 66 
72 86 
77 77 
354 77 
77 74 
194 66 
63 66 
208 77 
66 66 
214 83 
66 66 
205 223 
77 74 
208 178 
80 77 
208 357 
77 80 
77 77 
211 170 
63 66 
205 80 
66 66 
77 77 
77 77 
66 66 
80 77 
211 184 
77 77 
205 167 
66 66 
205 178 
66 66 
66 63 
77 77 
66 80 
83 83 
74 77 
808 164 
77 77 
194 164 
77 74 
208 170 
77 77 
205 178 
83 86 
205 178 
77 80 
66 66 
208 77 
77 77 
300 77 
74 77 
214 187 
95 89 
225 89 
95 89 
217 78 
86 86 
526 95 
83 72 
223 86 
78 89 
211 75 
86 80 
89 86 
89 80 
220 75 
78 86 
89 89 
220 86 
92 86 
214 83 
75 86 
229 72 
89 86 
220 95 
86 89 
214 86 
78 89 
523 89 
86 89 
89 86 
89 86 
214 83 
72 83 
179 83 
294 163 
89 89 
86 80 
214 86 
89 92 
199 89 
95 92 
190 86 
86 89 
89 75 
89 92 
225 86 
75 86 
214 83 
86 86 
86 92 
77 77 
202 77 
80 83 
205 178 
77 77 
205 178 
77 77 
202 66 
83 83 
77 80 
66 66 
86 83 
77 77 
74 80 
77 77 
66 69 
77 77 
77 77 
66 66 
77 80 
416 333 
77 77 
205 167 
80 86 
891 175 
74 77 
205 178 
74 77 
83 83 
77 74 
77 74 
63 80 
74 77 
208 66 
77 74 
77 77 
66 66 
83 72 
77 77 
205 175 
80 77 
399 196 
74 74 
205 167 
66 66 
83 95 
80 77 
77 77 
202 77 
63 80 
77 74 
77 77 
74 83 
80 77 
211 83 
77 77 
205 178 
77 77 
205 178 
66 66 
205 178 
77 77 
202 175 
83 83 
205 167 
66 66 
202 77 
69 66 
77 80 
77 77 
66 66 
83 83 
77 74 
205 175 
74 77 
205 175 
77 77 
205 164 
66 80 
77 77 
86 80 
77 74 
395 77 
77 77 
208 77 
66 66 
205 178 
77 77 
699 170 
83 72 
835 175 
66 63 
77 74 
63 66 
74 77 
74 74 
63 66 
83 83 
63 66 
202 74 
77 80 
193 74 
77 77 
335 77 
74 77 
205 175 
83 83 
205 178 
77 77 
202 175 
74 80 
392 164 
66 80 
77 77 
66 66 
83 86 
202 66 
66 66 
205 77 
66 66 
77 77 
77 74 
205 178 
83 83 
250 175 
77 77 
205 167 
66 66 
365 164 
74 77 
205 175 
74 77 
692 83 
77 77 
74 74 
205 74 
77 77 
74 77 
77 77 
77 77 
66 69 
211 173 
77 74 
205 178 
74 77 
205 175 
74 77 
74 74 
66 66 
83 83 
205 77 
77 77 
74 77 
66 63 
77 77 
74 77 
66 63 
77 74 
211 181 
74 77 
205 167 
63 66 
202 178 
63 66 
205 175 
74 80 
66 63 
80 72 
63 66 
205 77 
77 77 
66 66 
74 77 
77 77 
66 66 
83 83 
66 63 
205 178 
74 77 
202 164 
74 77 
205 164 
66 80 
77 77 
83 83 
77 77 
77 77 
80 77 
77 77 
66 66 
66 66 
77 77 
214 190 
77 77 
205 170 
66 66 
205 178 
66 66 
77 80 
74 77 
66 66 
83 83 
66 66 
208 74 
77 80 
66 66 
77 77 
74 77 
69 66 
205 178 
83 83 
205 178 
77 74 
77 77 
74 80 
74 77 
493 77 
74 77 
83 83 
77 77 
194 66 
80 77 
205 178 
63 66 
208 178 
77 77 
645 362 
83 72 
208 167 
77 77 
77 77 
66 66 
77 77 
77 80 
66 63 
77 77 
72 69 
354 170 
77 77 
205 178 
77 80 
205 164 
77 80 
205 170 
80 83 
176 83 
83 86 
63 66 
205 77 
66 69 
77 77 
77 77 
66 69 
86 83 
205 175 
77 77 
205 167 
66 66 
368 175 
74 77 
205 178 
74 77 
211 83 
77 77 
80 77 
77 77 
77 77 
80 77 
77 77 
208 167 
83 83 
208 178 
74 77 
208 178 
77 74 
205 167 
77 77 
80 77 
205 74 
72 83 
194 66 
77 77 
208 170 
66 66 
262 482 
74 77 
205 175 
77 77 
83 80 
77 77 
77 77 
77 77 
77 74 
425 77 
66 66 
77 77 
83 83 
178 175 
77 77 
205 175 
74 80 
208 164 
77 77 
205 175 
77 77 
83 83 
208 66 
77 77 
77 77 
66 74 
77 77 
77 77 
66 66 
80 77 
80 80 
77 77 
713 167 
63 66 
205 178 
63 66 
205 175 
74 80 
80 83 
77 74 
77 77 
167 63 
77 77 
77 77 
77 74 
662 77 
77 77 
83 72 
66 66 
208 74 
77 80 
205 175 
77 77 
194 170 
77 74 
211 181 
63 66 
74 77 
205 66 
63 66 
77 74 
77 74 
77 74 
74 80 
83 83 
77 77 
600 77 
80 77 
205 178 
69 66 
205 178 
77 77 
205 178 
83 83 
205 164 
77 80 
74 77 
205 80 
77 77 
77 77 
74 80 
214 83 
66 66 
208 178 
77 77 
208 178 
77 80 
517 164 
77 77 
77 77 
83 83 
77 77 
77 77 
80 77 
77 74 
66 66 
77 74 
77 77 
66 66 
69 72 
205 80 
77 74 
178 683 
66 66 
205 178 
77 77 
208 175 
86 83 
446 175 
77 74 
77 77 
205 77 
74 77 
77 74 
77 77 
74 77 
69 83 
205 178 
77 77 
205 178 
77 74 
66 77 
74 77 
77 77 
77 77 
80 83 
205 80 
74 77 
74 77 
66 63 
77 77 
77 74 
63 80 
83 72 
761 77 
77 77 
211 66 
66 80 
77 77 
77 77 
208 178 
77 77 
211 181 
77 77 
208 167 
66 66 
77 77 
69 66 
77 74 
77 77 
66 80 
211 83 
63 66 
202 77 
77 74 
205 77 
74 77 
194 164 
80 74 
211 184 
63 66 
205 175 
77 77 
205 175 
77 77 
77 77 
77 74 
74 80 
83 83 
77 77 
194 63 
77 77 
202 178 
63 66 
205 178 
74 74 
205 175 
83 83 
776 77 
77 77 
74 80 
66 63 
77 77 
74 77 
66 63 
83 83 
63 66 
205 77 
77 77 
205 175 
74 80 
202 167 
74 80 
205 77 
83 83 
208 178 
77 77 
205 77 
80 77 
69 66 
77 74 
77 77 
83 83 
77 74 
208 66 
77 77 
208 66 
80 72 
208 178 
77 77 
208 175 
69 69 
202 178 
77 77 
205 178 
77 77 
205 74 
66 77 
66 63 
77 74 
83 83 
630 77 
77 77 
205 74 
74 77 
63 66 
77 80 
208 170 
72 83 
205 178 
80 77 
205 178 
77 77 
66 66 
77 77 
74 77 
69 66 
72 69 
202 74 
63 66 
205 66 
77 77 
77 74 
66 66 
66 63 
77 77 
211 184 
77 77 
205 167 
63 77 
205 164 
63 66 
205 178 
74 77 
211 184 
77 80 
205 77 
77 77 
208 66 
66 66 
77 77 
77 77 
66 66 
83 83 
66 66 
205 77 
77 77 
205 74 
77 77 
205 167 
74 80 
208 164 
83 83 
77 77 
208 69 
77 77 
77 77 
63 66 
77 74 
77 77 
69 83 
77 77 
205 77 
77 77 
77 77 
66 66 
205 178 
77 77 
416 72 
72 83 
63 66 
63 63 
77 77 
63 66 
74 80 
77 77 
77 77 
74 77 
83 80 
205 74 
77 77 
205 74 
77 77 
208 167 
77 77 
401 175 
83 83 
77 77 
77 77 
66 80 
77 77 
66 66 
77 77 
77 77 
74 80 
83 72 
205 178 
77 80 
208 164 
77 74 
74 77 
77 77 
77 74 
74 80 
75 72 
74 77 
77 77 
77 80 
77 74 
69 77 
66 66 
77 80 
83 83 
205 77 
77 77 
205 77 
77 77 
205 164 
77 77 
205 167 
66 66 
211 83 
66 66 
205 175 
77 77 
205 178 
77 80 
66 66 
66 66 
83 83 
205 77 
77 77 
77 74 
77 74 
77 77 
63 77 
205 175 
77 77 
211 184 
77 77 
77 77 
205 77 
77 77 
66 66 
74 77 
77 74 
77 77 
72 72 
66 66 
205 178 
77 77 
205 175 
74 80 
208 167 
77 80 
214 72 
63 66 
77 74 
202 66 
63 66 
77 77 
77 77 
77 74 
77 77 
83 83 
77 77 
205 66 
77 77 
208 167 
69 63 
205 178 
77 77 
205 178 
83 83 
205 178 
77 77 
77 77 
66 66 
77 80 
208 66 
63 80 
83 72 
66 69 
205 77 
77 77 
208 178 
77 77 
202 164 
77 77 
205 167 
83 83 
77 77 
77 77 
66 66 
77 80 
66 66 
208 74 
77 77 
66 66 
83 72 
205 77 
63 66 
205 886 
66 66 
202 181 
66 66 
202 175 
83 83 
66 63 
205 74 
77 77 
77 74 
77 77 
66 66 
77 74 
181 178 
83 80 
202 178 
66 66 
66 63 
77 74 
63 63 
74 80 
77 74 
77 77 
80 80 
205 80 
74 77 
324 164 
77 77 
205 178 
66 66 
214 178 
83 72 
63 66 
342 66 
74 77 
77 74 
77 77 
66 66 
77 74 
77 77 
80 83 
205 77 
74 77 
205 178 
74 77 
202 167 
77 77 
493 217 
66 66 
211 176 
69 66 
493 728 
77 77 
208 77 
77 77 
77 77 
77 77 
83 83 
202 77 
74 80 
208 66 
74 80 
77 74 
69 66 
77 77 
77 77 
193 975 
86 80 
202 178 
63 63 
205 178 
66 63 
74 77 
74 77 
80 80 
205 74 
66 66 
205 74 
77 77 
63 66 
74 77 
194 164 
77 77 
211 181 
66 63 
77 77 
205 66 
63 80 
772 77 
77 74 
80 77 
74 77 
80 83 
77 77 
205 167 
66 66 
778 354 
66 66 
77 77 
74 77 
83 80 
261 77 
86 83 
208 77 
77 77 
205 77 
77 80 
208 66 
77 80 
675 86 
66 63 
205 178 
77 77 
208 178 
77 77 
205 164 
77 77 
74 77 
211 83 
74 77 
208 66 
77 77 
760 77 
66 66 
77 77 
77 77 
75 86 
77 77 
205 164 
77 77 
656 178 
77 77 
208 178 
66 66 
63 66 
69 75 
66 66 
416 77 
77 77 
74 80 
77 74 
66 66 
77 77 
77 77 
83 83 
205 77 
77 77 
205 178 
80 77 
205 164 
77 77 
603 178 
83 80 
77 77 
208 66 
77 74 
208 63 
66 66 
77 77 
63 77 
205 175 
83 86 
217 642 
77 77 
208 164 
80 77 
77 74 
66 66 
77 74 
208 69 
83 83 
205 77 
77 77 
66 66 
77 77 
205 80 
77 77 
208 66 
83 83 
208 170 
66 69 
636 178 
77 77 
205 175 
77 80 
205 164 
77 77 
211 170 
69 69 
211 184 
80 80 
205 178 
74 77 
66 63 
77 77 
86 86 
211 72 
77 77 
208 69 
77 74 
903 178 
66 66 
205 178 
66 77 
211 184 
74 77 
205 164 
74 80 
74 77 
66 63 
74 77 
66 66 
66 66 
72 72 
77 77 
205 178 
77 74 
850 175 
77 77 
202 164 
74 80 
83 72 
850 77 
77 77 
191 66 
77 77 
208 164 
63 69 
205 178 
77 77 
211 80 
74 77 
66 63 
66 66 
74 77 
333 77 
74 77 
63 66 
77 77 
208 83 
63 66 
80 77 
77 77 
74 77 
77 77 
205 164 
77 77 
222 83 
77 77 
77 77 
66 63 
77 77 
77 77 
77 77 
77 77 
74 77 
83 80 
74 77 
74 77 
77 77 
487 261 
66 66 
205 178 
66 69 
627 728 
72 75 
205 175 
77 77 
211 181 
66 66 
208 178 
74 77 
66 66 
80 69 
74 77 
205 77 
74 77 
241 77 
77 77 
205 175 
77 74 
191 164 
80 83 
74 77 
208 77 
77 77 
77 77 
77 77 
74 77 
66 66 
66 66 
72 83 
205 178 
77 80 
205 167 
77 80 
205 178 
66 66 
190 77 
72 75 
66 66 
77 77 
66 66 
69 66 
80 77 
66 66 
77 80 
74 80 
83 83 
202 69 
66 69 
205 175 
77 77 
205 178 
77 77 
205 167 
77 80 
83 72 
205 74 
77 80 
921 77 
80 77 
208 181 
66 66 
208 178 
72 72 
205 178 
77 77 
74 77 
77 77 
77 77 
66 66 
77 77 
80 80 
80 83 
208 80 
66 66 
77 80 
77 77 
66 66 
77 74 
338 342 
83 95 
205 66 
66 66 
205 175 
77 74 
74 80 
80 74 
63 66 
77 77 
80 72 
77 77 
77 77 
74 77 
77 77 
205 69 
66 66 
208 178 
66 66 
211 170 
77 80 
202 167 
77 80 
205 181 
77 74 
80 77 
294 77 
75 69 
451 77 
66 66 
205 66 
77 77 
324 1242 
77 77 
205 178 
77 77 
83 86 
66 66 
77 80 
205 77 
66 66 
77 77 
66 66 
205 178 
77 77 
966 187 
74 77 
66 66 
77 77 
77 77 
77 77 
77 77 
80 77 
83 83 
205 80 
66 66 
208 77 
77 77 
208 80 
77 77 
194 164 
77 77 
211 184 
66 63 
208 178 
63 66 
170 164 
77 77 
66 66 
74 80 
74 77 
83 83 
77 80 
205 167 
74 80 
202 167 
66 66 
205 178 
66 69 
211 184 
77 77 
205 77 
77 77 
77 77 
80 77 
77 77 
66 66 
77 77 
69 80 
66 63 
205 178 
63 66 
205 178 
77 74 
205 178 
77 77 
63 77 
80 86 
205 77 
63 66 
77 74 
74 77 
74 77 
80 74 
63 66 
214 184 
77 77 
205 167 
77 77 
77 80 
66 66 
77 80 
66 63 
66 66 
72 72 
66 63 
389 74 
77 77 
205 175 
74 77 
660 178 
80 77 
202 170 
83 83 
74 77 
208 77 
77 77 
77 77 
77 77 
77 77 
66 66 
211 184 
77 77 
205 175 
77 77 
208 164 
63 66 
1052 639 
66 66 
77 77 
211 184 
66 66 
77 77 
77 77 
77 80 
74 77 
66 66 
80 80 
83 83 
80 77 
208 167 
66 66 
205 178 
77 77 
208 178 
77 74 
202 167 
80 80 
74 77 
205 74 
74 77 
205 77 
63 66 
205 178 
63 69 
205 175 
80 83 
437 365 
77 77 
66 66 
66 66 
77 77 
63 66 
77 77 
72 72 
66 66 
208 80 
66 63 
77 80 
77 77 
66 69 
77 77 
205 167 
83 83 
208 167 
66 66 
205 178 
80 80 
205 178 
80 77 
205 66 
77 77 
83 83 
208 66 
77 77 
202 66 
77 77 
428 256 
66 66 
205 178 
83 86 
205 178 
77 80 
208 196 
77 83 
66 63 
77 77 
77 74 
77 77 
83 72 
205 74 
66 66 
900 181 
66 66 
265 164 
74 77 
194 164 
77 77 
72 83 
74 80 
77 77 
74 77 
77 77 
80 77 
66 69 
80 80 
83 72 
205 178 
77 77 
205 167 
77 80 
205 181 
77 77 
841 178 
80 77 
214 187 
77 77 
66 66 
205 77 
77 77 
80 77 
77 77 
66 66 
77 77 
211 184 
77 77 
324 178 
77 77 
202 175 
77 77 
66 69 
77 77 
72 72 
205 77 
74 77 
205 77 
66 66 
205 167 
77 77 
205 178 
66 69 
214 170 
80 77 
66 66 
80 80 
77 77 
77 80 
77 77 
66 66 
77 80 
211 181 
77 77 
208 178 
74 77 
202 74 
80 74 
66 66 
77 77 
72 72 
208 74 
77 80 
205 77 
66 66 
77 77 
66 66 
208 178 
77 77 
214 184 
77 77 
205 178 
77 77 
208 170 
66 66 
77 77 
66 66 
83 86 
237 80 
77 77 
208 77 
80 77 
208 178 
80 77 
205 178 
77 77 
208 173 
74 80 
77 77 
205 77 
77 77 
77 77 
77 74 
208 178 
66 66 
211 184 
74 77 
202 178 
77 77 
77 77 
74 77 
77 77 
66 66 
80 83 
205 66 
66 66 
208 77 
66 66 
63 66 
77 77 
208 178 
74 77 
211 187 
66 66 
208 178 
66 69 
205 178 
77 77 
205 178 
77 77 
66 66 
86 83 
77 77 
205 77 
77 77 
208 69 
77 80 
77 77 
66 66 
214 184 
77 77 
205 175 
77 77 
205 167 
66 77 
208 167 
66 66 
208 178 
83 72 
205 178 
77 77 
66 69 
77 77 
77 77 
77 74 
77 77 
66 66 
83 80 
202 167 
63 63 
205 178 
77 77 
208 175 
77 80 
66 66 
83 83 
77 77 
205 77 
77 77 
77 77 
80 83 
205 164 
63 63 
205 175 
83 83 
499 455 
77 77 
205 167 
80 77 
208 181 
77 77 
74 80 
66 66 
80 83 
205 69 
69 69 
77 77 
77 80 
271 167 
77 77 
208 175 
83 80 
695 178 
77 77 
205 175 
66 66 
63 66 
74 77 
77 77 
74 77 
83 83 
814 74 
77 77 
66 66 
66 66 
77 77 
77 77 
208 178 
63 66 
211 184 
77 77 
205 181 
77 74 
505 312 
77 74 
205 167 
66 63 
83 83 
66 63 
63 69 
205 77 
66 66 
63 66 
74 77 
205 175 
74 77 
208 181 
63 66 
526 567 
66 66 
205 175 
77 77 
63 66 
74 77 
72 69 
241 178 
77 77 
63 66 
77 77 
202 164 
74 77 
205 178 
66 66 
83 86 
205 69 
66 66 
205 77 
66 66 
74 77 
77 77 
205 606 
77 77 
214 184 
77 80 
205 178 
66 69 
77 77 
77 77 
66 69 
77 77 
83 80 
205 77 
77 77 
1147 77 
77 80 
211 181 
77 77 
205 178 
63 77 
211 181 
74 77 
205 178 
77 77 
208 178 
77 77 
77 77 
63 66 
205 77 
69 72 
77 77 
208 74 
74 77 
208 77 
77 77 
69 66 
78 89 
223 80 
83 891 
196 562 
83 83 
238 167 
77 77 
184 178 
80 77 
89 89 
214 83 
80 77 
205 77 
74 77 
66 77 
74 77 
205 178 
66 77 
205 175 
72 72 
77 80 
511 74 
66 66 
80 83 
77 74 
66 66 
77 77 
83 83 
66 66 
208 178 
66 63 
208 178 
77 74 
208 178 
77 77 
66 74 
83 75 
214 89 
80 83 
83 83 
66 66 
66 69 
448 77 
63 69 
77 77 
83 83 
66 63 
77 77 
66 63 
77 80 
74 77 
66 66 
205 77 
83 83 
205 77 
77 77 
205 178 
80 77 
386 410 
63 69 
205 178 
80 77 
83 83 
77 77 
77 77 
208 77 
77 77 
77 83 
77 74 
208 77 
74 77 
838 184 
63 66 
205 178 
63 66 
205 175 
74 77 
205 175 
74 77 
211 184 
80 74 
74 77 
208 77 
77 77 
74 77 
77 77 
74 77 
66 69 
80 86 
77 74 
205 77 
77 77 
805 178 
66 66 
205 178 
66 66 
214 184 
66 66 
205 178 
77 77 
208 77 
80 77 
80 77 
205 77 
77 77 
235 86 
77 77 
205 77 
66 63 
205 77 
77 77 
205 175 
74 80 
728 178 
83 83 
202 167 
66 63 
208 178 
77 77 
205 175 
77 77 
208 167 
83 83 
74 77 
205 77 
77 74 
199 74 
80 74 
205 66 
77 77 
77 77 
72 83 
205 77 
80 77 
657 77 
77 77 
202 167 
77 77 
208 181 
66 66 
214 176 
77 74 
202 175 
77 77 
63 66 
205 74 
77 77 
66 63 
80 83 
205 66 
66 66 
205 77 
66 66 
205 178 
77 77 
606 175 
77 77 
211 184 
66 66 
208 178 
66 66 
77 77 
66 66 
77 80 
77 77 
66 66 
214 72 
77 77 
202 77 
77 77 
69 66 
66 63 
208 178 
63 66 
211 184 
74 77 
553 178 
77 77 
179 636 
77 77 
77 74 
63 69 
77 74 
211 80 
66 66 
208 77 
66 66 
77 77 
74 77 
80 77 
77 77 
83 83 
80 86 
202 164 
74 66 
621 359 
69 66 
508 181 
77 77 
66 66 
83 83 
66 66 
208 77 
74 77 
205 77 
66 66 
74 74 
74 77 
208 178 
83 80 
205 175 
74 77 
205 175 
77 77 
202 170 
66 63 
77 77 
83 86 
77 80 
208 77 
77 74 
205 77 
66 66 
66 69 
77 80 
205 77 
83 80 
208 170 
66 66 
208 178 
80 77 
205 178 
80 77 
205 178 
77 77 
80 80 
202 74 
77 77 
208 77 
74 77 
77 77 
63 66 
208 178 
83 83 
202 175 
77 74 
205 178 
77 77 
234 315 
77 74 
205 167 
66 63 
83 83 
66 66 
63 66 
74 77 
66 66 
77 77 
74 77 
66 66 
77 77 
208 184 
74 77 
205 167 
66 66 
205 178 
77 77 
74 77 
77 74 
72 83 
77 74 
77 77 
66 66 
77 80 
77 77 
77 80 
77 77 
66 69 
211 187 
77 77 
208 178 
77 77 
191 167 
77 80 
74 77 
66 66 
80 80 
80 83 
74 77 
704 178 
66 66 
829 175 
74 77 
63 66 
77 77 
86 83 
208 77 
77 74 
205 77 
77 77 
69 66 
63 66 
77 80 
66 63 
208 173 
77 77 
205 178 
77 77 
208 178 
66 66 
77 77 
205 74 
77 77 
211 83 
77 80 
205 69 
66 69 
77 77 
77 80 
205 178 
77 77 
211 83 
77 77 
77 80 
63 66 
77 77 
191 66 
77 77 
77 77 
66 66 
83 83 
77 80 
205 74 
74 77 
205 167 
77 77 
205 178 
77 77 
205 77 
72 83 
167 77 
77 77 
220 83 
220 89 
75 86 
853 89 
89 190 
190 86 
86 95 
401 86 
193 78 
81 92 
199 81 
83 89 
187 95 
72 83 
179 83 
92 89 
193 101 
1040 89 
89 86 
312 264 
306 72 
193 78 
84 89 
190 83 
86 66 
190 95 
86 86 
214 77 
98 92 
656 89 
217 190 
92 92 
220 187 
755 196 
190 243 
214 217 
208 86 
211 92 
80 95 
826 187 
75 92 
205 95 
83 80 
1162 1171 
574 89 
95 89 
217 86 
83 75 
193 86 
95 89 
220 86 
121 909 
1860 110 
1462 86 
130 98 
176 122 
145 89 
196 86 
86 89 
220 89 
86 86 
214 89 
728 196 
89 89 
1090 89 
86 86 
211 179 
291 241 
214 179 
214 234 
737 65 
196 33 
27 30 
190 27 
220 187 
41 30 
264 38 
30 30 
238 30 
27 27 
190 41 
27 27 
30 35 
190 179 
30 38 
181 184 
27 27 
240 184 
1444 136 
0 0 
0 0 
0 0 
0 0 
0 0 
0 0 
0 0 
0 0 
0 0 
0 0 
0 0 
0 0 
0 0 
0 0 
30 27 
211 45 
222 187 
262 184 
208 190 
187 196 
190 190 
190 41 
187 173 
44 27 
190 30 
27 30 
187 41 
30 24 
217 38 
193 196 
217 170 
179 187 
220 173 
202 187 
193 225 
33 41 
220 41 
226 30 
30 30 
437 184 
45 56 
190 38 
187 187 
30 27 
214 30 
30 30 
190 41 
980 54 
190 27 
30 30 
184 38 
38 30 
30 30 
179 27 
30 38 
196 27 
30 30 
208 27 
30 30 
217 38 
33 30 
214 38 
27 41 
731 47 
0 0 
0 0 
0 0 
0 0 
173 193 
190 170 
30 27 
211 170 
651 51 
0 0 
0 0 
0 0 
0 0 
0 0 
187 41 
538 42 
190 176 
24 45 
318 30 
228 208 
41 41 
193 27 
27 27 
228 24 
27 30 
707 65 
30 41 
220 27 
27 30 
190 27 
38 24 
181 27 
30 38 
38 27 
176 24 
30 38 
179 30 
24 30 
187 38 
30 30 
179 27 
27 41 
190 30 
27 27 
30 38 
190 184 
30 30 
193 181 
30 30 
303 181 
33 38 
193 187 
30 30 
190 30 
38 30 
176 30 
41 27 
205 41 
33 38 
187 35 
193 30 
27 41 
176 184 
30 41 
173 568 
38 27 
185 205 
29 31 
193 41 
29 32 
217 29 
37 32 
211 29 
32 32 
202 27 
29 37 
219 29 
32 29 
216 26 
29 32 
214 29 
29 29 
208 32 
34 29 
214 29 
32 29 
217 34 
29 34 
29 29 
214 179 
26 29 
216 179 
32 32 
211 182 
34 32 
214 179 
34 32 
217 179 
32 29 
219 29 
34 29 
211 26 
29 29 
185 32 
29 32 
217 29 
29 32 
211 29 
29 32 
214 29 
32 32 
216 32 
34 35 
216 29 
29 37 
214 29 
32 31 
32 29 
214 182 
29 32 
214 188 
34 34 
208 182 
29 29 
211 182 
32 34 
214 29 
31 32 
214 29 
32 34 
222 29 
29 40 
208 31 
34 29 
214 29 
211 31 
32 32 
370 480 
35 32 
208 179 
29 32 
208 185 
29 29 
219 182 
35 32 
217 29 
29 32 
216 29 
32 34 
214 29 
32 29 
214 29 
214 34 
31 29 
32 37 
217 32 
216 182 
32 26 
211 184 
34 34 
219 179 
29 26 
234 174 
27 30 
216 179 
31 29 
211 182 
29 32 
214 32 
32 29 
211 29 
29 35 
214 52 
29 34 
214 29 
32 29 
217 32 
29 29 
222 29 
31 32 
217 29 
627 89 
205 77 
80 77 
80 77 
80 77 
205 170 
80 77 
558 170 
89 83 
205 178 
80 74 
80 74 
205 74 
69 66 
80 77 
80 77 
83 74 
86 83 
205 77 
80 74 
205 167 
72 63 
205 178 
75 69 
205 178 
80 77 
89 80 
80 77 
83 74 
80 74 
80 77 
83 77 
83 74 
205 178 
86 80 
205 178 
83 74 
202 181 
80 77 
205 170 
80 77 
83 74 
776 309 
0 0 
214 193 
223 814 
237 86 
78 86 
217 72 
187 92 
217 179 
690 235 
761 193 
321 75 
389 78 
92 89 
506 83 
190 95 
101 89 
176 89 
92 89 
633 92 
434 89 
190 226 
193 86 
95 829 
193 95 
92 86 
196 89 
95 618 
190 86 
286 428 
190 544 
190 392 
232 86 
226 78 
92 89 
381 89 
182 95 
95 86 
603 95 
184 190 
86 83 
196 86 
597 92 
0 0 
306 95 
294 92 
249 89 
276 86 
309 95 
277 98 
259 81 
247 92 
318 95 
371 95 
0 0 
0 0 
0 0 
0 0 
0 0 
0 0 
621 69 
214 89 
81 86 
211 92 
92 89 
324 89 
226 89 
188 95 
211 187 
211 173 
190 92 
211 190 
86 78 
184 731 
86 89 
211 86 
469 89 
208 66 
719 170 
86 72 
318 86 
558 288 
262 81 
279 89 
286 95 
303 92 
300 98 
318 98 
309 95 
300 87 
300 95 
309 89 
253 95 
92 86 
238 83 
98 92 
217 89 
95 95 
220 89 
92 92 
75 72 
95 98 
217 86 
190 86 
95 86 
193 83 
83 74 
205 74 
80 77 
205 77 
80 77 
211 80 
211 75 
89 89 
184 80 
95 89 
217 89 
81 92 
214 89 
211 83 
92 86 
211 80 
84 89 
214 86 
92 86 
475 89 
84 89 
220 89 
92 89 
217 89 
92 86 
217 86 
92 89 
214 86 
86 83 
217 86 
89 75 
214 81 
95 92 
223 89 
92 89 
380 78 
92 86 
187 83 
80 77 
205 181 
80 66 
83 77 
86 83 
80 77 
83 66 
80 74 
80 74 
69 66 
205 178 
80 74 
205 178 
86 69 
202 178 
80 77 
205 181 
69 66 
478 167 
83 63 
205 178 
78 83 
208 178 
83 77 
83 74 
208 74 
83 77 
208 63 
83 77 
208 66 
86 83 
208 77 
69 66 
72 63 
83 77 
72 66 
80 77 
205 170 
72 63 
404 83 
72 66 
80 66 
83 77 
72 63 
205 77 
72 66 
80 66 
89 83 
208 77 
83 77 
270 377 
69 77 
205 181 
83 66 
205 178 
80 74 
86 83 
80 74 
72 66 
69 66 
80 77 
72 66 
80 77 
80 77 
83 77 
214 83 
72 63 
205 77 
80 74 
205 178 
80 77 
205 167 
80 77 
214 69 
83 77 
80 80 
205 66 
80 74 
205 77 
89 83 
205 178 
80 77 
211 72 
83 77 
208 167 
69 66 
205 181 
72 66 
205 178 
83 77 
86 83 
80 77 
69 66 
205 77 
80 77 
69 63 
83 86 
86 69 
80 77 
86 83 
69 69 
205 77 
80 80 
205 181 
83 77 
208 167 
80 80 
80 77 
214 83 
80 77 
695 77 
83 77 
205 181 
69 63 
208 181 
80 69 
214 187 
80 80 
436 315 
83 77 
514 170 
72 63 
80 74 
69 66 
72 66 
86 80 
83 77 
205 77 
83 77 
205 178 
80 77 
259 1381 
80 80 
205 181 
86 86 
205 181 
83 66 
72 63 
205 77 
69 66 
83 77 
83 74 
86 83 
80 77 
205 66 
80 77 
205 184 
80 83 
205 178 
69 66 
372 170 
86 72 
80 66 
205 77 
80 74 
72 66 
80 77 
72 66 
80 77 
83 77 
86 83 
205 77 
83 77 
83 77 
83 77 
205 181 
80 77 
208 170 
89 83 
208 178 
80 66 
83 77 
208 80 
72 66 
80 77 
80 77 
83 77 
86 83 
208 178 
83 77 
208 170 
80 66 
606 333 
69 69 
83 77 
80 74 
86 83 
205 77 
80 74 
339 77 
80 77 
205 181 
83 77 
208 181 
89 83 
208 178 
69 69 
69 66 
83 77 
83 77 
205 77 
83 77 
83 77 
86 83 
205 74 
80 74 
80 74 
83 77 
205 181 
83 66 
205 181 
83 77 
86 80 
205 80 
80 66 
389 77 
80 77 
205 77 
80 77 
80 77 
89 83 
205 181 
83 66 
847 181 
80 74 
208 181 
80 77 
86 83 
208 77 
78 83 
205 77 
80 74 
832 74 
69 80 
208 181 
80 77 
363 324 
75 72 
69 66 
80 77 
69 66 
208 77 
83 74 
69 66 
80 77 
80 77 
86 80 
205 178 
80 74 
205 178 
80 77 
205 178 
83 74 
390 277 
80 77 
214 187 
83 74 
80 74 
83 69 
80 77 
83 80 
69 63 
80 80 
86 83 
205 77 
80 77 
998 77 
69 66 
208 77 
69 63 
83 77 
80 80 
86 83 
83 77 
208 167 
69 66 
205 181 
69 63 
214 181 
80 77 
205 178 
86 80 
205 77 
80 80 
83 77 
205 77 
80 77 
69 63 
80 80 
211 176 
83 77 
208 178 
69 66 
208 178 
80 77 
69 63 
208 77 
83 66 
89 83 
80 77 
205 77 
83 77 
208 77 
69 63 
579 167 
80 74 
208 178 
89 83 
205 181 
80 77 
205 170 
80 74 
205 181 
83 80 
83 77 
214 69 
69 66 
1245 77 
69 66 
205 77 
83 77 
72 66 
80 77 
80 77 
89 83 
205 181 
69 69 
205 181 
80 77 
205 66 
80 77 
205 170 
83 77 
89 72 
208 74 
80 77 
208 66 
69 80 
208 77 
72 66 
69 66 
89 83 
208 74 
80 74 
208 170 
83 77 
205 181 
72 63 
205 178 
80 74 
211 187 
80 77 
205 170 
80 77 
208 184 
69 63 
208 181 
86 83 
81 89 
80 74 
69 66 
205 77 
80 77 
205 77 
80 74 
69 66 
80 77 
89 72 
80 66 
392 574 
80 77 
205 178 
80 77 
205 77 
80 77 
83 77 
86 83 
80 80 
309 83 
92 77 
208 184 
72 63 
205 178 
69 63 
214 83 
83 80 
205 181 
80 77 
205 170 
80 66 
80 77 
69 63 
83 77 
214 72 
83 77 
208 80 
80 66 
205 77 
83 77 
835 181 
80 74 
208 170 
86 83 
205 181 
80 77 
80 74 
83 77 
69 66 
83 77 
72 63 
89 83 
80 77 
404 395 
83 77 
701 365 
69 80 
220 336 
69 66 
83 77 
86 80 
72 66 
83 77 
83 66 
83 77 
80 77 
69 69 
80 77 
208 170 
86 83 
205 181 
83 66 
205 181 
80 77 
83 77 
83 77 
83 77 
89 86 
80 74 
194 167 
80 80 
205 170 
80 74 
205 181 
80 66 
205 178 
86 80 
83 77 
205 80 
80 74 
83 77 
83 77 
72 66 
80 80 
80 77 
86 83 
205 181 
80 77 
205 178 
80 74 
208 178 
80 77 
208 170 
89 80 
83 77 
69 69 
83 77 
83 77 
83 77 
651 66 
69 63 
205 178 
86 83 
205 181 
83 77 
208 170 
83 77 
208 77 
72 63 
80 74 
83 77 
89 83 
258 66 
69 66 
80 77 
80 74 
205 77 
80 77 
208 176 
86 83 
205 181 
69 66 
208 181 
80 77 
80 74 
83 77 
69 66 
80 77 
78 72 
205 77 
80 77 
80 77 
83 77 
80 77 
69 69 
80 77 
75 72 
208 181 
80 77 
205 181 
80 74 
208 178 
69 66 
205 181 
69 63 
86 83 
205 77 
69 66 
208 77 
83 77 
205 77 
80 77 
205 181 
83 77 
211 176 
72 66 
205 181 
83 77 
83 77 
80 77 
69 66 
205 77 
89 83 
205 77 
80 77 
205 170 
80 77 
205 170 
80 66 
205 181 
83 77 
214 187 
80 77 
69 69 
208 77 
80 74 
83 74 
80 77 
83 66 
80 77 
86 72 
69 66 
205 178 
80 74 
205 178 
80 77 
205 184 
80 77 
89 83 
83 83 
83 77 
205 66 
80 77 
205 74 
69 63 
205 178 
69 66 
211 187 
80 77 
208 167 
80 74 
80 77 
83 74 
80 77 
69 66 
83 74 
86 83 
69 63 
211 77 
80 66 
205 178 
80 77 
205 167 
80 77 
222 72 
80 77 
205 178 
69 63 
205 181 
80 74 
205 170 
80 77 
80 63 
86 80 
83 74 
69 63 
80 74 
751 63 
83 74 
205 74 
80 74 
205 181 
86 83 
167 898 
83 74 
208 167 
69 66 
205 178 
69 66 
80 77 
86 83 
83 74 
205 74 
80 74 
205 181 
80 80 
205 178 
80 77 
627 184 
89 80 
80 74 
208 66 
80 77 
80 77 
83 74 
80 77 
80 63 
83 74 
89 83 
205 170 
83 77 
208 167 
69 66 
208 181 
69 66 
389 181 
86 80 
80 74 
80 77 
69 66 
205 77 
80 77 
72 63 
80 77 
72 66 
89 83 
205 178 
69 66 
737 971 
80 74 
208 181 
80 77 
69 66 
86 83 
83 74 
205 77 
80 77 
205 63 
80 77 
208 69 
69 66 
205 181 
89 86 
205 178 
83 77 
568 371 
80 74 
208 178 
72 66 
205 181 
86 83 
89 83 
208 74 
69 66 
205 77 
80 77 
69 66 
80 74 
265 341 
86 83 
208 170 
83 77 
208 181 
80 77 
80 77 
208 74 
86 83 
86 74 
86 69 
80 74 
80 77 
69 63 
83 74 
80 77 
69 63 
205 178 
80 77 
211 83 
83 77 
211 83 
104 89 
315 83 
80 86 
205 77 
72 66 
211 83 
75 80 
205 181 
80 74 
208 170 
80 77 
80 77 
72 63 
80 77 
211 83 
80 77 
83 77 
69 63 
205 77 
80 77 
69 66 
80 77 
194 170 
86 83 
205 170 
69 66 
80 77 
80 77 
83 74 
80 77 
80 66 
853 83 
80 77 
95 98 
89 83 
208 170 
80 77 
205 178 
69 63 
83 74 
86 83 
80 74 
83 77 
80 66 
80 77 
80 74 
83 77 
86 72 
205 170 
86 80 
205 181 
69 66 
799 167 
80 77 
205 181 
80 77 
80 77 
86 80 
80 74 
69 66 
83 77 
83 77 
83 77 
205 77 
69 66 
211 179 
75 72 
205 181 
80 77 
205 181 
83 77 
80 80 
80 77 
80 77 
83 66 
86 72 
205 181 
83 83 
205 178 
80 77 
208 178 
83 77 
80 66 
211 83 
80 77 
83 77 
80 77 
83 77 
83 77 
205 178 
69 66 
205 178 
75 83 
205 181 
80 80 
205 170 
80 77 
80 83 
89 83 
80 77 
214 83 
83 74 
781 413 
72 66 
205 178 
80 77 
205 181 
83 77 
205 181 
86 83 
80 80 
205 77 
83 77 
205 66 
72 63 
83 74 
83 66 
205 178 
78 72 
205 181 
83 77 
208 167 
83 74 
205 181 
80 66 
205 181 
86 83 
205 181 
83 77 
69 63 
205 77 
83 74 
208 77 
83 77 
986 178 
86 83 
567 170 
80 63 
83 77 
72 66 
72 66 
83 74 
83 66 
83 74 
89 72 
583 63 
80 80 
205 170 
80 77 
205 178 
83 66 
83 77 
75 72 
72 63 
208 77 
69 66 
229 77 
80 77 
247 517 
80 77 
208 167 
89 83 
214 1004 
72 63 
80 77 
80 74 
80 77 
80 77 
69 66 
80 77 
89 72 
205 74 
80 77 
202 66 
80 66 
205 178 
69 66 
205 184 
78 69 
205 178 
80 80 
205 181 
80 77 
205 170 
80 77 
205 178 
72 66 
86 83 
208 77 
69 66 
205 77 
69 66 
205 77 
80 80 
205 181 
80 77 
214 190 
69 69 
80 77 
366 74 
80 77 
80 77 
69 63 
80 77 
78 69 
205 74 
80 77 
823 66 
80 80 
205 170 
69 63 
205 181 
69 66 
211 187 
83 74 
205 178 
83 77 
202 170 
69 66 
205 178 
69 66 
205 77 
75 86 
72 66 
205 77 
72 66 
208 77 
80 77 
72 63 
83 77 
211 83 
83 74 
205 173 
69 66 
205 181 
83 74 
83 77 
80 77 
72 66 
89 80 
80 77 
241 74 
83 77 
69 66 
80 77 
80 77 
69 66 
211 187 
80 74 
285 170 
83 77 
202 170 
69 66 
208 178 
69 66 
80 77 
86 72 
205 77 
83 74 
72 63 
205 74 
83 74 
193 66 
80 80 
205 181 
86 83 
208 178 
86 86 
211 83 
83 66 
663 181 
80 77 
208 74 
86 80 
83 77 
205 77 
80 77 
69 63 
83 77 
208 181 
83 77 
205 181 
86 72 
208 178 
80 77 
205 181 
83 77 
1910 297 
80 74 
205 181 
72 63 
86 69 
80 74 
72 63 
205 77 
83 74 
205 77 
83 74 
69 66 
86 83 
208 167 
89 92 
214 170 
72 63 
205 178 
83 77 
205 178 
89 72 
89 83 
205 74 
80 77 
69 66 
83 77 
83 74 
83 77 
83 80 
72 66 
86 83 
80 77 
205 77 
80 77 
208 170 
69 66 
205 181 
69 66 
885 511 
83 77 
83 77 
80 74 
69 66 
83 77 
83 77 
205 77 
83 77 
75 83 
83 74 
205 77 
72 66 
205 181 
83 77 
205 181 
80 80 
205 170 
89 80 
208 170 
69 63 
83 77 
83 66 
80 74 
83 74 
72 66 
184 83 
83 77 
205 77 
80 80 
202 170 
80 80 
205 181 
83 77 
205 178 
86 80 
80 77 
80 77 
69 66 
205 77 
80 74 
72 63 
80 77 
69 66 
86 83 
205 66 
69 63 
205 74 
80 77 
205 181 
80 77 
205 211 
86 83 
208 167 
80 77 
205 178 
69 66 
208 77 
83 74 
208 77 
83 77 
78 69 
205 77 
80 74 
205 74 
80 77 
205 170 
83 77 
205 178 
75 72 
205 181 
83 77 
80 77 
205 72 
69 66 
205 77 
80 77 
69 66 
89 83 
760 77 
69 80 
208 181 
69 69 
205 178 
80 77 
205 181 
80 77 
250 83 
83 77 
83 77 
72 66 
80 77 
83 77 
83 77 
83 80 
75 86 
205 77 
83 77 
205 77 
83 77 
859 181 
69 66 
205 181 
72 63 
211 187 
83 74 
83 77 
205 77 
83 77 
83 74 
80 80 
205 77 
89 83 
211 83 
80 77 
205 66 
72 63 
205 181 
83 77 
205 181 
80 77 
612 83 
80 80 
205 181 
83 77 
80 77 
83 77 
83 77 
83 77 
72 66 
211 83 
80 74 
208 178 
86 72 
205 187 
80 77 
205 178 
69 63 
80 74 
86 83 
80 77 
80 74 
69 63 
202 77 
80 74 
83 74 
80 77 
86 69 
80 77 
205 178 
80 77 
205 178 
69 63 
72 63 
80 77 
69 63 
86 80 
80 77 
208 181 
80 77 
208 170 
80 77 
205 178 
80 77 
80 77 
222 72 
72 63 
365 66 
72 66 
80 77 
80 66 
80 77 
83 74 
225 187 
80 77 
205 178 
69 63 
205 178 
80 74 
202 178 
80 74 
69 66 
86 80 
80 66 
434 77 
83 74 
69 66 
80 77 
205 170 
72 63 
184 187 
69 63 
903 170 
80 74 
202 170 
80 77 
83 74 
208 77 
80 77 
211 83 
80 74 
205 167 
69 66 
205 178 
69 66 
404 170 
80 77 
164 170 
86 83 
80 77 
205 74 
86 80 
205 77 
69 66 
208 178 
69 66 
214 83 
69 66 
205 181 
83 74 
72 63 
642 74 
80 80 
205 77 
83 77 
89 80 
83 77 
567 66 
80 63 
83 77 
69 66 
205 178 
83 77 
208 167 
89 83 
205 170 
69 66 
205 181 
69 66 
69 66 
83 74 
80 66 
78 69 
72 66 
208 77 
83 77 
69 69 
80 77 
80 80 
72 66 
205 178 
75 72 
205 178 
83 80 
208 181 
80 77 
205 167 
83 74 
205 181 
69 74 
211 187 
80 77 
69 66 
83 77 
69 66 
83 77 
80 77 
205 77 
86 83 
205 66 
83 66 
208 74 
69 66 
208 178 
80 77 
205 178 
83 77 
89 80 
208 77 
83 77 
208 77 
83 77 
205 167 
69 66 
208 178 
69 66 
211 187 
80 77 
72 66 
80 77 
69 66 
205 74 
80 77 
205 181 
86 83 
205 167 
83 77 
615 178 
69 74 
205 77 
83 74 
83 66 
83 74 
86 83 
205 77 
83 77 
205 181 
83 77 
208 170 
83 77 
208 178 
69 69 
89 83 
83 74 
83 66 
208 74 
83 77 
83 74 
80 77 
205 170 
89 83 
202 170 
69 63 
205 178 
72 63 
205 178 
80 77 
83 74 
80 77 
89 83 
80 77 
80 77 
72 63 
83 77 
208 66 
83 77 
83 74 
89 80 
556 181 
80 77 
205 77 
80 77 
83 77 
80 77 
208 181 
83 77 
211 83 
83 74 
205 181 
83 77 
69 66 
80 80 
83 74 
69 66 
80 77 
75 72 
83 77 
205 77 
72 66 
83 77 
83 77 
205 181 
80 77 
214 83 
83 77 
205 170 
80 77 
83 77 
69 66 
83 74 
205 77 
80 66 
211 83 
72 66 
205 181 
83 77 
205 181 
80 77 
205 170 
83 77 
80 77 
75 86 
69 66 
190 77 
80 66 
205 77 
80 77 
205 181 
80 77 
823 187 
80 77 
205 170 
69 63 
80 77 
208 66 
80 77 
83 74 
83 77 
86 83 
83 77 
205 77 
83 77 
72 63 
80 77 
205 178 
83 66 
205 178 
78 83 
211 72 
80 74 
755 178 
80 77 
83 74 
80 77 
208 77 
86 80 
205 77 
80 77 
208 77 
80 77 
83 77 
83 74 
78 72 
241 74 
86 83 
208 66 
80 77 
205 178 
69 63 
205 181 
83 74 
710 170 
80 77 
75 72 
205 74 
83 77 
69 63 
80 77 
80 74 
80 74 
205 178 
75 69 
205 178 
83 77 
363 170 
80 74 
69 66 
205 77 
80 77 
69 66 
86 80 
205 66 
69 63 
80 77 
69 66 
205 178 
80 77 
205 178 
80 77 
211 187 
80 74 
80 77 
205 74 
80 77 
205 66 
80 74 
80 77 
86 69 
205 74 
80 74 
205 178 
83 74 
205 164 
80 74 
205 178 
80 63 
211 83 
83 74 
205 178 
83 74 
208 181 
80 77 
208 66 
69 63 
89 80 
202 77 
80 77 
208 63 
69 63 
205 77 
83 74 
80 63 
83 77 
211 184 
80 77 
205 167 
83 74 
80 77 
69 77 
83 74 
205 66 
72 66 
75 69 
69 66 
208 77 
80 77 
69 66 
83 77 
80 77 
83 77 
86 83 
80 77 
205 181 
83 74 
205 164 
80 77 
194 170 
80 63 
83 74 
75 72 
80 74 
194 66 
80 77 
208 74 
69 77 
205 181 
83 74 
600 339 
89 80 
205 167 
80 77 
208 181 
72 63 
205 178 
80 74 
83 74 
86 80 
69 66 
208 77 
80 77 
170 63 
83 74 
69 66 
72 63 
80 77 
89 83 
205 181 
83 74 
208 181 
80 77 
205 170 
69 63 
205 167 
69 66 
211 184 
69 66 
80 63 
362 66 
72 66 
80 74 
80 74 
80 77 
89 80 
205 77 
80 74 
805 74 
69 63 
205 178 
80 77 
205 181 
80 74 
214 184 
80 77 
80 74 
205 77 
80 74 
69 66 
80 80 
297 74 
72 63 
211 184 
80 77 
202 181 
80 77 
208 164 
80 74 
766 170 
69 63 
211 86 
69 66 
205 178 
80 77 
205 181 
80 77 
208 66 
69 66 
83 74 
86 83 
83 74 
83 77 
80 77 
80 80 
83 77 
205 77 
83 77 
208 181 
86 83 
692 178 
69 66 
208 178 
69 66 
205 77 
80 77 
80 80 
89 80 
80 80 
205 80 
80 74 
202 66 
83 77 
217 170 
80 77 
205 178 
86 83 
205 178 
80 80 
591 642 
83 77 
80 77 
83 77 
80 77 
92 95 
80 77 
205 66 
83 66 
398 74 
69 69 
80 77 
80 80 
205 181 
86 83 
202 170 
69 66 
208 167 
69 66 
208 178 
80 77 
205 181 
83 77 
538 187 
83 77 
83 74 
205 74 
80 77 
69 66 
80 77 
83 74 
75 83 
205 178 
80 77 
205 178 
80 77 
205 181 
80 77 
205 170 
80 77 
211 80 
72 66 
83 74 
246 66 
69 66 
83 77 
80 74 
83 74 
80 77 
214 184 
83 77 
508 262 
72 66 
205 181 
72 66 
83 74 
83 77 
75 83 
205 74 
72 66 
208 77 
83 77 
473 77 
80 74 
205 181 
80 77 
214 83 
80 77 
208 77 
83 77 
72 63 
83 77 
69 66 
80 77 
83 77 
214 80 
83 77 
205 178 
83 66 
208 178 
80 80 
205 181 
83 77 
75 72 
80 77 
80 77 
72 63 
83 74 
208 66 
80 77 
205 66 
69 63 
89 80 
69 69 
844 178 
83 74 
205 167 
80 77 
83 74 
83 74 
80 80 
211 83 
80 77 
205 66 
69 66 
205 181 
69 66 
345 181 
83 77 
211 184 
80 77 
205 167 
80 77 
80 77 
208 77 
83 77 
83 77 
69 66 
89 83 
86 80 
205 77 
80 77 
208 167 
80 77 
205 170 
69 63 
205 178 
86 83 
267 170 
80 77 
83 77 
80 77 
69 66 
83 77 
80 77 
86 80 
80 77 
194 170 
80 63 
205 178 
69 66 
205 181 
80 77 
205 181 
86 83 
205 181 
80 77 
205 181 
80 77 
80 74 
205 66 
80 77 
211 72 
69 66 
205 178 
80 77 
205 181 
80 74 
205 181 
80 77 
205 181 
86 80 
208 178 
69 74 
83 74 
80 77 
69 66 
80 77 
80 77 
80 63 
89 83 
202 66 
80 74 
80 77 
69 63 
80 77 
80 74 
83 74 
86 80 
205 77 
80 77 
205 181 
80 77 
208 178 
69 77 
205 178 
83 74 
211 184 
80 77 
202 170 
69 63 
80 74 
69 63 
86 83 
83 77 
80 77 
89 83 
72 63 
205 178 
83 77 
205 181 
80 74 
205 167 
80 77 
86 80 
69 66 
80 77 
205 66 
80 77 
205 74 
69 66 
205 178 
80 77 
211 83 
80 77 
205 170 
80 77 
205 181 
69 66 
80 74 
80 77 
80 63 
86 83 
69 66 
80 74 
80 77 
69 63 
86 83 
205 83 
80 77 
86 83 
69 66 
205 288 
83 74 
205 181 
80 77 
205 164 
80 74 
80 74 
86 80 
80 77 
436 66 
83 74 
205 74 
69 63 
205 181 
83 74 
205 181 
89 80 
874 178 
80 77 
80 80 
205 77 
80 74 
83 77 
80 63 
211 80 
80 77 
1628 77 
80 77 
69 63 
83 74 
363 178 
83 74 
205 178 
86 80 
205 178 
69 66 
69 63 
208 77 
72 63 
80 77 
83 77 
69 66 
86 83 
194 170 
83 66 
208 178 
72 66 
205 178 
80 77 
72 63 
89 83 
69 66 
205 77 
83 77 
83 74 
80 77 
69 66 
83 66 
80 77 
89 83 
205 178 
69 66 
205 181 
83 74 
208 167 
83 74 
80 77 
86 83 
80 77 
194 66 
83 77 
645 66 
72 66 
205 178 
69 66 
205 178 
86 83 
205 181 
80 80 
83 74 
83 66 
83 74 
83 66 
80 77 
205 74 
86 80 
208 74 
80 77 
205 77 
83 77 
72 66 
80 77 
205 181 
89 80 
205 181 
72 66 
205 178 
80 77 
69 66 
80 77 
80 74 
80 77 
89 83 
208 77 
83 77 
83 77 
83 74 
80 77 
69 66 
208 178 
80 77 
211 184 
83 77 
202 170 
69 63 
205 181 
69 66 
205 181 
83 74 
211 187 
83 77 
205 77 
80 77 
205 77 
72 66 
205 77 
69 66 
72 66 
78 69 
72 63 
205 74 
80 77 
205 77 
80 80 
205 170 
83 74 
205 181 
86 83 
205 178 
80 77 
208 181 
80 77 
205 181 
80 77 
205 181 
86 83 
80 74 
205 66 
83 77 
205 77 
72 66 
903 178 
80 74 
205 181 
89 72 
170 748 
80 80 
208 170 
69 66 
80 77 
83 77 
83 74 
208 74 
89 83 
466 170 
69 66 
205 181 
83 77 
205 181 
80 77 
205 170 
75 80 
318 829 
69 77 
83 77 
80 77 
69 66 
83 77 
83 74 
83 74 
86 83 
205 77 
80 77 
208 66 
83 77 
419 77 
69 69 
208 178 
89 83 
208 181 
80 77 
205 167 
83 77 
888 66 
69 66 
83 74 
80 77 
89 80 
208 74 
72 63 
915 178 
83 80 
208 181 
80 77 
208 167 
69 66 
344 187 
72 66 
205 181 
83 74 
69 66 
823 77 
80 77 
83 77 
92 72 
211 81 
80 74 
205 66 
80 77 
80 77 
69 66 
205 181 
83 74 
214 72 
80 77 
194 170 
80 66 
300 178 
69 69 
205 178 
69 66 
69 63 
86 72 
69 66 
874 66 
80 74 
86 80 
80 80 
72 66 
83 77 
211 72 
69 66 
205 178 
83 77 
205 178 
80 77 
205 181 
80 77 
240 170 
86 83 
205 178 
83 66 
205 77 
83 74 
205 66 
83 77 
69 66 
205 77 
89 83 
211 77 
80 77 
205 77 
80 77 
205 178 
69 66 
205 181 
86 83 
202 181 
83 74 
214 187 
69 63 
80 77 
630 77 
80 74 
80 77 
86 83 
205 74 
72 63 
205 178 
80 77 
208 178 
80 77 
205 167 
80 77 
75 72 
69 66 
80 77 
80 77 
69 63 
205 77 
72 63 
80 80 
86 83 
710 83 
80 77 
205 170 
69 63 
567 1287 
72 63 
205 178 
83 77 
89 80 
83 77 
83 77 
83 74 
80 77 
72 66 
83 77 
80 77 
83 77 
211 72 
72 66 
205 74 
80 77 
663 410 
83 74 
208 170 
80 66 
214 176 
83 77 
80 77 
80 77 
205 77 
83 74 
69 66 
83 77 
80 77 
211 83 
80 77 
205 66 
83 77 
83 77 
72 63 
83 77 
69 66 
86 80 
80 77 
208 170 
83 77 
205 170 
69 63 
205 181 
69 66 
83 66 
538 72 
83 77 
205 77 
80 77 
909 66 
80 80 
205 181 
80 77 
205 170 
86 83 
205 178 
83 77 
83 74 
83 77 
72 66 
83 77 
83 74 
389 83 
80 77 
205 77 
80 80 
80 77 
83 74 
205 178 
69 69 
865 178 
86 83 
205 181 
80 77 
83 77 
205 74 
101 83 
179 75 
86 83 
211 86 
89 80 
954 170 
83 77 
190 89 
89 83 
205 181 
83 77 
80 74 
89 83 
80 77 
80 77 
80 74 
80 77 
69 66 
80 77 
80 66 
202 178 
89 83 
205 181 
83 77 
208 167 
83 74 
205 77 
69 66 
80 80 
208 66 
89 83 
211 83 
69 66 
205 77 
80 74 
202 181 
80 77 
205 170 
86 83 
205 178 
69 66 
80 74 
83 74 
205 77 
83 77 
72 63 
431 74 
78 72 
211 83 
83 77 
205 77 
83 77 
208 77 
69 63 
208 181 
83 77 
211 83 
75 92 
208 170 
80 77 
80 77 
205 77 
83 74 
205 66 
89 80 
205 77 
69 66 
205 178 
80 77 
205 178 
80 77 
202 167 
69 66 
392 184 
69 66 
202 178 
83 74 
80 77 
603 77 
69 66 
205 77 
80 77 
211 83 
80 74 
205 77 
69 66 
205 178 
69 66 
205 178 
83 74 
211 80 
83 74 
205 178 
80 77 
205 170 
80 77 
95 69 
187 83 
83 74 
514 83 
80 77 
205 77 
80 74 
202 74 
80 74 
208 170 
80 77 
211 72 
80 77 
205 181 
83 80 
205 178 
80 77 
83 72 
83 77 
80 74 
211 83 
83 77 
547 77 
83 77 
493 77 
83 77 
205 77 
72 66 
208 74 
86 75 
205 178 
83 77 
202 170 
80 77 
205 181 
69 66 
83 77 
211 83 
69 80 
205 77 
72 63 
205 178 
83 77 
297 181 
80 77 
448 181 
86 83 
83 77 
72 63 
80 77 
83 66 
72 63 
208 80 
69 66 
208 77 
86 83 
259 80 
80 74 
208 63 
83 77 
205 77 
72 63 
205 181 
86 80 
208 178 
80 77 
80 77 
80 77 
205 170 
69 66 
205 178 
83 77 
211 83 
83 77 
820 181 
80 77 
205 170 
69 66 
80 74 
208 63 
83 77 
225 72 
86 72 
205 80 
69 66 
208 77 
80 74 
80 66 
80 77 
211 80 
80 74 
205 74 
80 77 
205 178 
83 74 
770 178 
80 77 
187 80 
689 89 
262 86 
92 86 
214 89 
493 86 
220 92 
187 86 
472 101 
1958 80 
238 83 
636 86 
190 83 
92 89 
190 89 
172 83 
223 422 
188 83 
86 86 
190 796 
81 86 
190 187 
101 306 
193 86 
321 95 
190 86 
92 86 
89 83 
267 89 
181 83 
86 80 
244 92 
86 89 
855 83 
92 89 
936 86 
199 92 
187 83 
264 86 
95 89 
529 86 
95 89 
220 86 
98 324 
187 89 
98 89 
220 360 
217 89 
92 80 
247 92 
122 72 
419 86 
86 69 
490 202 
217 190 
211 89 
217 193 
654 86 
428 89 
300 95 
95 86 
318 86 
214 75 
86 84 
225 98 
728 92 
270 89 
256 92 
279 89 
1150 89 
297 101 
259 101 
285 89 
262 92 
253 92 
122 86 
128 220 
160 915 
107 86 
448 95 
95 83 
214 92 
89 80 
211 86 
86 89 
211 179 
92 89 
214 89 
327 78 
205 77 
205 181 
205 77 
193 84 
363 89 
1307 75 
291 92 
300 95 
262 95 
292 92 
303 92 
303 81 
300 89 
303 95 
297 92 
291 92 
226 92 
86 83 
184 187 
80 77 
69 63 
205 74 
80 63 
205 77 
86 83 
202 92 
92 98 
217 86 
75 83 
211 72 
211 184 
86 77 
205 178 
75 69 
202 178 
80 80 
205 170 
80 77 
205 167 
69 63 
205 178 
80 77 
791 72 
83 77 
205 77 
80 77 
80 74 
69 66 
80 80 
72 66 
89 69 
211 74 
69 66 
205 178 
80 66 
205 181 
80 77 
208 184 
83 77 
214 83 
80 74 
205 181 
69 63 
80 77 
814 77 
72 66 
205 80 
80 77 
211 80 
80 77 
202 77 
80 74 
205 178 
80 77 
205 178 
69 63 
214 83 
89 77 
205 181 
80 77 
273 918 
69 66 
83 77 
69 69 
83 77 
89 83 
80 77 
205 77 
69 66 
80 77 
80 77 
69 63 
80 77 
252 371 
86 83 
205 181 
69 66 
205 181 
83 77 
208 178 
83 77 
83 66 
211 83 
80 77 
205 77 
80 77 
701 77 
72 63 
83 77 
72 63 
83 74 
75 69 
205 74 
80 77 
202 170 
80 77 
205 178 
69 66 
205 178 
92 72 
80 77 
83 77 
72 66 
80 77 
80 77 
205 77 
80 77 
624 77 
89 83 
205 77 
72 63 
208 178 
69 66 
205 181 
83 72 
208 178 
83 74 
211 80 
80 77 
83 74 
194 66 
80 77 
80 77 
69 63 
80 77 
87 89 
205 77 
83 77 
574 77 
83 74 
80 63 
83 83 
208 170 
69 69 
214 83 
83 77 
80 66 
80 74 
80 66 
205 77 
83 77 
69 66 
83 77 
75 69 
83 77 
83 77 
72 66 
205 80 
80 77 
83 77 
80 74 
214 83 
80 80 
205 181 
69 66 
205 178 
80 77 
205 178 
80 77 
393 170 
86 83 
208 181 
72 66 
83 77 
205 66 
80 74 
80 77 
69 66 
83 77 
89 80 
164 63 
80 77 
226 74 
202 80 
89 80 
217 89 
101 92 
211 72 
86 83 
211 83 
89 89 
211 83 
211 80 
86 83 
211 83 
101 78 
223 92 
78 80 
211 80 
98 92 
214 69 
81 83 
211 83 
211 69 
75 83 
211 83 
86 72 
211 80 
89 69 
779 69 
89 80 
211 86 
214 92 
81 86 
211 86 
101 86 
217 78 
98 89 
228 86 
92 75 
223 89 
92 78 
86 83 
92 75 
211 86 
95 75 
214 75 
86 83 
211 69 
80 74 
80 77 
86 83 
80 74 
80 77 
69 66 
80 77 
205 181 
80 63 
826 178 
86 86 
205 181 
80 77 
208 178 
80 77 
205 167 
80 74 
80 77 
69 66 
86 83 
80 77 
69 66 
80 77 
80 77 
202 178 
83 74 
205 178 
86 80 
205 170 
69 66 
205 178 
69 63 
205 178 
83 77 
277 196 
83 77 
214 83 
80 77 
80 74 
69 66 
80 77 
83 74 
83 74 
80 77 
69 66 
86 80 
83 77 
69 66 
83 77 
208 170 
83 77 
208 178 
72 66 
627 80 
80 74 
205 178 
83 77 
205 178 
80 63 
205 74 
69 66 
80 77 
75 83 
83 74 
624 77 
69 66 
205 77 
80 74 
69 63 
80 77 
205 66 
89 83 
205 66 
83 77 
205 176 
69 66 
205 181 
80 77 
205 167 
86 86 
205 181 
80 74 
80 74 
69 66 
80 77 
83 77 
72 66 
83 77 
86 72 
205 77 
80 77 
208 74 
83 77 
208 181 
80 66 
205 181 
83 66 
211 190 
80 74 
205 170 
80 74 
83 77 
80 77 
83 74 
69 66 
86 83 
487 77 
80 74 
205 77 
72 63 
69 66 
80 77 
205 77 
80 74 
225 187 
80 80 
202 820 
69 66 
205 178 
80 77 
205 181 
80 77 
205 181 
89 83 
600 520 
69 66 
208 181 
69 66 
69 66 
83 77 
72 66 
89 83 
83 77 
205 77 
80 74 
883 77 
80 77 
80 77 
69 66 
205 181 
75 69 
205 178 
83 77 
208 178 
80 77 
205 173 
69 66 
205 181 
86 83 
80 66 
205 77 
83 77 
208 80 
80 77 
83 77 
80 77 
69 66 
89 83 
205 66 
83 77 
493 74 
83 66 
205 77 
80 77 
205 181 
80 77 
312 520 
69 66 
205 77 
72 66 
83 74 
80 77 
72 66 
80 77 
75 72 
205 77 
83 77 
758 77 
80 77 
202 66 
83 77 
80 77 
69 69 
211 187 
83 77 
208 178 
80 80 
208 167 
80 80 
671 541 
83 77 
83 77 
78 72 
83 74 
80 77 
205 77 
80 77 
196 80 
83 83 
208 72 
75 72 
80 74 
205 66 
72 63 
205 74 
80 74 
205 181 
80 77 
208 178 
86 83 
208 167 
83 74 
645 303 
69 66 
80 77 
80 74 
72 63 
80 77 
86 72 
651 77 
80 74 
72 63 
80 74 
80 77 
80 77 
205 74 
75 72 
205 178 
80 74 
395 1002 
80 77 
205 167 
83 74 
205 178 
80 63 
89 83 
205 74 
80 77 
205 74 
69 66 
80 77 
80 74 
69 63 
80 77 
78 83 
69 66 
205 178 
72 63 
205 178 
80 74 
208 181 
80 77 
211 187 
80 77 
208 181 
80 77 
205 178 
80 66 
69 63 
83 74 
208 66 
86 83 
80 77 
202 77 
83 77 
202 74 
80 77 
205 66 
69 66 
205 181 
75 72 
205 181 
80 74 
208 178 
80 74 
202 167 
69 66 
80 77 
75 72 
80 74 
208 77 
69 66 
469 63 
69 66 
80 63 
83 77 
205 77 
86 80 
205 167 
83 77 
205 178 
72 63 
205 181 
80 77 
205 178 
86 80 
208 167 
83 74 
208 181 
72 66 
83 74 
80 74 
69 63 
80 77 
75 69 
205 74 
83 74 
226 77 
80 77 
205 167 
69 63 
888 167 
72 66 
1165 72 
80 77 
205 181 
80 77 
69 63 
205 77 
83 74 
83 77 
86 80 
208 66 
80 77 
344 63 
69 66 
205 178 
80 74 
205 181 
80 77 
211 83 
80 80 
814 178 
72 63 
205 178 
69 66 
205 178 
80 77 
69 66 
86 83 
80 77 
80 77 
80 77 
194 66 
80 77 
80 66 
80 77 
86 83 
69 66 
208 178 
80 74 
205 170 
80 77 
766 167 
69 63 
205 178 
75 83 
205 181 
83 74 
205 74 
80 77 
80 77 
202 77 
83 74 
72 63 
86 83 
240 167 
83 74 
321 350 
69 63 
205 181 
83 72 
205 181 
86 83 
72 66 
205 77 
83 77 
69 66 
80 80 
184 77 
83 77 
342 550 
86 80 
208 181 
83 77 
262 476 
80 77 
375 341 
80 74 
205 178 
69 63 
89 83 
419 66 
72 69 
205 77 
69 63 
205 77 
80 77 
69 66 
89 80 
205 170 
83 77 
208 181 
72 66 
856 181 
80 66 
1052 582 
83 77 
351 187 
80 66 
80 77 
72 63 
80 74 
83 77 
83 77 
208 74 
72 66 
211 72 
80 69 
208 74 
83 77 
69 66 
83 77 
83 77 
80 66 
211 184 
69 66 
208 178 
83 77 
205 181 
83 77 
208 181 
80 74 
80 74 
78 72 
80 74 
83 77 
83 77 
80 77 
80 77 
205 77 
80 77 
89 83 
83 77 
80 77 
83 77 
1126 178 
69 63 
205 178 
80 80 
205 181 
86 80 
205 170 
80 77 
208 181 
69 66 
83 77 
83 77 
83 77 
83 77 
86 83 
72 66 
83 77 
72 66 
80 77 
194 170 
83 77 
205 181 
89 83 
208 178 
80 77 
205 178 
83 77 
208 167 
80 80 
80 77 
69 66 
86 83 
72 66 
83 77 
205 77 
72 63 
80 80 
83 77 
208 181 
86 69 
211 184 
80 77 
80 77 
205 66 
80 77 
205 66 
83 77 
80 80 
89 80 
83 77 
80 77 
80 74 
80 80 
205 181 
83 77 
181 77 
80 77 
225 83 
69 66 
205 178 
80 77 
69 66 
83 77 
80 77 
83 74 
80 77 
86 80 
83 74 
850 66 
69 66 
80 77 
80 63 
80 63 
80 77 
75 72 
80 74 
202 66 
72 63 
205 77 
69 66 
205 77 
80 77 
205 178 
86 83 
205 173 
80 77 
205 178 
69 66 
80 77 
80 77 
69 63 
80 74 
75 69 
205 77 
80 74 
205 77 
80 74 
72 66 
69 63 
205 77 
86 80 
208 77 
83 74 
208 181 
80 77 
719 357 
80 77 
205 170 
80 74 
211 184 
69 66 
69 66 
80 74 
205 66 
80 77 
205 63 
83 74 
205 74 
86 80 
83 74 
205 74 
69 63 
205 77 
69 66 
205 74 
80 77 
211 187 
83 74 
208 181 
80 77 
208 178 
69 66 
205 178 
83 74 
86 80 
211 176 
69 66 
205 74 
83 77 
205 77 
80 74 
80 63 
80 77 
214 332 
72 66 
208 178 
83 83 
208 178 
80 74 
69 66 
205 74 
83 74 
89 80 
80 74 
205 66 
83 80 
205 77 
69 69 
83 77 
80 77 
72 66 
86 83 
208 167 
69 66 
205 178 
69 66 
205 912 
80 74 
208 178 
89 80 
208 167 
89 80 
496 178 
80 63 
205 178 
80 66 
83 77 
205 74 
75 72 
205 77 
80 77 
83 74 
80 74 
208 66 
80 74 
205 178 
69 63 
211 83 
69 66 
205 181 
80 77 
208 167 
80 80 
80 77 
83 77 
86 83 
871 77 
83 77 
83 77 
80 77 
83 77 
83 66 
83 77 
83 77 
78 83 
80 77 
83 77 
83 80 
83 77 
83 80 
80 74 
80 77 
205 184 
86 83 
205 170 
83 77 
208 181 
72 66 
588 366 
80 69 
205 181 
86 83 
72 66 
80 77 
83 77 
72 63 
83 77 
83 77 
83 74 
80 80 
86 69 
205 178 
80 74 
205 178 
80 80 
208 170 
83 77 
205 181 
72 63 
214 83 
83 66 
205 181 
80 77 
69 63 
83 77 
83 66 
80 80 
89 80 
72 66 
69 66 
80 74 
69 66 
205 77 
80 77 
205 181 
80 77 
211 184 
80 77 
315 591 
69 66 
83 77 
83 80 
205 77 
80 77 
72 66 
211 83 
83 77 
208 77 
80 77 
208 66 
80 80 
205 77 
69 80 
89 83 
83 66 
205 77 
80 74 
208 74 
80 77 
69 66 
83 77 
83 77 
78 83 
205 178 
83 77 
208 178 
80 74 
208 167 
80 74 
208 181 
78 83 
205 178 
69 66 
83 77 
208 77 
72 66 
205 77 
80 74 
80 74 
86 80 
404 69 
69 66 
205 77 
80 77 
80 77 
83 77 
205 178 
80 77 
211 184 
80 77 
208 173 
69 80 
205 181 
69 66 
80 74 
80 77 
89 80 
208 80 
80 77 
205 77 
83 77 
176 69 
80 80 
80 74 
80 74 
86 86 
72 66 
208 74 
83 77 
205 170 
80 77 
208 170 
80 77 
208 181 
89 83 
205 178 
80 77 
83 77 
217 83 
89 83 
83 77 
80 77 
86 83 
80 74 
205 63 
80 74 
80 77 
69 74 
80 77 
80 74 
80 77 
78 69 
69 66 
83 74 
205 74 
69 66 
205 178 
80 77 
205 181 
80 77 
241 371 
83 74 
202 170 
83 74 
404 178 
72 63 
205 181 
80 77 
369 83 
83 74 
86 72 
83 74 
80 74 
80 63 
318 74 
80 77 
773 74 
86 83 
205 66 
83 74 
80 74 
72 63 
80 74 
72 66 
69 63 
80 77 
89 80 
205 77 
80 77 
69 66 
83 74 
202 170 
80 77 
817 178 
75 69 
205 181 
80 77 
208 178 
80 77 
202 178 
80 74 
205 170 
69 63 
211 179 
69 66 
205 178 
80 77 
208 178 
83 77 
205 66 
69 66 
205 77 
86 80 
205 74 
80 66 
205 77 
80 77 
205 74 
80 77 
80 74 
1008 72 
83 74 
194 66 
80 77 
205 74 
69 66 
205 178 
80 74 
187 1195 
86 86 
502 223 
83 77 
208 184 
69 63 
208 181 
80 74 
72 66 
86 83 
69 66 
205 77 
83 77 
205 77 
80 74 
69 66 
80 77 
83 77 
89 83 
208 77 
80 77 
208 74 
80 77 
208 167 
83 77 
208 181 
72 63 
214 83 
72 66 
205 178 
80 77 
205 77 
80 77 
69 63 
83 77 
86 86 
205 77 
80 77 
321 66 
80 74 
208 77 
69 63 
208 77 
80 74 
211 83 
83 77 
205 66 
69 66 
208 173 
69 66 
205 178 
80 80 
205 178 
89 83 
194 63 
80 77 
208 170 
69 66 
83 77 
205 66 
83 77 
86 83 
69 66 
80 77 
80 77 
205 77 
80 77 
72 66 
80 74 
205 181 
86 80 
205 178 
80 74 
205 178 
80 77 
205 77 
80 77 
202 66 
69 66 
86 72 
80 74 
80 74 
205 74 
69 66 
205 74 
80 77 
69 66 
86 83 
205 77 
80 77 
205 170 
80 77 
205 178 
69 63 
205 178 
83 74 
211 184 
80 77 
202 170 
80 77 
80 74 
69 66 
80 77 
208 83 
80 80 
214 83 
69 66 
80 77 
80 77 
205 178 
80 77 
194 178 
80 74 
211 80 
72 63 
202 178 
83 74 
69 63 
80 77 
80 66 
83 74 
80 77 
89 80 
80 77 
69 66 
83 74 
80 77 
72 63 
80 74 
80 77 
69 66 
86 83 
205 66 
80 77 
80 80 
72 63 
205 178 
80 77 
208 190 
86 83 
208 178 
80 77 
80 74 
83 77 
80 74 
69 66 
83 74 
80 77 
86 80 
205 74 
69 66 
83 74 
80 77 
69 66 
80 77 
80 63 
86 83 
775 835 
80 66 
205 178 
83 74 
205 178 
80 74 
80 69 
187 83 
211 83 
89 83 
211 184 
80 74 
205 181 
83 77 
205 173 
83 77 
205 181 
86 80 
199 178 
83 77 
72 66 
80 74 
205 77 
83 77 
80 77 
86 83 
83 77 
69 66 
83 77 
80 80 
69 66 
83 77 
83 77 
80 66 
86 80 
86 83 
83 77 
178 74 
80 74 
205 178 
72 63 
202 178 
80 77 
217 86 
80 77 
80 77 
80 77 
624 77 
69 66 
80 77 
80 69 
86 83 
80 74 
69 66 
83 74 
80 74 
205 77 
80 77 
80 74 
83 74 
78 69 
72 66 
205 77 
80 80 
205 181 
80 80 
208 181 
80 77 
558 181 
86 83 
205 181 
72 66 
321 202 
83 77 
208 178 
80 77 
83 77 
86 83 
83 77 
205 77 
80 74 
205 77 
69 66 
312 77 
69 66 
205 181 
86 83 
208 178 
80 77 
505 181 
69 66 
83 77 
205 69 
83 77 
208 77 
89 83 
496 74 
83 77 
208 77 
80 77 
205 167 
80 80 
205 181 
86 83 
419 208 
80 66 
205 181 
80 77 
205 181 
83 77 
69 63 
83 77 
86 72 
69 66 
208 80 
83 77 
69 66 
205 77 
69 69 
80 74 
89 72 
205 77 
80 74 
208 66 
72 63 
80 77 
72 66 
80 77 
83 66 
211 187 
80 77 
366 181 
80 77 
208 178 
69 63 
205 178 
72 66 
69 66 
89 83 
817 77 
83 77 
80 77 
205 77 
83 80 
69 69 
83 77 
89 83 
83 77 
538 77 
69 66 
205 77 
80 77 
583 66 
83 77 
80 77 
86 86 
205 77 
72 66 
205 77 
83 77 
770 181 
83 77 
205 170 
80 66 
279 184 
69 66 
205 178 
80 77 
83 77 
83 77 
69 63 
205 77 
86 83 
226 77 
80 77 
205 170 
80 66 
208 173 
69 66 
205 181 
80 77 
704 187 
83 80 
208 167 
83 77 
588 570 
80 66 
205 178 
83 66 
205 77 
89 86 
69 66 
83 77 
83 77 
83 77 
80 77 
72 66 
83 77 
86 69 
72 63 
83 77 
80 77 
83 77 
83 77 
208 63 
83 77 
80 77 
86 83 
205 181 
69 63 
205 178 
80 77 
205 170 
80 77 
208 170 
80 77 
225 83 
80 66 
80 77 
80 74 
80 74 
208 77 
69 63 
83 77 
86 80 
83 77 
83 77 
208 66 
69 66 
205 77 
72 66 
208 181 
80 74 
211 184 
80 77 
211 83 
80 74 
205 181 
69 66 
205 178 
80 77 
69 63 
211 83 
80 63 
523 77 
80 77 
205 77 
80 77 
80 74 
80 77 
86 80 
80 77 
205 74 
80 77 
205 178 
80 77 
202 181 
80 74 
80 77 
389 80 
80 74 
202 66 
80 77 
502 77 
69 66 
481 63 
80 74 
214 187 
80 77 
205 178 
80 77 
205 178 
80 74 
205 178 
72 63 
80 77 
211 83 
83 74 
205 77 
80 66 
413 77 
80 74 
208 170 
80 77 
208 170 
86 83 
422 178 
80 66 
205 181 
80 74 
205 178 
80 74 
208 170 
75 80 
873 167 
72 66 
80 77 
205 77 
69 66 
80 74 
69 66 
80 77 
86 83 
205 77 
80 77 
205 66 
69 63 
353 63 
69 66 
83 74 
80 77 
211 184 
80 77 
205 170 
80 77 
811 178 
80 63 
205 178 
80 74 
211 187 
80 74 
205 181 
80 77 
80 74 
205 77 
80 77 
83 77 
80 77 
86 83 
80 63 
205 77 
78 77 
205 77 
80 77 
205 178 
80 77 
748 1162 
86 83 
737 659 
80 77 
83 74 
80 74 
208 77 
80 74 
80 74 
86 83 
80 77 
69 63 
83 77 
249 77 
80 74 
80 77 
69 63 
80 77 
75 83 
205 181 
80 77 
663 184 
80 74 
208 77 
69 69 
205 181 
80 77 
211 184 
83 74 
202 170 
83 74 
205 178 
80 77 
80 77 
80 80 
86 80 
205 69 
72 66 
342 241 
80 77 
205 181 
80 77 
647 167 
83 74 
211 69 
69 66 
205 178 
80 74 
202 181 
80 77 
202 178 
80 74 
80 74 
86 80 
83 74 
194 66 
69 66 
205 66 
80 77 
205 74 
69 66 
86 83 
80 74 
553 77 
80 77 
80 77 
69 77 
80 77 
80 66 
205 181 
86 83 
446 246 
80 77 
205 170 
80 77 
205 178 
69 66 
80 77 
86 83 
80 77 
205 74 
69 63 
205 77 
80 77 
69 63 
80 77 
83 74 
75 69 
205 77 
69 66 
695 74 
80 77 
205 181 
80 77 
208 170 
69 66 
208 176 
69 63 
205 178 
83 63 
80 77 
205 74 
69 63 
80 77 
86 80 
446 77 
80 77 
205 66 
80 77 
205 74 
69 63 
205 178 
69 66 
909 80 
83 74 
208 178 
80 77 
202 170 
83 74 
205 178 
69 63 
202 178 
89 80 
69 66 
205 77 
83 74 
80 63 
80 77 
69 66 
83 74 
86 86 
80 74 
205 178 
69 63 
844 178 
80 80 
205 178 
80 77 
205 167 
89 80 
205 181 
69 63 
205 178 
80 74 
205 181 
80 77 
69 66 
80 77 
86 80 
205 77 
80 77 
80 77 
69 66 
205 77 
69 66 
799 167 
86 83 
262 339 
80 74 
208 167 
80 74 
80 77 
83 74 
80 74 
205 66 
86 83 
205 77 
69 66 
80 77 
83 74 
208 178 
80 74 
208 170 
80 74 
225 176 
80 63 
728 178 
69 66 
80 80 
83 74 
202 77 
80 77 
89 80 
69 66 
80 77 
80 63 
80 77 
80 74 
80 77 
83 74 
69 66 
86 86 
83 74 
202 181 
80 77 
205 178 
80 74 
665 167 
72 63 
205 178 
86 69 
69 66 
205 77 
80 66 
83 77 
80 77 
208 66 
80 77 
86 83 
80 77 
205 77 
69 66 
205 178 
80 77 
208 178 
80 74 
202 170 
86 86 
493 69 
75 66 
208 181 
80 69 
205 178 
80 80 
205 181 
89 83 
205 66 
83 77 
208 181 
83 77 
208 178 
80 74 
205 181 
83 77 
214 72 
80 74 
205 181 
72 66 
847 181 
83 77 
205 181 
80 77 
205 170 
86 83 
208 77 
72 63 
229 77 
80 80 
83 77 
205 77 
72 66 
86 83 
83 77 
208 77 
80 77 
69 63 
83 77 
80 77 
72 66 
205 181 
89 83 
205 178 
83 80 
208 167 
80 77 
83 77 
205 77 
80 74 
69 66 
89 83 
205 77 
72 66 
83 77 
83 77 
72 66 
83 77 
80 66 
86 83 
205 170 
69 66 
205 178 
80 77 
205 181 
80 80 
205 167 
83 77 
214 173 
72 63 
80 77 
877 77 
80 74 
208 77 
69 66 
264 63 
83 77 
211 184 
80 74 
208 178 
83 74 
205 170 
80 74 
208 181 
69 63 
211 83 
80 77 
832 77 
83 77 
205 66 
69 66 
83 74 
69 66 
83 77 
86 72 
72 63 
205 77 
80 66 
205 77 
80 77 
