45 181 
170 170 
211 187 
80 184 
151 77 
699 83 
211 173 
137 80 
205 72 
205 178 
211 69 
225 184 
181 77 
199 72 
208 167 
184 279 
181 184 
235 184 
217 208 
541 369 
677 297 
205 175 
327 187 
208 231 
184 181 
208 214 
568 339 
181 273 
211 178 
312 214 
211 178 
211 181 
208 170 
211 181 
184 178 
205 175 
208 184 
217 173 
211 184 
211 170 
208 184 
211 184 
170 69 
211 187 
187 181 
173 187 
859 335 
238 579 
167 176 
211 181 
220 83 
211 217 
208 86 
208 175 
211 167 
66 69 
517 137 
75 69 
205 167 
146 92 
428 220 
214 196 
231 80 
211 184 
173 232 
187 178 
214 179 
208 170 
211 178 
229 745 
220 324 
288 273 
181 181 
793 178 
496 1631 
0 0 
267 190 
226 173 
184 184 
214 176 
181 187 
921 214 
211 178 
205 181 
208 187 
217 181 
737 181 
211 181 
214 181 
211 178 
208 184 
205 181 
235 181 
250 288 
274 190 
211 214 
211 184 
208 181 
176 176 
173 190 
173 181 
211 173 
173 184 
170 288 
205 170 
208 190 
211 167 
267 199 
208 199 
208 184 
214 181 
208 181 
184 181 
184 173 
184 170 
181 181 
657 181 
214 205 
181 184 
214 170 
184 178 
208 181 
279 371 
618 517 
181 187 
181 178 
199 181 
83 181 
187 181 
196 181 
187 178 
279 410 
749 276 
627 181 
440 173 
184 181 
208 184 
342 184 
208 181 
205 190 
170 235 
211 184 
208 184 
214 181 
238 181 
294 181 
208 181 
211 184 
214 181 
193 178 
69 211 
217 184 
214 184 
208 184 
259 277 
187 217 
208 184 
279 181 
351 214 
181 167 
179 181 
176 170 
392 184 
190 184 
190 187 
211 178 
211 173 
781 211 
303 178 
202 167 
176 211 
288 211 
208 196 
208 193 
211 170 
190 181 
184 181 
211 176 
211 170 
214 184 
208 181 
208 181 
366 342 
419 502 
838 167 
214 181 
184 181 
214 187 
214 184 
208 306 
211 181 
208 178 
283 170 
205 178 
256 190 
193 178 
187 167 
182 761 
176 865 
419 181 
434 181 
211 181 
211 181 
214 181 
211 184 
176 173 
217 184 
176 211 
182 167 
184 184 
208 187 
184 327 
167 170 
184 181 
769 214 
211 170 
184 184 
190 176 
535 181 
193 291 
178 178 
211 217 
199 190 
217 173 
217 173 
208 170 
211 187 
232 184 
214 173 
184 193 
196 178 
211 170 
208 187 
208 181 
297 181 
211 181 
392 484 
330 190 
187 178 
220 229 
187 181 
217 190 
167 247 
205 220 
271 184 
211 187 
176 208 
208 184 
178 167 
222 181 
211 214 
458 184 
1245 1236 
0 0 
208 187 
211 300 
176 178 
229 184 
187 208 
229 181 
211 181 
173 167 
181 181 
214 178 
190 191 
211 170 
641 208 
211 167 
211 170 
214 170 
208 173 
306 975 
193 178 
187 170 
196 187 
232 167 
202 178 
220 184 
211 178 
184 181 
187 181 
618 178 
205 170 
211 176 
187 181 
217 173 
211 170 
181 178 
208 178 
208 178 
208 184 
211 181 
214 184 
205 184 
187 178 
208 181 
214 181 
523 838 
422 190 
211 181 
214 181 
214 181 
259 170 
205 178 
283 211 
211 178 
586 170 
167 170 
208 184 
211 184 
214 184 
259 193 
176 178 
220 184 
181 184 
181 181 
184 176 
214 167 
205 173 
273 217 
211 184 
184 181 
184 184 
517 184 
184 178 
205 176 
211 170 
214 173 
211 187 
208 181 
208 167 
211 173 
291 181 
208 223 
211 170 
181 184 
208 175 
208 184 
184 178 
181 181 
443 83 
187 184 
208 208 
1311 853 
0 0 
205 77 
217 184 
170 83 
211 187 
300 83 
80 630 
460 883 
176 259 
300 187 
208 184 
214 181 
205 178 
208 175 
268 173 
211 178 
211 187 
170 170 
318 190 
211 190 
181 173 
187 178 
211 232 
217 187 
211 190 
173 280 
214 199 
214 196 
211 187 
178 187 
306 181 
220 170 
211 167 
184 184 
900 223 
214 184 
208 170 
223 217 
211 167 
208 170 
223 170 
208 193 
214 181 
184 175 
243 217 
211 179 
205 178 
241 214 
205 181 
208 190 
217 181 
820 181 
211 181 
208 211 
167 167 
208 181 
176 181 
847 365 
229 1075 
211 229 
184 181 
208 178 
270 226 
217 184 
187 181 
229 214 
214 181 
250 179 
202 217 
214 175 
176 190 
261 252 
190 181 
184 855 
422 1171 
371 249 
240 178 
211 170 
199 193 
211 184 
208 184 
176 182 
199 173 
324 300 
297 196 
190 261 
190 184 
187 217 
413 243 
202 181 
309 253 
184 181 
241 184 
208 220 
184 178 
508 217 
211 181 
220 321 
184 181 
181 178 
214 181 
208 173 
639 184 
208 181 
202 181 
211 178 
170 167 
217 214 
217 181 
208 187 
211 187 
208 181 
214 178 
856 359 
253 401 
309 276 
315 181 
259 167 
208 241 
523 211 
187 187 
173 181 
211 181 
211 181 
841 211 
181 181 
211 167 
208 214 
722 184 
211 184 
211 170 
173 170 
211 170 
184 211 
211 176 
202 178 
178 187 
187 297 
835 173 
214 170 
208 179 
181 184 
184 178 
211 173 
181 181 
181 178 
184 181 
187 187 
205 187 
208 184 
205 181 
205 184 
178 184 
978 348 
526 832 
690 187 
297 181 
202 181 
208 181 
211 181 
271 184 
211 184 
208 178 
211 175 
208 178 
208 181 
225 181 
214 199 
351 276 
416 184 
315 196 
208 187 
217 318 
194 178 
886 282 
217 217 
208 184 
208 184 
173 312 
211 178 
214 184 
211 178 
211 181 
187 181 
184 170 
211 173 
211 170 
475 175 
184 184 
208 181 
190 178 
897 184 
187 190 
214 184 
184 187 
211 170 
695 190 
187 190 
181 187 
220 244 
214 178 
226 220 
211 187 
217 211 
570 217 
276 214 
217 170 
208 170 
211 181 
425 190 
208 181 
217 181 
190 178 
184 175 
208 190 
211 187 
205 181 
407 181 
217 184 
223 710 
170 312 
265 167 
229 181 
205 170 
211 184 
167 170 
592 167 
205 170 
205 193 
196 170 
829 508 
609 303 
170 170 
187 167 
190 173 
193 179 
181 190 
181 184 
372 187 
184 178 
220 184 
187 190 
237 181 
211 181 
181 181 
217 179 
285 193 
187 187 
193 214 
187 193 
220 202 
196 187 
184 178 
187 205 
900 244 
181 181 
286 259 
449 217 
184 181 
190 181 
208 181 
437 170 
176 187 
184 241 
211 190 
220 181 
170 184 
193 291 
788 223 
173 187 
407 303 
223 217 
270 318 
571 173 
387 556 
764 184 
211 178 
214 199 
176 223 
187 199 
199 193 
202 223 
181 173 
184 181 
178 176 
199 170 
181 178 
190 83 
181 181 
187 181 
318 181 
190 95 
347 95 
217 184 
184 116 
214 253 
234 80 
820 336 
389 653 
199 178 
181 181 
184 181 
184 184 
187 184 
187 190 
425 181 
784 181 
363 294 
181 181 
214 258 
826 178 
375 184 
258 181 
184 187 
173 173 
238 181 
184 181 
208 190 
211 181 
176 220 
173 190 
176 196 
231 208 
208 178 
173 214 
312 89 
173 223 
176 181 
784 77 
173 294 
72 63 
1135 1096 
0 0 
181 182 
199 181 
217 184 
173 196 
173 173 
187 181 
184 279 
268 181 
187 173 
184 225 
386 205 
577 170 
193 187 
208 217 
939 170 
288 273 
784 184 
187 184 
211 208 
187 279 
767 214 
193 187 
211 167 
214 211 
487 190 
190 208 
217 184 
199 181 
262 232 
755 190 
190 181 
187 187 
214 182 
184 184 
217 181 
627 915 
710 475 
211 181 
211 181 
265 173 
190 181 
214 173 
173 294 
184 175 
205 178 
181 199 
173 170 
202 187 
184 214 
883 214 
173 170 
425 181 
1109 259 
793 743 
176 170 
190 205 
190 173 
190 181 
671 190 
205 170 
476 232 
222 178 
217 196 
190 184 
208 176 
187 178 
321 185 
181 187 
181 190 
184 246 
184 214 
220 181 
181 217 
199 184 
205 255 
193 181 
199 178 
184 199 
184 181 
184 178 
184 190 
184 187 
208 187 
181 175 
187 181 
425 178 
176 181 
306 214 
173 190 
214 178 
211 181 
220 193 
187 184 
211 187 
214 184 
184 178 
205 181 
205 187 
211 187 
196 181 
559 181 
259 181 
179 190 
396 300 
595 324 
179 211 
184 182 
170 170 
190 176 
211 181 
514 178 
442 309 
211 268 
751 184 
190 187 
220 184 
208 208 
211 184 
398 181 
184 190 
190 184 
211 214 
178 178 
202 173 
318 178 
181 178 
1709 252 
229 268 
232 179 
348 178 
181 178 
770 181 
184 181 
190 184 
903 181 
173 178 
214 184 
211 184 
895 217 
214 193 
214 184 
225 190 
208 184 
208 184 
232 170 
208 181 
184 181 
470 225 
214 187 
211 184 
173 178 
252 184 
217 187 
173 181 
211 187 
184 173 
173 170 
184 170 
173 173 
211 175 
196 173 
176 199 
176 268 
208 190 
214 247 
413 1097 
282 609 
698 178 
279 181 
211 173 
211 164 
211 179 
208 181 
187 181 
214 176 
184 181 
208 190 
176 173 
190 181 
184 184 
279 217 
184 190 
208 178 
211 193 
208 187 
187 193 
208 187 
208 181 
181 190 
176 235 
434 344 
523 597 
205 178 
294 288 
211 184 
211 178 
208 184 
208 187 
309 199 
217 190 
184 178 
220 193 
205 184 
211 181 
211 187 
208 181 
211 187 
211 187 
208 181 
217 187 
211 184 
594 172 
170 167 
217 202 
214 187 
187 167 
223 264 
214 167 
312 446 
285 223 
217 199 
190 175 
208 176 
208 164 
529 184 
208 181 
306 249 
214 193 
202 217 
184 249 
190 196 
214 176 
261 202 
184 276 
184 184 
181 181 
838 173 
190 184 
193 178 
184 190 
187 181 
184 190 
184 184 
176 247 
214 187 
342 173 
170 184 
173 181 
199 181 
211 181 
211 181 
642 181 
194 268 
211 178 
223 190 
179 184 
176 208 
763 187 
205 184 
211 187 
211 184 
309 761 
238 870 
184 187 
603 176 
225 184 
196 181 
214 69 
190 182 
208 178 
217 173 
838 77 
211 86 
576 814 
238 83 
190 223 
211 140 
92 95 
918 214 
184 184 
187 184 
184 181 
181 181 
214 187 
208 170 
184 190 
211 184 
184 181 
211 178 
205 175 
173 184 
208 181 
211 181 
187 193 
214 214 
850 181 
214 184 
205 178 
211 184 
196 199 
173 184 
170 211 
425 1512 
265 170 
333 184 
211 181 
274 223 
208 184 
205 178 
211 184 
205 178 
211 181 
772 214 
237 184 
176 173 
178 193 
184 202 
555 181 
276 184 
252 184 
267 184 
229 167 
214 193 
190 181 
261 178 
633 187 
190 853 
318 2620 
0 0 
217 170 
844 220 
193 187 
187 181 
187 273 
181 181 
208 170 
205 184 
208 181 
511 1114 
220 582 
294 288 
208 181 
199 184 
229 167 
600 208 
205 184 
710 181 
615 181 
202 181 
187 181 
208 170 
214 181 
181 181 
211 184 
184 190 
179 184 
211 178 
208 184 
208 184 
874 217 
173 184 
211 175 
196 190 
547 179 
182 170 
208 181 
184 193 
228 181 
205 202 
173 170 
170 173 
173 184 
428 214 
184 297 
190 176 
184 187 
184 187 
223 184 
187 187 
217 176 
493 178 
208 185 
1093 354 
1168 241 
199 184 
395 178 
187 181 
184 184 
211 184 
173 167 
190 167 
208 196 
217 181 
211 176 
214 184 
211 181 
208 181 
184 181 
285 228 
184 181 
173 167 
214 190 
208 214 
217 184 
184 184 
211 184 
184 190 
208 178 
167 167 
214 261 
208 223 
351 193 
170 511 
208 175 
342 181 
205 181 
211 184 
217 190 
184 164 
211 184 
208 181 
217 214 
187 173 
184 178 
184 184 
187 167 
185 167 
208 170 
205 170 
184 181 
208 173 
264 184 
181 181 
208 181 
208 181 
190 175 
83 196 
407 832 
529 214 
208 167 
211 181 
193 235 
184 294 
184 184 
193 187 
205 181 
187 184 
187 184 
187 181 
193 184 
217 187 
211 181 
214 184 
208 184 
862 184 
211 193 
208 220 
220 237 
211 178 
178 214 
220 187 
829 190 
170 181 
184 214 
173 184 
196 225 
211 247 
211 184 
181 190 
740 235 
173 170 
208 170 
217 187 
214 184 
894 1209 
457 229 
217 170 
205 196 
190 167 
187 208 
205 225 
184 178 
318 170 
208 173 
327 1887 
0 0 
651 214 
181 181 
187 181 
211 184 
190 181 
369 300 
490 1082 
309 318 
220 182 
205 175 
291 187 
187 187 
199 178 
208 229 
220 214 
181 184 
211 181 
583 170 
184 181 
211 181 
211 181 
205 178 
208 178 
173 208 
208 175 
214 291 
187 184 
208 184 
211 178 
211 181 
217 178 
184 184 
184 178 
211 184 
520 184 
225 181 
202 167 
208 184 
208 170 
184 164 
193 181 
181 181 
211 181 
208 178 
184 173 
211 181 
211 181 
187 181 
181 176 
208 178 
220 173 
472 184 
211 173 
208 170 
208 181 
214 184 
205 178 
214 731 
398 365 
318 713 
211 178 
199 184 
187 184 
173 184 
214 181 
214 176 
208 181 
187 193 
431 184 
191 184 
208 184 
208 181 
208 181 
187 181 
184 190 
185 184 
214 184 
880 173 
208 83 
663 493 
267 508 
184 86 
184 167 
208 164 
205 80 
282 181 
225 181 
181 187 
214 181 
211 178 
214 187 
208 173 
208 181 
220 173 
255 181 
208 167 
225 178 
211 170 
211 167 
220 187 
208 181 
208 173 
232 173 
214 176 
211 170 
208 181 
300 246 
187 184 
226 170 
214 173 
214 170 
452 312 
443 232 
279 291 
208 184 
187 193 
211 184 
208 214 
208 181 
199 170 
182 184 
222 190 
220 187 
211 181 
190 178 
196 80 
214 199 
170 184 
202 178 
187 184 
217 178 
187 279 
170 167 
184 170 
214 181 
176 303 
214 187 
574 176 
211 184 
181 184 
202 184 
217 190 
196 232 
181 187 
211 181 
181 181 
184 181 
181 279 
202 167 
187 342 
184 306 
873 841 
609 651 
184 179 
184 167 
178 184 
184 181 
184 181 
181 217 
657 167 
229 211 
187 80 
187 267 
217 187 
190 86 
321 573 
458 78 
77 80 
77 181 
208 225 
217 181 
214 217 
187 211 
241 178 
181 181 
187 214 
226 187 
184 199 
900 214 
482 173 
226 1093 
918 217 
173 173 
235 202 
167 173 
194 175 
185 173 
238 214 
185 184 
173 170 
170 190 
214 173 
184 250 
229 181 
184 185 
181 222 
181 217 
395 181 
178 214 
178 175 
407 181 
288 214 
208 175 
181 178 
178 211 
190 187 
181 178 
223 167 
749 241 
181 167 
205 167 
205 167 
181 178 
187 303 
348 232 
220 184 
190 217 
170 178 
184 217 
205 1177 
345 374 
173 170 
173 170 
294 211 
196 181 
211 187 
208 181 
205 184 
184 187 
187 175 
193 178 
211 178 
170 173 
181 214 
826 758 
503 211 
505 229 
264 226 
170 190 
217 184 
179 179 
179 170 
181 170 
234 196 
176 384 
193 173 
217 250 
684 225 
181 178 
173 170 
211 173 
214 170 
184 184 
208 170 
184 205 
208 217 
190 184 
214 244 
300 170 
380 214 
184 181 
321 179 
208 202 
184 282 
193 181 
686 187 
184 193 
184 187 
193 184 
187 181 
184 217 
217 187 
624 1281 
630 300 
170 176 
170 181 
170 176 
184 178 
181 190 
217 187 
187 187 
173 196 
220 181 
173 226 
271 173 
559 178 
476 231 
173 190 
173 223 
214 184 
181 167 
196 217 
167 167 
214 184 
187 167 
181 184 
193 181 
190 188 
184 185 
173 187 
181 181 
802 181 
312 184 
217 176 
196 184 
442 556 
449 873 
181 190 
187 187 
315 167 
264 184 
190 211 
220 173 
214 184 
547 181 
178 181 
181 178 
181 181 
187 184 
211 181 
187 181 
181 181 
193 184 
181 181 
184 184 
181 181 
553 1280 
1192 170 
167 167 
185 178 
220 175 
170 170 
178 170 
193 181 
181 184 
173 211 
170 176 
181 178 
208 167 
184 175 
217 196 
460 238 
205 277 
214 208 
208 167 
184 170 
181 211 
208 173 
193 170 
178 181 
181 181 
502 167 
211 184 
181 217 
223 176 
303 167 
243 187 
178 214 
208 170 
362 306 
597 639 
178 193 
184 196 
443 181 
181 211 
912 267 
526 176 
348 176 
187 196 
205 181 
844 276 
178 178 
208 184 
214 178 
217 184 
175 178 
173 187 
184 181 
184 214 
841 1744 
0 0 
387 250 
877 190 
556 184 
170 176 
170 170 
182 190 
187 181 
190 181 
173 196 
181 178 
176 199 
176 167 
196 214 
220 176 
211 202 
208 170 
226 167 
187 181 
182 170 
187 170 
208 181 
173 176 
170 179 
327 173 
181 175 
214 181 
187 181 
225 217 
178 181 
184 199 
187 181 
202 211 
184 184 
217 178 
181 214 
906 181 
184 184 
190 184 
181 214 
232 164 
793 184 
190 181 
187 187 
173 214 
208 190 
173 190 
181 244 
205 205 
187 184 
208 170 
1468 80 
428 734 
199 214 
208 187 
167 167 
274 182 
178 178 
434 181 
244 167 
211 211 
184 75 
205 199 
191 167 
170 170 
184 199 
862 231 
211 181 
181 208 
182 199 
173 182 
170 167 
205 176 
208 184 
805 225 
181 187 
187 178 
181 181 
814 743 
490 285 
249 178 
888 178 
181 187 
894 178 
181 181 
187 181 
211 175 
202 184 
181 181 
181 190 
208 178 
211 167 
669 199 
184 184 
205 190 
181 187 
190 184 
211 178 
178 178 
187 167 
178 175 
181 279 
211 178 
179 184 
1147 359 
211 493 
351 181 
173 184 
422 184 
184 178 
211 181 
211 184 
196 187 
173 173 
226 240 
167 173 
234 187 
199 178 
173 179 
214 181 
184 181 
179 167 
181 179 
205 170 
184 181 
392 167 
211 214 
223 187 
184 181 
167 217 
279 178 
196 191 
208 217 
211 173 
211 184 
211 173 
211 173 
181 184 
208 173 
211 170 
211 181 
487 731 
374 814 
214 170 
184 184 
205 181 
889 170 
208 184 
208 181 
173 187 
190 83 
187 181 
1218 333 
794 217 
211 181 
193 184 
170 170 
217 170 
187 181 
416 178 
217 181 
211 187 
401 603 
283 707 
211 184 
167 170 
170 187 
211 190 
167 170 
211 181 
217 181 
181 167 
225 181 
181 173 
205 193 
225 178 
205 181 
211 211 
187 173 
181 170 
208 170 
196 167 
214 175 
365 255 
222 181 
240 184 
202 211 
249 170 
211 176 
187 176 
178 175 
205 184 
220 170 
505 181 
184 181 
205 176 
184 178 
663 217 
211 241 
208 181 
184 184 
214 176 
214 255 
208 211 
214 181 
184 181 
205 178 
345 208 
211 187 
214 184 
211 193 
173 170 
181 184 
603 880 
351 476 
378 182 
630 181 
184 178 
194 223 
170 170 
225 181 
181 184 
217 187 
214 173 
179 190 
187 188 
190 170 
220 294 
214 178 
184 190 
205 167 
520 173 
802 326 
300 244 
173 170 
208 199 
811 184 
211 187 
205 181 
214 178 
205 178 
211 167 
181 184 
211 288 
226 170 
181 181 
208 184 
223 181 
431 214 
211 178 
184 184 
202 181 
167 173 
173 181 
184 202 
187 211 
187 181 
404 184 
173 184 
208 184 
231 294 
187 184 
283 226 
223 181 
184 181 
184 184 
211 184 
494 348 
336 184 
184 184 
520 181 
176 214 
208 190 
234 300 
595 190 
268 187 
208 187 
208 184 
784 214 
225 184 
181 231 
187 167 
315 181 
208 176 
202 181 
211 176 
181 184 
205 170 
187 173 
208 173 
211 173 
208 178 
214 184 
208 181 
178 193 
205 181 
181 181 
184 181 
187 181 
282 190 
181 178 
181 211 
181 190 
267 829 
377 550 
220 170 
211 184 
241 205 
211 181 
187 184 
184 184 
211 176 
238 178 
167 187 
211 181 
173 181 
699 173 
208 187 
205 178 
214 181 
743 294 
749 362 
401 570 
182 167 
184 188 
181 164 
181 178 
190 167 
181 184 
202 291 
205 167 
231 178 
228 303 
214 187 
220 187 
229 184 
157 77 
176 170 
214 193 
211 184 
181 187 
170 681 
205 241 
449 291 
184 173 
190 185 
211 173 
410 193 
761 193 
181 181 
511 176 
214 190 
184 184 
184 211 
205 190 
170 205 
265 176 
190 184 
208 179 
211 187 
211 187 
214 187 
190 187 
199 187 
235 187 
211 36623 
0 0 
0 0 
0 0 
0 0 
0 0 
0 0 
0 0 
0 0 
0 0 
0 0 
0 0 
0 0 
0 0 
0 0 
0 0 
249 181 
173 170 
208 184 
187 69 
184 181 
743 170 
190 181 
404 173 
184 170 
184 178 
371 190 
797 205 
211 205 
805 217 
211 173 
187 184 
211 179 
582 184 
211 170 
208 176 
199 190 
220 196 
425 188 
285 187 
211 187 
241 173 
187 184 
190 187 
208 179 
722 250 
214 190 
181 208 
220 178 
173 170 
193 193 
187 190 
184 190 
193 273 
336 187 
193 217 
214 184 
208 181 
173 199 
214 214 
208 184 
187 193 
217 778 
482 176 
666 205 
173 173 
214 229 
225 184 
208 193 
211 181 
181 193 
184 170 
173 170 
214 217 
181 182 
187 178 
176 167 
190 184 
208 187 
184 187 
187 187 
208 170 
181 178 
1185 285 
181 746 
178 258 
214 170 
446 181 
211 170 
193 181 
178 205 
193 190 
187 178 
175 178 
181 291 
238 170 
181 184 
170 176 
184 193 
199 190 
419 185 
187 178 
187 178 
214 217 
223 211 
211 178 
529 181 
167 217 
217 211 
651 181 
184 184 
205 223 
211 187 
672 199 
208 181 
182 173 
214 181 
1156 1322 
0 0 
211 184 
179 250 
205 178 
184 83 
184 176 
258 178 
636 184 
187 178 
211 181 
178 208 
184 178 
205 184 
199 77 
225 190 
184 187 
184 181 
184 173 
225 83 
214 184 
698 246 
184 181 
193 214 
170 187 
217 164 
220 190 
181 196 
187 223 
190 178 
184 187 
223 170 
764 190 
318 187 
226 80 
208 181 
211 184 
505 520 
675 1215 
906 713 
179 969 
704 184 
265 173 
211 184 
214 184 
217 184 
211 181 
187 217 
238 267 
184 190 
211 181 
571 265 
491 651 
217 83 
211 187 
359 184 
211 184 
228 181 
214 184 
217 181 
211 184 
176 190 
173 199 
431 167 
184 176 
170 167 
190 205 
181 184 
184 178 
202 181 
621 184 
208 170 
181 178 
811 184 
205 178 
181 181 
170 184 
184 167 
173 175 
178 178 
181 190 
205 178 
214 77 
181 282 
208 181 
187 181 
208 170 
276 181 
217 175 
211 181 
190 196 
185 167 
181 190 
170 211 
170 217 
193 190 
184 181 
253 220 
199 211 
247 190 
220 211 
173 167 
167 503 
226 184 
190 178 
214 173 
181 167 
208 268 
205 184 
178 178 
211 173 
181 193 
178 184 
214 170 
226 170 
187 182 
181 217 
579 187 
615 240 
181 190 
181 193 
306 211 
187 187 
181 205 
190 297 
184 181 
300 199 
202 178 
452 211 
713 175 
276 175 
187 223 
208 211 
196 187 
226 222 
178 181 
217 178 
190 184 
440 187 
226 178 
176 184 
196 181 
274 211 
208 181 
205 297 
214 184 
181 178 
187 187 
170 170 
173 170 
410 187 
190 178 
633 178 
211 178 
184 178 
208 184 
280 336 
439 782 
225 175 
294 184 
211 199 
222 181 
309 211 
211 196 
214 187 
187 170 
208 190 
176 170 
184 184 
282 187 
187 184 
181 178 
208 167 
178 178 
211 217 
184 211 
211 175 
190 178 
395 181 
208 184 
190 220 
181 184 
211 178 
184 181 
214 181 
184 190 
184 264 
303 184 
211 184 
208 211 
550 167 
598 170 
181 184 
868 178 
211 279 
179 167 
176 181 
211 181 
184 181 
258 187 
514 181 
205 187 
188 170 
167 179 
223 178 
196 196 
211 175 
217 178 
181 184 
170 167 
445 211 
247 321 
187 659 
214 178 
181 178 
214 182 
187 184 
148 80 
178 769 
392 181 
252 77 
83 75 
184 178 
508 237 
181 181 
184 190 
181 178 
184 190 
205 193 
205 214 
190 178 
226 181 
205 187 
291 297 
184 235 
211 196 
205 460 
312 178 
205 178 
208 178 
178 178 
211 178 
205 178 
205 175 
170 170 
262 223 
205 167 
369 178 
205 167 
205 170 
205 167 
202 178 
208 164 
208 175 
258 178 
205 167 
208 161 
170 178 
179 167 
170 164 
184 178 
167 182 
891 368 
514 164 
570 178 
769 202 
234 241 
181 175 
211 291 
181 178 
502 178 
558 167 
202 181 
208 175 
208 178 
776 170 
205 181 
205 175 
181 178 
205 178 
178 167 
167 173 
211 175 
205 178 
178 167 
202 178 
208 175 
167 167 
194 167 
193 170 
205 178 
170 164 
178 178 
568 178 
173 170 
170 175 
167 277 
696 232 
167 167 
196 175 
167 170 
178 190 
205 167 
208 167 
279 178 
196 167 
170 164 
178 178 
178 178 
205 178 
202 181 
202 178 
181 178 
202 167 
181 208 
344 360 
416 407 
178 178 
181 178 
573 175 
181 178 
178 178 
202 178 
208 175 
181 178 
208 170 
547 170 
208 178 
178 184 
205 175 
205 178 
205 178 
205 202 
211 175 
208 181 
193 178 
461 360 
669 277 
184 178 
856 178 
190 217 
205 175 
167 170 
178 164 
205 167 
205 167 
176 170 
205 178 
205 167 
194 164 
184 175 
205 178 
220 178 
205 167 
170 175 
164 211 
211 178 
167 167 
258 178 
170 170 
208 167 
208 170 
181 178 
205 164 
170 208 
181 178 
205 178 
205 178 
178 175 
481 995 
208 369 
630 164 
181 178 
208 181 
205 178 
205 217 
181 175 
559 179 
205 175 
178 178 
178 167 
205 208 
178 178 
173 170 
202 178 
205 178 
208 178 
208 175 
205 178 
205 178 
205 167 
208 178 
205 167 
181 167 
205 178 
205 175 
205 167 
205 178 
882 178 
205 164 
208 167 
532 327 
188 277 
859 178 
194 167 
205 175 
208 164 
164 167 
205 178 
205 164 
535 1724 
0 0 
544 193 
205 167 
208 167 
752 178 
202 170 
205 178 
205 170 
205 178 
205 170 
178 175 
205 178 
205 175 
202 181 
208 175 
205 181 
205 178 
190 178 
208 164 
208 175 
205 181 
692 178 
211 193 
205 175 
205 178 
208 178 
208 178 
404 181 
434 540 
205 178 
803 164 
208 178 
167 164 
211 178 
208 178 
205 178 
194 164 
205 178 
205 164 
345 205 
170 167 
167 170 
208 167 
211 167 
184 175 
238 178 
170 167 
208 167 
208 161 
205 175 
205 184 
164 202 
523 167 
208 175 
167 167 
211 167 
178 175 
178 178 
184 178 
181 181 
306 178 
181 178 
205 178 
205 178 
211 178 
181 208 
208 178 
181 178 
205 170 
208 175 
181 508 
630 763 
181 178 
178 167 
205 178 
181 178 
205 178 
202 175 
205 178 
205 178 
847 179 
0 0 
208 178 
134 69 
208 175 
205 178 
208 178 
205 77 
205 178 
413 178 
205 77 
208 175 
208 178 
205 178 
194 164 
205 178 
202 164 
208 175 
205 167 
208 178 
205 167 
205 178 
208 164 
205 178 
205 167 
205 178 
365 178 
205 170 
205 167 
173 164 
194 164 
205 164 
205 184 
202 66 
205 175 
208 178 
205 175 
205 175 
205 178 
205 170 
205 178 
208 178 
205 175 
294 178 
205 211 
205 175 
205 175 
874 170 
208 175 
208 178 
208 178 
912 354 
380 178 
167 167 
202 178 
208 178 
208 175 
205 178 
208 175 
205 175 
862 74 
205 175 
194 164 
202 175 
214 580 
517 167 
205 175 
178 178 
205 167 
211 175 
205 170 
205 178 
178 178 
178 178 
208 167 
208 167 
178 178 
194 167 
202 164 
202 167 
208 170 
178 178 
205 164 
208 167 
208 66 
205 178 
205 175 
205 178 
205 175 
205 178 
205 178 
425 338 
252 413 
211 175 
205 178 
205 178 
205 178 
205 178 
660 167 
205 181 
208 178 
205 178 
205 175 
309 178 
208 178 
205 178 
205 175 
205 178 
250 479 
529 600 
336 175 
205 178 
208 164 
205 178 
202 164 
583 167 
208 175 
205 167 
205 178 
205 167 
205 164 
208 167 
205 164 
208 167 
205 167 
184 175 
208 167 
205 164 
205 170 
208 167 
205 167 
208 167 
488 170 
194 167 
205 175 
202 164 
205 181 
205 167 
205 178 
205 167 
205 178 
202 167 
205 175 
205 170 
205 178 
205 178 
208 178 
728 588 
181 1004 
178 175 
205 175 
202 178 
181 178 
205 175 
164 170 
205 178 
208 178 
208 175 
205 175 
205 178 
205 178 
205 499 
363 66 
586 167 
202 178 
208 164 
369 167 
208 178 
194 164 
205 178 
208 164 
202 175 
205 167 
205 175 
202 170 
205 178 
273 175 
205 167 
205 167 
205 167 
208 164 
194 164 
202 178 
306 170 
205 164 
208 167 
205 167 
894 178 
202 170 
205 178 
205 170 
202 175 
208 167 
205 175 
208 167 
205 175 
208 167 
205 175 
208 167 
208 178 
259 170 
205 178 
178 164 
202 178 
820 178 
205 178 
205 178 
205 178 
202 178 
178 178 
205 175 
205 178 
202 167 
202 633 
205 478 
208 178 
205 170 
208 178 
205 167 
208 178 
205 167 
731 178 
1049 588 
176 161 
205 175 
202 164 
202 170 
205 167 
208 167 
208 167 
297 178 
208 178 
205 167 
205 170 
194 167 
208 164 
205 164 
205 181 
674 178 
178 181 
208 164 
202 167 
205 178 
208 167 
205 175 
205 167 
205 178 
208 167 
205 175 
208 170 
208 178 
205 178 
205 178 
205 175 
205 178 
624 178 
205 175 
202 181 
208 175 
205 178 
208 178 
205 178 
205 178 
205 178 
208 178 
205 175 
303 351 
381 354 
205 175 
194 164 
205 178 
208 164 
529 178 
205 178 
208 164 
202 175 
398 312 
363 948 
205 164 
208 167 
205 167 
208 167 
205 167 
208 167 
202 164 
208 167 
205 167 
208 167 
205 164 
475 178 
194 167 
208 164 
194 164 
202 178 
205 167 
205 181 
205 167 
205 181 
1631 577 
0 0 
318 259 
205 175 
205 175 
205 178 
202 178 
205 178 
624 178 
208 178 
205 178 
205 178 
202 175 
205 178 
205 178 
208 199 
205 178 
202 167 
208 178 
205 167 
205 178 
194 164 
202 175 
205 167 
205 178 
205 69 
208 178 
205 175 
389 407 
312 556 
252 175 
194 167 
205 175 
208 167 
205 175 
202 164 
205 175 
202 167 
205 178 
205 167 
205 167 
208 167 
232 178 
208 167 
205 167 
208 167 
841 170 
205 167 
205 181 
205 167 
205 181 
208 164 
205 175 
208 170 
208 167 
205 175 
208 167 
205 178 
205 178 
187 178 
205 178 
208 178 
205 178 
752 170 
208 175 
205 178 
208 175 
205 178 
205 178 
205 178 
205 178 
205 178 
600 776 
238 451 
205 178 
194 164 
202 175 
205 167 
205 175 
202 170 
693 170 
205 175 
398 273 
348 859 
208 170 
205 167 
208 167 
208 167 
205 167 
181 178 
208 167 
202 77 
205 167 
205 181 
228 167 
205 167 
208 167 
630 170 
208 164 
202 178 
205 167 
205 181 
205 167 
205 178 
205 170 
205 178 
208 178 
205 181 
205 178 
205 178 
202 178 
205 178 
202 175 
205 178 
568 170 
208 178 
202 178 
205 175 
205 178 
208 175 
205 175 
205 178 
205 178 
205 178 
205 178 
205 178 
205 178 
205 178 
202 167 
208 178 
205 167 
523 170 
208 178 
1228 348 
763 178 
170 164 
194 167 
205 175 
202 164 
205 178 
205 164 
208 167 
170 66 
205 164 
208 167 
205 164 
208 485 
250 454 
190 205 
190 175 
208 170 
205 175 
208 167 
205 175 
208 167 
205 175 
208 167 
205 175 
208 167 
487 499 
202 659 
178 175 
205 181 
205 178 
205 181 
351 167 
208 178 
202 178 
208 178 
205 178 
205 175 
205 178 
208 175 
205 178 
178 178 
205 178 
205 178 
205 178 
205 178 
205 178 
205 175 
205 178 
280 170 
205 164 
205 170 
208 167 
856 178 
205 175 
145 77 
194 167 
321 1121 
178 665 
853 178 
205 178 
205 167 
205 175 
202 170 
205 178 
205 167 
176 170 
205 178 
205 170 
205 178 
781 178 
202 170 
205 178 
205 170 
205 178 
205 167 
205 175 
208 167 
205 175 
208 167 
208 178 
208 178 
205 178 
205 178 
205 178 
205 178 
205 178 
728 178 
205 178 
205 178 
208 187 
205 178 
205 170 
205 178 
205 167 
496 752 
205 178 
205 167 
208 178 
205 167 
208 178 
205 167 
208 175 
205 170 
683 178 
205 175 
208 164 
205 178 
205 167 
205 178 
205 167 
268 295 
430 452 
217 175 
205 167 
205 178 
208 164 
205 178 
205 170 
205 178 
205 170 
594 178 
208 164 
208 175 
208 178 
202 178 
205 164 
205 175 
208 167 
208 167 
573 167 
205 181 
208 175 
202 181 
205 178 
205 181 
205 175 
205 178 
514 178 
205 178 
205 178 
205 77 
205 178 
134 77 
208 178 
202 167 
208 178 
205 167 
208 178 
205 167 
208 178 
205 167 
208 178 
205 167 
208 175 
443 178 
194 167 
205 175 
202 164 
205 178 
205 167 
205 178 
820 342 
452 743 
562 178 
205 164 
205 175 
178 261 
205 167 
205 164 
208 167 
205 167 
374 178 
799 175 
885 238 
208 167 
205 178 
208 167 
208 178 
205 170 
202 175 
208 167 
205 175 
208 167 
208 178 
205 181 
205 178 
205 178 
205 178 
312 178 
205 178 
205 178 
208 178 
880 170 
205 178 
205 175 
205 178 
202 167 
208 178 
205 167 
208 178 
205 167 
208 178 
205 167 
208 178 
205 167 
211 178 
205 80 
205 178 
80 77 
69 66 
205 178 
194 167 
205 175 
1283 318 
416 348 
176 170 
205 181 
205 167 
205 181 
371 368 
439 241 
205 167 
205 167 
208 167 
208 164 
194 164 
719 170 
205 181 
205 164 
202 167 
205 178 
208 167 
205 175 
208 167 
205 175 
205 178 
205 178 
205 178 
208 178 
205 175 
205 178 
205 178 
205 178 
672 170 
208 178 
202 175 
205 175 
205 178 
205 178 
205 178 
309 282 
458 574 
167 167 
205 167 
205 178 
205 175 
205 170 
208 175 
205 170 
208 167 
592 170 
208 164 
205 178 
205 178 
205 167 
205 178 
208 164 
205 178 
205 167 
205 178 
202 167 
205 170 
208 170 
362 256 
647 164 
181 178 
205 167 
538 170 
208 164 
205 181 
208 164 
208 178 
178 175 
205 181 
205 178 
205 181 
205 178 
205 178 
205 175 
205 178 
205 178 
205 178 
202 178 
208 178 
458 170 
208 178 
205 300 
208 175 
205 175 
205 178 
205 178 
205 178 
167 170 
170 167 
202 164 
205 178 
205 178 
205 170 
208 178 
205 170 
181 167 
416 170 
205 175 
205 164 
205 170 
205 167 
208 167 
208 167 
205 164 
208 167 
205 164 
255 333 
772 808 
178 181 
205 167 
205 181 
870 285 
181 178 
208 164 
205 175 
202 178 
202 181 
903 178 
202 170 
208 167 
208 167 
208 164 
202 178 
208 178 
202 178 
208 178 
205 178 
205 181 
205 178 
205 178 
250 170 
205 178 
205 178 
205 178 
832 178 
205 178 
205 178 
205 178 
205 178 
205 178 
205 175 
205 178 
202 167 
208 178 
170 167 
205 170 
208 175 
179 170 
205 178 
205 178 
202 170 
749 178 
205 178 
205 167 
205 178 
208 164 
205 178 
205 167 
205 178 
202 167 
205 170 
205 170 
615 650 
338 167 
225 167 
208 167 
205 178 
208 167 
704 178 
205 181 
208 164 
205 175 
208 170 
202 175 
208 167 
244 508 
894 167 
407 178 
208 175 
205 178 
205 175 
205 178 
205 178 
360 749 
181 666 
205 178 
205 178 
205 178 
205 178 
205 178 
205 178 
205 178 
205 175 
205 178 
202 167 
167 167 
205 178 
194 164 
202 175 
205 167 
205 178 
205 167 
535 178 
202 164 
205 178 
205 178 
205 167 
205 167 
208 167 
205 167 
208 167 
205 167 
208 167 
205 164 
208 167 
205 167 
208 167 
205 178 
208 167 
496 178 
208 175 
205 175 
205 178 
439 167 
246 256 
211 167 
205 175 
208 167 
208 178 
205 178 
208 178 
205 178 
205 178 
205 175 
205 178 
205 175 
392 178 
205 178 
205 178 
205 178 
202 175 
208 175 
205 178 
208 175 
205 175 
205 178 
205 178 
202 167 
205 178 
205 170 
208 178 
205 170 
205 175 
365 178 
259 261 
455 196 
202 164 
194 164 
205 178 
208 164 
205 178 
205 167 
205 178 
202 167 
205 170 
205 167 
208 167 
208 167 
208 178 
208 170 
285 178 
208 167 
205 178 
208 167 
856 170 
205 181 
208 175 
205 181 
669 404 
838 158 
178 178 
205 181 
202 178 
205 181 
205 178 
205 178 
202 77 
205 178 
208 178 
208 178 
205 178 
773 170 
208 175 
205 178 
205 178 
205 178 
205 175 
205 175 
205 178 
202 167 
208 178 
205 167 
208 175 
205 170 
208 167 
205 167 
208 167 
205 164 
731 170 
205 175 
205 167 
205 175 
205 167 
205 167 
208 170 
205 178 
205 170 
208 178 
205 167 
202 167 
205 170 
208 178 
205 178 
205 167 
208 175 
556 363 
668 285 
695 178 
217 167 
205 178 
202 178 
205 178 
208 175 
202 181 
205 178 
205 178 
342 357 
975 164 
514 178 
205 178 
205 178 
205 178 
577 170 
208 178 
202 175 
208 175 
205 178 
208 175 
205 175 
205 175 
205 167 
208 175 
205 167 
208 178 
241 178 
205 178 
205 167 
205 167 
208 167 
488 170 
194 167 
208 167 
205 167 
208 167 
205 164 
208 167 
188 318 
170 360 
657 178 
208 170 
205 167 
208 167 
208 167 
205 178 
208 167 
205 175 
419 170 
208 193 
205 164 
205 181 
205 175 
208 178 
202 178 
205 178 
205 178 
202 178 
205 178 
202 178 
205 178 
205 175 
205 178 
205 175 
639 354 
933 178 
205 175 
205 178 
202 178 
205 175 
205 211 
205 175 
205 175 
205 178 
205 178 
205 175 
205 178 
205 167 
1572 339 
678 178 
167 167 
205 178 
274 167 
208 170 
208 167 
205 167 
891 178 
205 175 
205 167 
205 211 
205 167 
205 161 
194 164 
202 181 
211 164 
208 175 
202 164 
205 178 
205 170 
226 170 
208 181 
205 167 
178 178 
805 178 
205 178 
205 178 
205 181 
205 178 
205 178 
175 193 
208 178 
202 178 
205 178 
205 178 
202 178 
208 178 
202 178 
271 354 
238 357 
208 178 
713 178 
205 178 
205 178 
208 175 
205 175 
205 178 
205 178 
202 167 
205 178 
205 170 
208 178 
205 167 
205 167 
208 167 
205 164 
208 167 
205 167 
683 178 
205 175 
208 164 
205 178 
205 167 
211 178 
205 167 
205 181 
205 167 
205 181 
205 167 
980 571 
193 1093 
145 77 
208 178 
208 178 
202 178 
570 178 
202 178 
205 175 
205 178 
202 178 
205 178 
205 178 
208 178 
205 184 
178 178 
205 181 
208 175 
205 178 
205 178 
205 178 
205 178 
205 921 
1688 262 
603 175 
205 178 
208 178 
205 175 
205 175 
205 178 
202 167 
208 178 
205 167 
208 178 
205 170 
208 178 
205 170 
194 167 
208 164 
194 167 
481 178 
194 167 
205 175 
202 164 
205 178 
205 167 
205 178 
202 167 
205 170 
208 170 
205 167 
208 167 
208 167 
205 178 
208 167 
205 175 
205 164 
763 565 
389 493 
208 175 
205 170 
205 167 
205 175 
208 167 
208 178 
205 178 
205 178 
208 178 
205 178 
205 178 
205 178 
205 175 
205 178 
205 178 
336 178 
443 588 
250 167 
452 178 
297 244 
208 178 
170 161 
194 164 
205 178 
202 164 
205 178 
208 125 
208 175 
205 178 
205 167 
205 167 
208 167 
232 178 
205 167 
208 167 
205 167 
835 170 
205 178 
205 167 
205 178 
202 167 
205 167 
208 167 
205 167 
208 167 
208 178 
208 170 
205 178 
208 164 
211 175 
205 175 
205 181 
208 175 
746 167 
205 178 
202 178 
205 178 
205 178 
208 178 
205 178 
205 181 
205 178 
205 178 
205 175 
208 178 
205 178 
205 178 
208 175 
205 74 
297 288 
375 699 
431 178 
205 175 
208 178 
205 170 
208 175 
194 164 
202 175 
208 164 
205 178 
205 167 
205 178 
205 167 
205 175 
202 170 
205 178 
205 167 
592 170 
208 164 
202 178 
205 167 
205 175 
202 167 
205 175 
457 651 
226 853 
431 178 
205 167 
205 178 
208 167 
205 175 
208 167 
205 178 
208 170 
541 170 
205 175 
208 181 
205 175 
205 175 
181 74 
208 178 
205 178 
181 178 
205 178 
202 178 
208 178 
205 178 
205 175 
205 178 
205 178 
205 178 
482 170 
761 603 
294 1022 
437 178 
205 175 
208 175 
205 178 
205 164 
205 178 
208 164 
205 178 
178 178 
205 167 
205 178 
202 170 
208 178 
205 167 
384 170 
205 167 
205 167 
205 170 
205 167 
208 167 
208 167 
205 167 
208 167 
205 167 
208 167 
208 178 
208 170 
205 178 
205 170 
202 175 
208 167 
336 170 
208 167 
205 175 
208 167 
912 178 
205 811 
755 485 
184 178 
208 178 
205 178 
205 178 
205 175 
205 178 
363 520 
698 178 
217 181 
205 175 
235 170 
205 178 
202 167 
208 178 
856 178 
205 178 
205 178 
241 354 
1165 175 
669 167 
205 178 
205 167 
205 167 
208 167 
205 167 
208 167 
205 164 
211 170 
205 77 
205 175 
208 164 
743 178 
205 86 
191 167 
205 175 
208 164 
202 178 
205 167 
205 181 
205 167 
205 181 
205 167 
205 178 
202 170 
205 178 
205 167 
205 175 
205 170 
701 178 
205 178 
202 178 
205 178 
202 77 
205 175 
205 178 
208 178 
205 178 
202 178 
205 178 
205 178 
205 178 
205 178 
205 167 
205 175 
205 167 
627 178 
205 175 
211 1447 
428 371 
606 770 
752 178 
205 175 
208 164 
205 178 
205 167 
205 178 
205 167 
205 175 
202 170 
205 178 
205 167 
205 167 
579 178 
208 170 
208 514 
208 883 
170 253 
205 167 
208 167 
205 167 
208 167 
208 178 
208 170 
205 178 
205 170 
202 175 
208 167 
205 175 
208 167 
496 178 
208 175 
205 175 
205 181 
208 175 
202 181 
205 178 
205 178 
202 178 
205 178 
202 178 
205 178 
205 178 
205 178 
205 178 
205 167 
205 175 
440 178 
205 178 
194 167 
202 178 
202 167 
208 178 
202 164 
205 178 
582 371 
648 324 
892 167 
208 167 
208 167 
205 167 
208 167 
205 164 
178 175 
306 178 
205 167 
205 161 
194 167 
205 74 
205 164 
194 164 
202 77 
205 178 
205 167 
205 181 
208 164 
205 178 
205 170 
205 178 
205 170 
205 178 
261 178 
208 167 
205 175 
208 167 
856 167 
205 178 
615 365 
609 532 
208 178 
202 175 
208 175 
205 181 
208 175 
205 178 
208 178 
205 178 
205 178 
214 178 
202 167 
208 178 
205 167 
779 170 
205 178 
205 167 
205 178 
205 167 
205 175 
600 282 
375 268 
176 167 
205 167 
208 167 
205 164 
181 178 
208 167 
205 167 
205 170 
205 167 
699 170 
205 446 
264 490 
173 167 
179 167 
416 167 
208 164 
202 178 
208 164 
205 181 
205 164 
205 181 
205 167 
205 181 
211 178 
205 178 
205 178 
642 167 
205 181 
208 175 
202 181 
205 178 
205 181 
205 178 
205 178 
202 178 
205 178 
131 77 
205 178 
208 178 
63 66 
205 178 
77 205 
205 178 
595 170 
205 178 
202 164 
205 175 
202 167 
205 178 
205 170 
770 781 
663 597 
167 167 
205 167 
205 167 
232 282 
295 164 
217 181 
205 167 
205 167 
491 170 
194 167 
205 175 
202 164 
205 181 
205 167 
205 178 
205 170 
238 66 
208 164 
202 178 
205 167 
205 181 
205 66 
208 178 
208 175 
205 181 
455 167 
208 175 
205 175 
205 178 
205 175 
205 178 
202 178 
205 178 
205 178 
208 178 
205 178 
205 178 
205 178 
205 178 
208 175 
205 178 
205 178 
375 167 
205 178 
202 164 
205 178 
205 167 
205 178 
205 167 
205 175 
202 170 
205 178 
205 167 
205 167 
240 375 
271 642 
208 178 
202 66 
208 63 
286 167 
66 74 
205 164 
205 178 
885 178 
202 170 
208 181 
205 167 
205 167 
208 167 
208 167 
205 178 
208 167 
205 175 
208 161 
645 344 
184 178 
520 164 
205 178 
202 178 
205 178 
832 178 
208 175 
202 178 
205 178 
205 178 
205 178 
202 178 
205 178 
205 175 
178 178 
205 178 
205 178 
205 170 
835 178 
205 178 
66 202 
205 178 
752 178 
205 175 
202 167 
205 178 
205 170 
208 178 
205 170 
208 178 
205 167 
205 175 
202 170 
393 401 
458 178 
205 167 
208 167 
205 164 
208 167 
648 178 
205 167 
205 178 
205 167 
205 178 
205 170 
205 178 
205 167 
205 175 
205 170 
202 175 
208 167 
205 175 
116 167 
205 167 
205 178 
202 178 
600 178 
202 178 
205 175 
205 178 
202 178 
205 178 
205 178 
208 178 
205 178 
205 178 
205 178 
205 178 
208 175 
202 178 
574 375 
348 374 
208 175 
535 178 
205 178 
178 178 
205 167 
208 175 
597 175 
1165 252 
461 913 
167 167 
205 167 
205 167 
205 170 
205 161 
194 167 
208 164 
194 164 
249 401 
185 336 
306 164 
202 164 
208 164 
170 175 
208 164 
208 175 
208 164 
208 175 
208 164 
202 178 
205 167 
205 178 
205 167 
205 178 
205 170 
205 178 
368 178 
208 167 
211 167 
205 178 
208 175 
202 181 
205 178 
205 181 
205 175 
205 178 
205 178 
205 178 
208 175 
205 175 
205 178 
205 178 
205 178 
330 178 
205 178 
205 170 
208 178 
904 170 
205 178 
202 170 
208 175 
205 167 
205 167 
208 167 
205 167 
208 167 
205 167 
208 167 
205 167 
695 1138 
748 606 
167 170 
205 175 
205 167 
800 170 
205 167 
205 178 
205 170 
205 178 
205 167 
505 151 
404 511 
437 167 
205 167 
205 181 
211 178 
205 178 
199 178 
205 178 
202 178 
205 178 
776 167 
205 178 
205 178 
202 181 
208 175 
205 181 
208 175 
205 178 
205 178 
205 167 
205 178 
205 167 
208 178 
205 167 
208 178 
205 167 
208 175 
696 170 
205 178 
205 164 
205 175 
202 170 
205 178 
205 167 
205 167 
208 170 
208 178 
205 170 
208 178 
205 167 
205 175 
202 170 
205 1477 
208 470 
318 178 
205 170 
178 178 
205 181 
202 164 
205 181 
208 164 
205 178 
205 170 
205 178 
181 175 
208 164 
202 178 
178 175 
173 271 
208 175 
178 178 
621 178 
178 178 
214 178 
208 178 
205 199 
190 187 
178 175 
208 178 
205 178 
208 178 
205 175 
734 333 
609 511 
208 178 
205 164 
208 178 
194 164 
473 167 
208 178 
202 164 
205 178 
208 164 
205 178 
205 167 
205 178 
205 167 
205 178 
202 170 
205 175 
205 167 
205 167 
249 175 
202 167 
205 178 
416 170 
205 167 
205 161 
812 823 
380 407 
190 175 
208 164 
202 178 
199 202 
208 167 
205 175 
205 167 
205 178 
208 167 
205 175 
1402 178 
1530 175 
181 178 
208 175 
205 175 
205 181 
175 77 
202 181 
181 178 
208 77 
205 178 
205 178 
205 175 
205 178 
208 175 
205 178 
205 178 
167 167 
205 167 
256 167 
205 178 
205 167 
208 178 
856 178 
205 175 
205 167 
205 167 
208 167 
205 167 
208 161 
194 167 
205 178 
205 167 
205 178 
202 167 
205 178 
205 170 
208 178 
202 167 
205 170 
758 178 
202 170 
535 500 
196 671 
208 164 
194 164 
202 178 
205 164 
1090 164 
490 689 
538 167 
211 175 
208 178 
202 181 
205 175 
205 178 
205 178 
698 178 
202 181 
205 178 
181 208 
205 175 
205 178 
205 178 
208 178 
208 175 
205 175 
205 178 
205 178 
205 178 
205 178 
205 178 
205 178 
205 175 
648 178 
205 175 
208 164 
205 178 
205 167 
167 167 
202 167 
205 175 
164 178 
167 175 
205 164 
205 167 
205 175 
205 167 
205 167 
208 167 
205 167 
573 178 
202 164 
181 175 
202 178 
184 178 
232 164 
202 170 
208 167 
419 1084 
181 853 
181 190 
184 315 
463 170 
181 178 
205 181 
208 178 
202 178 
493 181 
205 178 
164 214 
181 178 
178 175 
205 178 
181 170 
205 170 
181 178 
467 175 
178 202 
764 178 
330 175 
297 208 
181 175 
170 283 
205 175 
167 170 
178 164 
214 175 
202 167 
170 246 
205 170 
194 167 
202 164 
202 170 
202 170 
205 170 
205 181 
205 167 
194 167 
194 164 
205 164 
202 170 
365 178 
205 170 
208 170 
194 167 
202 164 
178 175 
217 167 
184 187 
178 178 
178 178 
208 164 
609 362 
615 208 
383 175 
205 175 
181 178 
214 297 
178 178 
208 164 
208 175 
178 175 
178 170 
205 178 
211 178 
178 178 
170 164 
324 187 
306 178 
181 990 
392 327 
793 184 
235 175 
181 288 
178 178 
262 208 
170 208 
181 187 
167 173 
832 280 
167 167 
181 178 
170 164 
178 184 
170 175 
167 193 
363 208 
208 178 
167 170 
258 178 
467 1242 
954 1272 
0 0 
208 164 
178 190 
217 170 
728 170 
178 181 
205 181 
193 175 
205 178 
208 178 
202 178 
205 178 
181 175 
202 178 
208 181 
778 256 
951 363 
609 178 
220 175 
202 181 
208 175 
208 175 
208 178 
173 164 
205 175 
208 175 
178 178 
178 164 
205 178 
178 178 
205 178 
205 181 
205 175 
167 217 
202 178 
205 178 
205 164 
205 167 
205 167 
170 164 
205 178 
170 164 
205 164 
205 167 
205 167 
202 170 
202 167 
181 178 
205 164 
178 178 
205 178 
235 175 
205 164 
167 175 
178 178 
181 184 
386 184 
205 170 
205 170 
205 167 
184 178 
208 243 
208 167 
208 167 
181 178 
181 181 
205 817 
737 357 
368 178 
208 164 
202 178 
208 178 
440 208 
208 208 
178 178 
205 178 
211 178 
1988 178 
0 0 
205 178 
205 178 
422 175 
178 178 
205 175 
205 170 
214 178 
167 170 
205 178 
178 167 
387 167 
208 178 
205 178 
205 181 
173 167 
568 181 
167 170 
205 175 
167 170 
300 205 
164 181 
208 173 
205 167 
205 77 
205 164 
205 178 
205 164 
330 167 
194 167 
205 175 
208 164 
900 178 
202 170 
205 178 
205 170 
178 175 
205 175 
205 164 
205 181 
205 175 
208 178 
202 178 
493 199 
490 353 
775 178 
205 178 
175 167 
205 181 
205 178 
178 167 
205 175 
205 178 
178 178 
181 178 
205 178 
205 184 
202 178 
205 175 
205 178 
208 178 
205 175 
170 170 
205 175 
205 178 
205 175 
167 167 
208 178 
205 170 
205 167 
1130 173 
1210 1489 
0 0 
202 440 
208 167 
208 164 
202 181 
211 164 
208 175 
202 164 
205 178 
205 170 
178 175 
651 178 
205 164 
205 181 
205 167 
205 178 
181 178 
205 167 
208 167 
205 178 
208 167 
205 175 
208 170 
205 178 
184 799 
244 832 
695 229 
205 181 
594 178 
208 181 
202 178 
208 178 
205 178 
208 178 
202 175 
205 175 
205 178 
205 178 
208 178 
208 175 
205 184 
211 256 
208 178 
170 167 
170 170 
743 178 
170 164 
194 167 
194 164 
222 170 
176 164 
211 167 
178 211 
205 167 
612 77 
170 167 
190 211 
178 178 
636 175 
205 170 
205 170 
208 170 
475 178 
194 167 
178 175 
205 181 
344 229 
205 167 
205 175 
178 178 
208 164 
303 175 
208 164 
205 178 
561 199 
493 175 
790 244 
205 178 
208 175 
383 178 
205 178 
170 164 
832 178 
449 164 
211 181 
205 178 
208 178 
205 178 
253 178 
208 178 
205 167 
208 181 
615 164 
205 178 
202 167 
208 178 
336 178 
205 178 
205 164 
202 178 
145 77 
205 161 
194 167 
205 178 
205 167 
205 178 
205 167 
205 175 
202 170 
170 167 
205 167 
167 175 
202 164 
285 178 
205 167 
205 175 
202 164 
850 247 
202 170 
193 178 
208 288 
205 175 
178 178 
208 175 
205 181 
205 77 
202 178 
178 178 
205 178 
205 175 
205 178 
205 178 
202 178 
223 354 
1569 193 
208 211 
208 175 
202 175 
214 178 
202 178 
181 178 
205 175 
232 297 
205 178 
202 164 
205 175 
205 182 
773 161 
208 175 
194 461 
571 671 
173 164 
167 167 
170 170 
208 170 
178 175 
202 170 
208 167 
191 167 
202 208 
205 167 
205 164 
202 170 
205 167 
202 167 
202 170 
208 161 
205 175 
184 178 
208 164 
205 199 
181 184 
211 178 
178 178 
181 178 
208 178 
208 77 
208 175 
202 178 
208 178 
208 178 
181 178 
205 178 
181 170 
208 178 
550 170 
787 1144 
205 380 
181 211 
285 178 
181 178 
205 178 
205 178 
205 178 
205 175 
205 178 
205 164 
202 170 
205 170 
208 167 
205 170 
205 170 
491 170 
208 178 
194 164 
202 164 
205 164 
181 175 
170 167 
211 173 
205 167 
208 164 
202 170 
202 167 
208 167 
208 167 
184 175 
205 164 
191 66 
387 199 
194 167 
194 164 
181 178 
181 178 
208 181 
202 181 
267 826 
588 178 
202 178 
181 178 
178 167 
178 178 
205 178 
167 164 
181 214 
178 178 
473 170 
178 178 
205 178 
167 167 
205 178 
844 178 
422 609 
1361 178 
181 178 
208 178 
202 175 
205 178 
170 167 
205 178 
205 175 
205 178 
202 175 
274 170 
173 167 
208 167 
208 167 
891 178 
205 175 
167 164 
205 175 
164 167 
205 164 
214 167 
202 164 
202 167 
181 181 
202 181 
202 181 
205 178 
909 178 
205 167 
202 167 
208 167 
793 178 
205 164 
202 167 
205 175 
205 178 
181 178 
205 181 
208 175 
184 178 
205 178 
205 178 
205 178 
205 178 
205 175 
205 178 
202 178 
205 178 
725 178 
205 178 
1192 342 
386 386 
181 184 
190 77 
205 164 
173 69 
208 77 
330 175 
205 178 
208 178 
205 175 
205 178 
202 170 
208 164 
597 374 
437 184 
205 178 
202 164 
205 178 
178 178 
208 170 
205 178 
208 164 
205 175 
205 170 
208 178 
202 167 
205 170 
208 170 
208 167 
205 167 
208 167 
603 178 
187 164 
205 178 
208 80 
208 161 
208 175 
178 178 
205 181 
175 77 
202 178 
205 181 
208 175 
205 181 
205 178 
202 181 
205 178 
205 178 
514 178 
208 178 
202 178 
205 77 
205 175 
473 1141 
256 164 
591 167 
208 178 
205 178 
205 175 
205 178 
205 178 
232 178 
202 167 
205 178 
205 170 
419 178 
194 164 
208 164 
208 164 
208 164 
208 164 
208 164 
178 178 
375 752 
228 327 
167 66 
205 175 
205 164 
77 77 
205 167 
205 170 
208 167 
374 178 
208 170 
208 164 
205 178 
971 2021 
0 0 
318 167 
570 178 
205 211 
734 175 
208 167 
205 175 
187 178 
181 178 
181 178 
202 196 
205 178 
294 178 
205 178 
205 178 
178 178 
184 178 
167 164 
731 181 
205 178 
167 164 
181 1034 
630 336 
315 208 
205 178 
226 175 
202 184 
205 175 
208 178 
211 178 
202 164 
205 178 
205 175 
826 211 
208 167 
178 175 
208 178 
205 167 
167 167 
170 167 
208 164 
170 214 
208 167 
452 178 
205 164 
205 170 
196 226 
187 214 
223 181 
167 176 
234 184 
179 179 
194 164 
240 178 
208 178 
178 214 
849 184 
190 176 
214 173 
184 214 
220 176 
178 178 
184 214 
193 176 
208 164 
217 167 
190 181 
211 173 
193 217 
181 187 
190 184 
181 181 
1673 2606 
0 0 
463 431 
265 413 
181 187 
383 178 
190 211 
562 178 
648 234 
187 187 
214 243 
208 187 
618 184 
187 184 
173 170 
211 181 
208 190 
184 187 
190 184 
211 184 
217 184 
184 187 
214 184 
208 184 
211 184 
818 184 
211 181 
170 167 
214 184 
211 184 
208 211 
205 211 
176 170 
205 167 
356 175 
193 178 
243 181 
193 211 
187 184 
184 184 
181 232 
211 173 
829 190 
469 184 
208 173 
181 181 
208 176 
267 190 
208 181 
211 173 
211 176 
208 184 
220 181 
208 181 
832 1076 
600 217 
363 170 
167 181 
211 181 
208 175 
190 187 
205 184 
190 181 
612 190 
211 184 
187 170 
211 184 
211 181 
205 181 
170 176 
194 167 
1616 633 
0 0 
794 184 
182 214 
170 190 
208 170 
184 178 
270 181 
363 586 
249 297 
217 187 
392 178 
176 170 
211 184 
181 173 
178 187 
214 167 
184 181 
181 190 
181 181 
181 175 
187 170 
220 167 
686 181 
184 175 
184 178 
202 181 
178 175 
205 175 
178 178 
181 181 
170 167 
181 178 
211 187 
214 181 
205 181 
208 181 
211 181 
187 181 
719 615 
1212 175 
178 164 
190 181 
220 181 
181 184 
205 178 
149 86 
170 170 
181 167 
187 181 
440 217 
181 181 
428 178 
208 181 
208 184 
170 170 
199 232 
184 181 
208 167 
185 181 
170 170 
442 181 
170 170 
208 167 
184 170 
389 178 
211 170 
181 178 
178 178 
208 178 
211 170 
187 164 
223 184 
181 181 
199 167 
211 184 
270 184 
205 178 
327 220 
410 549 
208 187 
184 193 
181 190 
253 211 
178 181 
214 170 
190 178 
303 211 
217 214 
181 178 
193 184 
176 184 
303 389 
440 178 
395 217 
211 175 
184 190 
190 954 
170 173 
241 181 
167 173 
511 181 
208 178 
223 181 
205 178 
205 187 
182 170 
256 194 
214 208 
170 167 
315 167 
398 170 
170 170 
181 181 
184 181 
565 167 
181 181 
184 170 
179 184 
178 181 
173 176 
184 167 
701 181 
211 176 
181 258 
767 211 
208 170 
181 184 
205 205 
683 175 
211 167 
214 318 
184 175 
208 187 
217 179 
303 175 
211 181 
773 173 
285 187 
178 184 
205 181 
214 184 
181 167 
387 339 
318 353 
657 214 
211 178 
208 193 
181 184 
256 167 
208 187 
214 181 
220 187 
184 187 
173 181 
208 184 
386 306 
193 309 
223 181 
170 170 
208 181 
190 196 
202 217 
187 202 
178 181 
225 178 
229 214 
176 187 
228 175 
211 184 
841 217 
211 184 
184 178 
184 184 
214 170 
184 187 
674 181 
220 187 
184 234 
181 184 
211 181 
205 181 
214 173 
1004 550 
1185 214 
211 176 
181 181 
761 170 
211 173 
184 184 
211 220 
211 184 
181 184 
211 190 
187 187 
208 181 
184 190 
214 187 
184 190 
184 190 
208 178 
208 184 
190 725 
375 170 
256 167 
208 190 
208 181 
208 190 
211 187 
211 193 
211 190 
211 181 
181 193 
770 170 
211 181 
170 167 
211 170 
173 181 
205 178 
173 181 
208 187 
187 176 
249 217 
178 205 
228 187 
208 173 
208 184 
187 225 
208 170 
333 556 
288 353 
184 184 
65535 176 
0 0 
0 0 
0 0 
0 0 
0 0 
0 0 
0 0 
0 0 
0 0 
0 0 
0 0 
0 0 
0 0 
0 0 
0 0 
0 0 
0 0 
0 0 
0 0 
0 0 
0 0 
0 0 
0 0 
0 0 
0 0 
0 0 
0 0 
0 0 
0 0 
0 0 
0 0 
829 214 
401 184 
176 179 
211 143 
211 181 
184 178 
211 184 
211 187 
381 187 
205 187 
208 262 
208 184 
211 190 
222 187 
208 190 
208 187 
214 178 
214 190 
214 184 
211 190 
211 179 
208 187 
205 190 
208 187 
211 170 
208 181 
208 187 
214 176 
208 187 
912 223 
211 179 
208 184 
187 178 
214 196 
170 184 
217 190 
220 1430 
1269 485 
440 288 
190 181 
223 175 
455 170 
262 167 
208 181 
214 181 
208 190 
190 250 
393 880 
211 181 
630 181 
187 184 
187 184 
208 196 
214 190 
190 184 
181 181 
190 178 
181 178 
173 173 
303 173 
181 178 
232 178 
708 187 
253 190 
695 225 
211 184 
231 241 
214 170 
208 173 
211 181 
208 214 
214 173 
178 184 
211 173 
208 225 
217 173 
211 173 
211 170 
217 173 
211 199 
927 187 
217 170 
208 167 
211 178 
208 187 
844 532 
223 181 
214 181 
211 181 
208 173 
214 184 
208 187 
208 184 
211 184 
214 173 
223 187 
208 187 
677 187 
211 187 
214 181 
856 1046 
886 187 
565 187 
214 187 
211 187 
208 184 
214 187 
211 184 
211 190 
208 179 
211 187 
208 179 
176 170 
184 181 
573 178 
214 190 
374 324 
234 802 
353 437 
755 181 
181 184 
205 176 
214 181 
187 170 
187 170 
211 193 
208 176 
211 170 
211 181 
211 167 
214 173 
481 190 
217 167 
211 184 
211 178 
184 205 
181 187 
181 187 
217 184 
211 167 
181 181 
211 181 
211 184 
211 181 
170 184 
205 187 
291 181 
208 181 
214 181 
184 178 
211 184 
220 184 
214 184 
181 181 
167 184 
211 184 
217 187 
211 187 
179 378 
442 181 
561 187 
214 187 
185 181 
225 184 
190 170 
359 181 
211 173 
205 178 
202 190 
211 173 
184 179 
208 184 
178 178 
225 181 
318 176 
208 170 
211 173 
208 181 
211 173 
208 181 
208 182 
211 184 
276 187 
238 184 
211 173 
211 170 
877 345 
211 181 
520 196 
746 181 
211 181 
369 181 
217 181 
187 184 
208 214 
687 167 
220 267 
178 178 
193 181 
886 178 
184 187 
179 167 
205 181 
184 184 
181 181 
214 184 
211 184 
214 184 
208 184 
211 187 
217 178 
208 178 
273 353 
324 342 
208 187 
211 178 
211 184 
211 184 
208 173 
208 181 
705 187 
211 184 
222 181 
208 181 
208 173 
208 173 
211 173 
208 181 
211 181 
178 175 
214 173 
208 196 
199 167 
535 176 
205 181 
205 214 
190 187 
208 173 
181 199 
181 181 
181 181 
208 184 
476 178 
205 181 
184 170 
208 178 
170 164 
211 178 
208 184 
208 181 
205 285 
211 184 
173 173 
190 184 
181 184 
196 190 
211 181 
211 211 
214 193 
173 173 
184 181 
601 384 
184 766 
229 211 
182 178 
179 199 
170 170 
167 173 
1608 592 
0 0 
749 178 
178 170 
229 220 
190 211 
202 184 
184 181 
817 228 
401 208 
181 181 
208 208 
211 179 
187 184 
181 184 
