199 211 83 
258 187 178 
202 220 170 
193 181 184 
190 208 288 
318 983 1245 
187 187 184 
231 199 211 
479 190 184 
220 258 184 
190 208 181 
261 211 202 
190 211 234 
187 193 170 
170 167 170 
66 72 75 
66 173 170 
77 181 178 
80 178 273 
80 222 173 
66 208 170 
75 190 184 
86 193 187 
83 630 190 
80 401 187 
83 225 196 
89 283 214 
69 179 167 
72 202 187 
77 862 178 
86 214 249 
83 220 184 
83 173 173 
66 699 208 
69 208 220 
83 363 223 
83 181 187 
83 850 176 
77 181 214 
77 181 246 
66 170 170 
72 342 368 
66 259 170 
80 181 187 
83 217 253 
69 205 181 
80 220 190 
66 223 184 
86 187 273 
89 196 181 
83 226 199 
83 193 190 
77 232 208 
66 259 199 
69 187 173 
83 211 217 
77 86 86 
229 176 69 
208 176 229 
279 606 190 
173 170 170 
214 187 190 
193 211 187 
627 300 225 
217 182 170 
170 173 184 
170 167 176 
838 208 187 
199 181 178 
181 181 190 
187 184 181 
190 181 240 
184 187 181 
167 170 202 
713 214 181 
247 214 190 
187 184 193 
190 184 208 
190 178 181 
170 449 211 
702 208 178 
220 309 181 
303 178 181 
205 891 184 
205 170 1200 
181 211 220 
184 190 190 
208 181 196 
181 184 241 
181 184 190 
217 187 178 
190 211 181 
170 205 187 
170 237 181 
214 178 184 
268 458 178 
190 428 208 
683 362 431 
178 211 170 
176 211 184 
220 217 182 
202 187 187 
214 184 190 
211 234 187 
181 214 176 
188 217 190 
217 187 229 
600 187 903 
279 187 184 
178 181 181 
249 440 499 
181 187 217 
170 910 187 
170 568 214 
205 820 178 
894 187 187 
383 888 181 
184 170 338 
217 181 282 
318 303 214 
220 187 205 
223 232 190 
193 184 184 
627 526 208 
873 865 271 
167 167 173 
184 181 190 
184 187 181 
214 178 184 
208 211 190 
181 214 176 
170 220 181 
187 437 211 
190 214 187 
223 182 170 
184 193 187 
1075 645 615 
217 190 190 
187 181 196 
181 199 187 
288 184 187 
214 167 190 
179 187 190 
179 247 187 
217 190 187 
187 190 193 
220 211 179 
226 208 179 
659 193 199 
861 559 520 
196 187 220 
407 282 594 
208 214 217 
202 184 184 
184 181 220 
237 187 271 
208 211 184 
187 265 220 
300 282 220 
330 193 211 
404 184 184 
190 184 187 
184 282 184 
306 170 176 
176 170 217 
170 220 199 
217 202 214 
1251 1266 211 
184 178 196 
187 288 202 
318 282 285 
220 181 178 
211 208 187 
181 190 190 
184 190 184 
184 377 306 
173 170 184 
173 274 312 
214 258 187 
297 208 178 
190 196 297 
234 187 205 
193 187 176 
176 173 223 
170 187 256 
464 193 187 
443 181 199 
692 802 208 
870 178 181 
249 181 199 
178 279 193 
211 232 217 
205 187 187 
217 181 187 
187 214 167 
211 211 223 
173 232 184 
173 170 173 
241 225 223 
184 208 181 
157 238 83 
86 78 75 
80 170 187 
69 517 395 
69 211 181 
80 244 217 
86 211 211 
80 190 178 
83 225 187 
63 211 181 
66 184 178 
80 187 190 
80 187 181 
77 217 208 
80 704 211 
83 176 170 
83 187 193 
77 184 170 
80 817 190 
77 193 184 
86 181 184 
80 773 178 
74 211 179 
66 208 211 
63 214 181 
86 193 187 
83 217 220 
83 237 181 
75 167 170 
69 181 345 
63 220 181 
63 348 187 
83 205 190 
77 202 173 
77 190 170 
74 300 255 
69 167 188 
83 273 187 
80 202 178 
83 202 222 
83 217 214 
77 190 190 
77 92 77 
170 193 86 
184 187 214 
178 306 181 
178 217 190 
181 190 181 
356 419 223 
176 214 181 
208 187 190 
184 229 182 
178 205 184 
344 918 181 
457 187 187 
437 535 194 
181 184 181 
226 181 267 
214 193 229 
187 921 211 
170 187 173 
199 170 185 
874 573 211 
190 178 181 
187 181 226 
181 184 214 
184 850 220 
184 188 170 
191 176 167 
167 194 181 
211 570 184 
184 238 330 
261 303 181 
208 187 173 
176 265 234 
202 190 199 
223 205 199 
220 187 170 
205 187 184 
466 211 181 
188 181 181 
187 232 187 
181 181 181 
181 208 199 
208 181 187 
211 173 202 
211 220 217 
170 181 187 
211 226 196 
229 181 283 
187 184 181 
1165 1127 455 
232 888 184 
184 170 178 
253 226 226 
1031 1212 232 
184 184 184 
187 178 294 
187 184 217 
225 181 178 
170 170 176 
208 208 176 
184 190 187 
220 178 181 
336 329 449 
187 184 181 
279 184 193 
176 173 167 
173 199 285 
184 187 217 
184 232 211 
187 190 178 
190 181 220 
176 211 178 
176 318 181 
223 184 190 
217 390 179 
181 193 267 
217 176 199 
211 193 187 
176 179 176 
208 193 196 
187 190 190 
187 190 220 
181 190 184 
173 182 176 
176 303 187 
176 185 176 
190 651 193 
181 196 229 
253 176 173 
243 199 211 
167 208 181 
170 182 205 
229 202 241 
351 232 181 
181 202 187 
208 666 187 
179 211 312 
176 547 267 
170 176 223 
199 184 202 
369 452 285 
205 225 170 
208 984 211 
196 176 173 
182 217 279 
208 202 196 
176 187 235 
196 199 179 
178 211 190 
181 178 181 
170 170 170 
170 359 184 
713 2342 428 
223 796 181 
181 181 184 
184 190 184 
214 244 173 
173 199 167 
220 270 276 
181 187 187 
178 205 187 
223 222 202 
205 208 184 
167 211 202 
173 176 170 
193 187 178 
226 766 187 
214 173 187 
190 170 208 
173 173 193 
187 184 164 
170 470 252 
220 181 184 
193 181 184 
538 208 193 
187 181 184 
190 214 181 
170 208 184 
547 211 244 
208 234 187 
184 229 202 
312 86 74 
176 170 187 
335 529 374 
179 202 220 
187 232 170 
181 214 190 
199 240 184 
271 234 232 
214 695 226 
220 196 184 
523 208 187 
288 250 205 
181 229 190 
190 176 173 
77 86 83 
63 170 167 
83 223 181 
77 187 181 
80 258 181 
83 208 187 
86 214 226 
72 318 294 
92 193 184 
83 187 187 
80 187 190 
83 187 181 
77 208 170 
69 482 184 
83 187 217 
74 187 178 
80 187 190 
80 214 228 
80 211 280 
77 808 190 
66 190 170 
63 190 187 
66 217 190 
77 217 196 
77 176 179 
89 223 187 
89 223 184 
89 187 196 
86 214 184 
89 214 205 
92 659 565 
77 217 190 
77 335 229 
63 208 181 
72 173 187 
83 267 193 
80 190 187 
86 193 190 
86 231 181 
75 220 211 
75 220 187 
86 214 187 
83 187 193 
83 211 170 
83 179 268 
74 309 69 
220 184 211 
176 190 92 
223 211 176 
190 223 241 
190 190 181 
891 217 179 
173 185 173 
217 235 265 
271 170 179 
170 187 187 
193 181 214 
193 181 178 
246 184 181 
173 396 187 
220 214 181 
223 211 176 
229 173 223 
190 181 181 
193 176 294 
190 176 167 
193 176 182 
211 187 187 
187 508 208 
173 173 170 
196 187 178 
1298 211 773 
208 187 229 
187 190 187 
190 184 190 
187 190 228 
205 229 199 
181 184 184 
187 184 184 
176 179 176 
193 190 291 
181 214 184 
181 187 226 
1064 693 214 
187 184 184 
666 558 190 
170 193 173 
211 775 220 
187 184 181 
199 422 253 
187 332 190 
170 225 187 
823 217 220 
208 184 184 
181 196 193 
190 184 223 
181 181 205 
190 173 202 
222 181 181 
167 214 181 
214 362 187 
199 178 181 
193 252 178 
321 167 199 
184 193 181 
223 229 173 
173 205 83 
0 0 0 
0 0 0 
0 0 0 
184 252 190 
190 173 240 
170 176 199 
196 707 190 
446 684 205 
190 184 181 
190 576 184 
170 173 179 
170 984 225 
226 582 181 
211 300 309 
829 184 178 
1376 205 181 
173 253 181 
170 176 167 
199 273 178 
193 241 214 
282 193 184 
193 202 176 
231 217 184 
187 184 187 
176 214 181 
170 173 173 
214 187 252 
636 719 725 
220 179 271 
181 214 176 
167 173 173 
190 187 190 
482 187 190 
205 214 176 
214 234 181 
187 170 187 
205 220 220 
193 193 190 
193 196 190 
190 193 184 
770 202 517 
211 309 190 
170 173 185 
176 229 303 
220 211 208 
187 181 193 
199 190 184 
217 214 173 
184 193 181 
187 173 187 
280 187 181 
193 184 193 
170 190 247 
211 232 184 
211 179 179 
193 240 220 
173 229 232 
167 217 196 
223 877 214 
279 220 170 
176 217 187 
173 217 193 
208 205 181 
176 199 193 
220 279 211 
232 187 182 
817 333 286 
190 178 184 
176 1290 190 
208 190 190 
214 184 184 
184 208 193 
187 211 176 
199 184 220 
217 173 199 
258 187 217 
173 187 176 
187 196 187 
190 187 178 
306 873 401 
835 743 181 
243 333 187 
187 208 190 
190 181 181 
199 276 190 
83 83 72 
380 826 570 
190 170 199 
220 223 190 
226 181 187 
214 273 187 
181 190 80 
211 211 179 
234 187 187 
228 190 184 
176 196 181 
176 193 184 
220 294 184 
187 190 184 
80 86 72 
77 181 190 
77 181 184 
89 223 255 
83 776 321 
89 579 184 
77 228 193 
83 184 181 
80 243 178 
63 173 173 
66 211 199 
78 193 181 
80 184 187 
83 187 190 
74 193 181 
74 188 220 
66 170 170 
77 190 193 
77 187 309 
77 208 178 
80 178 181 
66 179 179 
63 847 199 
63 208 181 
66 214 181 
77 211 178 
77 184 288 
83 187 184 
80 228 190 
72 217 181 
80 211 181 
89 208 181 
80 193 178 
77 190 202 
77 190 187 
80 173 179 
66 187 196 
80 306 181 
77 214 184 
80 258 214 
80 190 220 
83 190 69 
190 211 74 
199 205 205 
217 220 170 
214 184 190 
190 187 187 
211 294 199 
182 173 179 
250 214 181 
217 184 176 
190 217 211 
258 190 276 
187 178 184 
196 170 176 
452 656 187 
205 889 241 
187 184 181 
241 167 173 
196 211 247 
181 193 208 
410 282 187 
176 187 187 
214 220 185 
181 208 205 
211 193 178 
264 190 190 
170 176 211 
181 196 184 
170 187 170 
942 573 1096 
181 205 184 
425 363 460 
246 184 187 
253 291 271 
193 190 202 
187 184 294 
208 214 211 
178 181 273 
297 243 184 
202 339 181 
208 181 187 
187 184 187 
214 181 187 
205 187 173 
615 184 184 
196 167 167 
223 187 187 
211 187 176 
187 190 220 
190 235 214 
235 167 176 
356 193 190 
312 196 981 
868 217 193 
220 225 193 
190 220 190 
193 190 214 
217 648 187 
279 365 389 
853 231 193 
217 252 190 
184 187 196 
184 196 190 
217 217 187 
191 190 199 
176 220 178 
208 345 176 
220 190 190 
211 208 184 
196 231 2725 
187 184 187 
344 342 368 
173 220 178 
179 187 181 
181 220 193 
247 511 312 
184 321 176 
199 187 178 
184 368 184 
214 217 184 
220 336 220 
214 431 202 
211 208 176 
306 211 217 
674 377 383 
170 220 193 
274 211 220 
190 184 181 
187 184 883 
190 190 181 
261 223 187 
249 220 193 
205 190 193 
217 190 205 
214 211 208 
466 187 178 
193 187 187 
552 288 701 
170 187 202 
176 184 196 
190 187 184 
178 187 202 
196 190 220 
173 176 167 
202 170 176 
193 300 490 
265 208 184 
181 256 173 
208 199 187 
187 181 214 
998 2335 437 
184 184 184 
173 176 179 
205 184 181 
187 217 179 
223 375 184 
208 170 170 
199 208 187 
217 187 190 
187 184 208 
190 178 297 
184 297 190 
924 173 187 
181 318 645 
176 170 170 
220 184 187 
217 193 187 
187 178 193 
178 178 184 
190 181 187 
190 220 181 
217 187 173 
309 181 187 
193 695 288 
217 784 214 
187 181 179 
220 181 184 
220 199 237 
220 182 184 
193 217 187 
241 211 179 
182 220 193 
187 181 190 
185 176 80 
217 241 190 
283 220 184 
672 1477 193 
220 199 199 
193 193 184 
170 223 217 
211 187 187 
187 205 187 
193 187 270 
199 190 193 
196 190 193 
220 196 223 
220 214 176 
89 89 89 
83 187 199 
86 731 240 
89 283 220 
83 276 196 
86 185 185 
86 214 190 
86 193 187 
92 208 176 
95 176 182 
89 214 205 
78 701 226 
95 217 202 
86 247 190 
86 187 202 
92 187 190 
81 205 196 
72 176 559 
83 214 193 
86 211 199 
80 386 190 
92 205 220 
86 434 196 
75 223 214 
86 184 190 
92 187 190 
89 181 187 
89 184 187 
101 205 234 
80 184 196 
83 190 202 
80 184 187 
83 208 185 
86 181 220 
92 255 196 
86 505 217 
92 208 193 
72 223 193 
89 187 190 
72 176 187 
86 211 173 
77 193 83 
184 202 184 
187 214 66 
211 633 173 
196 517 190 
609 193 190 
802 719 196 
915 214 176 
196 205 181 
238 190 315 
182 190 193 
217 217 190 
187 190 190 
214 228 190 
214 214 217 
220 217 187 
237 187 193 
214 217 187 
187 190 303 
238 208 223 
220 259 196 
173 187 187 
179 170 173 
208 205 187 
211 223 176 
184 211 184 
187 187 199 
193 184 196 
205 232 234 
176 217 193 
176 179 190 
211 187 187 
271 398 89 
199 202 187 
184 244 199 
190 196 196 
196 176 185 
214 182 185 
211 193 92 
184 178 226 
193 211 196 
193 190 193 
196 184 241 
384 455 86 
268 187 193 
223 196 214 
187 176 196 
199 176 185 
359 232 315 
220 199 193 
190 220 187 
196 190 190 
208 190 193 
199 190 288 
240 187 193 
225 190 306 
190 217 193 
193 211 205 
214 170 179 
211 692 187 
226 226 190 
193 223 190 
176 190 89 
220 873 220 
1438 529 312 
202 190 190 
176 173 179 
220 214 193 
190 187 190 
196 279 208 
523 282 187 
704 220 187 
187 243 187 
220 315 190 
211 315 217 
220 737 363 
684 782 258 
184 181 187 
395 208 577 
187 181 199 
258 184 193 
170 645 214 
181 250 182 
190 208 193 
211 217 190 
211 208 66 
181 205 170 
173 309 235 
220 190 246 
187 211 187 
178 184 357 
178 205 214 
187 208 176 
176 173 205 
214 250 173 
208 214 229 
178 184 249 
170 217 184 
184 228 187 
190 193 220 
220 187 190 
170 247 217 
190 229 246 
532 205 178 
184 193 181 
193 184 240 
184 208 291 
208 181 181 
247 226 211 
167 205 170 
223 211 294 
205 823 193 
181 178 178 
181 282 339 
196 178 178 
205 285 211 
208 208 181 
181 205 178 
178 205 214 
196 178 184 
208 205 185 
222 214 211 
170 167 294 
170 167 170 
184 167 173 
178 181 181 
178 190 199 
178 178 181 
208 208 181 
208 202 181 
187 205 190 
214 656 208 
217 181 211 
211 170 170 
214 211 181 
208 202 181 
205 205 178 
211 193 178 
205 294 77 
243 351 318 
202 897 190 
170 181 211 
170 181 181 
312 273 211 
193 603 178 
285 178 181 
674 211 181 
868 226 66 
211 205 77 
66 72 170 
74 205 178 
77 184 181 
74 746 170 
80 879 181 
66 205 167 
63 170 167 
63 202 181 
80 178 178 
77 211 178 
77 178 178 
66 185 170 
66 280 167 
66 205 187 
77 205 193 
77 205 178 
77 205 181 
77 205 178 
63 170 187 
66 222 167 
63 205 170 
77 202 181 
77 181 178 
74 208 167 
74 214 167 
66 170 170 
66 208 178 
74 184 208 
80 178 178 
77 205 178 
74 208 170 
69 178 178 
69 205 167 
63 205 170 
77 695 404 
74 205 178 
77 205 178 
77 193 178 
63 208 271 
66 479 386 
80 205 178 
77 178 178 
74 208 178 
77 205 178 
66 170 181 
63 205 170 
66 205 178 
77 178 181 
77 205 178 
77 211 173 
69 167 231 
66 312 1857 
80 164 173 
74 205 178 
74 181 164 
77 181 178 
77 208 178 
63 167 170 
69 167 181 
74 208 270 
77 202 181 
77 205 181 
74 208 170 
66 205 170 
66 1165 178 
63 208 170 
77 205 178 
77 205 74 
178 178 80 
312 167 184 
170 205 164 
541 181 181 
482 205 164 
805 336 178 
778 205 178 
181 175 187 
208 690 170 
202 835 181 
603 918 300 
205 178 178 
205 205 199 
205 208 178 
205 208 205 
208 202 181 
170 178 187 
205 205 178 
205 205 178 
208 205 170 
205 202 170 
208 253 178 
205 205 178 
214 609 345 
205 205 178 
208 205 167 
208 205 170 
205 202 170 
208 205 178 
170 312 63 
211 202 181 
208 205 178 
208 205 77 
208 205 256 
205 205 184 
437 327 350 
205 205 178 
205 178 178 
205 178 184 
205 205 178 
205 208 164 
205 208 184 
170 178 181 
279 205 77 
205 184 181 
205 181 178 
214 181 184 
202 205 167 
1162 178 214 
205 181 164 
211 211 181 
181 193 181 
178 229 199 
261 255 170 
181 240 170 
208 205 211 
205 205 178 
202 181 181 
208 205 181 
208 178 178 
208 202 181 
170 184 178 
211 178 77 
181 181 167 
205 178 178 
178 202 178 
205 170 178 
170 167 178 
167 167 178 
205 205 178 
386 181 164 
181 181 178 
208 208 164 
170 181 178 
208 924 170 
211 229 214 
184 202 181 
214 627 179 
178 181 178 
829 205 164 
167 178 178 
205 770 170 
181 181 167 
205 205 178 
205 205 167 
208 205 170 
372 909 368 
208 167 170 
181 170 170 
181 170 170 
205 205 181 
178 181 178 
178 181 181 
202 205 181 
208 202 181 
205 205 178 
205 208 178 
205 347 181 
208 205 170 
208 205 184 
208 178 170 
208 205 178 
205 205 181 
181 178 178 
205 208 167 
202 205 164 
205 205 170 
208 205 178 
205 205 178 
202 181 181 
205 208 178 
208 208 164 
205 211 214 
199 205 181 
205 205 178 
202 202 184 
205 276 178 
181 178 181 
205 170 178 
173 173 181 
470 185 188 
205 181 178 
181 178 181 
208 178 178 
181 178 211 
329 167 636 
853 181 184 
214 202 181 
464 538 253 
187 175 170 
181 178 178 
181 181 178 
208 181 167 
167 205 253 
696 208 181 
205 205 178 
208 237 80 
196 178 178 
285 181 413 
208 181 63 
167 208 190 
211 170 178 
912 232 178 
184 190 182 
208 205 205 
280 398 184 
187 184 196 
220 181 83 
86 83 80 
80 220 205 
75 401 217 
86 187 199 
80 683 193 
86 187 291 
92 92 208 
80 176 280 
80 214 184 
89 80 184 
83 214 225 
83 232 170 
80 190 181 
66 193 199 
86 764 184 
80 1111 1447 
86 89 211 
89 211 176 
86 187 202 
72 211 184 
80 181 193 
74 178 181 
66 202 178 
66 208 164 
63 205 170 
66 205 181 
77 205 178 
77 190 181 
77 208 181 
74 181 178 
77 211 181 
80 407 208 
80 181 193 
80 181 181 
77 190 187 
72 220 184 
74 196 190 
86 244 181 
83 214 176 
80 182 173 
86 217 187 
63 511 271 
66 187 220 
80 193 190 
86 193 232 
83 214 176 
83 214 190 
72 182 244 
78 259 176 
86 208 184 
83 178 267 
83 176 187 
77 193 208 
92 226 187 
66 190 193 
66 274 182 
69 223 187 
69 226 184 
83 288 193 
83 187 181 
83 921 268 
86 179 176 
66 185 190 
83 83 77 
199 178 193 
285 187 190 
255 193 181 
190 173 173 
226 190 214 
167 220 229 
193 184 187 
220 176 176 
214 190 205 
187 309 303 
190 173 184 
205 190 184 
181 184 187 
196 187 303 
187 187 223 
214 187 181 
315 247 205 
179 199 181 
208 211 205 
621 196 303 
737 561 577 
187 173 170 
187 211 190 
228 190 178 
187 187 190 
208 205 193 
190 214 187 
211 217 167 
202 187 182 
743 535 401 
214 193 190 
217 181 184 
196 184 208 
187 190 181 
208 184 181 
223 666 170 
217 850 187 
199 232 184 
205 190 181 
300 190 187 
238 170 176 
184 223 211 
190 214 173 
862 184 190 
223 241 226 
398 214 181 
205 217 1002 
187 190 193 
211 184 187 
170 184 199 
181 220 181 
214 187 178 
282 187 187 
264 250 176 
214 187 170 
478 1040 178 
179 187 223 
1290 974 199 
173 211 181 
181 208 181 
398 187 187 
181 187 240 
173 173 187 
211 187 190 
211 220 181 
187 187 178 
220 211 170 
214 167 178 
303 529 170 
327 196 190 
470 181 184 
205 214 190 
184 199 181 
187 184 187 
178 234 1174 
178 246 199 
211 196 181 
167 262 222 
190 187 190 
425 190 170 
428 259 181 
368 190 214 
229 184 276 
208 187 202 
173 187 193 
214 234 202 
181 252 190 
448 431 743 
167 208 181 
170 176 229 
173 214 187 
184 187 178 
181 181 181 
921 757 476 
286 473 170 
170 167 170 
211 187 190 
306 214 179 
0 0 0 
0 0 0 
181 187 181 
208 181 184 
214 324 231 
211 220 246 
199 184 273 
181 187 217 
211 173 179 
176 208 184 
178 184 181 
181 208 181 
220 252 208 
205 784 184 
181 199 181 
211 211 223 
208 193 184 
181 217 181 
208 187 196 
193 184 217 
285 199 176 
187 187 196 
187 184 173 
184 187 190 
835 187 199 
187 184 181 
178 214 181 
903 187 181 
187 187 181 
205 176 170 
170 188 176 
966 181 181 
205 187 181 
187 208 234 
187 214 237 
205 208 229 
167 188 170 
179 202 187 
187 184 196 
193 234 190 
357 190 217 
190 232 187 
173 211 187 
187 184 276 
235 196 176 
410 190 187 
752 173 220 
181 190 86 
83 89 92 
75 220 223 
74 223 318 
83 193 226 
77 211 173 
86 193 190 
92 624 190 
86 279 220 
69 196 170 
89 193 187 
83 184 202 
89 193 190 
83 214 173 
83 285 231 
77 190 190 
78 297 285 
86 199 202 
89 217 187 
86 187 187 
83 1076 1200 
75 214 187 
92 237 205 
89 223 187 
83 208 176 
89 223 253 
86 787 722 
80 193 173 
92 199 190 
83 190 187 
83 190 190 
77 226 187 
89 193 178 
89 176 188 
75 223 291 
72 223 187 
83 187 190 
83 567 419 
86 190 234 
86 196 187 
98 945 1188 
63 306 184 
83 674 83 
217 190 190 
190 205 72 
184 214 202 
190 167 170 
190 211 187 
176 184 220 
193 181 193 
220 170 173 
223 173 173 
231 211 187 
176 176 184 
202 306 199 
270 170 277 
187 184 205 
196 181 267 
273 214 190 
214 731 196 
199 190 187 
187 208 193 
193 184 187 
190 181 240 
211 187 202 
182 372 176 
258 223 179 
190 229 244 
288 232 185 
793 241 179 
196 178 184 
187 594 205 
243 939 173 
401 187 187 
214 193 187 
666 179 179 
193 190 176 
176 179 193 
190 231 187 
565 464 650 
220 190 179 
886 176 190 
187 193 243 
891 196 190 
185 193 190 
176 182 190 
179 214 193 
214 850 205 
193 196 196 
193 187 196 
187 193 196 
184 229 229 
1093 193 190 
225 220 187 
196 202 187 
208 214 193 
190 217 238 
202 193 199 
211 193 179 
193 193 199 
193 190 190 
214 226 184 
187 190 187 
190 240 190 
814 176 669 
232 193 196 
214 190 291 
199 205 170 
193 217 187 
419 190 499 
205 190 226 
190 179 173 
199 190 193 
190 193 187 
538 520 488 
262 217 190 
291 199 187 
217 217 179 
181 184 184 
187 214 181 
208 240 187 
467 214 190 
190 190 190 
214 173 170 
208 235 181 
211 217 173 
208 190 184 
199 199 184 
181 256 220 
202 217 214 
1628 300 638 
181 217 179 
179 184 217 
256 205 181 
196 226 173 
187 178 193 
176 182 208 
176 182 190 
182 190 232 
190 220 226 
223 179 193 
217 176 187 
766 220 261 
187 220 199 
176 214 187 
182 205 190 
193 193 190 
190 223 208 
176 182 190 
214 217 190 
193 817 190 
176 193 187 
184 823 176 
190 214 205 
214 250 240 
223 796 657 
903 223 176 
214 176 176 
196 202 374 
193 187 187 
199 211 185 
196 184 199 
190 184 187 
187 217 202 
220 217 193 
241 187 193 
196 220 291 
179 176 193 
187 190 211 
187 535 294 
173 190 187 
179 184 190 
193 187 285 
196 173 202 
190 187 190 
187 170 205 
223 184 202 
182 214 190 
199 181 190 
190 176 182 
187 217 176 
214 482 190 
656 624 243 
179 259 176 
220 214 182 
214 196 187 
330 196 187 
205 78 92 
187 193 187 
173 241 190 
229 214 182 
217 78 214 
187 196 196 
196 205 193 
252 609 363 
226 196 182 
228 196 190 
214 220 185 
199 220 176 
321 315 348 
820 176 86 
83 92 83 
86 318 202 
83 190 199 
86 190 199 
86 228 196 
89 187 220 
78 731 205 
92 187 190 
86 217 202 
83 211 167 
86 217 211 
89 194 220 
321 217 193 
78 190 193 
78 190 187 
86 285 437 
95 193 179 
83 220 187 
92 193 187 
86 220 196 
89 217 193 
98 173 704 
86 351 190 
92 226 232 
83 514 193 
77 217 187 
72 268 238 
66 475 190 
86 784 193 
89 190 199 
86 193 199 
89 214 187 
83 811 344 
86 211 190 
80 214 223 
86 193 187 
80 211 223 
83 208 190 
89 173 182 
95 520 338 
86 185 187 
86 285 196 
92 196 190 
92 193 83 
220 912 208 
202 190 182 
214 190 187 
193 651 187 
193 193 193 
217 190 193 
193 217 184 
603 526 794 
214 173 199 
179 187 187 
261 187 89 
193 190 187 
820 196 176 
193 826 179 
190 173 185 
190 184 193 
256 202 199 
184 205 255 
196 217 89 
193 184 217 
181 324 182 
182 223 229 
226 187 211 
196 190 199 
338 514 425 
187 184 208 
205 190 300 
190 214 193 
179 170 196 
220 214 187 
196 184 220 
199 514 176 
190 170 220 
184 205 184 
243 247 270 
291 181 193 
214 214 178 
176 214 217 
190 217 291 
226 184 190 
261 187 187 
208 181 181 
303 764 184 
179 190 184 
170 205 190 
217 829 179 
184 193 187 
178 184 291 
176 190 267 
181 184 193 
170 173 170 
170 157 77 
532 178 178 
178 523 181 
2113 336 386 
178 321 170 
170 181 178 
194 583 170 
205 767 178 
205 639 615 
205 205 167 
181 205 178 
205 208 164 
205 205 164 
208 202 181 
205 253 170 
208 208 184 
199 181 181 
208 208 173 
264 178 181 
205 205 170 
208 211 181 
205 211 211 
205 208 178 
205 208 178 
205 208 164 
205 205 164 
167 1088 217 
193 175 170 
205 205 178 
208 205 77 
205 205 167 
205 205 164 
208 202 181 
205 205 178 
208 205 178 
214 184 181 
196 208 178 
181 208 178 
170 179 167 
170 202 173 
202 181 211 
205 208 178 
187 651 761 
205 600 178 
181 184 178 
202 657 502 
214 211 181 
178 205 178 
208 205 178 
178 178 178 
208 208 164 
202 205 178 
211 175 170 
208 205 178 
205 208 178 
196 258 211 
274 246 184 
170 208 232 
196 238 202 
181 223 234 
211 374 86 
190 178 226 
184 184 187 
265 208 229 
176 176 176 
220 178 187 
202 181 220 
220 173 193 
330 1263 838 
185 167 176 
196 214 190 
190 208 181 
416 178 330 
187 380 223 
193 199 176 
187 279 187 
187 187 184 
193 187 187 
190 214 190 
223 190 190 
187 187 187 
211 170 190 
184 184 181 
193 184 193 
199 187 187 
190 217 187 
190 258 217 
193 187 190 
324 211 187 
199 187 208 
223 190 199 
217 452 193 
241 187 190 
187 182 211 
178 199 184 
208 223 273 
190 167 75 
196 80 77 
181 452 179 
178 187 196 
217 473 179 
196 184 83 
292 398 83 
211 208 235 
232 211 184 
220 217 223 
190 181 190 
214 170 170 
184 211 196 
173 170 179 
190 196 187 
89 83 92 
83 176 199 
86 214 187 
75 170 179 
86 190 181 
83 229 725 
86 214 181 
86 211 232 
83 184 190 
80 211 190 
92 217 199 
72 280 862 
83 190 184 
984 217 187 
92 220 214 
80 173 188 
80 419 235 
66 208 199 
66 184 190 
69 193 187 
80 187 196 
77 749 176 
83 264 327 
86 170 187 
72 214 190 
89 350 419 
92 404 226 
83 211 187 
83 743 211 
83 184 187 
72 190 187 
86 187 208 
89 184 190 
80 184 193 
83 214 179 
83 190 312 
86 775 187 
86 223 193 
86 297 193 
86 193 187 
80 220 187 
80 89 72 
496 722 83 
176 167 199 
190 223 234 
324 184 190 
223 194 232 
229 181 196 
181 309 259 
187 220 181 
170 167 184 
187 255 214 
571 229 490 
214 211 187 
208 211 187 
208 211 190 
211 214 181 
217 211 176 
214 211 176 
214 211 173 
722 526 303 
194 268 226 
214 211 184 
214 208 184 
214 208 173 
220 211 184 
217 208 187 
211 211 187 
214 208 184 
214 211 184 
211 208 170 
217 211 173 
211 208 170 
187 208 187 
214 211 187 
214 208 190 
211 208 176 
214 211 173 
253 205 187 
211 796 356 
211 214 184 
211 211 187 
214 214 184 
214 214 184 
217 211 176 
211 211 187 
208 208 184 
211 208 187 
214 208 196 
217 211 173 
217 208 184 
214 211 173 
190 187 211 
211 214 184 
217 214 184 
252 211 193 
214 214 173 
217 211 184 
220 211 176 
318 184 499 
214 211 187 
214 211 184 
214 211 187 
217 214 176 
211 214 176 
214 211 184 
193 270 187 
220 392 214 
240 214 199 
550 222 193 
179 271 190 
859 1091 541 
184 187 190 
220 597 190 
217 654 502 
208 897 184 
211 214 173 
214 253 211 
249 181 193 
211 211 187 
214 214 187 
217 211 187 
214 211 187 
211 208 176 
214 211 187 
392 594 377 
208 211 187 
211 211 184 
214 211 184 
211 211 173 
211 220 176 
401 380 324 
214 211 184 
211 214 187 
214 211 187 
214 211 173 
217 211 173 
362 1899 494 
214 208 193 
208 211 184 
208 214 184 
211 211 173 
214 208 176 
205 211 173 
211 217 187 
214 211 184 
217 208 184 
211 208 170 
205 193 190 
220 214 179 
211 211 181 
214 208 190 
214 211 184 
211 214 187 
211 211 179 
211 214 173 
208 211 173 
214 217 184 
211 214 190 
208 214 187 
211 208 187 
208 211 173 
214 208 176 
211 214 184 
859 184 187 
211 208 187 
214 211 184 
211 208 184 
214 208 173 
211 222 181 
211 211 173 
208 211 190 
214 211 184 
211 211 190 
217 211 184 
211 208 173 
211 211 173 
422 211 187 
211 211 184 
211 211 181 
211 214 176 
378 214 187 
517 208 173 
648 211 83 
83 86 75 
83 693 176 
72 354 948 
78 211 187 
80 211 173 
86 211 179 
80 258 401 
83 211 181 
66 173 190 
69 285 217 
110 179 176 
86 187 182 
83 184 184 
86 173 184 
69 208 187 
75 211 184 
86 214 184 
83 211 187 
83 226 360 
80 173 173 
86 222 187 
69 826 746 
86 214 184 
80 214 181 
86 208 187 
83 208 176 
83 208 181 
83 211 184 
83 211 184 
83 208 187 
69 208 190 
77 211 672 
86 211 196 
80 222 181 
80 211 184 
83 211 173 
83 214 184 
80 211 184 
83 214 170 
80 1040 470 
83 211 187 
72 92 83 
211 211 78 
214 208 173 
217 208 184 
211 211 187 
211 211 187 
211 214 196 
211 187 181 
214 214 173 
208 208 357 
211 208 179 
211 220 190 
211 211 187 
222 208 187 
214 208 187 
184 208 170 
282 223 413 
211 211 187 
214 211 184 
214 211 184 
211 211 173 
214 208 176 
217 211 173 
211 211 184 
208 208 184 
222 211 187 
214 211 187 
211 214 176 
327 214 173 
455 217 184 
579 208 170 
719 211 181 
888 211 170 
208 642 173 
553 707 187 
208 211 187 
208 211 184 
214 211 184 
211 214 184 
559 187 176 
211 211 184 
235 553 324 
217 225 187 
211 208 190 
211 214 187 
211 211 184 
214 214 184 
217 211 184 
214 217 173 
214 214 187 
217 208 187 
211 208 184 
231 211 184 
211 211 184 
262 291 187 
211 211 181 
214 211 184 
211 211 187 
179 167 190 
211 211 190 
214 211 184 
217 211 187 
208 225 187 
214 211 184 
178 190 276 
208 181 167 
253 1248 184 
187 853 173 
211 176 280 
214 173 256 
324 238 350 
173 170 190 
190 184 217 
184 184 184 
466 208 190 
214 187 173 
187 190 196 
217 184 184 
179 181 220 
214 478 187 
229 769 83 
184 478 193 
903 184 184 
211 211 187 
190 170 173 
211 187 214 
208 184 184 
187 211 173 
449 883 529 
214 176 173 
184 217 184 
231 211 184 
223 205 231 
173 1331 229 
211 211 190 
184 184 187 
184 832 187 
529 205 190 
217 208 179 
190 184 80 
190 562 173 
187 211 211 
211 179 184 
187 184 246 
898 214 211 
363 1299 390 
211 184 184 
187 187 202 
211 173 184 
184 211 238 
173 170 306 
179 184 190 
214 211 176 
211 181 190 
193 211 170 
187 217 173 
196 220 184 
187 232 184 
211 270 636 
226 190 181 
211 187 246 
187 184 184 
173 208 187 
594 475 422 
187 214 187 
187 202 181 
184 190 184 
187 187 196 
228 214 187 
240 187 193 
176 214 214 
984 298 707 
190 214 184 
214 211 190 
211 211 184 
211 217 181 
184 176 176 
211 211 184 
184 214 193 
208 217 187 
187 211 176 
208 211 187 
211 214 187 
211 187 184 
217 457 184 
208 187 184 
241 89 83 
80 208 170 
83 211 184 
92 211 184 
89 211 187 
86 211 173 
89 217 184 
89 184 190 
92 217 184 
89 173 173 
86 1798 185 
86 211 184 
95 184 187 
89 743 187 
86 211 184 
75 211 187 
89 280 306 
86 211 187 
89 208 176 
75 782 89 
0 0 0 
0 0 0 
0 0 0 
0 0 0 
0 0 0 
0 0 0 
0 0 0 
0 0 0 
0 0 0 
0 0 0 
0 0 0 
0 0 0 
0 0 0 
0 0 0 
0 0 0 
0 0 0 
0 0 0 
0 0 0 
0 0 0 
0 0 0 
0 0 0 
0 0 0 
0 0 0 
0 0 0 
0 0 0 
0 0 0 
0 0 0 
0 0 0 
0 0 0 
0 0 0 
0 0 0 
0 0 0 
0 0 0 
0 0 0 
0 0 0 
0 0 0 
0 0 0 
0 0 0 
0 0 0 
0 0 0 
0 0 0 
0 0 0 
0 0 0 
0 0 0 
0 0 0 
0 0 0 
0 0 0 
0 0 0 
0 0 0 
0 0 0 
0 0 0 
0 0 0 
0 0 0 
0 0 0 
0 0 0 
0 0 0 
0 0 0 
0 0 0 
0 0 0 
0 0 0 
0 0 0 
0 0 0 
0 0 0 
0 0 0 
0 0 0 
0 0 0 
0 0 0 
0 0 0 
0 0 0 
0 0 0 
0 0 0 
0 0 0 
0 0 0 
0 0 0 
0 0 0 
0 0 0 
0 0 0 
0 0 0 
0 0 0 
0 0 0 
0 0 0 
0 0 0 
0 0 0 
0 0 0 
0 0 0 
0 0 0 
0 0 0 
0 0 0 
0 0 0 
0 0 0 
0 0 0 
0 0 0 
0 0 0 
0 0 0 
0 0 0 
0 0 0 
0 0 0 
0 0 0 
0 0 0 
0 0 0 
0 0 0 
0 0 0 
0 0 0 
0 0 0 
0 0 0 
0 0 0 
0 0 0 
0 0 0 
0 0 0 
0 0 0 
0 0 0 
0 0 0 
0 0 0 
0 0 0 
0 0 0 
0 0 0 
0 0 0 
0 0 0 
0 0 0 
0 0 0 
0 0 0 
0 0 0 
0 0 0 
0 0 0 
0 0 0 
0 0 0 
0 0 0 
0 0 0 
0 0 0 
0 0 0 
0 0 0 
0 0 0 
0 0 0 
0 0 0 
0 0 0 
0 0 0 
0 0 0 
0 0 0 
0 0 0 
0 0 0 
0 0 0 
0 0 0 
0 0 0 
0 0 0 
0 0 0 
0 0 0 
0 0 0 
0 0 0 
0 0 0 
0 0 0 
0 0 0 
0 0 0 
0 0 0 
0 0 0 
0 0 0 
0 0 0 
0 0 0 
0 0 0 
0 0 0 
0 0 0 
0 0 0 
0 0 0 
0 0 0 
0 0 0 
0 0 0 
0 0 0 
0 0 0 
0 0 0 
0 0 0 
0 0 0 
0 0 0 
0 0 0 
0 0 0 
0 0 0 
0 0 0 
0 0 0 
0 0 0 
0 0 0 
0 0 0 
0 0 0 
0 0 0 
0 0 0 
0 0 0 
0 0 0 
0 0 0 
0 0 0 
0 0 0 
0 0 0 
0 0 0 
0 0 0 
0 0 0 
0 0 0 
0 0 0 
0 0 0 
0 0 0 
0 0 0 
0 0 0 
0 0 0 
0 0 0 
0 0 0 
0 0 0 
0 0 0 
0 0 0 
0 0 0 
0 0 0 
0 0 0 
0 0 0 
0 0 0 
0 0 0 
0 0 0 
0 0 0 
0 0 0 
0 0 0 
0 0 0 
0 0 0 
0 0 0 
0 0 0 
0 0 0 
0 0 0 
0 0 0 
0 0 0 
0 0 0 
0 0 0 
0 0 0 
0 0 0 
0 0 0 
0 0 0 
0 0 0 
0 0 0 
0 0 0 
0 0 0 
0 0 0 
0 0 0 
0 0 0 
0 0 0 
0 0 0 
0 0 0 
0 0 0 
0 0 0 
0 0 0 
0 0 0 
0 0 0 
0 0 0 
0 0 0 
0 0 0 
0 0 0 
0 0 0 
0 0 0 
0 0 0 
0 0 0 
0 0 0 
0 0 0 
0 0 0 
0 0 0 
0 0 0 
0 0 0 
0 0 0 
0 0 0 
0 0 0 
0 0 0 
0 0 0 
0 0 0 
0 0 0 
0 0 0 
0 0 0 
0 0 0 
0 0 0 
0 0 0 
0 0 0 
0 0 0 
0 0 0 
0 0 0 
0 0 0 
0 0 0 
0 0 0 
0 0 0 
0 0 0 
0 0 0 
0 0 0 
0 0 0 
0 0 0 
0 0 0 
0 0 0 
0 0 0 
0 0 0 
0 0 0 
0 0 0 
0 0 0 
0 0 0 
0 0 0 
0 0 0 
0 0 0 
0 0 0 
0 0 0 
0 0 0 
0 0 0 
0 0 0 
0 0 0 
0 0 0 
0 0 0 
0 0 0 
0 0 0 
0 0 0 
0 0 0 
0 0 0 
0 0 0 
0 0 0 
0 0 0 
0 0 0 
0 0 0 
0 0 0 
0 0 0 
0 0 0 
0 0 0 
0 0 0 
0 0 0 
0 0 0 
0 0 0 
0 0 0 
0 0 0 
0 0 0 
0 0 0 
0 0 0 
0 0 0 
0 0 0 
0 0 0 
0 0 0 
0 0 0 
0 0 0 
0 0 0 
0 0 0 
0 0 0 
0 0 0 
0 0 0 
0 0 0 
0 0 0 
0 0 0 
0 0 0 
0 0 0 
0 0 0 
0 0 0 
0 0 0 
0 0 0 
0 0 0 
0 0 0 
0 0 0 
0 0 0 
0 0 0 
0 0 0 
0 0 0 
0 0 0 
0 0 0 
0 0 0 
0 0 0 
0 0 0 
0 0 0 
0 0 0 
0 0 0 
0 0 0 
0 0 0 
0 0 0 
0 0 0 
0 0 0 
0 0 0 
0 0 0 
0 0 0 
0 0 0 
0 0 0 
0 0 0 
0 0 0 
0 0 0 
0 0 0 
0 0 0 
0 0 0 
0 0 0 
0 0 0 
0 0 0 
0 0 0 
0 0 0 
0 0 0 
0 0 0 
0 0 0 
0 0 0 
0 0 0 
0 0 0 
0 0 0 
0 0 0 
0 0 0 
0 0 0 
0 0 0 
0 0 0 
0 0 0 
0 0 0 
0 0 0 
0 0 0 
0 0 0 
0 0 0 
0 0 0 
0 0 0 
0 0 0 
0 0 0 
0 0 0 
0 0 0 
0 0 0 
0 0 0 
0 0 0 
0 0 0 
0 0 0 
0 0 0 
0 0 0 
0 0 0 
0 0 0 
0 0 0 
0 0 0 
0 0 0 
0 0 0 
0 0 0 
0 0 0 
0 0 0 
0 0 0 
0 0 0 
0 0 0 
0 0 0 
0 0 0 
0 0 0 
0 0 0 
0 0 0 
0 0 0 
0 0 0 
0 0 0 
0 0 0 
0 0 0 
0 0 0 
0 0 0 
0 0 0 
0 0 0 
0 0 0 
0 0 0 
0 0 0 
0 0 0 
0 0 0 
0 0 0 
0 0 0 
0 0 0 
0 0 0 
0 0 0 
0 0 0 
0 0 0 
0 0 0 
0 0 0 
0 0 0 
0 0 0 
0 0 0 
0 0 0 
0 0 0 
0 0 0 
0 0 0 
0 0 0 
0 0 0 
0 0 0 
0 0 0 
0 0 0 
0 0 0 
0 0 0 
0 0 0 
0 0 0 
0 0 0 
0 0 0 
0 0 0 
0 0 0 
0 0 0 
0 0 0 
0 0 0 
0 0 0 
0 0 0 
0 0 0 
0 0 0 
0 0 0 
0 0 0 
0 0 0 
0 0 0 
0 0 0 
0 0 0 
0 0 0 
0 0 0 
0 0 0 
0 0 0 
0 0 0 
0 0 0 
0 0 0 
0 0 0 
0 0 0 
0 0 0 
0 0 0 
0 0 0 
0 0 0 
0 0 0 
0 0 0 
0 0 0 
0 0 0 
