# ./FR-trace starting at Fri Nov  2 19:08:49 2018
################# CONFIG #################
# slot=3800
# samples=10000
# threshold=100
# idle=500
# pdathreads=0
# nmonitored=2
#   monitor0=./num ybn_sqr 0x2b7d
#   monitor1=./num ybn_mul 0x22ea
# nevicted=0
# npdatargets=0
############## SYSTEM INFO ###############
# mastik_version=0.02
# sysname=Linux
# nodename=ArchLinux
# release=4.18.16-arch1-1-ARCH
# version=#1 SMP PREEMPT Sat Oct 20 22:06:45 UTC 2018
# machine=x86_64
################## DATA ##################
36 137 
196 178 
223 181 
196 170 
202 178 
223 178 
226 170 
199 181 
223 170 
226 178 
234 170 
226 181 
223 175 
226 178 
223 175 
223 178 
223 175 
229 170 
226 181 
226 178 
223 175 
234 170 
223 178 
237 178 
226 178 
223 181 
229 178 
226 175 
223 178 
223 175 
223 178 
226 175 
223 178 
226 175 
237 170 
226 178 
223 175 
226 178 
443 342 
850 178 
975 306 
229 178 
226 175 
223 178 
226 175 
223 178 
226 178 
229 170 
223 181 
226 170 
223 178 
234 170 
226 178 
234 178 
226 178 
223 175 
401 240 
226 178 
226 170 
223 181 
226 170 
223 178 
234 170 
226 178 
234 178 
226 178 
223 181 
229 178 
226 175 
223 178 
223 175 
223 178 
226 175 
784 541 
223 178 
223 175 
226 181 
226 178 
223 178 
223 175 
223 178 
226 175 
223 178 
226 175 
223 178 
244 178 
234 170 
223 178 
237 178 
226 178 
223 181 
229 178 
226 175 
223 178 
223 175 
223 178 
226 175 
223 178 
226 175 
237 170 
226 178 
223 175 
226 178 
223 175 
226 181 
226 178 
1343 425 
271 170 
226 170 
223 178 
226 170 
226 178 
234 170 
226 178 
240 167 
226 181 
223 175 
223 178 
223 175 
226 178 
223 175 
226 170 
226 178 
223 178 
226 175 
234 170 
226 178 
234 178 
226 178 
785 327 
841 178 
223 175 
226 178 
223 175 
226 170 
226 181 
226 178 
226 175 
234 170 
226 178 
234 178 
253 618 
258 437 
226 178 
234 178 
226 178 
223 175 
226 170 
226 181 
223 178 
226 175 
234 170 
223 178 
234 178 
226 178 
223 175 
226 178 
223 175 
226 181 
226 178 
223 178 
226 175 
223 178 
226 175 
234 170 
223 178 
237 178 
223 178 
223 752 
226 178 
234 178 
226 181 
226 178 
223 178 
226 175 
844 353 
553 178 
237 170 
229 181 
511 499 
229 178 
234 178 
226 178 
223 175 
226 178 
223 175 
226 170 
226 181 
226 178 
226 175 
237 170 
226 178 
223 175 
226 178 
211 170 
226 178 
234 178 
226 178 
223 175 
226 170 
226 178 
223 178 
250 178 
240 167 
226 178 
223 181 
226 178 
234 170 
226 178 
633 339 
362 170 
226 178 
223 178 
226 175 
223 170 
226 178 
226 170 
226 178 
285 178 
226 178 
237 178 
226 178 
223 175 
223 178 
223 175 
585 740 
309 170 
223 170 
226 178 
226 170 
226 178 
234 170 
226 178 
240 167 
318 181 
223 80 
226 181 
223 80 
223 72 
226 83 
226 170 
226 178 
341 170 
226 416 
523 336 
223 181 
223 175 
226 178 
223 181 
229 178 
354 178 
223 80 
226 181 
237 170 
226 175 
234 69 
83 83 
223 175 
380 170 
223 181 
226 178 
223 175 
223 178 
226 175 
223 178 
226 175 
410 178 
226 175 
237 170 
226 178 
223 175 
226 178 
223 175 
455 1433 
868 178 
226 178 
223 175 
573 336 
199 178 
226 170 
226 178 
234 170 
452 178 
234 170 
226 178 
240 167 
223 181 
223 175 
226 178 
223 175 
199 240 
223 175 
226 170 
226 178 
234 170 
226 178 
237 178 
226 178 
467 178 
226 178 
223 175 
223 178 
226 175 
223 178 
226 175 
223 178 
511 170 
234 170 
226 178 
237 178 
226 178 
226 395 
226 178 
223 175 
511 178 
226 178 
223 170 
226 178 
226 170 
226 178 
234 170 
1631 170 
202 170 
223 181 
223 175 
226 178 
223 175 
226 178 
223 175 
226 170 
568 178 
234 170 
226 175 
234 170 
223 178 
234 178 
226 178 
223 175 
582 170 
223 181 
226 178 
226 175 
223 178 
226 175 
223 178 
348 353 
466 178 
226 178 
240 167 
226 181 
223 175 
226 178 
223 175 
226 178 
627 170 
226 178 
223 178 
223 178 
226 175 
234 170 
223 178 
237 178 
627 80 
234 170 
226 178 
237 80 
83 80 
295 235 
223 170 
205 211 
0 0 
0 0 
0 0 
0 0 
0 0 
208 243 
235 181 
249 190 
199 449 
199 181 
473 567 
199 178 
223 178 
223 178 
226 175 
234 170 
716 170 
226 170 
226 178 
234 170 
226 178 
226 178 
226 181 
223 175 
710 178 
223 175 
226 170 
226 178 
234 170 
226 178 
258 484 
226 178 
731 170 
223 178 
223 175 
226 178 
223 175 
226 170 
226 181 
226 178 
770 178 
226 170 
226 178 
656 274 
479 336 
847 181 
226 178 
226 178 
793 170 
223 175 
226 170 
226 181 
226 178 
226 175 
234 170 
223 178 
796 178 
226 178 
223 175 
226 178 
223 175 
226 178 
223 175 
226 170 
832 170 
226 170 
226 178 
234 170 
226 178 
240 167 
226 181 
223 175 
838 178 
234 178 
226 178 
223 175 
226 170 
396 794 
240 170 
223 178 
876 170 
223 178 
223 175 
226 178 
223 175 
226 178 
223 175 
226 178 
883 178 
226 170 
223 175 
226 170 
226 178 
422 342 
440 178 
223 175 
894 170 
234 178 
226 178 
223 175 
226 178 
223 175 
226 170 
226 181 
933 178 
226 178 
226 170 
226 178 
234 170 
226 178 
237 167 
437 350 
606 178 
226 178 
223 175 
226 69 
223 178 
229 170 
223 181 
223 69 
83 83 
223 80 
226 178 
237 178 
226 178 
223 175 
226 178 
223 175 
226 170 
226 181 
226 178 
226 175 
234 69 
226 178 
223 170 
92 80 
237 167 
226 181 
2149 178 
294 178 
226 178 
226 170 
223 175 
226 170 
226 178 
279 321 
226 178 
223 175 
226 178 
223 175 
226 178 
223 175 
226 178 
223 175 
226 170 
226 181 
226 178 
226 175 
1658 2012 
0 0 
237 170 
226 181 
223 175 
226 178 
223 175 
226 178 
223 175 
226 170 
226 181 
223 178 
226 175 
234 170 
223 178 
237 178 
226 178 
223 175 
226 178 
223 175 
223 178 
363 356 
229 170 
226 181 
226 178 
226 175 
234 170 
223 178 
237 178 
288 205 
234 170 
226 178 
226 178 
226 181 
223 175 
226 170 
226 181 
226 178 
226 175 
234 170 
223 178 
237 178 
226 178 
223 175 
226 178 
223 175 
226 178 
223 175 
226 170 
226 181 
226 178 
226 175 
234 170 
223 178 
237 178 
223 178 
479 193 
229 178 
226 175 
223 178 
226 175 
223 178 
226 175 
223 178 
226 175 
234 170 
223 178 
237 178 
226 178 
223 175 
226 178 
223 175 
226 178 
223 175 
434 511 
226 178 
223 178 
226 175 
234 170 
223 178 
237 178 
226 178 
223 80 
226 178 
237 178 
226 178 
223 80 
83 83 
226 178 
226 170 
345 178 
234 170 
226 178 
223 170 
226 178 
234 170 
226 178 
234 178 
226 178 
223 175 
226 170 
226 181 
226 178 
226 175 
234 170 
223 178 
237 178 
226 178 
223 493 
306 413 
223 178 
226 178 
234 178 
226 170 
226 181 
226 178 
226 175 
234 170 
223 178 
237 178 
226 178 
577 740 
226 178 
237 178 
226 178 
506 702 
466 422 
226 178 
226 170 
226 178 
234 170 
226 178 
240 167 
223 181 
223 175 
226 178 
223 175 
226 178 
223 175 
226 170 
226 181 
226 178 
226 181 
226 170 
226 178 
234 170 
226 178 
234 178 
226 178 
223 175 
226 178 
223 175 
226 170 
226 181 
226 178 
226 175 
234 170 
232 324 
725 274 
223 178 
234 170 
226 178 
234 178 
226 178 
223 175 
226 170 
226 181 
226 178 
226 175 
234 170 
895 214 
199 178 
223 178 
234 170 
226 178 
234 178 
226 178 
223 175 
226 170 
226 181 
226 178 
250 178 
240 167 
226 178 
223 175 
226 178 
223 175 
226 178 
223 175 
270 170 
223 178 
734 410 
196 170 
223 178 
226 175 
234 170 
223 178 
276 178 
226 178 
237 178 
226 178 
223 175 
226 178 
223 175 
226 170 
312 170 
223 170 
226 178 
226 170 
226 178 
234 170 
226 178 
240 167 
321 178 
226 178 
1022 241 
315 170 
223 170 
226 178 
226 170 
226 178 
341 170 
226 178 
237 178 
434 514 
258 178 
844 178 
223 178 
226 178 
377 178 
223 178 
226 175 
223 178 
226 175 
234 170 
223 178 
237 178 
374 170 
234 170 
226 178 
234 178 
226 178 
223 175 
226 170 
226 181 
413 178 
226 80 
83 80 
226 178 
234 170 
226 178 
240 167 
226 181 
419 170 
223 178 
226 175 
223 178 
844 181 
199 178 
226 178 
226 170 
443 178 
234 170 
226 178 
240 167 
226 181 
223 175 
226 178 
256 184 
229 170 
223 175 
226 170 
226 178 
234 170 
226 178 
240 167 
226 181 
467 178 
226 178 
223 175 
223 178 
226 175 
223 178 
226 175 
223 178 
514 170 
234 170 
226 178 
240 167 
226 181 
223 175 
226 178 
223 175 
526 178 
595 624 
713 520 
223 181 
223 170 
226 178 
234 170 
223 178 
540 170 
223 178 
234 170 
226 178 
226 178 
226 181 
223 175 
226 170 
568 178 
223 170 
226 178 
234 170 
223 178 
549 178 
226 178 
237 178 
582 170 
223 181 
226 178 
223 175 
223 178 
226 175 
223 178 
226 175 
594 178 
226 178 
234 170 
226 178 
1280 642 
223 178 
223 175 
226 178 
627 170 
226 178 
223 178 
223 178 
226 175 
234 170 
681 484 
234 170 
642 178 
226 181 
226 178 
223 175 
223 178 
226 175 
223 178 
226 175 
674 170 
223 178 
223 69 
226 181 
226 170 
226 178 
234 170 
226 178 
689 178 
226 181 
984 356 
202 178 
223 178 
223 178 
226 175 
395 181 
713 170 
226 170 
226 178 
234 170 
226 178 
226 178 
226 181 
223 175 
710 178 
223 175 
223 178 
226 181 
234 170 
226 178 
237 178 
223 178 
745 170 
226 178 
226 178 
226 181 
223 175 
226 170 
226 178 
229 170 
770 178 
226 170 
226 178 
234 170 
226 178 
237 167 
226 181 
749 345 
784 170 
223 175 
226 170 
226 181 
226 178 
223 175 
234 170 
223 178 
796 178 
226 178 
223 175 
1007 743 
458 178 
226 178 
223 178 
223 178 
826 170 
226 170 
226 178 
234 170 
226 178 
240 167 
226 181 
223 175 
838 178 
234 178 
226 178 
223 175 
226 170 
226 181 
226 178 
226 175 
793 178 
235 237 
223 175 
226 178 
223 175 
226 178 
223 175 
226 178 
883 178 
226 170 
223 175 
226 170 
226 178 
234 170 
226 178 
240 167 
897 170 
234 178 
226 178 
223 175 
226 178 
223 175 
226 289 
318 259 
927 178 
226 178 
710 743 
583 229 
223 175 
226 178 
223 175 
226 178 
895 178 
226 178 
226 175 
223 178 
226 175 
386 253 
226 178 
229 170 
223 181 
226 170 
226 178 
234 170 
226 178 
234 178 
226 178 
223 175 
226 170 
226 181 
226 178 
226 175 
234 170 
223 178 
237 178 
226 178 
223 175 
226 178 
223 175 
226 178 
223 175 
226 170 
226 181 
226 178 
226 175 
234 170 
223 178 
237 178 
223 178 
238 318 
267 170 
806 413 
226 181 
226 178 
223 178 
226 175 
223 178 
226 175 
234 170 
223 178 
237 178 
226 178 
223 175 
226 178 
223 175 
226 178 
223 175 
226 170 
226 181 
226 178 
226 175 
234 170 
223 178 
237 178 
226 178 
223 175 
226 178 
223 175 
226 178 
223 175 
226 170 
226 181 
223 178 
199 550 
240 167 
226 178 
223 175 
226 178 
223 175 
226 178 
223 175 
226 178 
223 175 
226 170 
226 181 
226 178 
199 372 
229 170 
226 178 
234 170 
226 178 
240 167 
226 181 
223 175 
226 178 
223 175 
226 170 
226 181 
273 473 
226 175 
234 170 
223 178 
237 178 
226 178 
223 175 
223 178 
223 175 
226 178 
954 553 
223 170 
226 178 
226 170 
226 178 
234 170 
226 178 
240 167 
226 181 
223 175 
226 178 
223 175 
226 178 
223 175 
226 170 
226 181 
226 178 
226 175 
234 170 
223 178 
237 178 
226 178 
223 175 
226 2338 
853 193 
223 170 
226 178 
226 170 
226 181 
226 178 
226 175 
234 170 
223 178 
237 336 
413 229 
226 181 
229 178 
226 175 
223 178 
226 175 
223 178 
226 175 
223 178 
226 175 
234 170 
223 178 
237 178 
226 178 
223 175 
226 178 
223 175 
226 178 
223 175 
226 170 
226 181 
226 178 
223 175 
234 170 
223 178 
237 178 
226 178 
223 175 
226 178 
223 175 
226 178 
223 175 
413 564 
226 181 
226 178 
226 175 
234 170 
559 992 
243 743 
223 178 
234 170 
226 178 
226 178 
226 181 
223 175 
226 170 
226 181 
226 178 
226 175 
234 170 
223 178 
237 178 
226 178 
223 175 
226 178 
223 175 
226 178 
223 175 
226 170 
226 181 
226 178 
226 175 
234 170 
232 181 
1105 550 
199 178 
234 178 
226 178 
1055 817 
615 532 
234 178 
226 170 
226 181 
226 178 
226 175 
234 170 
223 178 
237 178 
226 178 
211 170 
226 178 
234 178 
226 178 
223 175 
226 170 
226 181 
226 178 
250 178 
240 167 
488 247 
879 178 
226 178 
226 178 
223 178 
223 175 
258 170 
223 178 
229 170 
223 175 
226 170 
226 178 
234 170 
285 312 
463 288 
226 178 
237 178 
226 178 
223 175 
226 178 
223 175 
226 170 
312 170 
223 170 
226 178 
226 170 
226 178 
234 170 
226 178 
240 167 
321 178 
226 178 
226 178 
234 178 
226 170 
185 72 
83 83 
226 178 
353 170 
226 178 
237 178 
226 178 
223 175 
226 178 
223 175 
374 856 
505 170 
223 178 
226 175 
223 178 
226 175 
234 170 
223 178 
237 178 
374 170 
234 170 
226 178 
234 178 
226 178 
223 175 
226 170 
226 181 
413 178 
226 175 
234 170 
223 178 
237 178 
226 178 
223 175 
226 178 
419 170 
223 178 
226 175 
223 178 
226 175 
223 178 
615 473 
234 170 
434 178 
514 763 
270 173 
234 170 
226 181 
223 175 
226 178 
223 175 
454 170 
223 178 
223 178 
226 175 
234 170 
223 178 
243 496 
226 178 
467 178 
226 178 
223 175 
223 178 
226 175 
223 178 
226 175 
223 178 
514 170 
234 170 
226 178 
237 178 
226 178 
223 175 
226 178 
223 175 
526 178 
226 178 
223 178 
464 395 
859 170 
226 175 
234 170 
223 178 
540 170 
226 178 
234 170 
226 178 
234 178 
226 178 
223 175 
226 170 
568 178 
223 170 
226 178 
234 170 
223 178 
237 178 
226 178 
223 175 
582 170 
223 181 
392 333 
223 175 
223 178 
226 175 
223 80 
226 178 
600 178 
226 178 
234 170 
226 80 
1064 339 
642 279 
226 181 
226 178 
615 170 
226 178 
223 178 
223 178 
226 175 
234 170 
223 178 
237 178 
630 178 
226 181 
226 178 
223 175 
223 178 
226 175 
223 178 
226 175 
674 170 
226 178 
234 170 
226 178 
240 167 
226 181 
223 175 
226 178 
675 178 
226 181 
226 178 
223 178 
226 175 
199 178 
223 175 
234 170 
716 170 
502 1447 
2255 722 
243 259 
306 175 
223 178 
223 178 
226 175 
722 178 
223 175 
226 170 
226 178 
234 170 
226 178 
240 167 
226 181 
731 170 
223 178 
223 175 
226 178 
223 175 
226 170 
226 181 
226 178 
770 178 
226 170 
226 178 
234 170 
226 178 
240 167 
226 181 
223 175 
790 170 
223 175 
407 428 
188 170 
223 170 
226 178 
234 170 
223 178 
796 178 
226 178 
223 175 
226 178 
223 175 
226 178 
223 175 
226 170 
684 573 
347 170 
223 175 
234 170 
223 178 
237 178 
226 178 
223 175 
838 178 
234 178 
226 178 
223 175 
226 170 
226 181 
226 178 
226 175 
858 170 
223 178 
223 175 
226 178 
416 336 
226 178 
223 175 
223 178 
874 178 
226 170 
223 175 
226 170 
226 178 
234 170 
226 178 
240 167 
897 170 
234 178 
226 178 
223 175 
226 178 
223 175 
226 170 
226 181 
933 167 
223 178 
223 170 
226 178 
1447 270 
577 348 
234 170 
226 178 
924 170 
226 181 
223 175 
226 170 
226 181 
226 178 
776 347 
234 170 
226 178 
240 167 
226 181 
223 175 
226 178 
690 552 
226 178 
226 175 
223 178 
226 175 
223 178 
226 175 
234 170 
223 178 
237 178 
226 178 
223 175 
226 178 
223 175 
226 178 
223 175 
226 170 
226 181 
226 178 
226 175 
234 170 
223 178 
237 178 
226 178 
223 175 
226 178 
223 235 
211 178 
223 175 
226 170 
226 181 
226 178 
226 175 
597 261 
226 178 
234 170 
226 178 
234 178 
226 178 
223 175 
226 178 
223 175 
226 170 
226 181 
226 178 
226 175 
234 170 
223 178 
237 178 
226 178 
223 175 
226 178 
223 175 
223 178 
223 175 
226 170 
226 181 
226 178 
226 175 
234 170 
366 344 
199 181 
226 178 
234 170 
226 178 
234 178 
226 178 
223 175 
226 170 
226 181 
226 178 
226 175 
234 170 
223 178 
237 178 
226 178 
223 175 
226 2017 
348 885 
226 178 
226 175 
223 178 
226 175 
223 178 
226 175 
234 170 
223 178 
237 178 
226 178 
223 175 
226 178 
223 175 
226 178 
223 175 
226 170 
595 1424 
223 170 
226 178 
234 170 
223 178 
237 178 
226 178 
223 175 
226 178 
372 526 
199 178 
234 178 
226 170 
226 181 
226 178 
226 175 
234 170 
223 178 
237 178 
226 178 
223 175 
226 178 
223 175 
226 178 
223 175 
226 170 
226 181 
226 178 
226 175 
353 493 
202 167 
234 178 
226 178 
223 175 
226 178 
223 175 
226 178 
455 312 
303 181 
223 175 
226 170 
226 178 
234 170 
226 178 
240 167 
223 181 
223 175 
226 178 
223 175 
226 178 
223 175 
226 170 
226 181 
226 178 
226 175 
234 170 
223 178 
237 178 
226 178 
223 175 
226 178 
223 175 
226 178 
223 175 
226 170 
226 181 
226 178 
226 175 
234 170 
835 380 
996 181 
223 181 
226 181 
226 178 
223 175 
223 178 
226 175 
291 487 
199 170 
223 178 
223 175 
234 170 
223 178 
237 178 
226 178 
223 175 
226 178 
223 175 
226 178 
223 175 
223 178 
226 175 
223 178 
226 175 
234 170 
232 181 
226 170 
226 178 
234 170 
226 178 
234 178 
226 178 
223 175 
853 336 
208 167 
226 170 
223 181 
226 170 
223 178 
234 170 
226 178 
225 170 
226 178 
234 178 
226 178 
223 175 
226 170 
226 181 
226 178 
250 178 
240 167 
226 178 
2092 167 
244 291 
359 178 
226 178 
234 178 
270 170 
155 80 
83 83 
226 178 
226 170 
226 178 
234 170 
226 178 
279 178 
942 178 
234 170 
226 178 
226 178 
226 181 
223 175 
226 170 
312 170 
223 170 
226 178 
226 170 
226 178 
234 170 
226 178 
237 178 
318 178 
226 178 
226 178 
234 178 
226 170 
226 181 
226 178 
226 175 
338 170 
226 178 
237 178 
226 178 
223 175 
226 178 
223 175 
226 178 
363 178 
261 1037 
229 181 
202 181 
226 178 
234 170 
223 178 
237 178 
371 170 
234 170 
226 178 
234 178 
226 178 
223 175 
226 170 
226 181 
413 178 
226 175 
234 170 
223 178 
237 178 
226 178 
223 175 
226 178 
419 170 
223 178 
226 175 
223 178 
226 175 
223 178 
223 175 
234 170 
452 178 
234 170 
291 345 
758 178 
223 178 
223 175 
223 178 
226 175 
466 170 
223 178 
223 178 
226 175 
234 170 
223 178 
237 178 
1159 380 
461 178 
226 178 
223 175 
223 178 
226 175 
223 707 
226 443 
223 170 
505 170 
234 170 
226 178 
240 167 
226 181 
223 175 
226 178 
223 175 
526 178 
226 178 
199 80 
226 181 
237 170 
226 175 
202 72 
226 178 
546 170 
223 178 
234 170 
226 178 
226 178 
226 181 
223 175 
226 170 
568 178 
223 170 
226 178 
234 170 
223 178 
237 178 
226 178 
223 175 
582 170 
223 181 
226 178 
226 175 
223 178 
226 175 
282 315 
886 178 
591 178 
226 178 
234 170 
226 178 
240 167 
226 181 
223 175 
282 342 
473 178 
226 170 
223 178 
226 170 
226 178 
234 170 
226 178 
240 167 
633 178 
226 181 
226 178 
223 175 
223 178 
226 175 
223 178 
226 175 
674 170 
223 178 
223 170 
226 178 
234 170 
226 178 
234 178 
226 178 
675 178 
226 181 
226 178 
223 178 
226 175 
223 178 
226 175 
567 1046 
1144 178 
234 178 
226 178 
223 175 
226 178 
223 175 
348 488 
226 178 
713 178 
223 175 
226 170 
226 178 
234 170 
226 178 
240 167 
226 181 
731 170 
223 178 
223 175 
226 178 
226 175 
229 185 
208 229 
223 170 
761 178 
234 170 
226 178 
240 167 
226 181 
223 175 
226 178 
223 175 
778 170 
223 175 
226 178 
378 345 
226 170 
226 178 
234 170 
226 178 
799 178 
226 178 
223 175 
226 178 
223 175 
226 178 
223 175 
226 170 
832 170 
226 170 
226 178 
234 170 
259 562 
689 178 
226 178 
234 178 
838 178 
234 178 
226 178 
223 175 
226 170 
226 181 
226 178 
226 175 
858 170 
223 178 
223 175 
226 178 
223 175 
707 336 
223 175 
226 178 
883 178 
226 170 
223 175 
226 170 
226 178 
234 170 
226 178 
240 167 
897 170 
234 178 
226 178 
223 175 
226 178 
223 175 
226 170 
226 181 
933 178 
226 178 
226 170 
226 178 
234 170 
226 178 
240 167 
226 181 
895 178 
226 178 
336 499 
211 178 
223 175 
226 170 
1207 538 
413 170 
223 178 
237 178 
226 178 
223 175 
226 178 
223 175 
223 178 
223 175 
226 170 
226 181 
226 178 
226 175 
234 170 
223 178 
237 178 
223 178 
223 175 
226 178 
223 175 
226 178 
223 175 
226 170 
226 181 
226 178 
333 202 
237 167 
226 178 
223 175 
226 178 
223 175 
226 178 
223 175 
1269 980 
333 232 
229 170 
226 181 
226 178 
226 175 
234 170 
223 178 
237 178 
226 178 
318 838 
663 170 
226 178 
226 181 
223 175 
226 170 
226 181 
226 178 
226 175 
234 170 
223 178 
237 178 
223 178 
223 175 
226 178 
223 175 
226 178 
223 175 
226 170 
226 181 
226 178 
226 175 
234 170 
223 178 
237 698 
199 187 
237 167 
226 181 
223 175 
223 178 
223 175 
226 170 
226 181 
226 178 
226 175 
234 170 
223 178 
237 178 
226 178 
223 175 
226 178 
223 175 
226 178 
223 175 
226 788 
815 205 
226 170 
223 178 
226 170 
226 178 
234 170 
226 178 
240 167 
226 181 
223 175 
226 178 
223 175 
226 170 
413 342 
199 178 
226 178 
226 170 
226 178 
223 170 
226 178 
234 170 
226 181 
223 175 
226 178 
223 175 
226 170 
226 181 
226 178 
226 175 
234 170 
223 178 
237 178 
226 178 
223 175 
226 178 
223 175 
226 178 
223 175 
226 170 
226 181 
223 178 
226 175 
234 170 
235 223 
451 342 
256 205 
1629 208 
686 170 
223 181 
229 178 
226 175 
223 178 
226 175 
223 178 
226 175 
234 170 
223 178 
237 178 
226 178 
223 175 
226 178 
223 175 
226 178 
223 175 
226 170 
226 181 
226 178 
226 175 
234 170 
223 178 
237 178 
226 178 
223 175 
226 178 
223 175 
226 178 
223 175 
226 170 
226 719 
416 383 
226 178 
234 170 
223 178 
237 178 
226 178 
223 175 
226 178 
223 175 
226 178 
223 175 
226 170 
226 229 
226 178 
226 175 
234 170 
223 178 
237 178 
226 178 
223 175 
226 178 
223 175 
226 178 
223 175 
226 170 
226 181 
226 178 
226 175 
234 170 
232 181 
226 170 
226 178 
234 170 
321 80 
202 170 
223 178 
223 175 
226 170 
226 181 
226 178 
226 175 
234 170 
226 178 
234 178 
226 178 
211 69 
229 178 
223 178 
223 178 
226 175 
223 178 
226 175 
223 178 
250 178 
240 167 
226 178 
577 579 
217 181 
226 181 
226 178 
223 175 
258 170 
223 178 
229 170 
223 175 
226 170 
226 178 
261 312 
223 178 
332 80 
226 178 
234 170 
226 939 
669 784 
223 178 
226 175 
223 178 
306 170 
223 170 
226 178 
226 170 
226 178 
234 170 
226 178 
240 167 
321 178 
226 178 
226 178 
234 178 
226 170 
226 181 
226 178 
226 175 
338 170 
226 178 
237 178 
226 178 
223 175 
226 178 
223 175 
226 178 
363 178 
862 981 
223 175 
223 178 
226 175 
234 170 
274 208 
223 175 
374 170 
234 170 
226 178 
234 178 
226 178 
223 175 
226 170 
226 181 
413 178 
226 175 
234 170 
223 178 
237 178 
226 178 
223 175 
223 178 
419 170 
223 178 
226 175 
223 178 
226 175 
223 178 
226 175 
234 170 
452 178 
234 170 
226 867 
188 205 
226 178 
223 178 
223 178 
223 175 
466 170 
223 178 
223 178 
226 175 
234 170 
226 178 
234 178 
226 178 
467 178 
226 178 
223 175 
223 178 
369 181 
226 181 
226 178 
223 178 
514 170 
234 170 
226 178 
240 167 
226 181 
223 175 
226 178 
223 175 
526 178 
226 178 
223 178 
226 175 
1260 347 
262 181 
226 170 
226 178 
234 72 
226 181 
226 178 
223 178 
223 80 
226 181 
226 178 
342 256 
191 170 
223 170 
226 178 
234 170 
223 178 
237 178 
226 178 
223 175 
582 170 
223 181 
226 178 
226 175 
223 178 
226 175 
223 178 
226 175 
594 178 
226 178 
234 170 
226 178 
240 167 
672 806 
223 175 
223 178 
618 170 
657 396 
223 175 
226 170 
226 178 
234 170 
226 178 
240 167 
633 178 
226 181 
226 178 
223 175 
223 178 
226 175 
223 178 
226 175 
674 170 
223 178 
223 170 
226 178 
234 170 
226 178 
234 178 
226 178 
675 178 
226 181 
226 178 
223 178 
226 175 
223 178 
226 175 
234 170 
716 170 
226 170 
226 178 
234 170 
226 178 
226 178 
226 181 
223 175 
710 178 
223 175 
226 170 
226 178 
258 502 
226 178 
237 178 
226 178 
731 170 
223 178 
223 175 
226 178 
223 175 
226 170 
226 181 
226 178 
770 178 
226 170 
226 178 
234 170 
226 178 
237 178 
226 178 
223 175 
790 170 
223 175 
333 577 
268 618 
223 170 
226 178 
226 170 
226 178 
805 178 
226 178 
223 175 
226 178 
223 175 
226 178 
223 175 
226 170 
832 170 
558 633 
226 178 
234 170 
223 178 
237 178 
226 178 
223 175 
838 178 
234 178 
226 178 
223 175 
226 517 
226 178 
226 170 
223 181 
867 170 
223 178 
223 178 
223 178 
234 170 
226 178 
270 493 
612 178 
865 178 
226 170 
223 175 
226 170 
226 178 
234 170 
226 178 
240 167 
897 170 
234 178 
226 178 
223 175 
226 178 
223 175 
226 170 
226 181 
933 178 
226 178 
226 170 
226 178 
234 170 
226 178 
240 167 
226 181 
895 178 
226 178 
223 211 
229 178 
223 175 
223 178 
327 187 
781 167 
223 178 
234 170 
226 178 
240 167 
226 181 
223 175 
877 247 
354 217 
226 170 
226 181 
226 178 
226 175 
234 170 
223 178 
237 178 
226 178 
223 175 
226 178 
223 175 
226 178 
223 175 
226 170 
226 181 
226 178 
223 175 
234 170 
223 178 
237 178 
226 178 
223 175 
226 178 
223 175 
226 178 
298 800 
226 170 
223 175 
226 170 
226 178 
234 170 
226 178 
240 167 
226 181 
223 175 
226 178 
223 175 
226 178 
223 175 
226 170 
226 181 
226 178 
226 175 
442 229 
226 178 
237 167 
226 181 
223 175 
226 178 
223 175 
226 178 
223 175 
226 170 
226 181 
226 178 
847 550 
226 170 
223 181 
226 170 
226 178 
234 170 
232 264 
226 181 
226 178 
226 175 
223 178 
226 175 
223 178 
226 175 
234 170 
223 178 
237 178 
226 178 
223 175 
226 178 
223 175 
226 178 
223 175 
226 170 
226 181 
226 178 
226 175 
234 170 
223 178 
237 178 
226 178 
223 175 
226 178 
223 175 
226 178 
223 175 
226 170 
226 481 
817 339 
381 348 
226 170 
223 178 
223 175 
226 178 
223 175 
226 178 
223 175 
223 178 
188 214 
226 80 
226 181 
223 170 
226 178 
234 170 
223 178 
237 178 
226 178 
223 175 
226 178 
223 175 
226 178 
223 175 
226 170 
246 196 
0 0 
0 0 
0 0 
232 173 
229 187 
288 137 
240 167 
256 170 
226 181 
226 178 
226 175 
223 178 
226 175 
223 178 
226 175 
234 170 
229 178 
237 178 
226 178 
624 829 
285 181 
226 178 
226 178 
234 178 
226 170 
226 181 
226 178 
226 175 
234 170 
229 178 
237 178 
226 178 
237 175 
226 178 
223 175 
226 178 
885 232 
692 181 
226 178 
226 170 
226 178 
234 170 
199 312 
240 167 
226 181 
237 175 
226 178 
237 175 
226 178 
237 175 
226 170 
226 181 
226 178 
226 175 
234 170 
229 178 
237 178 
226 178 
237 175 
226 178 
237 175 
226 178 
237 175 
226 170 
226 181 
223 178 
232 683 
237 170 
229 181 
226 170 
226 178 
234 170 
229 178 
226 178 
223 178 
226 175 
633 208 
761 181 
226 170 
226 178 
234 170 
226 178 
240 83 
83 80 
234 170 
229 178 
237 178 
226 178 
237 175 
226 170 
226 181 
226 178 
250 178 
240 167 
226 178 
223 175 
226 178 
223 175 
226 178 
237 175 
270 170 
226 178 
223 167 
226 178 
223 167 
226 178 
234 170 
229 178 
773 342 
416 178 
223 175 
226 178 
223 175 
226 178 
237 175 
264 954 
188 170 
226 178 
226 80 
83 80 
226 181 
234 170 
226 178 
240 167 
321 178 
226 178 
223 167 
226 178 
223 167 
226 178 
223 167 
226 178 
335 170 
229 181 
237 178 
226 178 
237 175 
226 178 
237 175 
226 178 
377 178 
223 178 
488 259 
232 170 
226 178 
234 170 
229 178 
237 178 
374 170 
237 170 
618 232 
862 478 
229 178 
223 175 
223 178 
226 175 
410 178 
226 175 
234 170 
229 178 
237 178 
226 178 
237 175 
226 178 
208 321 
226 181 
237 175 
226 170 
226 181 
226 178 
226 175 
234 170 
431 178 
234 170 
226 178 
240 167 
226 181 
237 175 
226 178 
389 802 
333 170 
223 175 
226 170 
226 178 
234 170 
226 178 
240 167 
226 181 
481 178 
226 178 
223 175 
223 178 
226 175 
223 178 
226 175 
223 178 
514 170 
237 170 
226 178 
240 167 
226 181 
237 175 
226 178 
237 175 
526 178 
226 178 
223 178 
226 175 
223 178 
226 175 
392 249 
226 178 
549 170 
202 348 
223 175 
226 178 
237 175 
226 178 
237 175 
226 170 
568 178 
223 170 
226 178 
234 69 
226 178 
223 170 
226 178 
234 69 
579 170 
226 181 
223 178 
226 80 
226 178 
226 178 
223 178 
226 175 
594 178 
226 181 
234 170 
226 178 
240 167 
226 181 
237 175 
226 178 
641 170 
443 318 
226 178 
226 170 
226 178 
234 170 
226 178 
240 167 
633 178 
226 181 
226 178 
223 175 
223 178 
226 591 
398 573 
226 181 
659 170 
226 178 
223 170 
226 178 
234 170 
229 178 
294 303 
288 241 
692 178 
226 181 
226 178 
223 178 
226 175 
223 178 
226 175 
234 170 
695 170 
226 181 
226 178 
234 170 
226 178 
277 381 
199 178 
234 178 
710 178 
223 175 
226 170 
226 178 
234 170 
226 178 
240 167 
226 181 
745 170 
226 178 
237 175 
226 178 
237 175 
226 170 
226 181 
226 178 
767 178 
226 170 
226 178 
234 170 
229 181 
279 181 
229 181 
237 178 
781 170 
226 175 
229 170 
226 178 
229 167 
223 178 
234 170 
541 695 
796 178 
226 178 
234 170 
226 178 
223 175 
226 178 
237 175 
226 170 
832 170 
229 170 
226 178 
234 170 
226 178 
240 167 
226 181 
237 175 
838 178 
234 178 
226 178 
237 175 
226 170 
226 181 
223 178 
226 175 
858 170 
226 178 
223 175 
226 178 
237 175 
226 178 
237 175 
1138 808 
871 178 
226 170 
226 181 
226 170 
226 178 
234 170 
841 529 
237 178 
897 170 
237 178 
226 178 
237 175 
226 178 
237 175 
226 170 
226 181 
933 178 
226 178 
226 170 
226 178 
234 170 
229 181 
237 178 
226 178 
909 178 
229 181 
226 175 
223 190 
226 181 
226 170 
226 178 
234 170 
229 178 
237 178 
226 820 
433 170 
229 181 
237 178 
226 178 
237 175 
226 170 
226 181 
226 178 
226 175 
234 170 
226 178 
237 178 
226 178 
237 175 
226 178 
237 175 
226 178 
237 175 
226 170 
627 250 
285 181 
226 178 
234 170 
229 178 
237 178 
226 178 
237 175 
226 178 
237 175 
226 178 
237 175 
226 170 
226 181 
761 657 
485 170 
237 170 
229 178 
223 175 
226 178 
237 175 
226 178 
237 175 
226 178 
237 175 
226 232 
226 178 
226 170 
226 181 
226 170 
226 178 
234 170 
229 178 
237 178 
226 178 
237 175 
226 178 
237 175 
226 170 
226 181 
223 178 
226 175 
234 170 
229 178 
383 740 
960 178 
237 175 
226 178 
237 175 
199 1040 
226 181 
226 178 
226 175 
223 178 
223 175 
234 170 
229 178 
237 178 
226 178 
237 175 
226 178 
237 175 
226 178 
223 175 
226 170 
226 181 
226 178 
226 175 
234 170 
229 178 
237 178 
226 178 
237 175 
226 178 
237 175 
226 178 
237 175 
226 170 
226 181 
226 178 
226 175 
609 318 
223 309 
223 170 
226 178 
234 170 
229 181 
237 175 
579 725 
226 175 
223 178 
226 178 
223 167 
226 178 
365 1055 
1088 170 
237 178 
226 178 
223 175 
226 178 
237 175 
226 178 
237 175 
226 170 
226 181 
226 178 
226 175 
234 170 
229 178 
237 178 
226 178 
237 175 
226 178 
237 175 
226 178 
237 175 
695 345 
547 606 
229 173 
226 178 
234 170 
226 178 
240 167 
226 181 
237 175 
226 178 
237 175 
226 178 
237 175 
226 170 
226 181 
226 178 
226 175 
234 170 
226 178 
237 178 
226 178 
237 175 
226 178 
237 175 
232 181 
321 181 
229 178 
223 178 
223 178 
226 175 
234 170 
229 178 
237 178 
226 178 
237 175 
226 178 
237 175 
226 588 
262 407 
226 178 
226 175 
223 178 
226 175 
234 170 
229 178 
237 178 
226 178 
237 175 
226 178 
237 175 
226 178 
237 175 
226 170 
226 181 
226 178 
226 175 
234 170 
229 178 
237 178 
226 178 
237 175 
226 178 
237 175 
226 178 
237 175 
226 170 
226 181 
226 178 
577 573 
493 181 
226 178 
249 597 
199 178 
211 170 
229 178 
237 178 
226 178 
237 175 
142 80 
226 175 
223 178 
250 178 
240 167 
226 178 
223 175 
226 178 
223 175 
226 178 
237 175 
270 170 
226 178 
223 167 
226 178 
223 167 
773 395 
291 419 
229 178 
276 178 
226 181 
237 178 
226 178 
237 175 
226 178 
237 175 
226 170 
1177 190 
226 178 
226 175 
234 170 
229 178 
237 178 
226 178 
237 175 
318 178 
226 178 
223 167 
226 178 
223 167 
196 470 
226 170 
226 181 
347 170 
229 181 
237 178 
226 178 
223 175 
226 178 
237 175 
226 178 
377 178 
223 178 
226 175 
223 178 
226 175 
234 170 
226 178 
237 178 
374 170 
692 345 
392 538 
237 178 
226 178 
237 175 
226 170 
226 181 
413 178 
226 175 
234 170 
229 178 
234 178 
226 178 
237 175 
226 178 
433 170 
226 178 
226 175 
223 178 
226 175 
223 178 
226 175 
234 170 
431 178 
234 170 
238 359 
344 532 
226 178 
226 178 
223 178 
226 175 
466 170 
226 178 
223 178 
286 369 
237 170 
229 178 
237 178 
226 178 
467 178 
226 178 
223 175 
223 178 
226 175 
199 80 
226 181 
237 170 
514 170 
237 170 
226 178 
240 167 
226 181 
237 175 
226 178 
237 175 
526 178 
226 178 
223 178 
226 175 
223 178 
226 175 
234 170 
226 178 
540 170 
226 178 
246 547 
1085 167 
226 437 
229 178 
226 175 
223 178 
562 178 
416 562 
226 178 
223 170 
226 178 
234 170 
229 178 
237 178 
582 170 
226 181 
223 178 
226 175 
223 178 
226 175 
223 178 
226 175 
594 178 
226 181 
234 170 
226 178 
240 167 
226 181 
237 175 
226 178 
641 170 
229 181 
223 178 
223 178 
226 175 
561 250 
226 178 
234 178 
630 178 
226 181 
226 178 
223 175 
223 178 
226 175 
223 178 
226 175 
674 170 
226 181 
234 170 
226 178 
240 167 
226 181 
564 348 
226 178 
692 178 
226 181 
226 178 
223 178 
226 175 
223 178 
226 175 
234 170 
692 170 
226 181 
226 178 
234 170 
226 178 
226 178 
226 181 
237 175 
710 178 
818 182 
211 291 
229 178 
226 170 
226 178 
234 170 
226 181 
748 170 
226 178 
237 175 
226 178 
237 175 
226 170 
226 181 
223 178 
770 178 
226 170 
226 178 
234 170 
226 178 
240 167 
226 83 
226 178 
775 170 
237 175 
226 170 
226 190 
463 274 
226 175 
234 170 
229 178 
796 178 
226 178 
237 175 
434 814 
226 175 
223 178 
226 175 
223 178 
826 170 
229 170 
226 178 
234 170 
226 178 
240 167 
226 181 
237 175 
838 178 
380 481 
199 178 
226 178 
226 170 
226 181 
226 170 
226 83 
867 170 
226 178 
223 175 
226 178 
237 175 
226 178 
237 175 
226 178 
883 178 
226 170 
226 181 
226 170 
226 178 
234 621 
226 181 
234 170 
906 170 
237 178 
226 178 
223 175 
226 178 
237 175 
437 865 
229 178 
918 178 
226 178 
226 170 
226 178 
234 170 
226 181 
237 178 
226 178 
909 178 
226 181 
223 178 
223 178 
226 175 
223 178 
226 175 
234 170 
229 178 
237 178 
226 178 
237 175 
226 184 
223 178 
223 178 
244 318 
229 170 
226 178 
226 170 
226 178 
237 170 
226 178 
237 178 
226 178 
237 175 
226 178 
237 175 
226 178 
237 175 
226 170 
226 181 
226 178 
226 175 
234 170 
229 178 
234 178 
226 1277 
588 178 
229 181 
223 178 
223 178 
226 175 
223 178 
226 175 
223 178 
226 175 
234 170 
229 178 
237 178 
250 523 
223 175 
226 178 
237 175 
226 178 
237 175 
226 170 
226 181 
226 178 
226 175 
234 170 
226 178 
237 178 
226 178 
237 175 
226 178 
237 175 
226 178 
237 175 
226 170 
226 181 
226 178 
226 175 
695 484 
232 181 
237 178 
226 178 
237 175 
226 178 
237 175 
226 178 
237 175 
226 170 
648 250 
208 181 
223 178 
234 170 
229 769 
422 170 
226 178 
226 178 
223 178 
223 175 
223 178 
226 175 
223 178 
226 175 
223 178 
226 175 
234 170 
229 178 
237 178 
226 178 
237 175 
226 178 
237 175 
226 178 
237 175 
226 170 
226 181 
226 178 
226 175 
234 170 
229 178 
237 178 
226 178 
237 175 
226 178 
208 315 
481 181 
237 175 
226 170 
226 181 
226 178 
226 175 
234 170 
229 178 
237 178 
226 178 
237 175 
226 178 
237 175 
226 178 
237 175 
226 170 
226 181 
484 181 
226 178 
223 170 
226 178 
234 170 
229 178 
234 178 
226 178 
237 175 
226 178 
237 175 
226 170 
226 181 
226 178 
226 175 
350 342 
401 178 
237 178 
226 178 
237 175 
226 178 
237 175 
226 178 
237 175 
226 170 
226 181 
226 178 
226 175 
234 170 
229 178 
237 178 
226 178 
237 170 
226 178 
223 175 
223 178 
226 175 
223 178 
226 175 
223 178 
226 175 
234 170 
229 178 
237 178 
199 481 
191 170 
226 178 
223 175 
223 178 
630 229 
1450 178 
226 178 
226 178 
226 175 
234 170 
229 178 
237 178 
226 178 
223 175 
199 178 
223 80 
223 69 
226 181 
226 178 
226 175 
223 178 
226 175 
234 170 
229 178 
237 178 
226 178 
237 175 
226 178 
237 175 
226 178 
237 175 
226 170 
226 181 
226 178 
226 175 
234 170 
229 178 
237 178 
226 796 
763 250 
223 178 
223 175 
223 178 
226 175 
223 178 
226 175 
223 309 
975 211 
229 170 
226 178 
234 170 
226 178 
83 80 
229 181 
237 178 
270 170 
226 178 
223 167 
226 178 
223 167 
226 178 
234 170 
229 178 
259 178 
226 181 
237 178 
226 178 
223 175 
226 178 
237 175 
226 170 
312 170 
226 167 
226 178 
612 389 
226 178 
223 175 
226 178 
237 175 
318 178 
226 178 
223 167 
226 178 
223 167 
226 178 
223 167 
226 178 
335 170 
229 181 
237 178 
226 178 
237 175 
689 330 
351 428 
226 178 
354 178 
223 178 
226 175 
223 178 
226 175 
234 170 
229 178 
237 178 
374 170 
237 170 
229 178 
237 178 
609 579 
191 170 
226 178 
223 178 
410 178 
226 175 
234 170 
229 178 
237 178 
226 178 
237 175 
226 178 
433 170 
226 178 
226 175 
223 178 
598 476 
202 178 
226 181 
226 170 
437 178 
234 170 
226 178 
240 167 
226 181 
237 175 
226 178 
223 175 
454 170 
226 178 
223 178 
268 347 
243 178 
226 181 
226 170 
226 178 
707 659 
226 178 
226 178 
223 178 
226 175 
223 178 
226 175 
223 178 
514 170 
237 170 
226 178 
240 167 
226 181 
237 80 
226 181 
237 178 
526 178 
226 178 
223 178 
226 175 
223 178 
226 175 
234 170 
229 178 
540 170 
226 181 
234 170 
226 178 
226 178 
226 181 
237 175 
226 170 
488 960 
229 170 
226 181 
226 170 
226 178 
234 170 
229 178 
234 178 
582 170 
226 181 
226 178 
226 175 
223 178 
226 175 
223 178 
226 175 
594 178 
226 181 
234 170 
226 178 
240 167 
226 181 
237 175 
226 178 
641 170 
229 181 
223 178 
223 178 
223 175 
234 170 
229 178 
237 178 
630 178 
226 874 
1022 366 
226 175 
223 178 
226 175 
223 178 
226 175 
674 170 
226 178 
223 170 
226 178 
234 170 
229 178 
237 178 
226 178 
675 178 
226 181 
226 178 
223 178 
226 175 
223 178 
226 175 
234 170 
802 167 
582 178 
226 178 
226 178 
395 330 
226 178 
226 181 
237 175 
710 178 
223 175 
226 170 
226 178 
234 170 
226 178 
208 580 
722 178 
745 170 
226 178 
237 175 
226 178 
237 175 
226 170 
226 181 
226 178 
770 178 
226 170 
226 178 
234 170 
226 178 
240 167 
226 181 
237 175 
790 170 
237 175 
226 170 
226 181 
226 178 
226 175 
234 170 
229 178 
808 178 
226 178 
237 175 
226 178 
237 175 
226 178 
407 1040 
1070 170 
862 181 
223 167 
223 178 
234 170 
226 181 
234 170 
226 181 
237 175 
838 178 
332 508 
663 170 
226 178 
223 167 
226 178 
223 167 
226 178 
855 170 
226 178 
223 175 
226 178 
237 175 
226 178 
237 175 
226 178 
883 178 
226 170 
226 181 
226 170 
226 178 
234 170 
229 178 
237 178 
253 176 
199 178 
226 178 
226 178 
226 181 
237 175 
226 170 
226 181 
933 178 
226 178 
229 170 
226 178 
234 170 
226 178 
240 167 
226 181 
909 178 
229 181 
226 175 
223 178 
226 175 
223 178 
393 241 
240 167 
226 178 
223 175 
226 178 
237 175 
226 178 
237 175 
226 178 
237 175 
226 170 
226 181 
223 178 
211 773 
805 178 
226 178 
223 175 
226 178 
237 175 
226 178 
237 175 
226 178 
237 175 
1096 562 
226 178 
226 170 
226 181 
223 170 
226 178 
234 170 
229 178 
237 178 
226 178 
237 175 
226 178 
237 175 
226 170 
226 181 
226 178 
226 175 
234 170 
229 178 
237 178 
226 178 
237 175 
226 178 
469 181 
948 817 
229 178 
226 170 
226 181 
226 178 
226 175 
234 170 
229 178 
237 178 
226 178 
237 175 
226 178 
237 175 
226 178 
237 175 
226 170 
226 181 
226 178 
226 175 
234 170 
229 178 
237 178 
226 178 
237 175 
226 178 
237 175 
226 178 
237 175 
226 170 
226 181 
226 178 
226 175 
318 1043 
1516 639 
226 181 
226 178 
234 170 
229 178 
237 178 
226 178 
237 175 
226 170 
226 181 
226 178 
226 175 
234 170 
229 178 
237 178 
327 579 
371 181 
226 178 
237 175 
226 178 
237 175 
226 170 
226 181 
226 178 
223 175 
234 170 
229 178 
237 178 
226 178 
237 175 
226 178 
237 175 
226 178 
470 612 
199 538 
226 181 
226 178 
226 175 
234 170 
229 178 
237 178 
226 178 
237 175 
226 178 
223 175 
226 178 
356 232 
229 170 
226 178 
226 170 
226 181 
234 170 
226 178 
240 167 
226 181 
237 175 
226 178 
237 175 
226 178 
223 175 
226 170 
226 181 
324 178 
226 178 
234 170 
226 178 
240 167 
226 181 
237 175 
303 339 
208 170 
229 170 
226 178 
226 170 
226 181 
223 178 
226 175 
234 170 
229 178 
237 178 
226 178 
237 175 
226 178 
237 175 
226 178 
237 175 
226 170 
226 181 
226 178 
226 175 
234 170 
229 178 
237 178 
226 178 
237 175 
226 178 
237 175 
226 178 
223 175 
226 170 
226 181 
244 381 
199 181 
237 170 
226 178 
240 167 
226 181 
237 175 
226 178 
469 758 
612 178 
223 175 
226 170 
226 181 
226 178 
226 175 
234 170 
229 80 
237 69 
226 178 
226 178 
223 178 
223 175 
223 178 
226 175 
202 178 
226 178 
226 170 
226 181 
226 170 
226 178 
234 170 
229 178 
228 170 
229 178 
237 178 
395 187 
205 178 
226 170 
226 181 
226 178 
250 178 
240 167 
226 178 
223 175 
226 178 
237 175 
226 178 
237 175 
270 170 
226 178 
223 167 
226 178 
223 69 
83 83 
431 413 
226 178 
273 178 
226 181 
237 178 
226 178 
237 175 
514 579 
226 178 
223 167 
303 170 
226 167 
226 178 
234 170 
229 178 
223 175 
279 342 
226 181 
333 178 
226 178 
223 167 
223 178 
223 167 
226 178 
223 167 
226 178 
335 170 
229 181 
237 178 
226 178 
237 175 
226 178 
237 175 
226 178 
377 178 
223 178 
226 175 
223 178 
226 175 
234 170 
229 178 
234 178 
374 170 
237 170 
229 178 
237 178 
597 181 
202 167 
226 170 
226 553 
523 178 
226 175 
234 170 
229 178 
237 178 
226 178 
237 175 
226 178 
433 170 
226 178 
226 175 
223 178 
226 175 
223 178 
226 175 
234 170 
431 178 
234 170 
226 178 
240 167 
226 181 
237 175 
226 178 
237 175 
454 170 
226 175 
223 178 
226 175 
234 170 
229 178 
237 178 
226 178 
433 431 
226 178 
237 175 
226 178 
237 175 
226 170 
226 181 
226 178 
514 170 
237 170 
226 178 
240 167 
226 181 
237 175 
443 237 
226 178 
514 178 
226 178 
223 178 
226 175 
223 178 
226 80 
226 167 
226 178 
549 170 
226 181 
234 170 
226 178 
226 178 
226 181 
237 175 
226 170 
568 178 
790 550 
202 181 
324 167 
226 178 
223 170 
226 178 
234 170 
591 170 
226 181 
226 178 
226 175 
223 178 
226 175 
223 178 
226 175 
594 178 
226 181 
234 170 
226 178 
240 167 
226 181 
237 175 
226 178 
641 170 
229 181 
223 178 
817 707 
250 178 
234 170 
226 178 
237 178 
630 178 
226 181 
226 178 
223 175 
270 342 
226 178 
223 178 
226 175 
674 170 
226 181 
234 170 
226 178 
240 167 
226 181 
237 175 
226 178 
689 178 
226 181 
226 178 
223 178 
226 175 
223 178 
226 175 
234 170 
695 170 
226 181 
226 178 
234 170 
226 178 
226 178 
226 181 
237 175 
710 178 
223 175 
226 170 
226 178 
612 404 
199 181 
237 170 
226 178 
751 170 
226 178 
1040 562 
199 648 
226 178 
226 170 
226 181 
226 178 
770 178 
226 170 
226 178 
234 170 
226 181 
237 178 
226 178 
237 175 
790 170 
237 175 
226 170 
226 181 
226 178 
226 175 
234 170 
229 178 
796 178 
226 178 
237 175 
226 178 
237 175 
253 535 
247 178 
633 208 
829 170 
229 170 
226 178 
234 170 
226 178 
240 167 
226 181 
237 175 
838 178 
234 178 
226 178 
237 175 
226 170 
226 181 
1922 562 
315 196 
870 170 
229 178 
223 175 
226 178 
237 175 
226 178 
223 175 
226 178 
897 178 
226 170 
226 178 
223 170 
226 178 
234 170 
229 178 
237 178 
458 286 
226 181 
226 178 
223 175 
223 178 
226 175 
223 178 
226 175 
930 178 
226 178 
226 170 
226 178 
234 170 
226 178 
240 167 
226 181 
909 178 
229 181 
223 178 
223 178 
226 175 
223 178 
226 175 
234 170 
229 178 
237 178 
226 178 
466 318 
226 178 
237 175 
226 178 
237 175 
226 170 
381 650 
517 193 
226 178 
223 170 
226 178 
234 208 
229 178 
237 178 
226 178 
223 175 
226 178 
237 175 
226 170 
226 181 
226 178 
226 175 
234 170 
229 178 
237 178 
226 178 
237 175 
226 178 
237 175 
226 178 
237 175 
226 170 
226 181 
226 178 
226 175 
234 170 
229 178 
237 178 
226 178 
276 181 
226 178 
237 178 
226 178 
223 175 
226 170 
226 181 
226 178 
226 175 
234 425 
1364 178 
223 173 
473 170 
226 181 
226 178 
226 175 
223 178 
226 175 
223 178 
226 175 
223 178 
226 175 
234 170 
229 178 
237 178 
226 178 
237 175 
226 178 
223 175 
226 178 
237 175 
226 170 
1040 170 
731 178 
226 178 
234 170 
226 178 
237 178 
226 178 
237 175 
226 178 
237 175 
226 178 
237 175 
226 170 
226 181 
226 178 
226 175 
234 170 
229 178 
237 178 
226 178 
237 175 
226 178 
237 175 
324 493 
199 170 
223 178 
226 175 
223 178 
226 175 
234 170 
229 178 
237 178 
226 178 
237 175 
1976 181 
226 178 
223 178 
226 175 
223 178 
226 175 
223 178 
226 175 
234 170 
229 178 
237 178 
226 178 
237 175 
226 178 
237 175 
226 178 
237 175 
226 170 
226 181 
226 178 
223 175 
234 170 
229 178 
237 178 
226 178 
237 175 
226 178 
237 175 
226 178 
223 175 
226 170 
226 181 
1373 633 
188 170 
234 170 
226 178 
240 167 
749 728 
561 250 
229 181 
223 178 
223 178 
226 175 
223 178 
226 175 
223 178 
226 175 
234 170 
229 178 
237 178 
746 487 
237 178 
226 178 
223 175 
226 178 
237 175 
226 170 
226 181 
226 178 
226 175 
234 170 
226 181 
223 175 
226 178 
237 175 
226 178 
237 175 
957 1224 
886 181 
226 178 
226 181 
226 170 
226 178 
234 170 
229 178 
237 178 
226 178 
237 175 
226 178 
237 175 
226 178 
237 175 
226 170 
226 181 
226 178 
345 576 
226 170 
226 181 
226 170 
226 178 
237 170 
229 181 
237 175 
226 178 
237 80 
83 83 
226 178 
226 170 
226 181 
226 170 
226 178 
288 454 
247 170 
228 170 
229 178 
237 178 
226 178 
237 175 
226 170 
226 181 
223 178 
250 178 
226 170 
226 178 
234 170 
226 181 
237 178 
226 178 
237 175 
270 170 
226 178 
223 167 
226 178 
223 167 
226 178 
234 170 
229 178 
259 178 
226 181 
237 178 
199 1022 
223 175 
223 178 
226 175 
865 339 
223 345 
237 170 
226 175 
234 170 
229 178 
237 178 
226 178 
237 175 
318 178 
226 178 
223 167 
226 178 
223 167 
226 178 
223 167 
223 178 
335 170 
229 181 
237 178 
226 178 
237 175 
226 178 
237 175 
226 178 
781 686 
276 241 
226 178 
226 170 
226 181 
226 170 
226 178 
234 170 
383 170 
237 170 
229 178 
650 1254 
416 181 
226 178 
223 167 
223 178 
407 178 
226 175 
234 170 
229 178 
237 178 
226 178 
237 175 
288 571 
191 170 
226 178 
223 178 
223 178 
223 175 
223 178 
226 175 
234 170 
431 178 
234 170 
226 181 
237 178 
226 178 
237 175 
226 178 
237 175 
454 69 
226 178 
226 170 
226 178 
234 170 
226 178 
401 793 
223 178 
484 178 
226 178 
223 175 
223 178 
226 175 
223 178 
226 175 
223 178 
514 170 
237 170 
226 178 
240 167 
226 181 
237 175 
226 178 
237 175 
526 178 
226 178 
223 178 
226 175 
1040 665 
202 939 
223 170 
226 178 
546 170 
226 181 
234 170 
226 178 
226 178 
226 181 
223 175 
226 170 
1489 481 
226 170 
226 178 
229 170 
226 178 
234 170 
226 178 
240 167 
585 170 
226 181 
223 178 
226 175 
223 178 
226 175 
223 178 
226 175 
594 178 
226 181 
234 170 
226 178 
240 167 
226 181 
237 175 
226 178 
641 170 
229 181 
12650 179 
0 0 
0 0 
0 0 
202 80 
208 173 
844 181 
262 1488 
487 187 
339 493 
199 178 
226 175 
226 179 
223 181 
656 170 
223 178 
223 170 
226 178 
234 170 
226 178 
234 178 
226 178 
675 178 
226 181 
226 178 
223 178 
226 175 
223 178 
226 175 
234 170 
716 170 
226 170 
226 178 
234 170 
226 178 
226 178 
226 181 
223 175 
710 178 
223 175 
906 547 
1132 175 
226 170 
223 181 
226 170 
226 178 
754 170 
223 178 
223 175 
226 178 
223 175 
226 170 
226 181 
698 734 
300 170 
240 167 
226 178 
223 175 
226 178 
223 175 
226 178 
223 175 
790 170 
223 175 
226 170 
226 181 
226 178 
226 175 
234 170 
223 178 
796 178 
226 178 
223 175 
226 178 
336 484 
398 368 
237 175 
226 170 
832 170 
226 170 
226 178 
223 170 
226 178 
234 170 
226 178 
240 167 
829 178 
226 178 
223 178 
226 175 
223 178 
226 175 
229 170 
226 178 
876 170 
223 178 
223 175 
223 178 
969 321 
226 178 
223 175 
223 178 
874 178 
226 170 
223 175 
226 170 
523 181 
237 170 
226 178 
256 267 
502 181 
226 181 
229 178 
226 175 
223 178 
226 175 
223 178 
226 175 
930 178 
226 178 
226 170 
226 178 
234 170 
226 178 
240 167 
226 181 
895 178 
226 178 
223 178 
223 178 
226 175 
223 178 
226 175 
234 170 
223 178 
237 178 
226 178 
223 175 
223 178 
223 175 
226 178 
345 291 
374 318 
223 178 
229 170 
223 181 
226 170 
226 808 
711 250 
223 178 
234 170 
226 178 
234 178 
226 178 
223 175 
226 170 
226 181 
226 178 
223 175 
234 170 
223 178 
237 178 
226 178 
223 175 
226 178 
223 175 
226 178 
223 175 
226 170 
226 181 
226 178 
226 175 
234 170 
223 178 
237 178 
226 178 
188 1124 
226 178 
234 178 
226 178 
223 175 
226 170 
226 181 
226 178 
226 175 
234 170 
223 178 
237 178 
226 178 
223 175 
226 178 
223 175 
226 178 
731 342 
1031 178 
223 178 
223 178 
226 175 
234 170 
223 178 
237 178 
226 178 
223 175 
226 178 
223 175 
223 178 
223 175 
226 170 
226 181 
452 309 
199 511 
237 369 
226 178 
223 170 
226 178 
237 170 
226 181 
223 175 
226 178 
223 175 
226 170 
226 181 
226 178 
226 175 
234 170 
223 178 
237 178 
226 178 
223 175 
226 178 
223 175 
226 178 
223 175 
226 170 
226 181 
226 178 
226 175 
234 170 
226 178 
234 178 
499 321 
389 178 
226 181 
223 175 
600 336 
188 170 
226 178 
223 178 
223 178 
226 175 
234 170 
223 178 
237 178 
226 178 
223 175 
226 178 
223 175 
226 178 
223 175 
226 170 
226 181 
226 178 
226 175 
234 170 
223 178 
237 178 
226 178 
223 175 
226 178 
223 175 
226 178 
223 175 
226 170 
226 181 
226 178 
226 175 
234 170 
235 374 
237 170 
226 181 
223 175 
226 178 
223 175 
223 178 
223 175 
226 170 
226 181 
226 178 
226 175 
246 175 
226 181 
226 170 
226 178 
234 170 
226 178 
234 178 
226 178 
223 175 
226 170 
226 181 
226 178 
226 175 
234 170 
223 178 
237 178 
226 178 
223 175 
226 178 
223 175 
226 178 
223 217 
229 1765 
708 526 
728 69 
223 178 
237 170 
226 178 
240 167 
226 181 
223 175 
226 178 
223 175 
226 178 
223 175 
226 170 
226 181 
226 178 
226 175 
234 170 
232 181 
226 170 
226 178 
234 170 
226 178 
234 178 
226 178 
223 175 
226 170 
226 181 
226 178 
226 175 
234 170 
223 178 
237 178 
523 1212 
231 170 
226 178 
237 178 
226 178 
223 175 
226 170 
226 181 
226 178 
250 178 
240 167 
226 178 
223 175 
226 178 
223 175 
226 178 
223 175 
270 170 
223 178 
229 170 
191 229 
226 170 
252 181 
499 178 
226 181 
282 178 
199 175 
199 181 
211 193 
1209 211 
199 541 
609 499 
223 178 
687 178 
232 205 
185 170 
199 178 
559 876 
363 282 
232 178 
202 170 
235 208 
237 265 
199 252 
229 178 
223 196 
226 181 
226 222 
226 181 
229 178 
288 291 
256 252 
199 190 
788 181 
214 261 
247 228 
199 191 
199 181 
238 181 
223 175 
211 170 
229 184 
243 184 
229 300 
208 217 
199 178 
238 187 
217 181 
191 196 
695 1795 
951 303 
252 181 
237 259 
202 173 
262 193 
223 170 
205 181 
552 181 
199 217 
225 190 
205 208 
211 187 
264 187 
214 193 
205 182 
205 196 
199 167 
274 327 
211 173 
208 181 
208 167 
232 167 
436 467 
202 178 
202 229 
223 223 
205 244 
585 196 
214 392 
240 187 
273 170 
199 176 
199 226 
234 170 
2431 181 
754 181 
199 193 
223 184 
199 80 
318 181 
205 184 
241 83 
208 271 
253 211 
196 179 
241 188 
217 217 
291 351 
583 241 
226 234 
238 184 
223 217 
238 187 
205 389 
202 187 
208 173 
621 253 
246 229 
205 178 
205 170 
683 187 
202 184 
199 184 
185 170 
205 181 
202 187 
347 1385 
321 220 
243 235 
202 211 
249 220 
226 196 
222 223 
713 181 
238 187 
930 187 
229 226 
243 170 
235 184 
234 184 
211 181 
246 193 
232 184 
594 184 
226 178 
205 208 
199 175 
199 228 
229 181 
226 318 
249 184 
627 190 
208 72 
232 190 
232 167 
208 184 
256 187 
208 181 
354 850 
312 184 
229 184 
214 184 
217 187 
199 187 
232 229 
234 226 
205 187 
223 184 
199 184 
202 182 
235 181 
211 170 
318 184 
205 173 
202 187 
202 187 
205 187 
256 176 
330 184 
202 184 
208 178 
235 181 
229 181 
199 190 
202 170 
214 187 
202 176 
202 181 
202 184 
202 237 
202 1201 
930 184 
737 187 
202 184 
271 170 
265 190 
241 267 
208 190 
460 190 
222 181 
232 184 
205 170 
746 188 
229 181 
202 176 
214 202 
211 184 
208 190 
202 193 
235 167 
232 184 
214 181 
208 217 
202 223 
265 178 
199 196 
277 173 
202 193 
425 187 
211 167 
229 184 
852 193 
235 170 
225 170 
202 211 
550 508 
223 194 
523 190 
243 170 
226 190 
232 211 
211 211 
211 205 
208 187 
235 202 
250 190 
241 243 
211 176 
244 226 
229 196 
211 247 
231 184 
235 179 
246 187 
235 176 
241 190 
244 176 
235 178 
238 184 
235 184 
220 249 
241 181 
229 173 
232 181 
202 181 
865 187 
240 170 
384 1076 
208 176 
229 184 
662 190 
208 187 
246 196 
909 205 
238 226 
211 176 
202 181 
205 184 
220 187 
211 211 
199 184 
208 223 
250 178 
232 217 
386 259 
229 190 
232 179 
205 181 
202 181 
191 229 
214 182 
202 175 
199 190 
758 196 
205 184 
288 217 
249 214 
199 184 
716 187 
1703 1783 
425 912 
936 187 
232 187 
205 187 
211 193 
249 190 
211 181 
246 181 
630 184 
232 170 
241 72 
202 173 
208 181 
231 170 
639 190 
202 187 
240 181 
202 190 
199 181 
205 315 
214 170 
208 214 
300 318 
199 208 
237 181 
205 184 
202 181 
211 181 
470 220 
205 184 
223 184 
205 184 
238 184 
246 196 
229 179 
208 315 
291 184 
208 193 
199 184 
205 170 
282 187 
205 187 
226 231 
196 184 
202 187 
208 229 
205 184 
226 190 
698 220 
199 184 
188 187 
232 193 
229 184 
226 181 
235 220 
208 217 
205 187 
240 170 
226 178 
223 178 
232 187 
246 181 
930 178 
205 184 
529 181 
205 187 
258 196 
381 636 
327 184 
208 184 
226 170 
211 184 
897 181 
199 181 
199 190 
241 199 
202 190 
229 173 
199 232 
232 181 
208 178 
285 181 
226 184 
205 193 
202 175 
208 179 
211 193 
208 187 
202 238 
249 181 
208 184 
211 184 
217 234 
241 190 
214 214 
202 187 
214 208 
238 199 
237 181 
1932 1112 
656 220 
226 181 
205 181 
211 184 
188 214 
229 173 
205 184 
238 217 
229 181 
202 173 
232 181 
217 187 
511 184 
196 217 
291 196 
211 181 
282 184 
235 173 
211 187 
220 199 
229 345 
235 181 
229 170 
229 187 
226 181 
211 187 
374 187 
235 187 
292 173 
246 184 
235 187 
1717 181 
701 1673 
568 279 
918 184 
208 173 
612 187 
199 178 
223 178 
205 179 
235 193 
205 220 
235 211 
240 190 
229 173 
208 181 
211 173 
238 181 
249 187 
235 184 
205 176 
211 181 
246 167 
238 173 
240 187 
255 181 
205 190 
211 184 
185 173 
208 173 
202 184 
246 181 
238 181 
205 190 
202 214 
796 615 
294 187 
249 208 
865 193 
244 193 
214 184 
202 181 
232 190 
238 193 
294 176 
229 184 
488 176 
205 211 
229 190 
235 170 
232 193 
214 187 
238 181 
214 190 
238 179 
205 80 
202 83 
205 205 
214 199 
199 176 
241 211 
240 217 
734 211 
243 193 
229 187 
249 223 
243 276 
437 1372 
261 223 
238 89 
237 184 
232 193 
240 190 
238 182 
217 196 
199 187 
240 196 
199 184 
231 175 
229 178 
229 178 
238 187 
211 181 
243 217 
232 184 
243 181 
229 179 
243 187 
232 187 
303 324 
704 211 
191 170 
377 83 
205 187 
86 86 
226 181 
191 199 
229 223 
237 184 
229 170 
243 187 
253 422 
458 187 
398 190 
232 178 
238 184 
232 190 
238 202 
199 229 
199 199 
422 217 
246 184 
226 187 
234 184 
268 223 
199 181 
232 179 
229 187 
440 253 
188 170 
232 170 
229 187 
297 181 
229 235 
223 170 
211 181 
329 202 
199 175 
199 170 
247 170 
199 175 
199 184 
199 170 
211 181 
345 249 
288 642 
202 181 
226 214 
205 184 
237 181 
636 867 
226 190 
291 181 
226 184 
309 184 
199 176 
208 173 
199 170 
205 167 
232 181 
205 184 
199 187 
217 208 
315 181 
208 184 
211 178 
232 181 
202 199 
226 190 
199 190 
202 181 
199 223 
202 167 
199 184 
199 220 
728 179 
523 178 
234 181 
226 181 
1222 440 
226 220 
217 181 
775 181 
199 181 
202 211 
199 199 
199 178 
250 193 
202 199 
199 187 
202 173 
199 252 
250 181 
202 181 
372 208 
208 184 
636 175 
217 173 
256 176 
205 184 
199 187 
196 176 
220 181 
202 178 
232 315 
226 184 
208 181 
205 181 
888 184 
188 72 
199 237 
752 193 
1200 579 
387 244 
793 181 
205 223 
188 176 
199 181 
191 184 
217 184 
191 176 
208 187 
205 170 
223 178 
933 196 
223 176 
247 181 
199 184 
199 181 
191 176 
226 178 
205 181 
220 178 
241 181 
205 178 
229 196 
199 181 
199 181 
223 170 
226 294 
199 167 
859 181 
232 672 
208 184 
202 211 
235 167 
387 167 
674 366 
262 365 
232 173 
202 181 
226 170 
223 178 
211 170 
419 181 
199 179 
199 181 
202 170 
199 184 
199 170 
306 181 
226 184 
490 223 
205 187 
211 178 
229 178 
202 170 
318 181 
188 170 
226 184 
633 181 
217 267 
202 187 
208 178 
202 167 
380 181 
232 184 
234 229 
205 190 
214 250 
214 276 
737 181 
199 181 
188 170 
211 184 
188 170 
235 170 
226 184 
211 178 
199 190 
208 990 
202 389 
234 184 
226 199 
205 176 
202 226 
716 184 
199 184 
250 217 
351 179 
188 170 
226 167 
202 178 
208 190 
208 181 
199 178 
232 181 
338 167 
232 178 
243 178 
202 181 
232 178 
202 211 
208 181 
243 170 
1165 1073 
496 184 
199 184 
202 184 
205 291 
202 182 
202 187 
214 181 
202 187 
268 167 
252 170 
470 478 
246 217 
235 223 
264 181 
226 181 
208 173 
199 178 
256 178 
217 181 
205 167 
202 178 
191 170 
235 214 
243 187 
618 205 
191 167 
205 167 
199 184 
211 170 
202 190 
202 170 
226 181 
232 184 
205 184 
232 249 
422 178 
1242 178 
199 178 
235 184 
202 190 
235 184 
199 182 
202 270 
199 170 
894 167 
199 184 
205 181 
234 181 
202 184 
214 181 
208 196 
202 211 
202 176 
202 184 
202 170 
208 264 
191 173 
205 181 
223 306 
265 217 
202 202 
199 181 
232 181 
226 170 
214 178 
205 178 
226 178 
451 303 
523 181 
235 178 
235 184 
199 178 
250 173 
199 184 
238 173 
202 181 
205 178 
208 181 
199 184 
226 181 
229 214 
324 214 
253 181 
205 184 
205 175 
199 184 
232 178 
380 187 
202 170 
226 211 
199 190 
205 167 
208 181 
199 173 
211 190 
205 176 
229 176 
202 187 
208 193 
229 184 
232 170 
707 333 
202 173 
532 83 
205 176 
199 184 
240 170 
199 181 
196 167 
199 178 
196 214 
214 184 
199 199 
214 185 
199 170 
199 193 
202 167 
1756 228 
410 181 
1640 252 
758 181 
205 181 
217 240 
196 173 
211 214 
205 196 
205 178 
229 187 
267 211 
202 193 
237 190 
205 202 
199 234 
226 170 
220 181 
208 273 
205 241 
211 1522 
321 755 
223 214 
229 181 
202 289 
384 277 
270 199 
205 178 
268 217 
202 211 
591 178 
214 181 
208 193 
214 193 
202 178 
202 184 
235 205 
826 190 
666 220 
796 181 
208 184 
199 173 
208 190 
208 184 
202 178 
740 220 
226 460 
199 187 
205 178 
202 184 
240 217 
232 184 
249 214 
229 170 
324 333 
235 184 
214 184 
214 190 
333 202 
199 184 
232 181 
240 167 
223 190 
208 170 
202 184 
229 170 
737 193 
199 208 
229 194 
205 181 
232 181 
205 190 
226 184 
253 184 
229 173 
199 181 
252 187 
202 187 
226 170 
235 187 
240 184 
199 181 
205 184 
241 181 
232 181 
267 184 
428 327 
300 1031 
205 187 
249 181 
205 196 
220 173 
235 193 
2315 243 
458 184 
315 187 
208 173 
238 217 
273 190 
199 211 
199 181 
758 178 
199 214 
191 170 
594 178 
226 178 
297 193 
199 178 
315 553 
229 181 
199 181 
235 181 
231 167 
226 181 
243 253 
202 211 
202 202 
202 181 
199 300 
199 167 
199 184 
1197 1328 
1073 194 
199 167 
202 178 
223 181 
294 175 
226 178 
680 214 
235 190 
199 181 
199 184 
234 196 
232 181 
205 170 
205 176 
374 237 
202 226 
208 226 
0 0 
0 0 
0 0 
0 0 
0 0 
0 0 
188 173 
205 193 
202 184 
339 167 
191 80 
229 178 
232 187 
211 173 
223 181 
199 178 
223 178 
199 184 
256 386 
226 170 
244 211 
484 178 
226 179 
191 173 
446 173 
232 214 
202 167 
208 232 
612 181 
199 178 
223 170 
618 167 
249 175 
259 167 
243 80 
244 181 
196 83 
217 181 
223 175 
247 72 
199 170 
235 170 
188 170 
226 178 
199 170 
243 178 
621 817 
199 170 
205 178 
235 175 
401 217 
315 256 
199 223 
191 170 
199 1379 
306 170 
264 83 
226 178 
205 53 
199 181 
725 178 
226 217 
166 80 
835 184 
229 190 
246 211 
722 187 
208 173 
205 184 
205 241 
318 223 
520 211 
238 187 
240 187 
235 170 
205 190 
229 173 
202 217 
294 220 
232 202 
202 279 
202 181 
208 75 
86 288 
549 1325 
208 181 
205 167 
220 178 
357 374 
229 181 
327 179 
240 190 
223 178 
223 178 
226 175 
814 336 
259 368 
226 170 
223 178 
223 170 
226 178 
234 170 
226 178 
433 170 
223 178 
226 175 
223 178 
226 175 
223 178 
226 175 
234 170 
452 178 
234 170 
226 178 
240 167 
226 181 
223 175 
226 178 
223 175 
454 170 
223 178 
223 178 
226 175 
384 179 
202 181 
232 181 
226 178 
461 178 
223 178 
226 178 
223 178 
226 175 
223 178 
226 175 
223 178 
514 170 
234 170 
226 178 
240 167 
594 321 
410 479 
226 178 
223 175 
514 178 
226 178 
223 178 
226 175 
223 178 
226 175 
234 170 
223 178 
540 170 
223 178 
234 170 
226 178 
226 178 
969 794 
1412 178 
223 170 
553 178 
223 170 
226 178 
234 170 
223 178 
237 178 
226 178 
223 175 
582 170 
223 181 
226 178 
226 175 
223 178 
226 175 
223 178 
226 175 
594 178 
226 178 
234 170 
226 178 
240 167 
226 181 
223 175 
226 178 
627 170 
226 178 
601 277 
229 69 
226 178 
226 170 
223 181 
226 170 
906 713 
234 170 
226 181 
223 175 
226 178 
223 175 
226 170 
223 181 
656 170 
223 178 
413 326 
226 178 
234 178 
226 178 
223 175 
226 178 
675 178 
226 181 
223 181 
226 178 
226 175 
223 178 
226 175 
234 170 
716 170 
226 170 
226 178 
234 170 
226 178 
226 178 
226 181 
223 175 
710 178 
506 871 
199 505 
223 178 
223 170 
226 178 
237 170 
226 181 
731 170 
223 178 
223 175 
226 178 
223 175 
270 253 
874 178 
226 170 
752 178 
226 170 
226 178 
234 170 
226 178 
240 167 
226 181 
223 175 
790 170 
223 175 
226 170 
223 181 
223 170 
226 178 
234 170 
223 178 
796 178 
226 178 
223 175 
407 178 
261 178 
226 178 
223 175 
226 170 
832 170 
226 170 
223 178 
223 170 
226 178 
234 170 
226 178 
234 178 
838 178 
234 178 
226 178 
223 175 
226 170 
223 181 
223 170 
226 178 
858 170 
223 178 
978 1031 
223 181 
226 181 
226 178 
223 175 
223 178 
874 178 
226 170 
223 175 
226 170 
223 178 
671 553 
226 181 
226 170 
912 170 
234 178 
226 178 
223 175 
226 178 
223 175 
226 170 
223 181 
912 178 
226 178 
226 170 
223 178 
223 170 
226 178 
234 170 
226 178 
234 178 
333 321 
223 175 
223 178 
226 175 
223 178 
226 175 
234 170 
223 178 
237 178 
223 178 
223 175 
226 178 
223 175 
226 178 
223 175 
226 170 
461 1046 
229 170 
223 181 
226 170 
306 410 
479 716 
226 181 
223 175 
226 178 
223 175 
226 178 
223 175 
226 170 
223 181 
223 170 
226 178 
234 170 
223 178 
237 178 
226 178 
223 175 
226 178 
223 175 
226 178 
223 175 
226 205 
226 175 
223 178 
226 175 
234 170 
223 178 
237 178 
226 178 
223 175 
226 178 
223 175 
416 547 
226 181 
226 178 
226 175 
223 178 
226 175 
234 170 
223 178 
237 178 
226 178 
223 175 
226 178 
223 175 
416 267 
196 170 
223 178 
226 175 
223 178 
226 175 
234 170 
223 178 
237 178 
226 178 
223 175 
226 178 
223 175 
226 178 
223 175 
226 170 
223 181 
223 170 
226 178 
234 170 
283 1364 
469 178 
226 178 
240 167 
226 181 
223 175 
226 178 
223 175 
226 170 
223 181 
223 170 
226 178 
234 170 
223 178 
237 178 
226 178 
223 175 
226 178 
223 175 
226 178 
223 175 
226 170 
223 181 
223 170 
574 181 
612 493 
259 181 
234 170 
226 178 
240 167 
226 181 
223 175 
981 1528 
247 181 
226 181 
223 181 
226 178 
226 175 
234 170 
223 178 
237 178 
226 178 
223 175 
223 178 
223 175 
226 178 
223 175 
226 170 
223 181 
223 170 
226 178 
234 170 
223 178 
237 178 
226 178 
223 175 
226 178 
223 175 
226 178 
223 175 
226 170 
223 181 
223 170 
226 178 
234 541 
1718 173 
234 170 
226 178 
240 167 
226 181 
223 175 
226 178 
223 175 
226 170 
217 401 
199 181 
223 181 
234 170 
226 178 
240 167 
226 181 
223 175 
226 178 
223 175 
226 178 
223 175 
226 170 
223 181 
223 170 
226 178 
234 170 
223 178 
237 178 
226 178 
223 175 
226 178 
223 175 
223 178 
223 175 
226 170 
425 336 
226 170 
223 181 
226 170 
223 178 
234 170 
226 178 
240 167 
226 181 
223 175 
226 178 
223 178 
226 178 
226 175 
223 178 
226 175 
234 170 
232 181 
223 170 
226 178 
234 170 
226 178 
279 178 
511 178 
226 178 
232 170 
223 181 
223 170 
226 178 
234 170 
223 178 
237 178 
226 178 
211 170 
226 178 
436 1343 
579 170 
223 175 
226 170 
223 181 
223 170 
253 178 
240 167 
226 178 
223 175 
226 178 
223 175 
226 178 
223 175 
270 170 
223 178 
229 170 
223 175 
226 170 
223 178 
223 170 
226 178 
282 178 
226 178 
237 178 
226 178 
223 175 
223 178 
226 128 
199 80 
303 170 
223 170 
645 781 
208 2392 
199 612 
223 175 
226 178 
223 175 
318 178 
226 178 
226 178 
234 178 
226 170 
223 181 
223 170 
226 178 
338 170 
226 178 
237 178 
226 178 
223 175 
226 178 
223 175 
226 178 
363 178 
223 178 
226 175 
223 178 
226 175 
234 170 
223 178 
237 178 
371 170 
234 170 
226 178 
234 80 
1061 232 
223 175 
226 170 
223 181 
392 178 
226 175 
199 178 
265 170 
294 178 
208 178 
223 181 
229 173 
223 211 
226 184 
773 523 
202 181 
226 187 
202 173 
199 190 
240 170 
363 413 
481 178 
597 357 
202 170 
196 178 
223 187 
199 178 
223 211 
226 170 
188 205 
243 199 
223 395 
252 211 
202 181 
188 170 
229 178 
576 178 
199 181 
553 336 
226 181 
223 190 
199 205 
202 167 
199 178 
223 178 
226 170 
226 178 
208 170 
223 181 
223 175 
226 178 
223 175 
526 178 
226 178 
223 178 
226 175 
199 178 
223 175 
234 170 
223 178 
540 170 
223 178 
234 170 
226 178 
624 773 
196 199 
234 178 
226 170 
568 178 
205 178 
226 175 
237 167 
223 178 
237 178 
600 392 
234 178 
582 170 
226 178 
223 178 
226 178 
223 170 
226 178 
226 170 
223 178 
223 170 
226 178 
234 170 
199 178 
202 170 
223 181 
223 175 
235 178 
618 170 
229 178 
226 178 
229 170 
223 178 
226 170 
226 178 
261 175 
663 178 
234 178 
226 178 
223 175 
226 178 
223 175 
294 178 
226 178 
668 170 
223 178 
223 170 
226 178 
234 170 
226 178 
199 182 
226 178 
758 517 
199 178 
223 181 
226 178 
226 175 
223 178 
223 175 
234 170 
716 170 
226 170 
226 178 
234 170 
226 178 
199 170 
226 181 
223 175 
710 178 
223 175 
226 211 
185 170 
199 178 
223 211 
234 178 
232 178 
199 178 
404 464 
461 178 
226 178 
226 175 
223 181 
199 170 
199 178 
223 178 
199 181 
223 181 
226 170 
226 178 
258 178 
223 178 
196 170 
778 170 
223 175 
226 170 
223 181 
223 170 
188 170 
234 170 
226 178 
543 312 
217 181 
226 181 
226 187 
234 178 
226 178 
223 175 
226 170 
832 170 
226 170 
223 178 
223 69 
223 190 
199 621 
535 437 
240 167 
841 178 
234 178 
226 178 
223 175 
226 170 
223 181 
223 170 
232 178 
199 178 
675 178 
199 170 
196 167 
240 202 
199 178 
199 170 
226 178 
208 170 
199 273 
226 178 
740 211 
220 178 
234 170 
199 178 
291 181 
196 178 
234 178 
196 181 
226 175 
226 181 
223 175 
853 170 
437 407 
199 170 
199 170 
199 190 
348 178 
223 170 
199 181 
199 181 
199 178 
196 170 
205 178 
226 178 
232 170 
235 178 
229 170 
196 175 
199 181 
217 178 
234 164 
199 178 
686 178 
223 181 
188 170 
196 178 
188 170 
199 181 
191 170 
223 170 
188 170 
234 170 
202 175 
237 170 
360 211 
199 231 
199 190 
202 170 
223 181 
223 175 
226 170 
223 181 
223 181 
202 167 
199 178 
199 167 
199 170 
196 178 
695 585 
211 853 
223 181 
199 178 
185 181 
199 178 
455 243 
229 170 
196 208 
226 173 
226 170 
188 170 
196 178 
188 182 
199 178 
223 175 
223 178 
226 175 
211 181 
199 178 
223 170 
315 214 
226 173 
556 546 
1206 175 
196 178 
237 196 
226 178 
223 175 
199 178 
196 170 
202 178 
199 170 
232 211 
280 167 
226 211 
196 181 
234 170 
226 178 
240 167 
199 178 
199 173 
196 178 
191 170 
909 211 
229 217 
226 170 
223 178 
460 348 
196 181 
199 178 
924 181 
199 181 
226 178 
202 170 
223 181 
199 170 
211 178 
199 176 
371 978 
223 181 
234 170 
217 178 
208 170 
226 181 
223 175 
223 178 
188 170 
196 178 
188 170 
223 184 
211 167 
255 167 
202 181 
199 181 
211 175 
234 170 
229 181 
332 170 
199 178 
228 170 
199 193 
199 173 
199 178 
226 178 
214 333 
0 0 
0 0 
0 0 
0 0 
0 0 
0 0 
0 0 
223 175 
199 178 
188 170 
306 234 
226 202 
356 274 
306 193 
1037 817 
562 184 
232 178 
820 214 
241 178 
229 220 
229 208 
199 178 
196 170 
199 178 
196 72 
199 178 
794 170 
270 181 
232 211 
202 170 
232 178 
229 208 
229 181 
237 175 
226 178 
520 170 
202 178 
199 178 
199 187 
238 178 
380 502 
814 170 
202 170 
199 178 
202 170 
199 178 
188 170 
199 178 
188 170 
229 170 
188 170 
223 178 
223 175 
234 173 
202 167 
199 170 
199 178 
234 167 
226 181 
237 175 
235 181 
226 178 
220 766 
226 193 
226 170 
226 178 
199 178 
196 181 
202 178 
199 178 
199 181 
226 181 
237 167 
226 181 
237 175 
1087 363 
235 178 
232 214 
232 178 
214 208 
199 175 
243 167 
802 167 
226 181 
226 178 
223 178 
235 170 
226 181 
202 178 
223 178 
229 170 
229 181 
208 208 
226 297 
196 178 
199 178 
199 178 
226 178 
223 178 
689 181 
226 181 
229 178 
229 279 
273 178 
226 181 
202 190 
235 178 
864 381 
704 167 
205 170 
232 243 
277 178 
199 181 
199 170 
199 181 
202 167 
214 178 
226 178 
234 170 
636 175 
295 170 
226 178 
226 178 
223 178 
223 175 
223 178 
199 170 
223 187 
202 167 
199 178 
226 178 
199 181 
226 181 
223 170 
199 181 
234 170 
330 178 
223 175 
223 178 
226 175 
223 178 
904 170 
205 184 
208 187 
335 187 
205 208 
205 181 
235 181 
243 211 
208 181 
238 267 
199 223 
205 175 
226 170 
1165 1316 
202 187 
199 229 
199 191 
202 187 
191 173 
238 214 
243 265 
232 199 
205 178 
226 178 
202 170 
205 178 
191 167 
202 178 
223 178 
199 178 
199 178 
199 178 
226 178 
240 178 
226 178 
433 170 
226 178 
324 389 
202 178 
199 178 
199 181 
568 181 
199 181 
199 178 
188 170 
226 178 
243 247 
232 306 
188 211 
226 178 
226 178 
454 170 
226 178 
223 288 
226 178 
249 181 
226 181 
490 832 
226 178 
692 832 
407 490 
234 178 
226 184 
226 178 
199 178 
223 211 
229 170 
496 170 
249 178 
226 184 
199 178 
196 181 
234 170 
199 178 
247 347 
532 178 
226 184 
232 170 
229 178 
199 190 
202 175 
199 181 
226 181 
555 170 
226 178 
234 170 
226 178 
223 193 
229 178 
226 175 
223 178 
559 208 
199 178 
185 170 
234 170 
226 178 
196 208 
199 181 
188 170 
582 170 
229 211 
199 178 
223 178 
199 178 
196 170 
202 570 
704 241 
300 178 
580 170 
202 173 
199 208 
234 170 
226 178 
202 181 
229 167 
226 178 
223 167 
226 178 
223 167 
223 83 
83 80 
226 178 
234 170 
639 178 
226 181 
232 214 
681 214 
232 321 
226 175 
223 181 
196 170 
199 178 
196 170 
240 178 
199 184 
202 178 
199 181 
234 170 
199 175 
1014 167 
229 178 
226 175 
223 178 
226 175 
223 178 
226 175 
199 178 
199 178 
321 211 
199 175 
199 178 
211 395 
455 178 
229 178 
229 178 
716 178 
223 181 
407 190 
226 178 
234 170 
226 264 
243 181 
232 211 
240 181 
205 178 
196 170 
820 178 
223 178 
199 184 
202 167 
202 184 
226 178 
205 167 
226 193 
1753 1144 
583 794 
226 181 
226 181 
205 178 
226 178 
237 175 
229 167 
188 170 
226 178 
247 178 
234 170 
226 181 
796 178 
226 178 
202 170 
226 178 
226 178 
223 178 
226 175 
223 178 
823 170 
229 170 
226 178 
368 342 
636 184 
234 170 
318 297 
246 178 
196 181 
390 170 
226 178 
202 214 
226 178 
666 591 
199 178 
223 175 
858 170 
226 178 
223 175 
199 178 
188 170 
199 178 
188 170 
223 181 
897 178 
226 170 
226 181 
226 170 
226 178 
234 170 
226 181 
237 167 
897 170 
237 178 
226 178 
237 175 
226 178 
237 175 
199 181 
226 181 
915 178 
202 167 
226 170 
526 175 
226 167 
609 312 
546 170 
229 178 
927 170 
226 178 
226 178 
226 170 
1290 205 
226 170 
226 178 
234 170 
226 181 
237 167 
226 181 
223 175 
199 178 
223 175 
226 178 
237 175 
226 170 
226 181 
199 544 
226 178 
237 170 
226 181 
237 167 
226 181 
237 175 
226 178 
237 175 
202 181 
232 178 
226 170 
226 178 
199 181 
226 181 
386 333 
226 181 
226 170 
226 178 
234 170 
226 178 
237 178 
226 178 
237 175 
226 170 
226 181 
226 178 
226 175 
234 170 
226 178 
169 80 
226 178 
752 746 
226 178 
223 181 
223 178 
226 175 
223 178 
226 175 
223 178 
226 175 
199 178 
226 178 
234 170 
226 178 
237 178 
226 178 
237 175 
226 178 
793 576 
214 178 
185 208 
199 178 
223 244 
220 173 
199 181 
205 190 
270 187 
228 214 
205 217 
191 176 
199 178 
226 187 
936 291 
202 167 
208 181 
199 265 
205 187 
205 178 
211 176 
205 178 
555 193 
226 178 
223 178 
223 178 
226 175 
223 178 
202 366 
285 178 
199 181 
202 178 
196 181 
234 226 
223 1126 
294 395 
199 181 
226 175 
223 184 
202 167 
258 190 
185 170 
199 178 
773 181 
226 167 
226 178 
234 170 
226 229 
196 167 
199 178 
237 175 
285 181 
226 181 
223 178 
226 175 
223 178 
199 170 
237 170 
277 170 
846 170 
226 178 
237 178 
229 178 
226 181 
199 178 
196 170 
223 167 
199 170 
755 853 
253 178 
226 167 
226 178 
324 167 
199 175 
223 175 
226 178 
237 175 
226 178 
291 576 
226 178 
226 178 
223 178 
226 175 
234 170 
226 181 
237 167 
226 181 
237 175 
226 178 
237 175 
226 178 
237 175 
226 170 
226 181 
226 178 
226 175 
199 178 
226 178 
234 170 
226 178 
237 178 
202 181 
330 259 
235 170 
430 170 
202 190 
202 167 
199 178 
226 178 
226 170 
226 178 
234 170 
226 181 
237 167 
226 181 
237 175 
226 178 
237 175 
226 170 
226 181 
226 178 
226 175 
234 170 
351 399 
226 170 
226 178 
234 170 
226 181 
237 167 
226 181 
237 175 
226 170 
226 181 
223 178 
226 175 
234 277 
508 178 
226 167 
199 184 
246 167 
232 178 
226 175 
235 170 
202 170 
202 178 
226 181 
199 178 
205 170 
237 181 
226 181 
226 170 
199 181 
237 170 
226 181 
237 167 
226 181 
237 175 
226 170 
226 181 
226 178 
250 178 
202 170 
214 178 
234 178 
214 371 
365 258 
226 178 
202 170 
499 181 
191 170 
226 178 
702 1899 
202 178 
666 178 
234 170 
226 178 
273 178 
199 175 
199 178 
199 178 
321 181 
202 178 
223 178 
223 178 
562 178 
237 170 
191 167 
199 178 
196 181 
380 178 
226 178 
202 173 
199 178 
188 179 
226 178 
226 175 
223 178 
226 175 
223 178 
223 184 
677 175 
223 178 
234 170 
312 894 
202 178 
199 178 
223 175 
223 178 
904 170 
202 178 
226 181 
217 170 
202 167 
199 178 
202 167 
234 190 
1028 348 
258 178 
226 181 
237 175 
226 178 
237 175 
226 170 
226 181 
199 178 
223 178 
234 170 
232 181 
237 175 
199 178 
223 178 
199 178 
419 170 
226 178 
226 175 
223 178 
226 175 
511 220 
395 589 
202 214 
226 178 
234 170 
226 181 
196 167 
226 181 
202 170 
226 181 
202 170 
454 170 
226 211 
229 170 
226 178 
205 178 
199 178 
234 170 
199 175 
490 178 
226 178 
223 175 
223 228 
226 181 
1010 294 
202 167 
226 170 
502 170 
202 178 
223 178 
234 170 
226 181 
787 401 
247 604 
226 181 
523 178 
226 175 
383 330 
809 170 
226 170 
226 178 
199 178 
229 181 
540 170 
226 178 
199 178 
223 178 
223 175 
223 178 
202 167 
199 178 
559 178 
223 170 
226 178 
234 170 
226 181 
205 170 
232 178 
234 170 
199 175 
223 175 
223 178 
199 170 
199 178 
223 175 
223 178 
226 175 
594 178 
226 178 
612 820 
199 175 
234 170 
226 181 
237 167 
226 181 
374 573 
585 175 
223 175 
267 190 
226 181 
226 170 
226 178 
234 170 
639 181 
226 178 
223 178 
223 175 
223 178 
199 170 
223 178 
226 175 
674 170 
226 178 
223 170 
226 178 
234 170 
226 178 
202 170 
226 181 
202 170 
199 190 
196 170 
223 178 
850 508 
223 170 
226 178 
234 170 
217 211 
199 268 
226 211 
853 211 
226 211 
226 178 
223 181 
226 178 
719 178 
223 175 
202 181 
185 170 
677 181 
1694 178 
196 178 
199 178 
199 178 
226 178 
223 178 
223 167 
226 178 
226 170 
202 170 
229 170 
758 178 
199 181 
226 181 
202 193 
226 170 
199 178 
782 170 
2421 1180 
0 0 
226 211 
235 167 
226 181 
199 178 
185 170 
199 178 
196 181 
199 178 
226 178 
199 167 
223 178 
223 175 
223 178 
226 175 
223 178 
199 170 
232 170 
158 80 
199 178 
199 80 
279 178 
223 181 
1090 214 
832 178 
240 184 
226 178 
223 175 
223 178 
226 175 
223 167 
226 178 
855 170 
232 178 
249 181 
978 871 
199 184 
199 178 
211 167 
229 80 
226 181 
202 178 
223 178 
202 294 
226 178 
270 211 
226 241 
240 170 
315 223 
237 167 
229 178 
234 178 
199 178 
226 178 
223 178 
226 178 
918 178 
226 178 
226 170 
226 178 
237 178 
226 178 
226 178 
223 178 
927 170 
226 178 
226 80 
484 734 
72 72 
264 175 
226 181 
226 170 
226 178 
234 170 
226 181 
237 167 
226 181 
237 175 
226 178 
237 175 
226 170 
226 181 
226 178 
226 175 
234 170 
226 181 
237 167 
226 181 
237 205 
229 178 
223 178 
223 178 
226 175 
223 178 
223 175 
223 178 
226 175 
217 309 
199 187 
237 167 
226 181 
202 170 
288 181 
226 178 
223 178 
226 178 
223 167 
226 178 
223 167 
226 178 
234 170 
226 178 
234 178 
226 178 
237 175 
226 178 
267 321 
226 178 
226 178 
199 181 
214 175 
223 178 
226 175 
234 170 
232 181 
237 175 
226 178 
237 175 
226 178 
237 175 
226 178 
237 181 
202 178 
188 170 
226 178 
309 339 
716 359 
226 181 
237 167 
226 181 
237 175 
226 178 
237 175 
226 178 
237 175 
226 170 
226 181 
223 178 
226 175 
234 170 
226 181 
237 167 
226 181 
237 175 
199 178 
223 175 
226 178 
237 175 
226 170 
226 181 
226 178 
1599 662 
199 181 
226 178 
223 175 
229 181 
202 170 
226 178 
237 175 
226 178 
237 175 
1545 359 
223 178 
223 167 
226 181 
226 170 
226 178 
223 175 
226 178 
481 178 
226 178 
223 175 
223 178 
226 175 
223 178 
226 175 
223 178 
226 208 
229 170 
199 178 
223 175 
226 178 
237 175 
199 178 
223 175 
226 178 
237 175 
226 170 
226 181 
226 170 
188 170 
234 170 
226 178 
933 378 
199 178 
234 170 
226 181 
202 170 
226 178 
582 823 
226 178 
223 178 
223 178 
199 170 
237 170 
226 178 
234 178 
226 178 
237 175 
226 178 
237 175 
443 416 
384 167 
226 178 
226 175 
223 178 
226 175 
234 170 
199 175 
199 178 
226 181 
234 170 
226 178 
237 178 
226 178 
237 175 
226 170 
226 181 
300 951 
473 170 
240 178 
226 205 
226 167 
184 69 
226 181 
199 181 
226 175 
223 178 
199 170 
223 178 
226 175 
223 178 
226 175 
234 170 
594 452 
713 457 
226 178 
226 178 
223 178 
223 175 
223 178 
226 175 
223 178 
226 175 
223 178 
226 175 
234 170 
226 181 
237 167 
226 181 
237 175 
226 178 
237 175 
226 178 
237 175 
383 556 
226 181 
237 170 
226 175 
234 170 
226 181 
237 167 
226 181 
225 170 
226 181 
237 167 
226 181 
237 175 
226 170 
226 181 
226 178 
250 178 
234 170 
226 178 
240 181 
226 178 
234 170 
226 178 
223 178 
255 170 
1046 568 
258 678 
226 178 
226 170 
226 178 
223 170 
226 178 
282 178 
226 181 
294 347 
508 181 
226 181 
229 178 
226 175 
223 178 
306 170 
223 178 
226 175 
234 170 
226 181 
237 167 
226 181 
223 175 
318 178 
223 175 
223 178 
226 178 
223 167 
226 178 
223 167 
226 178 
335 170 
226 178 
234 170 
226 178 
276 211 
199 178 
234 178 
226 178 
202 170 
229 167 
232 175 
220 178 
244 306 
532 170 
226 181 
237 217 
386 211 
237 167 
698 321 
398 264 
226 178 
199 170 
199 258 
205 170 
407 178 
223 178 
234 170 
226 181 
237 167 
226 181 
237 175 
226 178 
433 170 
226 178 
226 175 
199 178 
223 175 
223 178 
226 175 
199 178 
434 211 
240 167 
199 178 
234 178 
250 170 
226 181 
226 178 
226 175 
627 181 
351 270 
636 167 
226 178 
223 170 
226 178 
234 170 
226 181 
484 178 
226 178 
223 175 
223 178 
226 175 
223 178 
226 175 
223 178 
514 170 
704 273 
199 178 
234 170 
226 181 
237 167 
226 181 
237 175 
526 178 
188 170 
199 178 
229 178 
199 178 
229 220 
211 274 
202 181 
237 170 
199 181 
220 208 
532 1061 
188 179 
223 259 
199 170 
731 178 
202 167 
199 178 
202 167 
199 178 
202 167 
199 214 
229 294 
202 173 
199 273 
238 181 
226 178 
199 170 
199 178 
223 178 
199 306 
217 181 
597 178 
226 178 
234 170 
226 178 
234 170 
226 181 
237 175 
517 309 
234 178 
226 170 
226 181 
226 178 
226 175 
900 315 
199 600 
234 170 
639 178 
226 181 
226 178 
223 175 
223 178 
226 175 
223 178 
226 175 
674 170 
226 178 
234 170 
351 478 
915 181 
226 178 
226 178 
223 178 
663 178 
226 178 
226 178 
223 178 
226 175 
223 178 
226 175 
234 170 
695 170 
226 181 
226 178 
234 170 
226 181 
237 167 
226 181 
237 175 
199 618 
223 178 
223 178 
226 175 
234 170 
226 181 
237 167 
226 181 
745 170 
1055 499 
234 178 
226 178 
237 175 
226 170 
226 181 
226 178 
767 178 
226 170 
226 178 
234 170 
226 178 
234 170 
226 178 
237 178 
790 170 
237 175 
226 170 
226 181 
226 178 
226 175 
234 170 
226 181 
796 178 
487 565 
393 232 
226 178 
226 178 
223 178 
226 175 
223 178 
826 170 
229 170 
226 178 
234 170 
226 178 
234 170 
226 178 
237 178 
838 178 
234 178 
226 178 
237 175 
226 170 
226 181 
330 178 
226 178 
858 170 
226 178 
223 175 
226 178 
237 175 
226 178 
237 175 
226 178 
897 178 
226 170 
226 181 
226 170 
639 428 
234 170 
226 178 
234 170 
900 170 
237 178 
226 178 
237 175 
226 178 
237 175 
226 170 
226 181 
933 178 
226 178 
226 170 
226 178 
1955 1188 
999 205 
234 170 
226 181 
237 167 
226 181 
237 175 
226 170 
226 181 
226 178 
226 175 
234 170 
226 178 
237 178 
226 178 
237 175 
428 350 
505 262 
380 568 
226 181 
223 178 
226 175 
223 178 
226 175 
234 170 
226 181 
237 167 
226 181 
237 175 
226 178 
237 175 
226 178 
237 175 
226 170 
226 181 
226 178 
226 175 
234 170 
226 181 
237 167 
226 181 
237 175 
226 178 
223 175 
226 178 
237 175 
226 170 
226 181 
226 178 
791 802 
315 285 
226 178 
234 170 
226 181 
237 167 
226 181 
237 175 
226 178 
237 175 
226 69 
226 83 
223 170 
443 336 
226 170 
226 178 
223 175 
226 170 
234 170 
226 178 
223 178 
223 167 
199 69 
229 178 
223 178 
223 178 
226 175 
234 170 
226 181 
237 167 
226 181 
237 175 
226 178 
237 175 
226 178 
778 339 
624 178 
226 178 
223 178 
226 175 
234 170 
226 181 
237 167 
226 181 
237 175 
226 178 
202 72 
83 80 
226 175 
223 178 
226 175 
223 178 
226 175 
234 170 
226 181 
237 167 
226 181 
237 175 
279 253 
696 178 
226 181 
237 175 
226 170 
226 181 
226 178 
226 175 
234 170 
226 181 
1387 181 
226 181 
237 1192 
229 178 
223 178 
223 178 
226 175 
223 178 
226 175 
223 178 
226 175 
234 170 
226 181 
237 167 
226 181 
237 175 
226 178 
237 175 
226 178 
237 175 
226 170 
226 181 
226 178 
226 175 
234 170 
226 181 
237 167 
226 181 
223 175 
226 178 
237 175 
226 178 
237 175 
226 170 
226 181 
826 214 
226 178 
234 170 
226 178 
234 170 
226 178 
234 178 
235 258 
223 178 
223 178 
226 175 
223 178 
226 175 
223 178 
226 175 
234 170 
226 181 
237 167 
226 181 
237 175 
226 178 
237 175 
226 178 
237 175 
226 170 
226 181 
226 178 
226 175 
234 170 
226 181 
237 167 
226 181 
237 175 
434 315 
368 178 
226 178 
226 178 
223 178 
226 175 
223 178 
226 175 
234 170 
226 181 
237 167 
226 181 
237 175 
226 178 
237 175 
226 80 
226 178 
223 167 
226 178 
386 544 
226 178 
234 170 
226 178 
234 170 
226 178 
237 178 
226 178 
237 175 
226 178 
237 175 
226 170 
226 181 
226 178 
226 175 
523 500 
437 181 
371 758 
226 178 
231 170 
226 181 
237 178 
226 178 
237 175 
226 170 
226 181 
226 178 
250 178 
234 170 
226 178 
234 178 
226 178 
237 175 
226 178 
237 175 
270 170 
226 178 
223 167 
226 178 
223 167 
226 178 
234 170 
226 178 
273 178 
232 276 
237 170 
226 178 
237 178 
226 178 
237 175 
350 627 
188 170 
226 178 
226 175 
234 170 
226 181 
237 167 
226 181 
237 175 
318 178 
223 175 
223 178 
226 175 
223 178 
226 175 
223 178 
226 175 
338 170 
226 181 
226 170 
226 178 
234 170 
226 181 
237 178 
226 178 
377 178 
223 178 
226 175 
223 178 
226 175 
234 170 
226 181 
395 805 
220 529 
237 170 
226 178 
237 178 
226 178 
237 175 
226 170 
226 181 
413 178 
223 178 
234 170 
413 303 
234 170 
226 178 
234 170 
226 178 
436 170 
226 178 
226 175 
223 178 
226 175 
223 178 
226 175 
234 170 
431 178 
234 170 
226 178 
234 170 
226 178 
237 178 
226 178 
223 175 
454 170 
461 178 
226 178 
226 175 
234 170 
226 181 
237 167 
226 181 
481 178 
226 178 
223 175 
223 178 
226 175 
223 178 
226 175 
223 178 
514 170 
237 960 
416 395 
226 167 
226 178 
234 170 
226 178 
223 178 
511 178 
226 178 
223 178 
226 175 
223 178 
479 407 
425 332 
226 178 
537 170 
226 178 
234 170 
226 181 
237 167 
226 181 
237 175 
226 170 
568 178 
223 170 
226 178 
234 170 
226 181 
237 167 
226 181 
237 175 
582 170 
226 181 
226 178 
226 175 
223 178 
226 175 
321 211 
199 170 
347 217 
243 184 
188 170 
199 184 
226 86 
232 170 
208 190 
659 680 
446 312 
517 321 
238 181 
234 170 
226 178 
226 170 
223 181 
226 170 
645 178 
226 181 
226 178 
624 663 
226 178 
234 178 
226 170 
226 181 
677 170 
223 178 
223 170 
226 178 
234 170 
226 178 
234 178 
226 178 
675 178 
226 181 
226 178 
223 178 
226 175 
223 178 
226 175 
234 170 
716 170 
226 170 
226 178 
234 170 
226 178 
226 178 
226 181 
223 175 
710 178 
223 175 
226 170 
226 178 
234 170 
226 178 
240 167 
226 181 
731 170 
223 178 
223 175 
226 178 
223 175 
451 1204 
226 178 
226 170 
752 178 
226 170 
226 178 
234 170 
226 178 
240 167 
226 181 
223 175 
790 170 
223 175 
226 170 
226 181 
226 178 
226 175 
234 173 
895 295 
793 178 
226 178 
223 175 
226 178 
223 175 
226 178 
223 175 
226 170 
832 170 
226 170 
226 178 
234 170 
226 178 
240 167 
226 181 
223 175 
838 178 
234 178 
226 178 
223 175 
226 170 
226 181 
226 178 
226 175 
858 170 
223 178 
223 175 
211 490 
577 181 
226 178 
237 178 
226 178 
883 178 
226 170 
223 175 
226 170 
226 178 
234 170 
226 178 
240 167 
897 170 
234 178 
226 178 
223 175 
226 178 
223 175 
226 170 
226 181 
933 178 
226 178 
234 170 
226 178 
240 167 
223 178 
237 178 
223 178 
909 178 
223 170 
226 178 
226 170 
226 181 
226 178 
226 181 
226 170 
226 178 
223 175 
226 178 
223 175 
226 178 
223 175 
199 784 
223 175 
223 178 
226 175 
223 178 
226 175 
234 170 
223 178 
237 178 
226 178 
223 175 
226 178 
223 175 
226 178 
223 175 
226 170 
226 181 
226 178 
226 175 
234 170 
223 178 
237 178 
226 178 
223 175 
226 178 
223 175 
226 178 
223 175 
226 170 
226 181 
226 178 
226 175 
234 170 
223 178 
237 178 
226 178 
223 175 
226 178 
223 175 
223 178 
223 175 
226 170 
292 241 
600 178 
262 181 
223 170 
226 178 
237 170 
226 181 
223 175 
226 178 
223 175 
226 178 
223 175 
226 69 
72 69 
226 170 
223 178 
226 170 
226 178 
234 170 
226 178 
240 167 
226 181 
223 175 
223 178 
223 175 
226 170 
226 181 
226 178 
226 175 
234 170 
223 178 
237 178 
223 178 
223 175 
226 178 
223 175 
226 178 
223 175 
226 170 
226 181 
226 178 
226 175 
234 170 
428 205 
237 170 
226 181 
223 175 
226 178 
223 175 
226 178 
223 175 
226 170 
226 181 
226 178 
226 175 
234 170 
223 178 
237 178 
226 178 
223 175 
226 178 
223 175 
226 178 
223 175 
226 170 
226 181 
223 178 
226 175 
234 170 
223 178 
237 178 
226 178 
223 175 
226 178 
223 175 
223 178 
223 175 
226 170 
226 181 
226 178 
226 175 
234 170 
223 178 
237 178 
226 178 
298 170 
229 178 
226 175 
223 178 
226 175 
223 178 
226 175 
223 178 
226 175 
234 170 
223 178 
237 178 
226 178 
223 175 
226 178 
223 175 
226 178 
223 175 
226 170 
226 181 
226 178 
226 175 
234 170 
223 178 
237 178 
226 178 
223 175 
226 422 
244 318 
223 178 
223 175 
223 178 
226 80 
226 170 
226 178 
234 170 
223 178 
237 178 
226 178 
223 175 
226 178 
223 175 
226 178 
223 175 
226 170 
782 573 
297 187 
223 178 
226 170 
226 178 
234 170 
226 178 
240 167 
226 181 
223 175 
226 178 
223 175 
226 170 
226 181 
223 178 
226 175 
234 170 
232 181 
226 170 
226 178 
234 170 
226 178 
234 178 
226 178 
223 175 
350 788 
497 170 
229 170 
223 178 
223 170 
226 178 
234 170 
226 178 
225 170 
226 178 
234 178 
226 178 
223 175 
226 170 
226 181 
226 178 
250 178 
240 167 
226 178 
223 175 
226 178 
223 175 
226 178 
223 175 
306 538 
223 178 
226 170 
223 175 
226 170 
226 178 
234 170 
226 178 
279 178 
226 178 
606 609 
223 178 
223 175 
226 178 
223 175 
226 170 
312 170 
223 170 
226 178 
226 170 
226 178 
234 170 
226 178 
240 167 
321 178 
226 178 
226 178 
234 178 
226 170 
226 181 
226 178 
226 175 
338 170 
226 178 
237 178 
226 178 
223 175 
223 178 
223 175 
226 178 
348 184 
199 181 
226 181 
972 654 
235 178 
226 170 
226 178 
234 170 
386 170 
234 170 
309 342 
226 181 
226 178 
226 175 
223 178 
226 175 
410 178 
226 175 
234 170 
223 178 
237 178 
226 178 
223 175 
226 178 
419 170 
223 178 
226 175 
223 178 
226 175 
223 178 
226 175 
234 170 
452 178 
234 170 
226 178 
240 167 
226 181 
663 1105 
624 365 
234 178 
454 170 
223 178 
223 178 
226 175 
234 170 
223 178 
237 178 
226 178 
467 178 
226 178 
223 175 
223 178 
226 175 
223 178 
303 342 
737 170 
496 170 
234 170 
226 178 
240 167 
226 181 
223 175 
226 178 
223 175 
526 178 
226 178 
223 178 
223 175 
223 178 
226 175 
234 170 
223 178 
540 170 
728 303 
234 178 
226 178 
223 175 
226 178 
223 175 
226 170 
568 178 
223 170 
226 178 
234 170 
226 178 
234 178 
226 178 
223 175 
582 170 
223 181 
226 178 
226 175 
223 178 
226 175 
223 178 
0 0 
0 0 
0 0 
0 0 
226 173 
360 258 
232 184 
226 181 
226 178 
618 170 
226 178 
223 2193 
279 1233 
226 181 
226 170 
226 178 
234 170 
636 178 
226 181 
226 178 
223 175 
223 178 
910 1180 
199 181 
226 181 
659 170 
223 178 
223 170 
226 178 
237 170 
226 181 
223 175 
226 178 
675 178 
226 181 
226 178 
223 178 
226 175 
223 178 
226 175 
234 170 
716 170 
226 170 
226 178 
234 170 
226 178 
508 170 
226 178 
226 175 
722 178 
223 175 
226 170 
226 178 
234 170 
226 368 
199 1127 
226 178 
748 170 
223 178 
223 175 
226 178 
223 175 
226 170 
226 181 
226 178 
770 178 
226 170 
226 178 
234 170 
226 178 
240 167 
226 181 
223 175 
790 170 
223 175 
226 170 
226 181 
226 178 
226 175 
986 1551 
776 395 
793 178 
223 181 
223 175 
226 178 
223 175 
226 178 
223 175 
226 170 
832 170 
226 170 
226 178 
234 170 
226 178 
240 167 
226 181 
223 175 
838 178 
234 178 
226 178 
223 175 
226 289 
892 214 
223 170 
226 178 
858 170 
223 178 
223 175 
226 178 
223 175 
226 178 
223 175 
226 178 
800 184 
306 178 
226 181 
226 178 
223 175 
234 170 
223 178 
237 178 
894 170 
234 178 
226 178 
223 175 
226 178 
223 175 
226 170 
226 181 
933 178 
226 178 
226 170 
226 178 
234 170 
633 772 
202 170 
223 181 
895 178 
226 178 
223 178 
223 178 
226 175 
223 178 
226 175 
234 170 
223 178 
237 178 
793 482 
196 170 
226 181 
223 175 
793 482 
226 178 
226 170 
226 181 
226 178 
226 175 
234 170 
223 178 
237 178 
223 178 
223 175 
226 178 
223 175 
226 178 
223 175 
226 170 
226 181 
226 178 
226 175 
234 170 
223 178 
237 178 
226 178 
223 175 
226 178 
223 175 
226 178 
223 175 
226 69 
72 69 
226 170 
297 559 
820 178 
223 178 
223 170 
226 178 
234 170 
226 178 
234 178 
226 178 
223 175 
226 170 
226 181 
226 178 
226 175 
234 170 
223 178 
237 178 
232 410 
191 170 
226 178 
223 178 
223 178 
226 175 
223 178 
226 175 
223 178 
226 175 
234 178 
226 178 
240 167 
226 181 
223 175 
226 178 
271 208 
368 170 
226 178 
223 178 
226 175 
223 178 
223 175 
234 170 
223 178 
237 178 
226 178 
223 175 
226 178 
223 175 
226 178 
223 175 
226 170 
226 181 
226 178 
226 175 
234 170 
223 178 
237 178 
226 178 
223 175 
226 178 
223 175 
226 178 
223 175 
208 178 
232 178 
226 170 
223 181 
226 170 
710 535 
713 194 
223 178 
226 178 
223 178 
223 175 
223 178 
226 175 
223 178 
345 297 
223 170 
226 178 
226 170 
226 178 
234 170 
226 178 
240 167 
226 181 
223 175 
226 178 
223 175 
226 170 
226 181 
226 178 
226 175 
234 170 
223 178 
237 178 
223 178 
223 175 
226 178 
223 175 
226 178 
223 175 
347 443 
223 83 
226 170 
226 178 
234 170 
226 178 
237 178 
226 178 
223 175 
226 178 
223 175 
422 178 
226 175 
223 178 
226 175 
223 178 
226 175 
234 170 
223 178 
237 178 
223 178 
223 175 
226 178 
223 175 
226 178 
223 175 
226 170 
226 181 
226 178 
226 175 
234 170 
223 178 
237 178 
226 178 
223 175 
235 1488 
770 178 
226 178 
234 178 
226 170 
226 181 
223 178 
226 175 
234 170 
223 178 
237 178 
226 178 
223 175 
226 178 
223 175 
223 178 
223 175 
226 170 
226 181 
226 178 
226 175 
234 170 
532 348 
478 309 
226 178 
223 175 
226 178 
223 175 
226 178 
223 175 
226 170 
226 181 
226 178 
226 175 
959 250 
291 306 
237 178 
226 178 
211 170 
226 178 
234 178 
226 178 
223 175 
226 170 
226 181 
223 178 
235 178 
223 170 
226 178 
234 170 
226 178 
312 1028 
434 181 
237 167 
273 170 
223 178 
229 170 
223 175 
226 170 
226 178 
234 170 
226 178 
279 178 
226 178 
237 178 
226 178 
223 175 
226 178 
194 250 
1495 494 
226 181 
226 170 
226 178 
234 170 
226 178 
240 167 
226 181 
223 175 
318 178 
226 178 
226 178 
234 178 
226 170 
226 181 
226 178 
226 175 
338 170 
226 178 
237 178 
226 178 
223 175 
226 178 
223 175 
226 178 
363 178 
223 178 
226 175 
226 170 
226 178 
234 170 
226 178 
294 344 
279 300 
237 170 
226 181 
223 175 
226 178 
223 175 
226 170 
226 181 
413 178 
226 175 
234 170 
223 178 
237 178 
226 178 
223 175 
226 178 
651 282 
226 178 
223 175 
226 170 
226 181 
226 178 
226 175 
234 170 
452 178 
234 170 
226 178 
240 167 
226 181 
223 175 
226 178 
223 175 
454 170 
223 178 
327 490 
485 170 
229 170 
226 178 
234 170 
226 178 
487 178 
226 178 
223 175 
223 178 
226 175 
223 178 
226 175 
223 178 
514 170 
234 170 
226 178 
237 178 
226 178 
223 175 
226 178 
223 175 
526 178 
226 178 
359 363 
859 181 
226 178 
226 175 
234 170 
321 294 
401 178 
226 178 
234 170 
226 178 
226 178 
285 1049 
208 175 
226 170 
568 178 
223 170 
226 178 
234 170 
223 178 
237 178 
226 178 
223 175 
582 170 
223 181 
226 178 
226 175 
223 178 
226 175 
223 178 
226 175 
594 178 
226 178 
234 170 
226 178 
240 167 
226 181 
223 175 
226 178 
627 170 
226 178 
226 175 
223 178 
226 175 
407 1791 
651 178 
223 181 
648 178 
226 181 
226 178 
223 175 
223 178 
